____________graph name:   ./Graph/TestGraph_8.txt____________
[[[[0, 0]], 2, [3, 0], [0, 0, 0, 0]], [[[0, 0]], 2, [3, 1], [0, 0, 0, 0]], [[[0, 0]], 2, [3, 2], [0, 0, 0, 0]], [[[0, 0]], 2, [3, 3], [0, 0, 0, 0]], [[[0, 2]], 1, [0, 0, 1], [4]], [[[0, 2], [2, 0], [2, 2], [2, 4], [4, 2]], 2, [0, 0, 1], [4, 1, 4, 4]], [[[0, 3]], 1, [0, 0, 1], [1]], [[[1, 2]], 1, [0, 0, 1], [1]], [[[1, 2], [3, 0], [3, 2], [3, 4], [5, 2]], 2, [0, 0, 1], [1, 3, 1, 1]], [[[1, 3]], 1, [0, 0, 1], [3]], [[[2, 0]], 1, [0, 0, 1], [4]], [[[2, 0], [2, 2]], 3, [0, 0, 1], [4, 1, 4, 4]], [[[2, 0], [2, 2]], 4, [0, 0, 1], [4, 1, 4, 1]], [[[2, 0]], 5, [0, 0, 1], [4, 1, 4, 1]], [[[2, 0]], 6, [0, 0, 1], [4, 1, 4, 1]], [[[2, 1]], 1, [0, 0, 1], [1]], [[[2, 1], [2, 3]], 2, [0, 0, 1], [1, 4, 1, 1]], [[[2, 1], [2, 3]], 3, [0, 0, 1], [1, 4, 1, 1]], [[[2, 1]], 4, [0, 0, 1], [1, 4, 1, 4]], [[[2, 1]], 5, [0, 0, 1], [1, 4, 1, 4]], [[[2, 2]], 1, [0, 0, 1], [4]], [[[2, 3]], 1, [0, 0, 1], [1]], [[[2, 4]], 1, [0, 0, 1], [4]], [[[2, 5]], 1, [0, 0, 1], [1]], [[[3, 0]], 1, [0, 0, 1], [1]], [[[3, 0], [3, 2]], 3, [0, 0, 1], [1, 3, 1, 1]], [[[3, 0], [3, 2]], 4, [0, 0, 1], [1, 3, 1, 3]], [[[3, 0]], 5, [0, 0, 1], [1, 3, 1, 3]], [[[3, 0]], 6, [0, 0, 1], [1, 3, 1, 3]], [[[3, 1]], 1, [0, 0, 1], [3]], [[[3, 1], [3, 3]], 2, [0, 0, 1], [3, 1, 3, 3]], [[[3, 1], [3, 3]], 3, [0, 0, 1], [3, 1, 3, 3]], [[[3, 1]], 4, [0, 0, 1], [3, 1, 3, 1]], [[[3, 1]], 5, [0, 0, 1], [3, 1, 3, 1]], [[[3, 2]], 1, [0, 0, 1], [1]], [[[3, 3]], 1, [0, 0, 1], [3]], [[[3, 4]], 1, [0, 0, 1], [1]], [[[3, 5]], 1, [0, 0, 1], [3]], [[[4, 2]], 1, [0, 0, 1], [4]], [[[4, 3]], 1, [0, 0, 1], [1]], [[[5, 2]], 1, [0, 0, 1], [1]], [[[5, 3]], 1, [0, 0, 1], [3]], [[[0, 2]], 1, [0, 1, 0], [4]], [[[0, 2], [2, 0], [2, 2], [2, 4], [4, 2]], 2, [0, 1, 0], [4, 1, 4, 4]], [[[0, 2], [2, 2]], 3, [0, 1, 0], [4, 1, 4, 4]], [[[0, 2], [2, 2]], 4, [0, 1, 0], [4, 1, 4, 1]], [[[0, 2]], 5, [0, 1, 0], [4, 1, 4, 1]], [[[0, 2]], 6, [0, 1, 0], [4, 1, 4, 1]], [[[0, 3]], 1, [0, 1, 0], [1]], [[[0, 3], [2, 1], [2, 3], [2, 5], [4, 3]], 2, [0, 1, 0], [1, 3, 1, 1]], [[[0, 3], [2, 3]], 3, [0, 1, 0], [1, 3, 1, 1]], [[[0, 3], [2, 3]], 4, [0, 1, 0], [1, 3, 1, 3]], [[[0, 3]], 5, [0, 1, 0], [1, 3, 1, 3]], [[[0, 3]], 6, [0, 1, 0], [1, 3, 1, 3]], [[[1, 2]], 1, [0, 1, 0], [1]], [[[1, 2], [3, 2]], 2, [0, 1, 0], [1, 4, 1, 1]], [[[1, 2], [3, 2]], 3, [0, 1, 0], [1, 4, 1, 1]], [[[1, 2]], 4, [0, 1, 0], [1, 4, 1, 4]], [[[1, 2]], 5, [0, 1, 0], [1, 4, 1, 4]], [[[1, 3]], 1, [0, 1, 0], [3]], [[[1, 3], [3, 3]], 2, [0, 1, 0], [3, 1, 3, 3]], [[[1, 3], [3, 3]], 3, [0, 1, 0], [3, 1, 3, 3]], [[[1, 3]], 4, [0, 1, 0], [3, 1, 3, 1]], [[[1, 3]], 5, [0, 1, 0], [3, 1, 3, 1]], [[[2, 0]], 1, [0, 1, 0], [4]], [[[2, 1]], 1, [0, 1, 0], [1]], [[[2, 2]], 1, [0, 1, 0], [4]], [[[2, 3]], 1, [0, 1, 0], [1]], [[[2, 4]], 1, [0, 1, 0], [4]], [[[2, 5]], 1, [0, 1, 0], [1]], [[[3, 0]], 1, [0, 1, 0], [1]], [[[3, 1]], 1, [0, 1, 0], [3]], [[[3, 2]], 1, [0, 1, 0], [1]], [[[3, 3]], 1, [0, 1, 0], [3]], [[[3, 4]], 1, [0, 1, 0], [1]], [[[3, 5]], 1, [0, 1, 0], [3]], [[[4, 2]], 1, [0, 1, 0], [4]], [[[4, 3]], 1, [0, 1, 0], [1]], [[[5, 2]], 1, [0, 1, 0], [1]], [[[5, 3]], 1, [0, 1, 0], [3]], [[[0, 2]], 1, [0, -1, 1], [4]], [[[0, 3]], 1, [0, -1, 1], [1]], [[[1, 2]], 1, [0, -1, 1], [1]], [[[1, 2], [2, 1], [3, 0], [3, 2], [3, 4], [4, 3], [5, 2]], 2, [0, -1, 1], [1, 1, 1, 1]], [[[1, 3]], 1, [0, -1, 1], [3]], [[[2, 0]], 1, [0, -1, 1], [4]], [[[2, 1]], 1, [0, -1, 1], [1]], [[[2, 1], [3, 0], [4, 3], [5, 2]], 3, [0, -1, 1], [1, 1, 1, 1]], [[[2, 2]], 1, [0, -1, 1], [4]], [[[2, 2], [4, 2]], 2, [0, -1, 1], [4, 3, 4, 4]], [[[2, 3]], 1, [0, -1, 1], [1]], [[[2, 4]], 1, [0, -1, 1], [4]], [[[2, 5]], 1, [0, -1, 1], [1]], [[[3, 0]], 1, [0, -1, 1], [1]], [[[3, 0], [5, 2]], 4, [0, -1, 1], [1, 1, 1, 1]], [[[3, 1]], 1, [0, -1, 1], [3]], [[[3, 1], [3, 3]], 2, [0, -1, 1], [3, 4, 3, 3]], [[[3, 1]], 3, [0, -1, 1], [3, 4, 3, 3]], [[[3, 2]], 1, [0, -1, 1], [1]], [[[3, 3]], 1, [0, -1, 1], [3]], [[[3, 4]], 1, [0, -1, 1], [1]], [[[3, 5]], 1, [0, -1, 1], [3]], [[[4, 2]], 1, [0, -1, 1], [4]], [[[4, 2]], 3, [0, -1, 1], [4, 3, 4, 4]], [[[4, 3]], 1, [0, -1, 1], [1]], [[[5, 2]], 1, [0, -1, 1], [1]], [[[5, 3]], 1, [0, -1, 1], [3]], [[[0, 2]], 1, [0, -1, -1], [4]], [[[0, 3]], 1, [0, -1, -1], [1]], [[[1, 2]], 1, [0, -1, -1], [1]], [[[1, 3]], 1, [0, -1, -1], [3]], [[[1, 3], [3, 1], [3, 3], [3, 5], [5, 3]], 2, [0, -1, -1], [3, 4, 3, 3]], [[[2, 0]], 1, [0, -1, -1], [4]], [[[2, 1]], 1, [0, -1, -1], [1]], [[[2, 2]], 1, [0, -1, -1], [4]], [[[2, 3]], 1, [0, -1, -1], [1]], [[[2, 3], [3, 2], [3, 4], [4, 3]], 2, [0, -1, -1], [1, 1, 1, 1]], [[[2, 4]], 1, [0, -1, -1], [4]], [[[2, 4], [4, 2]], 2, [0, -1, -1], [4, 3, 4, 4]], [[[2, 4], [4, 2]], 3, [0, -1, -1], [4, 3, 4, 4]], [[[2, 5]], 1, [0, -1, -1], [1]], [[[3, 0]], 1, [0, -1, -1], [1]], [[[3, 1]], 1, [0, -1, -1], [3]], [[[3, 2]], 1, [0, -1, -1], [1]], [[[3, 3]], 1, [0, -1, -1], [3]], [[[3, 4]], 1, [0, -1, -1], [1]], [[[3, 4], [4, 3]], 3, [0, -1, -1], [1, 1, 1, 1]], [[[3, 5]], 1, [0, -1, -1], [3]], [[[3, 5], [5, 3]], 3, [0, -1, -1], [3, 4, 3, 3]], [[[3, 5], [5, 3]], 4, [0, -1, -1], [3, 4, 3, 4]], [[[4, 2]], 1, [0, -1, -1], [4]], [[[4, 3]], 1, [0, -1, -1], [1]], [[[5, 2]], 1, [0, -1, -1], [1]], [[[5, 3]], 1, [0, -1, -1], [3]], [[[1, 2], [3, 0], [3, 2], [3, 4], [5, 2]], 6, [2, 0, 1, -1, 0, 0, -1], [1, 3, 1, 4]], [[[2, 2], [4, 2]], 6, [2, 0, 1, -1, 0, 0, -1], [4, 1, 3, 1]], [[[3, 1], [3, 3]], 6, [2, 0, 1, -1, 0, 0, -1], [3, 1, 4, 1]], [[[4, 2]], 6, [2, -1, 0, -1, 0, 0, -1, 0, -1], [4, 1, 4, 1]], [[[4, 3]], 6, [2, -1, 0, -1, 0, 0, -1, 0, -1], [1, 3, 1, 4]], [[[5, 2]], 6, [2, -1, 0, -1, 0, 0, -1, 0, -1], [1, 4, 1, 3]], [[[5, 3]], 6, [2, -1, 0, -1, 0, 0, -1, 0, -1], [3, 1, 3, 1]], [[[4, 2]], 6, [2, -1, 0, -1, 0, 0, 1, 0, 1], [4, 1, 4, 1]], [[[4, 3]], 6, [2, -1, 0, -1, 0, 0, 1, 0, 1], [1, 3, 1, 4]], [[[5, 2]], 6, [2, -1, 0, -1, 0, 0, 1, 0, 1], [1, 4, 1, 3]], [[[5, 3]], 6, [2, -1, 0, -1, 0, 0, 1, 0, 1], [3, 1, 3, 1]], [[[2, 4]], 6, [2, 0, -1, 0, -1, -1, 0, -1, 0], [4, 1, 4, 1]], [[[2, 5]], 6, [2, 0, -1, 0, -1, -1, 0, -1, 0], [1, 4, 1, 3]], [[[3, 4]], 6, [2, 0, -1, 0, -1, -1, 0, -1, 0], [1, 3, 1, 4]], [[[3, 5]], 6, [2, 0, -1, 0, -1, -1, 0, -1, 0], [3, 1, 3, 1]], [[[2, 0]], 6, [2, 0, 1, 0, 1, -1, 0, -1, 0], [4, 1, 4, 1]], [[[2, 1]], 6, [2, 0, 1, 0, 1, -1, 0, -1, 0], [1, 4, 1, 3]], [[[3, 0]], 6, [2, 0, 1, 0, 1, -1, 0, -1, 0], [1, 3, 1, 4]], [[[3, 1]], 6, [2, 0, 1, 0, 1, -1, 0, -1, 0], [3, 1, 3, 1]], [[[0, 2]], 1, [0, -1, 1, 1, 1], [4]], [[[0, 3]], 1, [0, -1, 1, 1, 1], [1]], [[[1, 2]], 1, [0, -1, 1, 1, 1], [1]], [[[1, 2], [2, 1], [3, 0], [3, 2], [3, 4], [4, 3], [5, 2]], 2, [0, -1, 1, 1, 1], [1, 1, 1, 1]], [[[1, 3]], 1, [0, -1, 1, 1, 1], [3]], [[[2, 0]], 1, [0, -1, 1, 1, 1], [4]], [[[2, 1]], 1, [0, -1, 1, 1, 1], [1]], [[[2, 1], [3, 0], [3, 2]], 3, [0, -1, 1, 1, 1], [1, 1, 1, 1]], [[[2, 2]], 1, [0, -1, 1, 1, 1], [4]], [[[2, 2], [4, 2]], 2, [0, -1, 1, 1, 1], [4, 3, 4, 4]], [[[2, 2]], 3, [0, -1, 1, 1, 1], [4, 3, 4, 4]], [[[2, 3]], 1, [0, -1, 1, 1, 1], [1]], [[[2, 4]], 1, [0, -1, 1, 1, 1], [4]], [[[2, 5]], 1, [0, -1, 1, 1, 1], [1]], [[[3, 0]], 1, [0, -1, 1, 1, 1], [1]], [[[3, 0], [3, 2]], 4, [0, -1, 1, 1, 1], [1, 1, 1, 1]], [[[3, 0]], 5, [0, -1, 1, 1, 1], [1, 1, 1, 1]], [[[3, 0]], 6, [0, -1, 1, 1, 1], [1, 1, 1, 1]], [[[3, 1]], 1, [0, -1, 1, 1, 1], [3]], [[[3, 1], [3, 3]], 2, [0, -1, 1, 1, 1], [3, 4, 3, 3]], [[[3, 1], [3, 3]], 3, [0, -1, 1, 1, 1], [3, 4, 3, 3]], [[[3, 1]], 4, [0, -1, 1, 1, 1], [3, 4, 3, 4]], [[[3, 1]], 5, [0, -1, 1, 1, 1], [3, 4, 3, 4]], [[[3, 2]], 1, [0, -1, 1, 1, 1], [1]], [[[3, 3]], 1, [0, -1, 1, 1, 1], [3]], [[[3, 4]], 1, [0, -1, 1, 1, 1], [1]], [[[3, 5]], 1, [0, -1, 1, 1, 1], [3]], [[[4, 2]], 1, [0, -1, 1, 1, 1], [4]], [[[4, 3]], 1, [0, -1, 1, 1, 1], [1]], [[[5, 2]], 1, [0, -1, 1, 1, 1], [1]], [[[5, 3]], 1, [0, -1, 1, 1, 1], [3]], [[[0, 2]], 1, [0, 1, 1, -1, 1], [4]], [[[0, 2], [2, 0], [2, 2], [2, 4], [4, 2]], 2, [0, 1, 1, -1, 1], [4, 3, 4, 4]], [[[0, 3]], 1, [0, 1, 1, -1, 1], [1]], [[[1, 2]], 1, [0, 1, 1, -1, 1], [1]], [[[1, 2], [2, 1], [2, 3], [3, 2]], 2, [0, 1, 1, -1, 1], [1, 1, 1, 1]], [[[1, 3]], 1, [0, 1, 1, -1, 1], [3]], [[[1, 3], [3, 1]], 2, [0, 1, 1, -1, 1], [3, 4, 3, 3]], [[[2, 0]], 1, [0, 1, 1, -1, 1], [4]], [[[2, 0], [2, 2]], 3, [0, 1, 1, -1, 1], [4, 3, 4, 4]], [[[2, 0], [2, 2]], 4, [0, 1, 1, -1, 1], [4, 3, 4, 3]], [[[2, 0]], 5, [0, 1, 1, -1, 1], [4, 3, 4, 3]], [[[2, 0]], 6, [0, 1, 1, -1, 1], [4, 3, 4, 3]], [[[2, 1]], 1, [0, 1, 1, -1, 1], [1]], [[[2, 1], [2, 3], [3, 2]], 3, [0, 1, 1, -1, 1], [1, 1, 1, 1]], [[[2, 1]], 4, [0, 1, 1, -1, 1], [1, 1, 1, 1]], [[[2, 1]], 5, [0, 1, 1, -1, 1], [1, 1, 1, 1]], [[[2, 2]], 1, [0, 1, 1, -1, 1], [4]], [[[2, 3]], 1, [0, 1, 1, -1, 1], [1]], [[[2, 4]], 1, [0, 1, 1, -1, 1], [4]], [[[2, 5]], 1, [0, 1, 1, -1, 1], [1]], [[[3, 0]], 1, [0, 1, 1, -1, 1], [1]], [[[3, 1]], 1, [0, 1, 1, -1, 1], [3]], [[[3, 1]], 3, [0, 1, 1, -1, 1], [3, 4, 3, 3]], [[[3, 2]], 1, [0, 1, 1, -1, 1], [1]], [[[3, 3]], 1, [0, 1, 1, -1, 1], [3]], [[[3, 4]], 1, [0, 1, 1, -1, 1], [1]], [[[3, 5]], 1, [0, 1, 1, -1, 1], [3]], [[[4, 2]], 1, [0, 1, 1, -1, 1], [4]], [[[4, 3]], 1, [0, 1, 1, -1, 1], [1]], [[[5, 2]], 1, [0, 1, 1, -1, 1], [1]], [[[5, 3]], 1, [0, 1, 1, -1, 1], [3]], [[[0, 2]], 1, [1, 1, 1, 1, -1], [4]], [[[0, 2], [2, 0], [2, 2], [2, 4], [4, 2]], 2, [1, 1, 1, 1, -1], [4, 3, 4, 4]], [[[0, 2], [2, 2]], 3, [1, 1, 1, 1, -1], [4, 3, 4, 4]], [[[0, 2], [2, 2]], 4, [1, 1, 1, 1, -1], [4, 3, 4, 3]], [[[0, 2]], 5, [1, 1, 1, 1, -1], [4, 3, 4, 3]], [[[0, 2]], 6, [1, 1, 1, 1, -1], [4, 3, 4, 3]], [[[0, 3]], 1, [1, 1, 1, 1, -1], [1]], [[[1, 2]], 1, [1, 1, 1, 1, -1], [1]], [[[1, 2], [2, 1], [2, 3], [3, 2]], 2, [1, 1, 1, 1, -1], [1, 1, 1, 1]], [[[1, 2], [2, 3], [3, 2]], 3, [1, 1, 1, 1, -1], [1, 1, 1, 1]], [[[1, 2]], 4, [1, 1, 1, 1, -1], [1, 1, 1, 1]], [[[1, 2]], 5, [1, 1, 1, 1, -1], [1, 1, 1, 1]], [[[1, 3]], 1, [1, 1, 1, 1, -1], [3]], [[[1, 3], [3, 1]], 2, [1, 1, 1, 1, -1], [3, 4, 3, 3]], [[[1, 3]], 3, [1, 1, 1, 1, -1], [3, 4, 3, 3]], [[[2, 0]], 1, [1, 1, 1, 1, -1], [4]], [[[2, 1]], 1, [1, 1, 1, 1, -1], [1]], [[[2, 2]], 1, [1, 1, 1, 1, -1], [4]], [[[2, 3]], 1, [1, 1, 1, 1, -1], [1]], [[[2, 4]], 1, [1, 1, 1, 1, -1], [4]], [[[2, 5]], 1, [1, 1, 1, 1, -1], [1]], [[[3, 0]], 1, [1, 1, 1, 1, -1], [1]], [[[3, 1]], 1, [1, 1, 1, 1, -1], [3]], [[[3, 2]], 1, [1, 1, 1, 1, -1], [1]], [[[3, 3]], 1, [1, 1, 1, 1, -1], [3]], [[[3, 4]], 1, [1, 1, 1, 1, -1], [1]], [[[3, 5]], 1, [1, 1, 1, 1, -1], [3]], [[[4, 2]], 1, [1, 1, 1, 1, -1], [4]], [[[4, 3]], 1, [1, 1, 1, 1, -1], [1]], [[[5, 2]], 1, [1, 1, 1, 1, -1], [1]], [[[5, 3]], 1, [1, 1, 1, 1, -1], [3]], [[[0, 2]], 1, [1, 1, -1, 1, 1], [4]], [[[0, 3]], 1, [1, 1, -1, 1, 1], [1]], [[[0, 3], [1, 2], [2, 1], [2, 3], [2, 5], [3, 4], [4, 3]], 2, [1, 1, -1, 1, 1], [1, 1, 1, 1]], [[[0, 3], [1, 2], [2, 3]], 3, [1, 1, -1, 1, 1], [1, 1, 1, 1]], [[[0, 3], [2, 3]], 4, [1, 1, -1, 1, 1], [1, 1, 1, 1]], [[[0, 3]], 5, [1, 1, -1, 1, 1], [1, 1, 1, 1]], [[[0, 3]], 6, [1, 1, -1, 1, 1], [1, 1, 1, 1]], [[[1, 2]], 1, [1, 1, -1, 1, 1], [1]], [[[1, 3]], 1, [1, 1, -1, 1, 1], [3]], [[[1, 3], [3, 3]], 2, [1, 1, -1, 1, 1], [3, 4, 3, 3]], [[[1, 3], [3, 3]], 3, [1, 1, -1, 1, 1], [3, 4, 3, 3]], [[[1, 3]], 4, [1, 1, -1, 1, 1], [3, 4, 3, 4]], [[[1, 3]], 5, [1, 1, -1, 1, 1], [3, 4, 3, 4]], [[[2, 0]], 1, [1, 1, -1, 1, 1], [4]], [[[2, 1]], 1, [1, 1, -1, 1, 1], [1]], [[[2, 2]], 1, [1, 1, -1, 1, 1], [4]], [[[2, 2], [2, 4]], 2, [1, 1, -1, 1, 1], [4, 3, 4, 4]], [[[2, 2]], 3, [1, 1, -1, 1, 1], [4, 3, 4, 4]], [[[2, 3]], 1, [1, 1, -1, 1, 1], [1]], [[[2, 4]], 1, [1, 1, -1, 1, 1], [4]], [[[2, 5]], 1, [1, 1, -1, 1, 1], [1]], [[[3, 0]], 1, [1, 1, -1, 1, 1], [1]], [[[3, 1]], 1, [1, 1, -1, 1, 1], [3]], [[[3, 2]], 1, [1, 1, -1, 1, 1], [1]], [[[3, 3]], 1, [1, 1, -1, 1, 1], [3]], [[[3, 4]], 1, [1, 1, -1, 1, 1], [1]], [[[3, 5]], 1, [1, 1, -1, 1, 1], [3]], [[[4, 2]], 1, [1, 1, -1, 1, 1], [4]], [[[4, 3]], 1, [1, 1, -1, 1, 1], [1]], [[[5, 2]], 1, [1, 1, -1, 1, 1], [1]], [[[5, 3]], 1, [1, 1, -1, 1, 1], [3]]]
____________created env____________
Using cuda device
____________start learn____________
Logging to logs/log_PPO_graph_8_0
------------------------------
| time/              |       |
|    fps             | 3614  |
|    iterations      | 1     |
|    time_elapsed    | 9     |
|    total_timesteps | 32768 |
------------------------------
----------------------------------------
| time/                   |            |
|    fps                  | 1188       |
|    iterations           | 2          |
|    time_elapsed         | 55         |
|    total_timesteps      | 65536      |
| train/                  |            |
|    approx_kl            | 0.03624415 |
|    clip_fraction        | 0.331      |
|    clip_range           | 0.15       |
|    entropy_loss         | -5.56      |
|    explained_variance   | 0.0027     |
|    learning_rate        | 0.0003     |
|    loss                 | 2.78       |
|    n_updates            | 30         |
|    policy_gradient_loss | -0.0425    |
|    value_loss           | 4.57       |
----------------------------------------
----------------------------------------
| time/                   |            |
|    fps                  | 977        |
|    iterations           | 3          |
|    time_elapsed         | 100        |
|    total_timesteps      | 98304      |
| train/                  |            |
|    approx_kl            | 0.03881226 |
|    clip_fraction        | 0.421      |
|    clip_range           | 0.15       |
|    entropy_loss         | -5.42      |
|    explained_variance   | -0.0266    |
|    learning_rate        | 0.0003     |
|    loss                 | 5.34       |
|    n_updates            | 60         |
|    policy_gradient_loss | -0.056     |
|    value_loss           | 8.42       |
----------------------------------------
-----------------------------------------
| time/                   |             |
|    fps                  | 900         |
|    iterations           | 4           |
|    time_elapsed         | 145         |
|    total_timesteps      | 131072      |
| train/                  |             |
|    approx_kl            | 0.027149694 |
|    clip_fraction        | 0.481       |
|    clip_range           | 0.15        |
|    entropy_loss         | -5.25       |
|    explained_variance   | 0.0402      |
|    learning_rate        | 0.0003      |
|    loss                 | 2.87        |
|    n_updates            | 90          |
|    policy_gradient_loss | -0.063      |
|    value_loss           | 6.52        |
-----------------------------------------
----------------------------------------
| time/                   |            |
|    fps                  | 846        |
|    iterations           | 5          |
|    time_elapsed         | 193        |
|    total_timesteps      | 163840     |
| train/                  |            |
|    approx_kl            | 0.02820085 |
|    clip_fraction        | 0.521      |
|    clip_range           | 0.15       |
|    entropy_loss         | -5.05      |
|    explained_variance   | 0.0957     |
|    learning_rate        | 0.0003     |
|    loss                 | 3.55       |
|    n_updates            | 120        |
|    policy_gradient_loss | -0.0663    |
|    value_loss           | 5.63       |
----------------------------------------
-----------------------------------------
| time/                   |             |
|    fps                  | 813         |
|    iterations           | 6           |
|    time_elapsed         | 241         |
|    total_timesteps      | 196608      |
| train/                  |             |
|    approx_kl            | 0.025428273 |
|    clip_fraction        | 0.544       |
|    clip_range           | 0.15        |
|    entropy_loss         | -4.88       |
|    explained_variance   | 0.146       |
|    learning_rate        | 0.0003      |
|    loss                 | 2.41        |
|    n_updates            | 150         |
|    policy_gradient_loss | -0.0688     |
|    value_loss           | 5.11        |
-----------------------------------------
-----------------------------------------
| time/                   |             |
|    fps                  | 799         |
|    iterations           | 7           |
|    time_elapsed         | 286         |
|    total_timesteps      | 229376      |
| train/                  |             |
|    approx_kl            | 0.023210954 |
|    clip_fraction        | 0.557       |
|    clip_range           | 0.15        |
|    entropy_loss         | -4.71       |
|    explained_variance   | 0.162       |
|    learning_rate        | 0.0003      |
|    loss                 | 2.13        |
|    n_updates            | 180         |
|    policy_gradient_loss | -0.0708     |
|    value_loss           | 4.51        |
-----------------------------------------
-----------------------------------------
| time/                   |             |
|    fps                  | 781         |
|    iterations           | 8           |
|    time_elapsed         | 335         |
|    total_timesteps      | 262144      |
| train/                  |             |
|    approx_kl            | 0.023567522 |
|    clip_fraction        | 0.585       |
|    clip_range           | 0.15        |
|    entropy_loss         | -4.52       |
|    explained_variance   | 0.186       |
|    learning_rate        | 0.0003      |
|    loss                 | 1.58        |
|    n_updates            | 210         |
|    policy_gradient_loss | -0.0739     |
|    value_loss           | 3.96        |
-----------------------------------------
-----------------------------------------
| time/                   |             |
|    fps                  | 757         |
|    iterations           | 9           |
|    time_elapsed         | 389         |
|    total_timesteps      | 294912      |
| train/                  |             |
|    approx_kl            | 0.023564812 |
|    clip_fraction        | 0.604       |
|    clip_range           | 0.15        |
|    entropy_loss         | -4.28       |
|    explained_variance   | 0.192       |
|    learning_rate        | 0.0003      |
|    loss                 | 1.83        |
|    n_updates            | 240         |
|    policy_gradient_loss | -0.0748     |
|    value_loss           | 3.16        |
-----------------------------------------
---------------------------------------
| time/                   |           |
|    fps                  | 753       |
|    iterations           | 10        |
|    time_elapsed         | 434       |
|    total_timesteps      | 327680    |
| train/                  |           |
|    approx_kl            | 0.0252183 |
|    clip_fraction        | 0.631     |
|    clip_range           | 0.15      |
|    entropy_loss         | -4.03     |
|    explained_variance   | 0.221     |
|    learning_rate        | 0.0003    |
|    loss                 | 1.09      |
|    n_updates            | 270       |
|    policy_gradient_loss | -0.0771   |
|    value_loss           | 2.5       |
---------------------------------------
-----------------------------------------
| time/                   |             |
|    fps                  | 736         |
|    iterations           | 11          |
|    time_elapsed         | 489         |
|    total_timesteps      | 360448      |
| train/                  |             |
|    approx_kl            | 0.026120815 |
|    clip_fraction        | 0.64        |
|    clip_range           | 0.15        |
|    entropy_loss         | -3.72       |
|    explained_variance   | 0.234       |
|    learning_rate        | 0.0003      |
|    loss                 | 0.626       |
|    n_updates            | 300         |
|    policy_gradient_loss | -0.0777     |
|    value_loss           | 1.82        |
-----------------------------------------
-----------------------------------------
| time/                   |             |
|    fps                  | 723         |
|    iterations           | 12          |
|    time_elapsed         | 543         |
|    total_timesteps      | 393216      |
| train/                  |             |
|    approx_kl            | 0.025096698 |
|    clip_fraction        | 0.643       |
|    clip_range           | 0.15        |
|    entropy_loss         | -3.44       |
|    explained_variance   | 0.241       |
|    learning_rate        | 0.0003      |
|    loss                 | 0.327       |
|    n_updates            | 330         |
|    policy_gradient_loss | -0.0791     |
|    value_loss           | 1.27        |
-----------------------------------------
-----------------------------------------
| time/                   |             |
|    fps                  | 715         |
|    iterations           | 13          |
|    time_elapsed         | 595         |
|    total_timesteps      | 425984      |
| train/                  |             |
|    approx_kl            | 0.029110946 |
|    clip_fraction        | 0.648       |
|    clip_range           | 0.15        |
|    entropy_loss         | -3.12       |
|    explained_variance   | 0.255       |
|    learning_rate        | 0.0003      |
|    loss                 | 0.217       |
|    n_updates            | 360         |
|    policy_gradient_loss | -0.0808     |
|    value_loss           | 0.953       |
-----------------------------------------
-----------------------------------------
| time/                   |             |
|    fps                  | 706         |
|    iterations           | 14          |
|    time_elapsed         | 649         |
|    total_timesteps      | 458752      |
| train/                  |             |
|    approx_kl            | 0.034445044 |
|    clip_fraction        | 0.597       |
|    clip_range           | 0.15        |
|    entropy_loss         | -2.77       |
|    explained_variance   | 0.27        |
|    learning_rate        | 0.0003      |
|    loss                 | 0.186       |
|    n_updates            | 390         |
|    policy_gradient_loss | -0.0798     |
|    value_loss           | 0.653       |
-----------------------------------------
----------------------------------------
| time/                   |            |
|    fps                  | 707        |
|    iterations           | 15         |
|    time_elapsed         | 694        |
|    total_timesteps      | 491520     |
| train/                  |            |
|    approx_kl            | 0.07688813 |
|    clip_fraction        | 0.646      |
|    clip_range           | 0.15       |
|    entropy_loss         | -2.41      |
|    explained_variance   | 0.276      |
|    learning_rate        | 0.0003     |
|    loss                 | 0.174      |
|    n_updates            | 420        |
|    policy_gradient_loss | -0.0849    |
|    value_loss           | 0.473      |
----------------------------------------
----------------------------------------
| time/                   |            |
|    fps                  | 708        |
|    iterations           | 16         |
|    time_elapsed         | 740        |
|    total_timesteps      | 524288     |
| train/                  |            |
|    approx_kl            | 0.04892594 |
|    clip_fraction        | 0.689      |
|    clip_range           | 0.15       |
|    entropy_loss         | -2.32      |
|    explained_variance   | 0.233      |
|    learning_rate        | 0.0003     |
|    loss                 | 0.23       |
|    n_updates            | 450        |
|    policy_gradient_loss | -0.0896    |
|    value_loss           | 0.86       |
----------------------------------------
-----------------------------------------
| time/                   |             |
|    fps                  | 706         |
|    iterations           | 17          |
|    time_elapsed         | 788         |
|    total_timesteps      | 557056      |
| train/                  |             |
|    approx_kl            | 0.042167075 |
|    clip_fraction        | 0.738       |
|    clip_range           | 0.15        |
|    entropy_loss         | -2.04       |
|    explained_variance   | 0.379       |
|    learning_rate        | 0.0003      |
|    loss                 | 0.457       |
|    n_updates            | 480         |
|    policy_gradient_loss | -0.0922     |
|    value_loss           | 0.932       |
-----------------------------------------
-----------------------------------------
| time/                   |             |
|    fps                  | 699         |
|    iterations           | 18          |
|    time_elapsed         | 843         |
|    total_timesteps      | 589824      |
| train/                  |             |
|    approx_kl            | 0.047522023 |
|    clip_fraction        | 0.755       |
|    clip_range           | 0.15        |
|    entropy_loss         | -1.85       |
|    explained_variance   | 0.404       |
|    learning_rate        | 0.0003      |
|    loss                 | 0.351       |
|    n_updates            | 510         |
|    policy_gradient_loss | -0.103      |
|    value_loss           | 0.664       |
-----------------------------------------
----------------------------------------
| time/                   |            |
|    fps                  | 693        |
|    iterations           | 19         |
|    time_elapsed         | 897        |
|    total_timesteps      | 622592     |
| train/                  |            |
|    approx_kl            | 0.05217067 |
|    clip_fraction        | 0.766      |
|    clip_range           | 0.15       |
|    entropy_loss         | -1.61      |
|    explained_variance   | 0.313      |
|    learning_rate        | 0.0003     |
|    loss                 | 0.266      |
|    n_updates            | 540        |
|    policy_gradient_loss | -0.109     |
|    value_loss           | 0.519      |
----------------------------------------
-----------------------------------------
| time/                   |             |
|    fps                  | 688         |
|    iterations           | 20          |
|    time_elapsed         | 951         |
|    total_timesteps      | 655360      |
| train/                  |             |
|    approx_kl            | 0.060802706 |
|    clip_fraction        | 0.786       |
|    clip_range           | 0.15        |
|    entropy_loss         | -1.18       |
|    explained_variance   | 0.427       |
|    learning_rate        | 0.0003      |
|    loss                 | 0.161       |
|    n_updates            | 570         |
|    policy_gradient_loss | -0.103      |
|    value_loss           | 0.623       |
-----------------------------------------
----------------------------------------
| time/                   |            |
|    fps                  | 684        |
|    iterations           | 21         |
|    time_elapsed         | 1005       |
|    total_timesteps      | 688128     |
| train/                  |            |
|    approx_kl            | 0.19690889 |
|    clip_fraction        | 0.744      |
|    clip_range           | 0.15       |
|    entropy_loss         | -0.398     |
|    explained_variance   | 0.499      |
|    learning_rate        | 0.0003     |
|    loss                 | 0.146      |
|    n_updates            | 600        |
|    policy_gradient_loss | -0.0896    |
|    value_loss           | 0.467      |
----------------------------------------
-----------------------------------------
| time/                   |             |
|    fps                  | 680         |
|    iterations           | 22          |
|    time_elapsed         | 1059        |
|    total_timesteps      | 720896      |
| train/                  |             |
|    approx_kl            | 0.042876028 |
|    clip_fraction        | 0.0327      |
|    clip_range           | 0.15        |
|    entropy_loss         | -0.044      |
|    explained_variance   | 0.555       |
|    learning_rate        | 0.0003      |
|    loss                 | -0.00641    |
|    n_updates            | 630         |
|    policy_gradient_loss | -0.0252     |
|    value_loss           | 0.0591      |
-----------------------------------------
----------------------------------------
| time/                   |            |
|    fps                  | 677        |
|    iterations           | 23         |
|    time_elapsed         | 1113       |
|    total_timesteps      | 753664     |
| train/                  |            |
|    approx_kl            | 0.34182218 |
|    clip_fraction        | 0.521      |
|    clip_range           | 0.15       |
|    entropy_loss         | -1.08      |
|    explained_variance   | 0.567      |
|    learning_rate        | 0.0003     |
|    loss                 | -0.0329    |
|    n_updates            | 660        |
|    policy_gradient_loss | 0.00288    |
|    value_loss           | 0.00961    |
----------------------------------------
----------------------------------------
| time/                   |            |
|    fps                  | 678        |
|    iterations           | 24         |
|    time_elapsed         | 1158       |
|    total_timesteps      | 786432     |
| train/                  |            |
|    approx_kl            | 0.06000278 |
|    clip_fraction        | 0.818      |
|    clip_range           | 0.15       |
|    entropy_loss         | -2.22      |
|    explained_variance   | 0.224      |
|    learning_rate        | 0.0003     |
|    loss                 | 0.656      |
|    n_updates            | 690        |
|    policy_gradient_loss | -0.0993    |
|    value_loss           | 1.26       |
----------------------------------------
-----------------------------------------
| time/                   |             |
|    fps                  | 675         |
|    iterations           | 25          |
|    time_elapsed         | 1212        |
|    total_timesteps      | 819200      |
| train/                  |             |
|    approx_kl            | 0.060562488 |
|    clip_fraction        | 0.758       |
|    clip_range           | 0.15        |
|    entropy_loss         | -2.08       |
|    explained_variance   | 0.339       |
|    learning_rate        | 0.0003      |
|    loss                 | 0.225       |
|    n_updates            | 720         |
|    policy_gradient_loss | -0.0976     |
|    value_loss           | 0.793       |
-----------------------------------------
-----------------------------------------
| time/                   |             |
|    fps                  | 677         |
|    iterations           | 26          |
|    time_elapsed         | 1256        |
|    total_timesteps      | 851968      |
| train/                  |             |
|    approx_kl            | 0.056424767 |
|    clip_fraction        | 0.817       |
|    clip_range           | 0.15        |
|    entropy_loss         | -2.1        |
|    explained_variance   | 0.238       |
|    learning_rate        | 0.0003      |
|    loss                 | 0.16        |
|    n_updates            | 750         |
|    policy_gradient_loss | -0.105      |
|    value_loss           | 0.618       |
-----------------------------------------
----------------------------------------
| time/                   |            |
|    fps                  | 675        |
|    iterations           | 27         |
|    time_elapsed         | 1310       |
|    total_timesteps      | 884736     |
| train/                  |            |
|    approx_kl            | 0.04832833 |
|    clip_fraction        | 0.793      |
|    clip_range           | 0.15       |
|    entropy_loss         | -1.89      |
|    explained_variance   | 0.287      |
|    learning_rate        | 0.0003     |
|    loss                 | 0.199      |
|    n_updates            | 780        |
|    policy_gradient_loss | -0.109     |
|    value_loss           | 0.649      |
----------------------------------------
----------------------------------------
| time/                   |            |
|    fps                  | 672        |
|    iterations           | 28         |
|    time_elapsed         | 1364       |
|    total_timesteps      | 917504     |
| train/                  |            |
|    approx_kl            | 0.05100932 |
|    clip_fraction        | 0.802      |
|    clip_range           | 0.15       |
|    entropy_loss         | -1.62      |
|    explained_variance   | 0.325      |
|    learning_rate        | 0.0003     |
|    loss                 | 0.11       |
|    n_updates            | 810        |
|    policy_gradient_loss | -0.115     |
|    value_loss           | 0.509      |
----------------------------------------
----------------------------------------
| time/                   |            |
|    fps                  | 669        |
|    iterations           | 29         |
|    time_elapsed         | 1418       |
|    total_timesteps      | 950272     |
| train/                  |            |
|    approx_kl            | 0.08215636 |
|    clip_fraction        | 0.784      |
|    clip_range           | 0.15       |
|    entropy_loss         | -1.25      |
|    explained_variance   | 0.369      |
|    learning_rate        | 0.0003     |
|    loss                 | 0.128      |
|    n_updates            | 840        |
|    policy_gradient_loss | -0.112     |
|    value_loss           | 0.412      |
----------------------------------------
----------------------------------------
| time/                   |            |
|    fps                  | 667        |
|    iterations           | 30         |
|    time_elapsed         | 1472       |
|    total_timesteps      | 983040     |
| train/                  |            |
|    approx_kl            | 0.08413507 |
|    clip_fraction        | 0.774      |
|    clip_range           | 0.15       |
|    entropy_loss         | -0.686     |
|    explained_variance   | 0.473      |
|    learning_rate        | 0.0003     |
|    loss                 | 0.0666     |
|    n_updates            | 870        |
|    policy_gradient_loss | -0.0951    |
|    value_loss           | 0.435      |
----------------------------------------
----------------------------------------
| time/                   |            |
|    fps                  | 665        |
|    iterations           | 31         |
|    time_elapsed         | 1526       |
|    total_timesteps      | 1015808    |
| train/                  |            |
|    approx_kl            | 0.43742597 |
|    clip_fraction        | 0.113      |
|    clip_range           | 0.15       |
|    entropy_loss         | -0.0723    |
|    explained_variance   | 0.582      |
|    learning_rate        | 0.0003     |
|    loss                 | 0.0187     |
|    n_updates            | 900        |
|    policy_gradient_loss | -0.0571    |
|    value_loss           | 0.232      |
----------------------------------------
---------------------------------------
| time/                   |           |
|    fps                  | 663       |
|    iterations           | 32        |
|    time_elapsed         | 1580      |
|    total_timesteps      | 1048576   |
| train/                  |           |
|    approx_kl            | 1.1699457 |
|    clip_fraction        | 0.779     |
|    clip_range           | 0.15      |
|    entropy_loss         | -1.28     |
|    explained_variance   | 0.483     |
|    learning_rate        | 0.0003    |
|    loss                 | -0.0296   |
|    n_updates            | 930       |
|    policy_gradient_loss | 0.00315   |
|    value_loss           | 0.00196   |
---------------------------------------
-----------------------------------------
| time/                   |             |
|    fps                  | 664         |
|    iterations           | 33          |
|    time_elapsed         | 1627        |
|    total_timesteps      | 1081344     |
| train/                  |             |
|    approx_kl            | 0.051399387 |
|    clip_fraction        | 0.664       |
|    clip_range           | 0.15        |
|    entropy_loss         | -2.52       |
|    explained_variance   | 0.272       |
|    learning_rate        | 0.0003      |
|    loss                 | 1.54        |
|    n_updates            | 960         |
|    policy_gradient_loss | -0.0728     |
|    value_loss           | 3.25        |
-----------------------------------------
-----------------------------------------
| time/                   |             |
|    fps                  | 665         |
|    iterations           | 34          |
|    time_elapsed         | 1674        |
|    total_timesteps      | 1114112     |
| train/                  |             |
|    approx_kl            | 0.030704621 |
|    clip_fraction        | 0.695       |
|    clip_range           | 0.15        |
|    entropy_loss         | -2.44       |
|    explained_variance   | 0.425       |
|    learning_rate        | 0.0003      |
|    loss                 | 1.56        |
|    n_updates            | 990         |
|    policy_gradient_loss | -0.0779     |
|    value_loss           | 3.45        |
-----------------------------------------
-----------------------------------------
| time/                   |             |
|    fps                  | 665         |
|    iterations           | 35          |
|    time_elapsed         | 1722        |
|    total_timesteps      | 1146880     |
| train/                  |             |
|    approx_kl            | 0.036474556 |
|    clip_fraction        | 0.724       |
|    clip_range           | 0.15        |
|    entropy_loss         | -2.42       |
|    explained_variance   | 0.409       |
|    learning_rate        | 0.0003      |
|    loss                 | 1.26        |
|    n_updates            | 1020        |
|    policy_gradient_loss | -0.082      |
|    value_loss           | 2.37        |
-----------------------------------------
-----------------------------------------
| time/                   |             |
|    fps                  | 667         |
|    iterations           | 36          |
|    time_elapsed         | 1766        |
|    total_timesteps      | 1179648     |
| train/                  |             |
|    approx_kl            | 0.034632362 |
|    clip_fraction        | 0.684       |
|    clip_range           | 0.15        |
|    entropy_loss         | -2.3        |
|    explained_variance   | 0.338       |
|    learning_rate        | 0.0003      |
|    loss                 | 0.986       |
|    n_updates            | 1050        |
|    policy_gradient_loss | -0.0839     |
|    value_loss           | 1.61        |
-----------------------------------------
----------------------------------------
| time/                   |            |
|    fps                  | 669        |
|    iterations           | 37         |
|    time_elapsed         | 1810       |
|    total_timesteps      | 1212416    |
| train/                  |            |
|    approx_kl            | 0.04610879 |
|    clip_fraction        | 0.72       |
|    clip_range           | 0.15       |
|    entropy_loss         | -2.19      |
|    explained_variance   | 0.294      |
|    learning_rate        | 0.0003     |
|    loss                 | 0.522      |
|    n_updates            | 1080       |
|    policy_gradient_loss | -0.0887    |
|    value_loss           | 1.25       |
----------------------------------------
----------------------------------------
| time/                   |            |
|    fps                  | 671        |
|    iterations           | 38         |
|    time_elapsed         | 1855       |
|    total_timesteps      | 1245184    |
| train/                  |            |
|    approx_kl            | 0.04328171 |
|    clip_fraction        | 0.702      |
|    clip_range           | 0.15       |
|    entropy_loss         | -2.11      |
|    explained_variance   | 0.357      |
|    learning_rate        | 0.0003     |
|    loss                 | 0.415      |
|    n_updates            | 1110       |
|    policy_gradient_loss | -0.0876    |
|    value_loss           | 1.12       |
----------------------------------------
-----------------------------------------
| time/                   |             |
|    fps                  | 671         |
|    iterations           | 39          |
|    time_elapsed         | 1902        |
|    total_timesteps      | 1277952     |
| train/                  |             |
|    approx_kl            | 0.065679945 |
|    clip_fraction        | 0.728       |
|    clip_range           | 0.15        |
|    entropy_loss         | -2.1        |
|    explained_variance   | 0.385       |
|    learning_rate        | 0.0003      |
|    loss                 | 0.259       |
|    n_updates            | 1140        |
|    policy_gradient_loss | -0.0883     |
|    value_loss           | 0.908       |
-----------------------------------------
-----------------------------------------
| time/                   |             |
|    fps                  | 669         |
|    iterations           | 40          |
|    time_elapsed         | 1956        |
|    total_timesteps      | 1310720     |
| train/                  |             |
|    approx_kl            | 0.068214975 |
|    clip_fraction        | 0.812       |
|    clip_range           | 0.15        |
|    entropy_loss         | -2.09       |
|    explained_variance   | 0.26        |
|    learning_rate        | 0.0003      |
|    loss                 | 0.204       |
|    n_updates            | 1170        |
|    policy_gradient_loss | -0.1        |
|    value_loss           | 0.736       |
-----------------------------------------
-----------------------------------------
| time/                   |             |
|    fps                  | 668         |
|    iterations           | 41          |
|    time_elapsed         | 2010        |
|    total_timesteps      | 1343488     |
| train/                  |             |
|    approx_kl            | 0.059325814 |
|    clip_fraction        | 0.823       |
|    clip_range           | 0.15        |
|    entropy_loss         | -2          |
|    explained_variance   | 0.288       |
|    learning_rate        | 0.0003      |
|    loss                 | 0.286       |
|    n_updates            | 1200        |
|    policy_gradient_loss | -0.107      |
|    value_loss           | 0.794       |
-----------------------------------------
-----------------------------------------
| time/                   |             |
|    fps                  | 666         |
|    iterations           | 42          |
|    time_elapsed         | 2064        |
|    total_timesteps      | 1376256     |
| train/                  |             |
|    approx_kl            | 0.049786728 |
|    clip_fraction        | 0.792       |
|    clip_range           | 0.15        |
|    entropy_loss         | -1.77       |
|    explained_variance   | 0.264       |
|    learning_rate        | 0.0003      |
|    loss                 | 0.194       |
|    n_updates            | 1230        |
|    policy_gradient_loss | -0.112      |
|    value_loss           | 0.545       |
-----------------------------------------
----------------------------------------
| time/                   |            |
|    fps                  | 665        |
|    iterations           | 43         |
|    time_elapsed         | 2118       |
|    total_timesteps      | 1409024    |
| train/                  |            |
|    approx_kl            | 0.06286283 |
|    clip_fraction        | 0.781      |
|    clip_range           | 0.15       |
|    entropy_loss         | -1.47      |
|    explained_variance   | 0.316      |
|    learning_rate        | 0.0003     |
|    loss                 | 0.0389     |
|    n_updates            | 1260       |
|    policy_gradient_loss | -0.112     |
|    value_loss           | 0.425      |
----------------------------------------
-----------------------------------------
| time/                   |             |
|    fps                  | 663         |
|    iterations           | 44          |
|    time_elapsed         | 2172        |
|    total_timesteps      | 1441792     |
| train/                  |             |
|    approx_kl            | 0.060070857 |
|    clip_fraction        | 0.758       |
|    clip_range           | 0.15        |
|    entropy_loss         | -1.06       |
|    explained_variance   | 0.397       |
|    learning_rate        | 0.0003      |
|    loss                 | 0.037       |
|    n_updates            | 1290        |
|    policy_gradient_loss | -0.0986     |
|    value_loss           | 0.515       |
-----------------------------------------
----------------------------------------
| time/                   |            |
|    fps                  | 662        |
|    iterations           | 45         |
|    time_elapsed         | 2226       |
|    total_timesteps      | 1474560    |
| train/                  |            |
|    approx_kl            | 0.17421605 |
|    clip_fraction        | 0.775      |
|    clip_range           | 0.15       |
|    entropy_loss         | -0.351     |
|    explained_variance   | 0.487      |
|    learning_rate        | 0.0003     |
|    loss                 | -0.0355    |
|    n_updates            | 1320       |
|    policy_gradient_loss | -0.0937    |
|    value_loss           | 0.298      |
----------------------------------------
-----------------------------------------
| time/                   |             |
|    fps                  | 660         |
|    iterations           | 46          |
|    time_elapsed         | 2280        |
|    total_timesteps      | 1507328     |
| train/                  |             |
|    approx_kl            | 0.117813915 |
|    clip_fraction        | 0.0637      |
|    clip_range           | 0.15        |
|    entropy_loss         | -0.0602     |
|    explained_variance   | 0.528       |
|    learning_rate        | 0.0003      |
|    loss                 | 0.0568      |
|    n_updates            | 1350        |
|    policy_gradient_loss | -0.0326     |
|    value_loss           | 0.197       |
-----------------------------------------
--------------------------------------
| time/                   |          |
|    fps                  | 662      |
|    iterations           | 47       |
|    time_elapsed         | 2324     |
|    total_timesteps      | 1540096  |
| train/                  |          |
|    approx_kl            | 2.561626 |
|    clip_fraction        | 0.713    |
|    clip_range           | 0.15     |
|    entropy_loss         | -2.21    |
|    explained_variance   | 0.561    |
|    learning_rate        | 0.0003   |
|    loss                 | -0.0442  |
|    n_updates            | 1380     |
|    policy_gradient_loss | 0.0026   |
|    value_loss           | 0.00535  |
--------------------------------------
-----------------------------------------
| time/                   |             |
|    fps                  | 661         |
|    iterations           | 48          |
|    time_elapsed         | 2378        |
|    total_timesteps      | 1572864     |
| train/                  |             |
|    approx_kl            | 0.086205855 |
|    clip_fraction        | 0.706       |
|    clip_range           | 0.15        |
|    entropy_loss         | -2.42       |
|    explained_variance   | -0.261      |
|    learning_rate        | 0.0003      |
|    loss                 | 0.156       |
|    n_updates            | 1410        |
|    policy_gradient_loss | -0.0827     |
|    value_loss           | 0.55        |
-----------------------------------------
-----------------------------------------
| time/                   |             |
|    fps                  | 662         |
|    iterations           | 49          |
|    time_elapsed         | 2423        |
|    total_timesteps      | 1605632     |
| train/                  |             |
|    approx_kl            | 0.059761714 |
|    clip_fraction        | 0.53        |
|    clip_range           | 0.15        |
|    entropy_loss         | -2.44       |
|    explained_variance   | 0.255       |
|    learning_rate        | 0.0003      |
|    loss                 | 0.0975      |
|    n_updates            | 1440        |
|    policy_gradient_loss | -0.0695     |
|    value_loss           | 0.422       |
-----------------------------------------
----------------------------------------
| time/                   |            |
|    fps                  | 663        |
|    iterations           | 50         |
|    time_elapsed         | 2467       |
|    total_timesteps      | 1638400    |
| train/                  |            |
|    approx_kl            | 0.19948651 |
|    clip_fraction        | 0.621      |
|    clip_range           | 0.15       |
|    entropy_loss         | -2.37      |
|    explained_variance   | 0.319      |
|    learning_rate        | 0.0003     |
|    loss                 | -0.021     |
|    n_updates            | 1470       |
|    policy_gradient_loss | -0.0703    |
|    value_loss           | 0.212      |
----------------------------------------
----------------------------------------
| time/                   |            |
|    fps                  | 665        |
|    iterations           | 51         |
|    time_elapsed         | 2512       |
|    total_timesteps      | 1671168    |
| train/                  |            |
|    approx_kl            | 0.13274357 |
|    clip_fraction        | 0.504      |
|    clip_range           | 0.15       |
|    entropy_loss         | -1.28      |
|    explained_variance   | 0.146      |
|    learning_rate        | 0.0003     |
|    loss                 | 0.875      |
|    n_updates            | 1500       |
|    policy_gradient_loss | -0.0668    |
|    value_loss           | 1.97       |
----------------------------------------
----------------------------------------
| time/                   |            |
|    fps                  | 664        |
|    iterations           | 52         |
|    time_elapsed         | 2566       |
|    total_timesteps      | 1703936    |
| train/                  |            |
|    approx_kl            | 0.12927191 |
|    clip_fraction        | 0.666      |
|    clip_range           | 0.15       |
|    entropy_loss         | -2.12      |
|    explained_variance   | 0.366      |
|    learning_rate        | 0.0003     |
|    loss                 | 0.216      |
|    n_updates            | 1530       |
|    policy_gradient_loss | -0.0744    |
|    value_loss           | 0.632      |
----------------------------------------
----------------------------------------
| time/                   |            |
|    fps                  | 662        |
|    iterations           | 53         |
|    time_elapsed         | 2619       |
|    total_timesteps      | 1736704    |
| train/                  |            |
|    approx_kl            | 0.09343614 |
|    clip_fraction        | 0.715      |
|    clip_range           | 0.15       |
|    entropy_loss         | -2.19      |
|    explained_variance   | 0.145      |
|    learning_rate        | 0.0003     |
|    loss                 | 0.43       |
|    n_updates            | 1560       |
|    policy_gradient_loss | -0.0817    |
|    value_loss           | 1.27       |
----------------------------------------
-----------------------------------------
| time/                   |             |
|    fps                  | 664         |
|    iterations           | 54          |
|    time_elapsed         | 2664        |
|    total_timesteps      | 1769472     |
| train/                  |             |
|    approx_kl            | 0.069286585 |
|    clip_fraction        | 0.542       |
|    clip_range           | 0.15        |
|    entropy_loss         | -2.15       |
|    explained_variance   | 0.48        |
|    learning_rate        | 0.0003      |
|    loss                 | 0.255       |
|    n_updates            | 1590        |
|    policy_gradient_loss | -0.0638     |
|    value_loss           | 0.931       |
-----------------------------------------
----------------------------------------
| time/                   |            |
|    fps                  | 665        |
|    iterations           | 55         |
|    time_elapsed         | 2709       |
|    total_timesteps      | 1802240    |
| train/                  |            |
|    approx_kl            | 0.07203859 |
|    clip_fraction        | 0.538      |
|    clip_range           | 0.15       |
|    entropy_loss         | -2.21      |
|    explained_variance   | 0.484      |
|    learning_rate        | 0.0003     |
|    loss                 | 0.0537     |
|    n_updates            | 1620       |
|    policy_gradient_loss | -0.0579    |
|    value_loss           | 0.402      |
----------------------------------------
-----------------------------------------
| time/                   |             |
|    fps                  | 664         |
|    iterations           | 56          |
|    time_elapsed         | 2763        |
|    total_timesteps      | 1835008     |
| train/                  |             |
|    approx_kl            | 0.060189247 |
|    clip_fraction        | 0.606       |
|    clip_range           | 0.15        |
|    entropy_loss         | -2.12       |
|    explained_variance   | 0.235       |
|    learning_rate        | 0.0003      |
|    loss                 | 0.254       |
|    n_updates            | 1650        |
|    policy_gradient_loss | -0.0658     |
|    value_loss           | 1.04        |
-----------------------------------------
----------------------------------------
| time/                   |            |
|    fps                  | 663        |
|    iterations           | 57         |
|    time_elapsed         | 2816       |
|    total_timesteps      | 1867776    |
| train/                  |            |
|    approx_kl            | 0.14269805 |
|    clip_fraction        | 0.657      |
|    clip_range           | 0.15       |
|    entropy_loss         | -2.22      |
|    explained_variance   | 0.326      |
|    learning_rate        | 0.0003     |
|    loss                 | 0.657      |
|    n_updates            | 1680       |
|    policy_gradient_loss | -0.0662    |
|    value_loss           | 0.735      |
----------------------------------------
----------------------------------------
| time/                   |            |
|    fps                  | 663        |
|    iterations           | 58         |
|    time_elapsed         | 2863       |
|    total_timesteps      | 1900544    |
| train/                  |            |
|    approx_kl            | 0.07966944 |
|    clip_fraction        | 0.641      |
|    clip_range           | 0.15       |
|    entropy_loss         | -2.12      |
|    explained_variance   | 0.27       |
|    learning_rate        | 0.0003     |
|    loss                 | 1.11       |
|    n_updates            | 1710       |
|    policy_gradient_loss | -0.0742    |
|    value_loss           | 2.38       |
----------------------------------------
-----------------------------------------
| time/                   |             |
|    fps                  | 664         |
|    iterations           | 59          |
|    time_elapsed         | 2910        |
|    total_timesteps      | 1933312     |
| train/                  |             |
|    approx_kl            | 0.026244503 |
|    clip_fraction        | 0.507       |
|    clip_range           | 0.15        |
|    entropy_loss         | -2.11       |
|    explained_variance   | 0.54        |
|    learning_rate        | 0.0003      |
|    loss                 | 0.758       |
|    n_updates            | 1740        |
|    policy_gradient_loss | -0.0625     |
|    value_loss           | 1.08        |
-----------------------------------------
----------------------------------------
| time/                   |            |
|    fps                  | 665        |
|    iterations           | 60         |
|    time_elapsed         | 2954       |
|    total_timesteps      | 1966080    |
| train/                  |            |
|    approx_kl            | 0.06342115 |
|    clip_fraction        | 0.662      |
|    clip_range           | 0.15       |
|    entropy_loss         | -1.93      |
|    explained_variance   | 0.432      |
|    learning_rate        | 0.0003     |
|    loss                 | 0.564      |
|    n_updates            | 1770       |
|    policy_gradient_loss | -0.0814    |
|    value_loss           | 0.596      |
----------------------------------------
-----------------------------------------
| time/                   |             |
|    fps                  | 666         |
|    iterations           | 61          |
|    time_elapsed         | 2999        |
|    total_timesteps      | 1998848     |
| train/                  |             |
|    approx_kl            | 0.048362453 |
|    clip_fraction        | 0.696       |
|    clip_range           | 0.15        |
|    entropy_loss         | -1.89       |
|    explained_variance   | 0.267       |
|    learning_rate        | 0.0003      |
|    loss                 | 0.114       |
|    n_updates            | 1800        |
|    policy_gradient_loss | -0.0992     |
|    value_loss           | 0.524       |
-----------------------------------------
----------------------------------------
| time/                   |            |
|    fps                  | 665        |
|    iterations           | 62         |
|    time_elapsed         | 3053       |
|    total_timesteps      | 2031616    |
| train/                  |            |
|    approx_kl            | 0.11207366 |
|    clip_fraction        | 0.829      |
|    clip_range           | 0.15       |
|    entropy_loss         | -1.72      |
|    explained_variance   | 0.266      |
|    learning_rate        | 0.0003     |
|    loss                 | 0.124      |
|    n_updates            | 1830       |
|    policy_gradient_loss | -0.112     |
|    value_loss           | 0.464      |
----------------------------------------
____________Save learn____________
____________END____________
