____________graph name:   ./Graph/TestGraph_9.txt____________
[[[[0, 0]], 2, [3, 0], [0, 0, 0, 0]], [[[0, 0]], 2, [3, 1], [0, 0, 0, 0]], [[[0, 0]], 2, [3, 2], [0, 0, 0, 0]], [[[0, 0]], 2, [3, 3], [0, 0, 0, 0]], [[[0, 2]], 1, [0, 0, 1], [3]], [[[0, 2], [2, 0], [2, 2], [2, 4], [4, 2]], 2, [0, 0, 1], [3, 2, 3, 3]], [[[0, 3]], 1, [0, 0, 1], [2]], [[[1, 2]], 1, [0, 0, 1], [1]], [[[1, 2], [3, 0], [3, 2], [3, 4], [5, 2]], 2, [0, 0, 1], [1, 4, 1, 1]], [[[1, 3]], 1, [0, 0, 1], [4]], [[[2, 0]], 1, [0, 0, 1], [3]], [[[2, 0], [2, 2]], 3, [0, 0, 1], [3, 2, 3, 3]], [[[2, 0], [2, 2]], 4, [0, 0, 1], [3, 2, 3, 2]], [[[2, 0]], 5, [0, 0, 1], [3, 2, 3, 2]], [[[2, 0]], 6, [0, 0, 1], [3, 2, 3, 2]], [[[2, 1]], 1, [0, 0, 1], [2]], [[[2, 1], [2, 3]], 2, [0, 0, 1], [2, 3, 2, 2]], [[[2, 1], [2, 3]], 3, [0, 0, 1], [2, 3, 2, 2]], [[[2, 1]], 4, [0, 0, 1], [2, 3, 2, 3]], [[[2, 1]], 5, [0, 0, 1], [2, 3, 2, 3]], [[[2, 2]], 1, [0, 0, 1], [3]], [[[2, 3]], 1, [0, 0, 1], [2]], [[[2, 4]], 1, [0, 0, 1], [3]], [[[2, 5]], 1, [0, 0, 1], [2]], [[[3, 0]], 1, [0, 0, 1], [1]], [[[3, 0], [3, 2]], 3, [0, 0, 1], [1, 4, 1, 1]], [[[3, 0], [3, 2]], 4, [0, 0, 1], [1, 4, 1, 4]], [[[3, 0]], 5, [0, 0, 1], [1, 4, 1, 4]], [[[3, 0]], 6, [0, 0, 1], [1, 4, 1, 4]], [[[3, 1]], 1, [0, 0, 1], [4]], [[[3, 1], [3, 3]], 2, [0, 0, 1], [4, 1, 4, 4]], [[[3, 1], [3, 3]], 3, [0, 0, 1], [4, 1, 4, 4]], [[[3, 1]], 4, [0, 0, 1], [4, 1, 4, 1]], [[[3, 1]], 5, [0, 0, 1], [4, 1, 4, 1]], [[[3, 2]], 1, [0, 0, 1], [1]], [[[3, 3]], 1, [0, 0, 1], [4]], [[[3, 4]], 1, [0, 0, 1], [1]], [[[3, 5]], 1, [0, 0, 1], [4]], [[[4, 2]], 1, [0, 0, 1], [3]], [[[4, 3]], 1, [0, 0, 1], [2]], [[[5, 2]], 1, [0, 0, 1], [1]], [[[5, 3]], 1, [0, 0, 1], [4]], [[[0, 2]], 1, [0, 1, 0], [3]], [[[0, 2], [2, 0], [2, 2], [2, 4], [4, 2]], 2, [0, 1, 0], [3, 1, 3, 3]], [[[0, 2], [2, 2]], 3, [0, 1, 0], [3, 1, 3, 3]], [[[0, 2], [2, 2]], 4, [0, 1, 0], [3, 1, 3, 1]], [[[0, 2]], 5, [0, 1, 0], [3, 1, 3, 1]], [[[0, 2]], 6, [0, 1, 0], [3, 1, 3, 1]], [[[0, 3]], 1, [0, 1, 0], [2]], [[[0, 3], [2, 1], [2, 3], [2, 5], [4, 3]], 2, [0, 1, 0], [2, 4, 2, 2]], [[[0, 3], [2, 3]], 3, [0, 1, 0], [2, 4, 2, 2]], [[[0, 3], [2, 3]], 4, [0, 1, 0], [2, 4, 2, 4]], [[[0, 3]], 5, [0, 1, 0], [2, 4, 2, 4]], [[[0, 3]], 6, [0, 1, 0], [2, 4, 2, 4]], [[[1, 2]], 1, [0, 1, 0], [1]], [[[1, 2], [3, 2]], 2, [0, 1, 0], [1, 3, 1, 1]], [[[1, 2], [3, 2]], 3, [0, 1, 0], [1, 3, 1, 1]], [[[1, 2]], 4, [0, 1, 0], [1, 3, 1, 3]], [[[1, 2]], 5, [0, 1, 0], [1, 3, 1, 3]], [[[1, 3]], 1, [0, 1, 0], [4]], [[[1, 3], [3, 3]], 2, [0, 1, 0], [4, 2, 4, 4]], [[[1, 3], [3, 3]], 3, [0, 1, 0], [4, 2, 4, 4]], [[[1, 3]], 4, [0, 1, 0], [4, 2, 4, 2]], [[[1, 3]], 5, [0, 1, 0], [4, 2, 4, 2]], [[[2, 0]], 1, [0, 1, 0], [3]], [[[2, 1]], 1, [0, 1, 0], [2]], [[[2, 2]], 1, [0, 1, 0], [3]], [[[2, 3]], 1, [0, 1, 0], [2]], [[[2, 4]], 1, [0, 1, 0], [3]], [[[2, 5]], 1, [0, 1, 0], [2]], [[[3, 0]], 1, [0, 1, 0], [1]], [[[3, 1]], 1, [0, 1, 0], [4]], [[[3, 2]], 1, [0, 1, 0], [1]], [[[3, 3]], 1, [0, 1, 0], [4]], [[[3, 4]], 1, [0, 1, 0], [1]], [[[3, 5]], 1, [0, 1, 0], [4]], [[[4, 2]], 1, [0, 1, 0], [3]], [[[4, 3]], 1, [0, 1, 0], [2]], [[[5, 2]], 1, [0, 1, 0], [1]], [[[5, 3]], 1, [0, 1, 0], [4]], [[[0, 2]], 1, [0, -1, 1], [3]], [[[0, 3]], 1, [0, -1, 1], [2]], [[[1, 2]], 1, [0, -1, 1], [1]], [[[1, 2], [3, 0], [3, 2], [3, 4], [5, 2]], 2, [0, -1, 1], [1, 2, 1, 1]], [[[1, 3]], 1, [0, -1, 1], [4]], [[[2, 0]], 1, [0, -1, 1], [3]], [[[2, 1]], 1, [0, -1, 1], [2]], [[[2, 1], [4, 3]], 2, [0, -1, 1], [2, 1, 2, 2]], [[[2, 1], [4, 3]], 3, [0, -1, 1], [2, 1, 2, 2]], [[[2, 2]], 1, [0, -1, 1], [3]], [[[2, 2], [4, 2]], 2, [0, -1, 1], [3, 4, 3, 3]], [[[2, 3]], 1, [0, -1, 1], [2]], [[[2, 4]], 1, [0, -1, 1], [3]], [[[2, 5]], 1, [0, -1, 1], [2]], [[[3, 0]], 1, [0, -1, 1], [1]], [[[3, 0], [5, 2]], 3, [0, -1, 1], [1, 2, 1, 1]], [[[3, 0], [5, 2]], 4, [0, -1, 1], [1, 2, 1, 2]], [[[3, 1]], 1, [0, -1, 1], [4]], [[[3, 1], [3, 3]], 2, [0, -1, 1], [4, 3, 4, 4]], [[[3, 1]], 3, [0, -1, 1], [4, 3, 4, 4]], [[[3, 2]], 1, [0, -1, 1], [1]], [[[3, 3]], 1, [0, -1, 1], [4]], [[[3, 4]], 1, [0, -1, 1], [1]], [[[3, 5]], 1, [0, -1, 1], [4]], [[[4, 2]], 1, [0, -1, 1], [3]], [[[4, 2]], 3, [0, -1, 1], [3, 4, 3, 3]], [[[4, 3]], 1, [0, -1, 1], [2]], [[[5, 2]], 1, [0, -1, 1], [1]], [[[5, 3]], 1, [0, -1, 1], [4]], [[[0, 2]], 1, [0, -1, -1], [3]], [[[0, 3]], 1, [0, -1, -1], [2]], [[[1, 2]], 1, [0, -1, -1], [1]], [[[1, 3]], 1, [0, -1, -1], [4]], [[[1, 3], [3, 1], [3, 3], [3, 5], [5, 3]], 2, [0, -1, -1], [4, 3, 4, 4]], [[[2, 0]], 1, [0, -1, -1], [3]], [[[2, 1]], 1, [0, -1, -1], [2]], [[[2, 2]], 1, [0, -1, -1], [3]], [[[2, 3]], 1, [0, -1, -1], [2]], [[[2, 3], [4, 3]], 2, [0, -1, -1], [2, 1, 2, 2]], [[[2, 4]], 1, [0, -1, -1], [3]], [[[2, 4], [4, 2]], 2, [0, -1, -1], [3, 4, 3, 3]], [[[2, 4], [4, 2]], 3, [0, -1, -1], [3, 4, 3, 3]], [[[2, 5]], 1, [0, -1, -1], [2]], [[[3, 0]], 1, [0, -1, -1], [1]], [[[3, 1]], 1, [0, -1, -1], [4]], [[[3, 2]], 1, [0, -1, -1], [1]], [[[3, 2], [3, 4]], 2, [0, -1, -1], [1, 2, 1, 1]], [[[3, 3]], 1, [0, -1, -1], [4]], [[[3, 4]], 1, [0, -1, -1], [1]], [[[3, 4]], 3, [0, -1, -1], [1, 2, 1, 1]], [[[3, 5]], 1, [0, -1, -1], [4]], [[[3, 5], [5, 3]], 3, [0, -1, -1], [4, 3, 4, 4]], [[[3, 5], [5, 3]], 4, [0, -1, -1], [4, 3, 4, 3]], [[[4, 2]], 1, [0, -1, -1], [3]], [[[4, 3]], 1, [0, -1, -1], [2]], [[[4, 3]], 3, [0, -1, -1], [2, 1, 2, 2]], [[[5, 2]], 1, [0, -1, -1], [1]], [[[5, 3]], 1, [0, -1, -1], [4]], [[[1, 2], [3, 0], [3, 2], [3, 4], [5, 2]], 6, [2, 0, 1, -1, 0, 0, -1], [1, 4, 2, 3]], [[[2, 2], [4, 2]], 6, [2, 0, 1, -1, 0, 0, -1], [3, 2, 4, 1]], [[[3, 1], [3, 3]], 6, [2, 0, 1, -1, 0, 0, -1], [4, 1, 3, 2]], [[[4, 2]], 6, [2, -1, 0, -1, 0, 0, -1, 0, -1], [3, 1, 3, 2]], [[[4, 3]], 6, [2, -1, 0, -1, 0, 0, -1, 0, -1], [2, 4, 2, 3]], [[[5, 2]], 6, [2, -1, 0, -1, 0, 0, -1, 0, -1], [1, 3, 1, 4]], [[[5, 3]], 6, [2, -1, 0, -1, 0, 0, -1, 0, -1], [4, 2, 4, 1]], [[[4, 2]], 6, [2, -1, 0, -1, 0, 0, 1, 0, 1], [3, 1, 3, 2]], [[[4, 3]], 6, [2, -1, 0, -1, 0, 0, 1, 0, 1], [2, 4, 2, 3]], [[[5, 2]], 6, [2, -1, 0, -1, 0, 0, 1, 0, 1], [1, 3, 1, 4]], [[[5, 3]], 6, [2, -1, 0, -1, 0, 0, 1, 0, 1], [4, 2, 4, 1]], [[[2, 4]], 6, [2, 0, -1, 0, -1, -1, 0, -1, 0], [3, 2, 3, 1]], [[[2, 5]], 6, [2, 0, -1, 0, -1, -1, 0, -1, 0], [2, 3, 2, 4]], [[[3, 4]], 6, [2, 0, -1, 0, -1, -1, 0, -1, 0], [1, 4, 1, 3]], [[[3, 5]], 6, [2, 0, -1, 0, -1, -1, 0, -1, 0], [4, 1, 4, 2]], [[[2, 0]], 6, [2, 0, 1, 0, 1, -1, 0, -1, 0], [3, 2, 3, 1]], [[[2, 1]], 6, [2, 0, 1, 0, 1, -1, 0, -1, 0], [2, 3, 2, 4]], [[[3, 0]], 6, [2, 0, 1, 0, 1, -1, 0, -1, 0], [1, 4, 1, 3]], [[[3, 1]], 6, [2, 0, 1, 0, 1, -1, 0, -1, 0], [4, 1, 4, 2]], [[[0, 2]], 1, [0, -1, 1, 1, 1], [3]], [[[0, 3]], 1, [0, -1, 1, 1, 1], [2]], [[[1, 2]], 1, [0, -1, 1, 1, 1], [1]], [[[1, 2], [3, 0], [3, 2], [3, 4], [5, 2]], 2, [0, -1, 1, 1, 1], [1, 2, 1, 1]], [[[1, 3]], 1, [0, -1, 1, 1, 1], [4]], [[[2, 0]], 1, [0, -1, 1, 1, 1], [3]], [[[2, 1]], 1, [0, -1, 1, 1, 1], [2]], [[[2, 1], [4, 3]], 2, [0, -1, 1, 1, 1], [2, 1, 2, 2]], [[[2, 1]], 3, [0, -1, 1, 1, 1], [2, 1, 2, 2]], [[[2, 2]], 1, [0, -1, 1, 1, 1], [3]], [[[2, 2], [4, 2]], 2, [0, -1, 1, 1, 1], [3, 4, 3, 3]], [[[2, 2]], 3, [0, -1, 1, 1, 1], [3, 4, 3, 3]], [[[2, 3]], 1, [0, -1, 1, 1, 1], [2]], [[[2, 4]], 1, [0, -1, 1, 1, 1], [3]], [[[2, 5]], 1, [0, -1, 1, 1, 1], [2]], [[[3, 0]], 1, [0, -1, 1, 1, 1], [1]], [[[3, 0], [3, 2]], 3, [0, -1, 1, 1, 1], [1, 2, 1, 1]], [[[3, 0], [3, 2]], 4, [0, -1, 1, 1, 1], [1, 2, 1, 2]], [[[3, 0]], 5, [0, -1, 1, 1, 1], [1, 2, 1, 2]], [[[3, 0]], 6, [0, -1, 1, 1, 1], [1, 2, 1, 2]], [[[3, 1]], 1, [0, -1, 1, 1, 1], [4]], [[[3, 1], [3, 3]], 2, [0, -1, 1, 1, 1], [4, 3, 4, 4]], [[[3, 1], [3, 3]], 3, [0, -1, 1, 1, 1], [4, 3, 4, 4]], [[[3, 1]], 4, [0, -1, 1, 1, 1], [4, 3, 4, 3]], [[[3, 1]], 5, [0, -1, 1, 1, 1], [4, 3, 4, 3]], [[[3, 2]], 1, [0, -1, 1, 1, 1], [1]], [[[3, 3]], 1, [0, -1, 1, 1, 1], [4]], [[[3, 4]], 1, [0, -1, 1, 1, 1], [1]], [[[3, 5]], 1, [0, -1, 1, 1, 1], [4]], [[[4, 2]], 1, [0, -1, 1, 1, 1], [3]], [[[4, 3]], 1, [0, -1, 1, 1, 1], [2]], [[[5, 2]], 1, [0, -1, 1, 1, 1], [1]], [[[5, 3]], 1, [0, -1, 1, 1, 1], [4]], [[[0, 2]], 1, [0, 1, 1, -1, 1], [3]], [[[0, 2], [2, 0], [2, 2], [2, 4], [4, 2]], 2, [0, 1, 1, -1, 1], [3, 4, 3, 3]], [[[0, 3]], 1, [0, 1, 1, -1, 1], [2]], [[[1, 2]], 1, [0, 1, 1, -1, 1], [1]], [[[1, 2], [3, 2]], 2, [0, 1, 1, -1, 1], [1, 2, 1, 1]], [[[1, 3]], 1, [0, 1, 1, -1, 1], [4]], [[[1, 3], [3, 1]], 2, [0, 1, 1, -1, 1], [4, 3, 4, 4]], [[[2, 0]], 1, [0, 1, 1, -1, 1], [3]], [[[2, 0], [2, 2]], 3, [0, 1, 1, -1, 1], [3, 4, 3, 3]], [[[2, 0], [2, 2]], 4, [0, 1, 1, -1, 1], [3, 4, 3, 4]], [[[2, 0]], 5, [0, 1, 1, -1, 1], [3, 4, 3, 4]], [[[2, 0]], 6, [0, 1, 1, -1, 1], [3, 4, 3, 4]], [[[2, 1]], 1, [0, 1, 1, -1, 1], [2]], [[[2, 1], [2, 3]], 2, [0, 1, 1, -1, 1], [2, 1, 2, 2]], [[[2, 1], [2, 3]], 3, [0, 1, 1, -1, 1], [2, 1, 2, 2]], [[[2, 1]], 4, [0, 1, 1, -1, 1], [2, 1, 2, 1]], [[[2, 1]], 5, [0, 1, 1, -1, 1], [2, 1, 2, 1]], [[[2, 2]], 1, [0, 1, 1, -1, 1], [3]], [[[2, 3]], 1, [0, 1, 1, -1, 1], [2]], [[[2, 4]], 1, [0, 1, 1, -1, 1], [3]], [[[2, 5]], 1, [0, 1, 1, -1, 1], [2]], [[[3, 0]], 1, [0, 1, 1, -1, 1], [1]], [[[3, 1]], 1, [0, 1, 1, -1, 1], [4]], [[[3, 1]], 3, [0, 1, 1, -1, 1], [4, 3, 4, 4]], [[[3, 2]], 1, [0, 1, 1, -1, 1], [1]], [[[3, 2]], 3, [0, 1, 1, -1, 1], [1, 2, 1, 1]], [[[3, 3]], 1, [0, 1, 1, -1, 1], [4]], [[[3, 4]], 1, [0, 1, 1, -1, 1], [1]], [[[3, 5]], 1, [0, 1, 1, -1, 1], [4]], [[[4, 2]], 1, [0, 1, 1, -1, 1], [3]], [[[4, 3]], 1, [0, 1, 1, -1, 1], [2]], [[[5, 2]], 1, [0, 1, 1, -1, 1], [1]], [[[5, 3]], 1, [0, 1, 1, -1, 1], [4]], [[[0, 2]], 1, [1, 1, 1, 1, -1], [3]], [[[0, 2], [2, 0], [2, 2], [2, 4], [4, 2]], 2, [1, 1, 1, 1, -1], [3, 4, 3, 3]], [[[0, 2], [2, 2]], 3, [1, 1, 1, 1, -1], [3, 4, 3, 3]], [[[0, 2], [2, 2]], 4, [1, 1, 1, 1, -1], [3, 4, 3, 4]], [[[0, 2]], 5, [1, 1, 1, 1, -1], [3, 4, 3, 4]], [[[0, 2]], 6, [1, 1, 1, 1, -1], [3, 4, 3, 4]], [[[0, 3]], 1, [1, 1, 1, 1, -1], [2]], [[[1, 2]], 1, [1, 1, 1, 1, -1], [1]], [[[1, 2], [3, 2]], 2, [1, 1, 1, 1, -1], [1, 2, 1, 1]], [[[1, 2], [3, 2]], 3, [1, 1, 1, 1, -1], [1, 2, 1, 1]], [[[1, 2]], 4, [1, 1, 1, 1, -1], [1, 2, 1, 2]], [[[1, 2]], 5, [1, 1, 1, 1, -1], [1, 2, 1, 2]], [[[1, 3]], 1, [1, 1, 1, 1, -1], [4]], [[[1, 3], [3, 1]], 2, [1, 1, 1, 1, -1], [4, 3, 4, 4]], [[[1, 3]], 3, [1, 1, 1, 1, -1], [4, 3, 4, 4]], [[[2, 0]], 1, [1, 1, 1, 1, -1], [3]], [[[2, 1]], 1, [1, 1, 1, 1, -1], [2]], [[[2, 1], [2, 3]], 2, [1, 1, 1, 1, -1], [2, 1, 2, 2]], [[[2, 2]], 1, [1, 1, 1, 1, -1], [3]], [[[2, 3]], 1, [1, 1, 1, 1, -1], [2]], [[[2, 3]], 3, [1, 1, 1, 1, -1], [2, 1, 2, 2]], [[[2, 4]], 1, [1, 1, 1, 1, -1], [3]], [[[2, 5]], 1, [1, 1, 1, 1, -1], [2]], [[[3, 0]], 1, [1, 1, 1, 1, -1], [1]], [[[3, 1]], 1, [1, 1, 1, 1, -1], [4]], [[[3, 2]], 1, [1, 1, 1, 1, -1], [1]], [[[3, 3]], 1, [1, 1, 1, 1, -1], [4]], [[[3, 4]], 1, [1, 1, 1, 1, -1], [1]], [[[3, 5]], 1, [1, 1, 1, 1, -1], [4]], [[[4, 2]], 1, [1, 1, 1, 1, -1], [3]], [[[4, 3]], 1, [1, 1, 1, 1, -1], [2]], [[[5, 2]], 1, [1, 1, 1, 1, -1], [1]], [[[5, 3]], 1, [1, 1, 1, 1, -1], [4]], [[[0, 2]], 1, [1, 1, -1, 1, 1], [3]], [[[0, 3]], 1, [1, 1, -1, 1, 1], [2]], [[[0, 3], [2, 1], [2, 3], [2, 5], [4, 3]], 2, [1, 1, -1, 1, 1], [2, 1, 2, 2]], [[[0, 3], [2, 3]], 3, [1, 1, -1, 1, 1], [2, 1, 2, 2]], [[[0, 3], [2, 3]], 4, [1, 1, -1, 1, 1], [2, 1, 2, 1]], [[[0, 3]], 5, [1, 1, -1, 1, 1], [2, 1, 2, 1]], [[[0, 3]], 6, [1, 1, -1, 1, 1], [2, 1, 2, 1]], [[[1, 2]], 1, [1, 1, -1, 1, 1], [1]], [[[1, 2], [3, 4]], 2, [1, 1, -1, 1, 1], [1, 2, 1, 1]], [[[1, 2]], 3, [1, 1, -1, 1, 1], [1, 2, 1, 1]], [[[1, 3]], 1, [1, 1, -1, 1, 1], [4]], [[[1, 3], [3, 3]], 2, [1, 1, -1, 1, 1], [4, 3, 4, 4]], [[[1, 3], [3, 3]], 3, [1, 1, -1, 1, 1], [4, 3, 4, 4]], [[[1, 3]], 4, [1, 1, -1, 1, 1], [4, 3, 4, 3]], [[[1, 3]], 5, [1, 1, -1, 1, 1], [4, 3, 4, 3]], [[[2, 0]], 1, [1, 1, -1, 1, 1], [3]], [[[2, 1]], 1, [1, 1, -1, 1, 1], [2]], [[[2, 2]], 1, [1, 1, -1, 1, 1], [3]], [[[2, 2], [2, 4]], 2, [1, 1, -1, 1, 1], [3, 4, 3, 3]], [[[2, 2]], 3, [1, 1, -1, 1, 1], [3, 4, 3, 3]], [[[2, 3]], 1, [1, 1, -1, 1, 1], [2]], [[[2, 4]], 1, [1, 1, -1, 1, 1], [3]], [[[2, 5]], 1, [1, 1, -1, 1, 1], [2]], [[[3, 0]], 1, [1, 1, -1, 1, 1], [1]], [[[3, 1]], 1, [1, 1, -1, 1, 1], [4]], [[[3, 2]], 1, [1, 1, -1, 1, 1], [1]], [[[3, 3]], 1, [1, 1, -1, 1, 1], [4]], [[[3, 4]], 1, [1, 1, -1, 1, 1], [1]], [[[3, 5]], 1, [1, 1, -1, 1, 1], [4]], [[[4, 2]], 1, [1, 1, -1, 1, 1], [3]], [[[4, 3]], 1, [1, 1, -1, 1, 1], [2]], [[[5, 2]], 1, [1, 1, -1, 1, 1], [1]], [[[5, 3]], 1, [1, 1, -1, 1, 1], [4]]]
____________created env____________
Using cuda device
____________start learn____________
Logging to logs/log_PPO_graph_9_0
------------------------------
| time/              |       |
|    fps             | 3751  |
|    iterations      | 1     |
|    time_elapsed    | 8     |
|    total_timesteps | 32768 |
------------------------------
-----------------------------------------
| time/                   |             |
|    fps                  | 1113        |
|    iterations           | 2           |
|    time_elapsed         | 58          |
|    total_timesteps      | 65536       |
| train/                  |             |
|    approx_kl            | 0.044342663 |
|    clip_fraction        | 0.353       |
|    clip_range           | 0.15        |
|    entropy_loss         | -5.58       |
|    explained_variance   | -0.0013     |
|    learning_rate        | 0.0003      |
|    loss                 | 2.54        |
|    n_updates            | 30          |
|    policy_gradient_loss | -0.0454     |
|    value_loss           | 4.58        |
-----------------------------------------
-----------------------------------------
| time/                   |             |
|    fps                  | 939         |
|    iterations           | 3           |
|    time_elapsed         | 104         |
|    total_timesteps      | 98304       |
| train/                  |             |
|    approx_kl            | 0.035390973 |
|    clip_fraction        | 0.428       |
|    clip_range           | 0.15        |
|    entropy_loss         | -5.45       |
|    explained_variance   | -0.00474    |
|    learning_rate        | 0.0003      |
|    loss                 | 4.31        |
|    n_updates            | 60          |
|    policy_gradient_loss | -0.0586     |
|    value_loss           | 8.26        |
-----------------------------------------
----------------------------------------
| time/                   |            |
|    fps                  | 871        |
|    iterations           | 4          |
|    time_elapsed         | 150        |
|    total_timesteps      | 131072     |
| train/                  |            |
|    approx_kl            | 0.02867508 |
|    clip_fraction        | 0.484      |
|    clip_range           | 0.15       |
|    entropy_loss         | -5.31      |
|    explained_variance   | 0.0311     |
|    learning_rate        | 0.0003     |
|    loss                 | 4.29       |
|    n_updates            | 90         |
|    policy_gradient_loss | -0.0655    |
|    value_loss           | 7.4        |
----------------------------------------
-----------------------------------------
| time/                   |             |
|    fps                  | 835         |
|    iterations           | 5           |
|    time_elapsed         | 196         |
|    total_timesteps      | 163840      |
| train/                  |             |
|    approx_kl            | 0.030282848 |
|    clip_fraction        | 0.532       |
|    clip_range           | 0.15        |
|    entropy_loss         | -5.12       |
|    explained_variance   | 0.102       |
|    learning_rate        | 0.0003      |
|    loss                 | 2.7         |
|    n_updates            | 120         |
|    policy_gradient_loss | -0.069      |
|    value_loss           | 6.18        |
-----------------------------------------
-----------------------------------------
| time/                   |             |
|    fps                  | 815         |
|    iterations           | 6           |
|    time_elapsed         | 241         |
|    total_timesteps      | 196608      |
| train/                  |             |
|    approx_kl            | 0.027051993 |
|    clip_fraction        | 0.56        |
|    clip_range           | 0.15        |
|    entropy_loss         | -4.93       |
|    explained_variance   | 0.155       |
|    learning_rate        | 0.0003      |
|    loss                 | 2.76        |
|    n_updates            | 150         |
|    policy_gradient_loss | -0.0719     |
|    value_loss           | 5.31        |
-----------------------------------------
-----------------------------------------
| time/                   |             |
|    fps                  | 793         |
|    iterations           | 7           |
|    time_elapsed         | 289         |
|    total_timesteps      | 229376      |
| train/                  |             |
|    approx_kl            | 0.024617692 |
|    clip_fraction        | 0.58        |
|    clip_range           | 0.15        |
|    entropy_loss         | -4.75       |
|    explained_variance   | 0.189       |
|    learning_rate        | 0.0003      |
|    loss                 | 1.67        |
|    n_updates            | 180         |
|    policy_gradient_loss | -0.0738     |
|    value_loss           | 4.72        |
-----------------------------------------
-----------------------------------------
| time/                   |             |
|    fps                  | 777         |
|    iterations           | 8           |
|    time_elapsed         | 337         |
|    total_timesteps      | 262144      |
| train/                  |             |
|    approx_kl            | 0.023643853 |
|    clip_fraction        | 0.6         |
|    clip_range           | 0.15        |
|    entropy_loss         | -4.58       |
|    explained_variance   | 0.209       |
|    learning_rate        | 0.0003      |
|    loss                 | 1.88        |
|    n_updates            | 210         |
|    policy_gradient_loss | -0.0754     |
|    value_loss           | 4.13        |
-----------------------------------------
-----------------------------------------
| time/                   |             |
|    fps                  | 770         |
|    iterations           | 9           |
|    time_elapsed         | 382         |
|    total_timesteps      | 294912      |
| train/                  |             |
|    approx_kl            | 0.024837269 |
|    clip_fraction        | 0.618       |
|    clip_range           | 0.15        |
|    entropy_loss         | -4.35       |
|    explained_variance   | 0.22        |
|    learning_rate        | 0.0003      |
|    loss                 | 1.76        |
|    n_updates            | 240         |
|    policy_gradient_loss | -0.0764     |
|    value_loss           | 3.43        |
-----------------------------------------
-----------------------------------------
| time/                   |             |
|    fps                  | 760         |
|    iterations           | 10          |
|    time_elapsed         | 430         |
|    total_timesteps      | 327680      |
| train/                  |             |
|    approx_kl            | 0.025196701 |
|    clip_fraction        | 0.636       |
|    clip_range           | 0.15        |
|    entropy_loss         | -4.11       |
|    explained_variance   | 0.222       |
|    learning_rate        | 0.0003      |
|    loss                 | 1.42        |
|    n_updates            | 270         |
|    policy_gradient_loss | -0.0776     |
|    value_loss           | 2.74        |
-----------------------------------------
-----------------------------------------
| time/                   |             |
|    fps                  | 752         |
|    iterations           | 11          |
|    time_elapsed         | 478         |
|    total_timesteps      | 360448      |
| train/                  |             |
|    approx_kl            | 0.026101232 |
|    clip_fraction        | 0.656       |
|    clip_range           | 0.15        |
|    entropy_loss         | -3.84       |
|    explained_variance   | 0.238       |
|    learning_rate        | 0.0003      |
|    loss                 | 0.905       |
|    n_updates            | 300         |
|    policy_gradient_loss | -0.0787     |
|    value_loss           | 2.07        |
-----------------------------------------
-----------------------------------------
| time/                   |             |
|    fps                  | 749         |
|    iterations           | 12          |
|    time_elapsed         | 524         |
|    total_timesteps      | 393216      |
| train/                  |             |
|    approx_kl            | 0.028033432 |
|    clip_fraction        | 0.664       |
|    clip_range           | 0.15        |
|    entropy_loss         | -3.52       |
|    explained_variance   | 0.246       |
|    learning_rate        | 0.0003      |
|    loss                 | 0.59        |
|    n_updates            | 330         |
|    policy_gradient_loss | -0.0788     |
|    value_loss           | 1.44        |
-----------------------------------------
-----------------------------------------
| time/                   |             |
|    fps                  | 746         |
|    iterations           | 13          |
|    time_elapsed         | 570         |
|    total_timesteps      | 425984      |
| train/                  |             |
|    approx_kl            | 0.030526735 |
|    clip_fraction        | 0.629       |
|    clip_range           | 0.15        |
|    entropy_loss         | -3.24       |
|    explained_variance   | 0.279       |
|    learning_rate        | 0.0003      |
|    loss                 | 0.376       |
|    n_updates            | 360         |
|    policy_gradient_loss | -0.0788     |
|    value_loss           | 1.02        |
-----------------------------------------
-----------------------------------------
| time/                   |             |
|    fps                  | 736         |
|    iterations           | 14          |
|    time_elapsed         | 623         |
|    total_timesteps      | 458752      |
| train/                  |             |
|    approx_kl            | 0.028553303 |
|    clip_fraction        | 0.582       |
|    clip_range           | 0.15        |
|    entropy_loss         | -2.9        |
|    explained_variance   | 0.282       |
|    learning_rate        | 0.0003      |
|    loss                 | 0.193       |
|    n_updates            | 390         |
|    policy_gradient_loss | -0.0767     |
|    value_loss           | 0.666       |
-----------------------------------------
-----------------------------------------
| time/                   |             |
|    fps                  | 727         |
|    iterations           | 15          |
|    time_elapsed         | 675         |
|    total_timesteps      | 491520      |
| train/                  |             |
|    approx_kl            | 0.042598654 |
|    clip_fraction        | 0.555       |
|    clip_range           | 0.15        |
|    entropy_loss         | -2.61       |
|    explained_variance   | 0.273       |
|    learning_rate        | 0.0003      |
|    loss                 | 0.222       |
|    n_updates            | 420         |
|    policy_gradient_loss | -0.0741     |
|    value_loss           | 0.47        |
-----------------------------------------
-----------------------------------------
| time/                   |             |
|    fps                  | 724         |
|    iterations           | 16          |
|    time_elapsed         | 723         |
|    total_timesteps      | 524288      |
| train/                  |             |
|    approx_kl            | 0.048750512 |
|    clip_fraction        | 0.538       |
|    clip_range           | 0.15        |
|    entropy_loss         | -2.4        |
|    explained_variance   | 0.255       |
|    learning_rate        | 0.0003      |
|    loss                 | 0.0632      |
|    n_updates            | 450         |
|    policy_gradient_loss | -0.0723     |
|    value_loss           | 0.402       |
-----------------------------------------
-----------------------------------------
| time/                   |             |
|    fps                  | 718         |
|    iterations           | 17          |
|    time_elapsed         | 775         |
|    total_timesteps      | 557056      |
| train/                  |             |
|    approx_kl            | 0.039189648 |
|    clip_fraction        | 0.535       |
|    clip_range           | 0.15        |
|    entropy_loss         | -2.3        |
|    explained_variance   | 0.262       |
|    learning_rate        | 0.0003      |
|    loss                 | 0.121       |
|    n_updates            | 480         |
|    policy_gradient_loss | -0.0733     |
|    value_loss           | 0.541       |
-----------------------------------------
-----------------------------------------
| time/                   |             |
|    fps                  | 713         |
|    iterations           | 18          |
|    time_elapsed         | 826         |
|    total_timesteps      | 589824      |
| train/                  |             |
|    approx_kl            | 0.052896068 |
|    clip_fraction        | 0.677       |
|    clip_range           | 0.15        |
|    entropy_loss         | -2.26       |
|    explained_variance   | 0.3         |
|    learning_rate        | 0.0003      |
|    loss                 | 0.143       |
|    n_updates            | 510         |
|    policy_gradient_loss | -0.0898     |
|    value_loss           | 0.533       |
-----------------------------------------
----------------------------------------
| time/                   |            |
|    fps                  | 711        |
|    iterations           | 19         |
|    time_elapsed         | 874        |
|    total_timesteps      | 622592     |
| train/                  |            |
|    approx_kl            | 0.14321855 |
|    clip_fraction        | 0.751      |
|    clip_range           | 0.15       |
|    entropy_loss         | -2.35      |
|    explained_variance   | 0.265      |
|    learning_rate        | 0.0003     |
|    loss                 | 0.0517     |
|    n_updates            | 540        |
|    policy_gradient_loss | -0.102     |
|    value_loss           | 0.429      |
----------------------------------------
-----------------------------------------
| time/                   |             |
|    fps                  | 707         |
|    iterations           | 20          |
|    time_elapsed         | 925         |
|    total_timesteps      | 655360      |
| train/                  |             |
|    approx_kl            | 0.067999765 |
|    clip_fraction        | 0.715       |
|    clip_range           | 0.15        |
|    entropy_loss         | -2.4        |
|    explained_variance   | 0.333       |
|    learning_rate        | 0.0003      |
|    loss                 | 0.616       |
|    n_updates            | 570         |
|    policy_gradient_loss | -0.0894     |
|    value_loss           | 1.23        |
-----------------------------------------
----------------------------------------
| time/                   |            |
|    fps                  | 706        |
|    iterations           | 21         |
|    time_elapsed         | 973        |
|    total_timesteps      | 688128     |
| train/                  |            |
|    approx_kl            | 0.03555329 |
|    clip_fraction        | 0.744      |
|    clip_range           | 0.15       |
|    entropy_loss         | -2         |
|    explained_variance   | 0.585      |
|    learning_rate        | 0.0003     |
|    loss                 | 0.153      |
|    n_updates            | 600        |
|    policy_gradient_loss | -0.0931    |
|    value_loss           | 0.896      |
----------------------------------------
-----------------------------------------
| time/                   |             |
|    fps                  | 703         |
|    iterations           | 22          |
|    time_elapsed         | 1024        |
|    total_timesteps      | 720896      |
| train/                  |             |
|    approx_kl            | 0.040286995 |
|    clip_fraction        | 0.74        |
|    clip_range           | 0.15        |
|    entropy_loss         | -1.67       |
|    explained_variance   | 0.529       |
|    learning_rate        | 0.0003      |
|    loss                 | 0.258       |
|    n_updates            | 630         |
|    policy_gradient_loss | -0.101      |
|    value_loss           | 0.601       |
-----------------------------------------
----------------------------------------
| time/                   |            |
|    fps                  | 702        |
|    iterations           | 23         |
|    time_elapsed         | 1073       |
|    total_timesteps      | 753664     |
| train/                  |            |
|    approx_kl            | 0.05970618 |
|    clip_fraction        | 0.755      |
|    clip_range           | 0.15       |
|    entropy_loss         | -1.29      |
|    explained_variance   | 0.459      |
|    learning_rate        | 0.0003     |
|    loss                 | 0.0213     |
|    n_updates            | 660        |
|    policy_gradient_loss | -0.101     |
|    value_loss           | 0.506      |
----------------------------------------
---------------------------------------
| time/                   |           |
|    fps                  | 699       |
|    iterations           | 24        |
|    time_elapsed         | 1124      |
|    total_timesteps      | 786432    |
| train/                  |           |
|    approx_kl            | 0.1369409 |
|    clip_fraction        | 0.759     |
|    clip_range           | 0.15      |
|    entropy_loss         | -0.623    |
|    explained_variance   | 0.503     |
|    learning_rate        | 0.0003    |
|    loss                 | 0.0625    |
|    n_updates            | 690       |
|    policy_gradient_loss | -0.0941   |
|    value_loss           | 0.381     |
---------------------------------------
---------------------------------------
| time/                   |           |
|    fps                  | 696       |
|    iterations           | 25        |
|    time_elapsed         | 1176      |
|    total_timesteps      | 819200    |
| train/                  |           |
|    approx_kl            | 0.2837016 |
|    clip_fraction        | 0.109     |
|    clip_range           | 0.15      |
|    entropy_loss         | -0.119    |
|    explained_variance   | 0.514     |
|    learning_rate        | 0.0003    |
|    loss                 | 0.00861   |
|    n_updates            | 720       |
|    policy_gradient_loss | -0.0524   |
|    value_loss           | 0.221     |
---------------------------------------
----------------------------------------
| time/                   |            |
|    fps                  | 695        |
|    iterations           | 26         |
|    time_elapsed         | 1224       |
|    total_timesteps      | 851968     |
| train/                  |            |
|    approx_kl            | 0.13256885 |
|    clip_fraction        | 0.297      |
|    clip_range           | 0.15       |
|    entropy_loss         | -0.321     |
|    explained_variance   | 0.505      |
|    learning_rate        | 0.0003     |
|    loss                 | -0.0167    |
|    n_updates            | 750        |
|    policy_gradient_loss | -0.00126   |
|    value_loss           | 0.00219    |
----------------------------------------
----------------------------------------
| time/                   |            |
|    fps                  | 695        |
|    iterations           | 27         |
|    time_elapsed         | 1272       |
|    total_timesteps      | 884736     |
| train/                  |            |
|    approx_kl            | 0.16519952 |
|    clip_fraction        | 0.836      |
|    clip_range           | 0.15       |
|    entropy_loss         | -1.21      |
|    explained_variance   | 0.255      |
|    learning_rate        | 0.0003     |
|    loss                 | 0.0736     |
|    n_updates            | 780        |
|    policy_gradient_loss | -0.114     |
|    value_loss           | 0.575      |
----------------------------------------
----------------------------------------
| time/                   |            |
|    fps                  | 695        |
|    iterations           | 28         |
|    time_elapsed         | 1318       |
|    total_timesteps      | 917504     |
| train/                  |            |
|    approx_kl            | 0.23188356 |
|    clip_fraction        | 0.756      |
|    clip_range           | 0.15       |
|    entropy_loss         | -1.3       |
|    explained_variance   | 0.319      |
|    learning_rate        | 0.0003     |
|    loss                 | 0.0249     |
|    n_updates            | 810        |
|    policy_gradient_loss | -0.11      |
|    value_loss           | 0.412      |
----------------------------------------
----------------------------------------
| time/                   |            |
|    fps                  | 693        |
|    iterations           | 29         |
|    time_elapsed         | 1370       |
|    total_timesteps      | 950272     |
| train/                  |            |
|    approx_kl            | 0.05072802 |
|    clip_fraction        | 0.85       |
|    clip_range           | 0.15       |
|    entropy_loss         | -1.5       |
|    explained_variance   | 0.546      |
|    learning_rate        | 0.0003     |
|    loss                 | 0.655      |
|    n_updates            | 840        |
|    policy_gradient_loss | -0.0931    |
|    value_loss           | 1.51       |
----------------------------------------
----------------------------------------
| time/                   |            |
|    fps                  | 691        |
|    iterations           | 30         |
|    time_elapsed         | 1421       |
|    total_timesteps      | 983040     |
| train/                  |            |
|    approx_kl            | 0.07053292 |
|    clip_fraction        | 0.816      |
|    clip_range           | 0.15       |
|    entropy_loss         | -0.912     |
|    explained_variance   | 0.673      |
|    learning_rate        | 0.0003     |
|    loss                 | 0.76       |
|    n_updates            | 870        |
|    policy_gradient_loss | -0.0898    |
|    value_loss           | 1.08       |
----------------------------------------
---------------------------------------
| time/                   |           |
|    fps                  | 689       |
|    iterations           | 31        |
|    time_elapsed         | 1473      |
|    total_timesteps      | 1015808   |
| train/                  |           |
|    approx_kl            | 0.5098325 |
|    clip_fraction        | 0.159     |
|    clip_range           | 0.15      |
|    entropy_loss         | -0.116    |
|    explained_variance   | 0.61      |
|    learning_rate        | 0.0003    |
|    loss                 | 0.0832    |
|    n_updates            | 900       |
|    policy_gradient_loss | -0.0655   |
|    value_loss           | 0.375     |
---------------------------------------
---------------------------------------
| time/                   |           |
|    fps                  | 687       |
|    iterations           | 32        |
|    time_elapsed         | 1525      |
|    total_timesteps      | 1048576   |
| train/                  |           |
|    approx_kl            | 1.7357405 |
|    clip_fraction        | 0.391     |
|    clip_range           | 0.15      |
|    entropy_loss         | -0.985    |
|    explained_variance   | 0.509     |
|    learning_rate        | 0.0003    |
|    loss                 | -0.033    |
|    n_updates            | 930       |
|    policy_gradient_loss | 0.000926  |
|    value_loss           | 0.000542  |
---------------------------------------
-----------------------------------------
| time/                   |             |
|    fps                  | 685         |
|    iterations           | 33          |
|    time_elapsed         | 1576        |
|    total_timesteps      | 1081344     |
| train/                  |             |
|    approx_kl            | 0.078514576 |
|    clip_fraction        | 0.616       |
|    clip_range           | 0.15        |
|    entropy_loss         | -1.86       |
|    explained_variance   | -1.25       |
|    learning_rate        | 0.0003      |
|    loss                 | 0.0594      |
|    n_updates            | 960         |
|    policy_gradient_loss | -0.0765     |
|    value_loss           | 0.33        |
-----------------------------------------
-----------------------------------------
| time/                   |             |
|    fps                  | 687         |
|    iterations           | 34          |
|    time_elapsed         | 1621        |
|    total_timesteps      | 1114112     |
| train/                  |             |
|    approx_kl            | 0.053579427 |
|    clip_fraction        | 0.571       |
|    clip_range           | 0.15        |
|    entropy_loss         | -2.1        |
|    explained_variance   | 0.237       |
|    learning_rate        | 0.0003      |
|    loss                 | 0.0489      |
|    n_updates            | 990         |
|    policy_gradient_loss | -0.0653     |
|    value_loss           | 0.412       |
-----------------------------------------
----------------------------------------
| time/                   |            |
|    fps                  | 688        |
|    iterations           | 35         |
|    time_elapsed         | 1666       |
|    total_timesteps      | 1146880    |
| train/                  |            |
|    approx_kl            | 0.16592246 |
|    clip_fraction        | 0.524      |
|    clip_range           | 0.15       |
|    entropy_loss         | -1.97      |
|    explained_variance   | 0.257      |
|    learning_rate        | 0.0003     |
|    loss                 | 0.127      |
|    n_updates            | 1020       |
|    policy_gradient_loss | -0.0677    |
|    value_loss           | 0.379      |
----------------------------------------
-----------------------------------------
| time/                   |             |
|    fps                  | 689         |
|    iterations           | 36          |
|    time_elapsed         | 1711        |
|    total_timesteps      | 1179648     |
| train/                  |             |
|    approx_kl            | 0.076176755 |
|    clip_fraction        | 0.512       |
|    clip_range           | 0.15        |
|    entropy_loss         | -1.84       |
|    explained_variance   | 0.247       |
|    learning_rate        | 0.0003      |
|    loss                 | 0.131       |
|    n_updates            | 1050        |
|    policy_gradient_loss | -0.0559     |
|    value_loss           | 0.597       |
-----------------------------------------
----------------------------------------
| time/                   |            |
|    fps                  | 689        |
|    iterations           | 37         |
|    time_elapsed         | 1759       |
|    total_timesteps      | 1212416    |
| train/                  |            |
|    approx_kl            | 0.12601092 |
|    clip_fraction        | 0.631      |
|    clip_range           | 0.15       |
|    entropy_loss         | -1.91      |
|    explained_variance   | 0.379      |
|    learning_rate        | 0.0003     |
|    loss                 | -0.0278    |
|    n_updates            | 1080       |
|    policy_gradient_loss | -0.0641    |
|    value_loss           | 0.233      |
----------------------------------------
----------------------------------------
| time/                   |            |
|    fps                  | 689        |
|    iterations           | 38         |
|    time_elapsed         | 1806       |
|    total_timesteps      | 1245184    |
| train/                  |            |
|    approx_kl            | 0.13665646 |
|    clip_fraction        | 0.685      |
|    clip_range           | 0.15       |
|    entropy_loss         | -1.97      |
|    explained_variance   | 0.166      |
|    learning_rate        | 0.0003     |
|    loss                 | 0.406      |
|    n_updates            | 1110       |
|    policy_gradient_loss | -0.0803    |
|    value_loss           | 0.51       |
----------------------------------------
----------------------------------------
| time/                   |            |
|    fps                  | 689        |
|    iterations           | 39         |
|    time_elapsed         | 1852       |
|    total_timesteps      | 1277952    |
| train/                  |            |
|    approx_kl            | 0.05323216 |
|    clip_fraction        | 0.632      |
|    clip_range           | 0.15       |
|    entropy_loss         | -1.93      |
|    explained_variance   | 0.437      |
|    learning_rate        | 0.0003     |
|    loss                 | 0.391      |
|    n_updates            | 1140       |
|    policy_gradient_loss | -0.0726    |
|    value_loss           | 0.824      |
----------------------------------------
----------------------------------------
| time/                   |            |
|    fps                  | 688        |
|    iterations           | 40         |
|    time_elapsed         | 1903       |
|    total_timesteps      | 1310720    |
| train/                  |            |
|    approx_kl            | 0.09397998 |
|    clip_fraction        | 0.647      |
|    clip_range           | 0.15       |
|    entropy_loss         | -1.93      |
|    explained_variance   | 0.538      |
|    learning_rate        | 0.0003     |
|    loss                 | 0.149      |
|    n_updates            | 1170       |
|    policy_gradient_loss | -0.068     |
|    value_loss           | 0.556      |
----------------------------------------
----------------------------------------
| time/                   |            |
|    fps                  | 688        |
|    iterations           | 41         |
|    time_elapsed         | 1951       |
|    total_timesteps      | 1343488    |
| train/                  |            |
|    approx_kl            | 0.08010869 |
|    clip_fraction        | 0.638      |
|    clip_range           | 0.15       |
|    entropy_loss         | -1.82      |
|    explained_variance   | 0.025      |
|    learning_rate        | 0.0003     |
|    loss                 | 0.978      |
|    n_updates            | 1200       |
|    policy_gradient_loss | -0.0716    |
|    value_loss           | 1.75       |
----------------------------------------
----------------------------------------
| time/                   |            |
|    fps                  | 688        |
|    iterations           | 42         |
|    time_elapsed         | 1999       |
|    total_timesteps      | 1376256    |
| train/                  |            |
|    approx_kl            | 0.08426151 |
|    clip_fraction        | 0.733      |
|    clip_range           | 0.15       |
|    entropy_loss         | -1.82      |
|    explained_variance   | 0.325      |
|    learning_rate        | 0.0003     |
|    loss                 | 0.461      |
|    n_updates            | 1230       |
|    policy_gradient_loss | -0.0803    |
|    value_loss           | 0.745      |
----------------------------------------
-----------------------------------------
| time/                   |             |
|    fps                  | 687         |
|    iterations           | 43          |
|    time_elapsed         | 2050        |
|    total_timesteps      | 1409024     |
| train/                  |             |
|    approx_kl            | 0.048367575 |
|    clip_fraction        | 0.668       |
|    clip_range           | 0.15        |
|    entropy_loss         | -1.79       |
|    explained_variance   | 0.254       |
|    learning_rate        | 0.0003      |
|    loss                 | 0.25        |
|    n_updates            | 1260        |
|    policy_gradient_loss | -0.0842     |
|    value_loss           | 0.664       |
-----------------------------------------
-----------------------------------------
| time/                   |             |
|    fps                  | 685         |
|    iterations           | 44          |
|    time_elapsed         | 2102        |
|    total_timesteps      | 1441792     |
| train/                  |             |
|    approx_kl            | 0.103450835 |
|    clip_fraction        | 0.749       |
|    clip_range           | 0.15        |
|    entropy_loss         | -1.82       |
|    explained_variance   | 0.224       |
|    learning_rate        | 0.0003      |
|    loss                 | 0.0799      |
|    n_updates            | 1290        |
|    policy_gradient_loss | -0.0983     |
|    value_loss           | 0.384       |
-----------------------------------------
---------------------------------------
| time/                   |           |
|    fps                  | 684       |
|    iterations           | 45        |
|    time_elapsed         | 2153      |
|    total_timesteps      | 1474560   |
| train/                  |           |
|    approx_kl            | 0.1197269 |
|    clip_fraction        | 0.634     |
|    clip_range           | 0.15      |
|    entropy_loss         | -1.76     |
|    explained_variance   | 0.251     |
|    learning_rate        | 0.0003    |
|    loss                 | 0.888     |
|    n_updates            | 1320      |
|    policy_gradient_loss | -0.0801   |
|    value_loss           | 1.51      |
---------------------------------------
-----------------------------------------
| time/                   |             |
|    fps                  | 684         |
|    iterations           | 46          |
|    time_elapsed         | 2201        |
|    total_timesteps      | 1507328     |
| train/                  |             |
|    approx_kl            | 0.071763486 |
|    clip_fraction        | 0.701       |
|    clip_range           | 0.15        |
|    entropy_loss         | -1.6        |
|    explained_variance   | 0.545       |
|    learning_rate        | 0.0003      |
|    loss                 | 0.522       |
|    n_updates            | 1350        |
|    policy_gradient_loss | -0.0863     |
|    value_loss           | 0.723       |
-----------------------------------------
-----------------------------------------
| time/                   |             |
|    fps                  | 685         |
|    iterations           | 47          |
|    time_elapsed         | 2246        |
|    total_timesteps      | 1540096     |
| train/                  |             |
|    approx_kl            | 0.035896886 |
|    clip_fraction        | 0.729       |
|    clip_range           | 0.15        |
|    entropy_loss         | -1.46       |
|    explained_variance   | 0.404       |
|    learning_rate        | 0.0003      |
|    loss                 | 0.112       |
|    n_updates            | 1380        |
|    policy_gradient_loss | -0.1        |
|    value_loss           | 0.497       |
-----------------------------------------
-----------------------------------------
| time/                   |             |
|    fps                  | 684         |
|    iterations           | 48          |
|    time_elapsed         | 2298        |
|    total_timesteps      | 1572864     |
| train/                  |             |
|    approx_kl            | 0.045295015 |
|    clip_fraction        | 0.728       |
|    clip_range           | 0.15        |
|    entropy_loss         | -1.27       |
|    explained_variance   | 0.291       |
|    learning_rate        | 0.0003      |
|    loss                 | -0.0217     |
|    n_updates            | 1410        |
|    policy_gradient_loss | -0.109      |
|    value_loss           | 0.345       |
-----------------------------------------
-----------------------------------------
| time/                   |             |
|    fps                  | 683         |
|    iterations           | 49          |
|    time_elapsed         | 2350        |
|    total_timesteps      | 1605632     |
| train/                  |             |
|    approx_kl            | 0.068400785 |
|    clip_fraction        | 0.788       |
|    clip_range           | 0.15        |
|    entropy_loss         | -1.05       |
|    explained_variance   | 0.36        |
|    learning_rate        | 0.0003      |
|    loss                 | 0.0971      |
|    n_updates            | 1440        |
|    policy_gradient_loss | -0.115      |
|    value_loss           | 0.343       |
-----------------------------------------
-----------------------------------------
| time/                   |             |
|    fps                  | 682         |
|    iterations           | 50          |
|    time_elapsed         | 2402        |
|    total_timesteps      | 1638400     |
| train/                  |             |
|    approx_kl            | 0.101917654 |
|    clip_fraction        | 0.811       |
|    clip_range           | 0.15        |
|    entropy_loss         | -0.636      |
|    explained_variance   | 0.398       |
|    learning_rate        | 0.0003      |
|    loss                 | 0.0749      |
|    n_updates            | 1470        |
|    policy_gradient_loss | -0.0957     |
|    value_loss           | 0.537       |
-----------------------------------------
----------------------------------------
| time/                   |            |
|    fps                  | 681        |
|    iterations           | 51         |
|    time_elapsed         | 2453       |
|    total_timesteps      | 1671168    |
| train/                  |            |
|    approx_kl            | 0.58574516 |
|    clip_fraction        | 0.114      |
|    clip_range           | 0.15       |
|    entropy_loss         | -0.0555    |
|    explained_variance   | 0.568      |
|    learning_rate        | 0.0003     |
|    loss                 | 0.0104     |
|    n_updates            | 1500       |
|    policy_gradient_loss | -0.0587    |
|    value_loss           | 0.238      |
----------------------------------------
---------------------------------------
| time/                   |           |
|    fps                  | 680       |
|    iterations           | 52        |
|    time_elapsed         | 2505      |
|    total_timesteps      | 1703936   |
| train/                  |           |
|    approx_kl            | 4.2920427 |
|    clip_fraction        | 0.983     |
|    clip_range           | 0.15      |
|    entropy_loss         | -4.71     |
|    explained_variance   | 0.737     |
|    learning_rate        | 0.0003    |
|    loss                 | -0.0559   |
|    n_updates            | 1530      |
|    policy_gradient_loss | 0.496     |
|    value_loss           | 0.000113  |
---------------------------------------
-----------------------------------------
| time/                   |             |
|    fps                  | 679         |
|    iterations           | 53          |
|    time_elapsed         | 2557        |
|    total_timesteps      | 1736704     |
| train/                  |             |
|    approx_kl            | 0.092093565 |
|    clip_fraction        | 0.604       |
|    clip_range           | 0.15        |
|    entropy_loss         | -2.71       |
|    explained_variance   | 0.275       |
|    learning_rate        | 0.0003      |
|    loss                 | 1.92        |
|    n_updates            | 1560        |
|    policy_gradient_loss | -0.0565     |
|    value_loss           | 3.73        |
-----------------------------------------
-----------------------------------------
| time/                   |             |
|    fps                  | 679         |
|    iterations           | 54          |
|    time_elapsed         | 2602        |
|    total_timesteps      | 1769472     |
| train/                  |             |
|    approx_kl            | 0.038806453 |
|    clip_fraction        | 0.578       |
|    clip_range           | 0.15        |
|    entropy_loss         | -3.24       |
|    explained_variance   | 0.455       |
|    learning_rate        | 0.0003      |
|    loss                 | 3.38        |
|    n_updates            | 1590        |
|    policy_gradient_loss | -0.0604     |
|    value_loss           | 7.23        |
-----------------------------------------
-----------------------------------------
| time/                   |             |
|    fps                  | 680         |
|    iterations           | 55          |
|    time_elapsed         | 2647        |
|    total_timesteps      | 1802240     |
| train/                  |             |
|    approx_kl            | 0.027298588 |
|    clip_fraction        | 0.597       |
|    clip_range           | 0.15        |
|    entropy_loss         | -3.3        |
|    explained_variance   | 0.463       |
|    learning_rate        | 0.0003      |
|    loss                 | 2.46        |
|    n_updates            | 1620        |
|    policy_gradient_loss | -0.0644     |
|    value_loss           | 5.33        |
-----------------------------------------
-----------------------------------------
| time/                   |             |
|    fps                  | 681         |
|    iterations           | 56          |
|    time_elapsed         | 2694        |
|    total_timesteps      | 1835008     |
| train/                  |             |
|    approx_kl            | 0.027348055 |
|    clip_fraction        | 0.604       |
|    clip_range           | 0.15        |
|    entropy_loss         | -3.21       |
|    explained_variance   | 0.487       |
|    learning_rate        | 0.0003      |
|    loss                 | 1.38        |
|    n_updates            | 1650        |
|    policy_gradient_loss | -0.0672     |
|    value_loss           | 3.38        |
-----------------------------------------
-----------------------------------------
| time/                   |             |
|    fps                  | 681         |
|    iterations           | 57          |
|    time_elapsed         | 2742        |
|    total_timesteps      | 1867776     |
| train/                  |             |
|    approx_kl            | 0.035295196 |
|    clip_fraction        | 0.598       |
|    clip_range           | 0.15        |
|    entropy_loss         | -3.05       |
|    explained_variance   | 0.463       |
|    learning_rate        | 0.0003      |
|    loss                 | 1.16        |
|    n_updates            | 1680        |
|    policy_gradient_loss | -0.0694     |
|    value_loss           | 1.89        |
-----------------------------------------
----------------------------------------
| time/                   |            |
|    fps                  | 681        |
|    iterations           | 58         |
|    time_elapsed         | 2789       |
|    total_timesteps      | 1900544    |
| train/                  |            |
|    approx_kl            | 0.07608869 |
|    clip_fraction        | 0.556      |
|    clip_range           | 0.15       |
|    entropy_loss         | -2.82      |
|    explained_variance   | 0.394      |
|    learning_rate        | 0.0003     |
|    loss                 | 0.503      |
|    n_updates            | 1710       |
|    policy_gradient_loss | -0.069     |
|    value_loss           | 0.912      |
----------------------------------------
----------------------------------------
| time/                   |            |
|    fps                  | 681        |
|    iterations           | 59         |
|    time_elapsed         | 2837       |
|    total_timesteps      | 1933312    |
| train/                  |            |
|    approx_kl            | 0.05185131 |
|    clip_fraction        | 0.568      |
|    clip_range           | 0.15       |
|    entropy_loss         | -2.53      |
|    explained_variance   | 0.321      |
|    learning_rate        | 0.0003     |
|    loss                 | 0.168      |
|    n_updates            | 1740       |
|    policy_gradient_loss | -0.0725    |
|    value_loss           | 0.481      |
----------------------------------------
----------------------------------------
| time/                   |            |
|    fps                  | 680        |
|    iterations           | 60         |
|    time_elapsed         | 2889       |
|    total_timesteps      | 1966080    |
| train/                  |            |
|    approx_kl            | 0.11084304 |
|    clip_fraction        | 0.592      |
|    clip_range           | 0.15       |
|    entropy_loss         | -2.47      |
|    explained_variance   | 0.337      |
|    learning_rate        | 0.0003     |
|    loss                 | 0.0142     |
|    n_updates            | 1770       |
|    policy_gradient_loss | -0.0708    |
|    value_loss           | 0.233      |
----------------------------------------
-----------------------------------------
| time/                   |             |
|    fps                  | 679         |
|    iterations           | 61          |
|    time_elapsed         | 2940        |
|    total_timesteps      | 1998848     |
| train/                  |             |
|    approx_kl            | 0.061799392 |
|    clip_fraction        | 0.536       |
|    clip_range           | 0.15        |
|    entropy_loss         | -2.3        |
|    explained_variance   | 0.0272      |
|    learning_rate        | 0.0003      |
|    loss                 | 0.536       |
|    n_updates            | 1800        |
|    policy_gradient_loss | -0.0592     |
|    value_loss           | 1.3         |
-----------------------------------------
----------------------------------------
| time/                   |            |
|    fps                  | 680        |
|    iterations           | 62         |
|    time_elapsed         | 2985       |
|    total_timesteps      | 2031616    |
| train/                  |            |
|    approx_kl            | 0.07500701 |
|    clip_fraction        | 0.51       |
|    clip_range           | 0.15       |
|    entropy_loss         | -2.3       |
|    explained_variance   | 0.363      |
|    learning_rate        | 0.0003     |
|    loss                 | 0.319      |
|    n_updates            | 1830       |
|    policy_gradient_loss | -0.0617    |
|    value_loss           | 1.2        |
----------------------------------------
____________Save learn____________
____________END____________
