____________graph name:   ./Graph/TestGraph_7.txt____________
[[[[0, 0]], 2, [3, 0], [0, 0, 0, 0]], [[[0, 0]], 2, [3, 1], [0, 0, 0, 0]], [[[0, 0]], 2, [3, 2], [0, 0, 0, 0]], [[[0, 0]], 2, [3, 3], [0, 0, 0, 0]], [[[0, 2]], 1, [0, 0, 1], [4]], [[[0, 2], [2, 0], [2, 2], [2, 4], [3, 1], [3, 3], [4, 2]], 2, [0, 0, 1], [4, 1, 4, 4]], [[[0, 3]], 1, [0, 0, 1], [1]], [[[1, 2]], 1, [0, 0, 1], [1]], [[[1, 2], [2, 1], [2, 3], [3, 0], [3, 2], [3, 4], [5, 2]], 2, [0, 0, 1], [1, 4, 1, 1]], [[[1, 3]], 1, [0, 0, 1], [4]], [[[2, 0]], 1, [0, 0, 1], [4]], [[[2, 0], [2, 2], [3, 1], [3, 3]], 3, [0, 0, 1], [4, 1, 4, 4]], [[[2, 0], [2, 2], [3, 1]], 4, [0, 0, 1], [4, 1, 4, 1]], [[[2, 0], [3, 1]], 5, [0, 0, 1], [4, 1, 4, 1]], [[[2, 0]], 6, [0, 0, 1], [4, 1, 4, 1]], [[[2, 1]], 1, [0, 0, 1], [1]], [[[2, 1], [2, 3], [3, 0], [3, 2]], 3, [0, 0, 1], [1, 4, 1, 1]], [[[2, 1], [3, 0], [3, 2]], 4, [0, 0, 1], [1, 4, 1, 4]], [[[2, 1], [3, 0]], 5, [0, 0, 1], [1, 4, 1, 4]], [[[2, 2]], 1, [0, 0, 1], [4]], [[[2, 3]], 1, [0, 0, 1], [1]], [[[2, 4]], 1, [0, 0, 1], [4]], [[[2, 5]], 1, [0, 0, 1], [1]], [[[3, 0]], 1, [0, 0, 1], [1]], [[[3, 0]], 6, [0, 0, 1], [1, 4, 1, 4]], [[[3, 1]], 1, [0, 0, 1], [4]], [[[3, 2]], 1, [0, 0, 1], [1]], [[[3, 3]], 1, [0, 0, 1], [4]], [[[3, 4]], 1, [0, 0, 1], [1]], [[[3, 5]], 1, [0, 0, 1], [4]], [[[4, 2]], 1, [0, 0, 1], [4]], [[[4, 3]], 1, [0, 0, 1], [1]], [[[5, 2]], 1, [0, 0, 1], [1]], [[[5, 3]], 1, [0, 0, 1], [4]], [[[0, 2]], 1, [0, 1, 0], [4]], [[[0, 2], [1, 3], [2, 0], [2, 2], [2, 4], [3, 3], [4, 2]], 2, [0, 1, 0], [4, 1, 4, 4]], [[[0, 2], [1, 3], [2, 2], [3, 3]], 3, [0, 1, 0], [4, 1, 4, 4]], [[[0, 2], [1, 3], [2, 2]], 4, [0, 1, 0], [4, 1, 4, 1]], [[[0, 2], [1, 3]], 5, [0, 1, 0], [4, 1, 4, 1]], [[[0, 2]], 6, [0, 1, 0], [4, 1, 4, 1]], [[[0, 3]], 1, [0, 1, 0], [1]], [[[0, 3], [1, 2], [2, 1], [2, 3], [2, 5], [3, 2], [4, 3]], 2, [0, 1, 0], [1, 4, 1, 1]], [[[0, 3], [1, 2], [2, 3], [3, 2]], 3, [0, 1, 0], [1, 4, 1, 1]], [[[0, 3], [1, 2], [2, 3]], 4, [0, 1, 0], [1, 4, 1, 4]], [[[0, 3], [1, 2]], 5, [0, 1, 0], [1, 4, 1, 4]], [[[0, 3]], 6, [0, 1, 0], [1, 4, 1, 4]], [[[1, 2]], 1, [0, 1, 0], [1]], [[[1, 3]], 1, [0, 1, 0], [4]], [[[2, 0]], 1, [0, 1, 0], [4]], [[[2, 1]], 1, [0, 1, 0], [1]], [[[2, 2]], 1, [0, 1, 0], [4]], [[[2, 3]], 1, [0, 1, 0], [1]], [[[2, 4]], 1, [0, 1, 0], [4]], [[[2, 5]], 1, [0, 1, 0], [1]], [[[3, 0]], 1, [0, 1, 0], [1]], [[[3, 1]], 1, [0, 1, 0], [4]], [[[3, 2]], 1, [0, 1, 0], [1]], [[[3, 3]], 1, [0, 1, 0], [4]], [[[3, 4]], 1, [0, 1, 0], [1]], [[[3, 5]], 1, [0, 1, 0], [4]], [[[4, 2]], 1, [0, 1, 0], [4]], [[[4, 3]], 1, [0, 1, 0], [1]], [[[5, 2]], 1, [0, 1, 0], [1]], [[[5, 3]], 1, [0, 1, 0], [4]], [[[0, 2]], 1, [0, -1, 1], [4]], [[[0, 3]], 1, [0, -1, 1], [1]], [[[1, 2]], 1, [0, -1, 1], [1]], [[[1, 2], [2, 1], [3, 0], [3, 2], [3, 4], [4, 3], [5, 2]], 2, [0, -1, 1], [1, 1, 1, 1]], [[[1, 3]], 1, [0, -1, 1], [4]], [[[2, 0]], 1, [0, -1, 1], [4]], [[[2, 1]], 1, [0, -1, 1], [1]], [[[2, 1], [3, 0], [4, 3], [5, 2]], 3, [0, -1, 1], [1, 1, 1, 1]], [[[2, 2]], 1, [0, -1, 1], [4]], [[[2, 2], [3, 1], [3, 3], [4, 2]], 2, [0, -1, 1], [4, 4, 4, 4]], [[[2, 3]], 1, [0, -1, 1], [1]], [[[2, 4]], 1, [0, -1, 1], [4]], [[[2, 5]], 1, [0, -1, 1], [1]], [[[3, 0]], 1, [0, -1, 1], [1]], [[[3, 0], [5, 2]], 4, [0, -1, 1], [1, 1, 1, 1]], [[[3, 1]], 1, [0, -1, 1], [4]], [[[3, 1], [4, 2]], 3, [0, -1, 1], [4, 4, 4, 4]], [[[3, 2]], 1, [0, -1, 1], [1]], [[[3, 3]], 1, [0, -1, 1], [4]], [[[3, 4]], 1, [0, -1, 1], [1]], [[[3, 5]], 1, [0, -1, 1], [4]], [[[4, 2]], 1, [0, -1, 1], [4]], [[[4, 3]], 1, [0, -1, 1], [1]], [[[5, 2]], 1, [0, -1, 1], [1]], [[[5, 3]], 1, [0, -1, 1], [4]], [[[0, 2]], 1, [0, -1, -1], [4]], [[[0, 3]], 1, [0, -1, -1], [1]], [[[1, 2]], 1, [0, -1, -1], [1]], [[[1, 3]], 1, [0, -1, -1], [4]], [[[1, 3], [2, 4], [3, 1], [3, 3], [3, 5], [4, 2], [5, 3]], 2, [0, -1, -1], [4, 4, 4, 4]], [[[2, 0]], 1, [0, -1, -1], [4]], [[[2, 1]], 1, [0, -1, -1], [1]], [[[2, 2]], 1, [0, -1, -1], [4]], [[[2, 3]], 1, [0, -1, -1], [1]], [[[2, 3], [3, 2], [3, 4], [4, 3]], 2, [0, -1, -1], [1, 1, 1, 1]], [[[2, 4]], 1, [0, -1, -1], [4]], [[[2, 4], [3, 5], [4, 2], [5, 3]], 3, [0, -1, -1], [4, 4, 4, 4]], [[[2, 5]], 1, [0, -1, -1], [1]], [[[3, 0]], 1, [0, -1, -1], [1]], [[[3, 1]], 1, [0, -1, -1], [4]], [[[3, 2]], 1, [0, -1, -1], [1]], [[[3, 3]], 1, [0, -1, -1], [4]], [[[3, 4]], 1, [0, -1, -1], [1]], [[[3, 4], [4, 3]], 3, [0, -1, -1], [1, 1, 1, 1]], [[[3, 5]], 1, [0, -1, -1], [4]], [[[3, 5], [5, 3]], 4, [0, -1, -1], [4, 4, 4, 4]], [[[4, 2]], 1, [0, -1, -1], [4]], [[[4, 3]], 1, [0, -1, -1], [1]], [[[5, 2]], 1, [0, -1, -1], [1]], [[[5, 3]], 1, [0, -1, -1], [4]], [[[1, 2], [3, 0], [3, 2], [3, 4], [5, 2]], 6, [2, 0, 1, -1, 0, 0, -1], [1, 4, 1, 4]], [[[2, 2], [3, 1], [3, 3], [4, 2]], 6, [2, 0, 1, -1, 0, 0, -1], [4, 1, 4, 1]], [[[4, 2], [5, 3]], 6, [2, -1, 0, -1, 0, 0, -1, 0, -1], [4, 1, 4, 1]], [[[4, 3], [5, 2]], 6, [2, -1, 0, -1, 0, 0, -1, 0, -1], [1, 4, 1, 4]], [[[4, 2], [5, 3]], 6, [2, -1, 0, -1, 0, 0, 1, 0, 1], [4, 1, 4, 1]], [[[4, 3], [5, 2]], 6, [2, -1, 0, -1, 0, 0, 1, 0, 1], [1, 4, 1, 4]], [[[2, 4], [3, 5]], 6, [2, 0, -1, 0, -1, -1, 0, -1, 0], [4, 1, 4, 1]], [[[2, 5], [3, 4]], 6, [2, 0, -1, 0, -1, -1, 0, -1, 0], [1, 4, 1, 4]], [[[2, 0], [3, 1]], 6, [2, 0, 1, 0, 1, -1, 0, -1, 0], [4, 1, 4, 1]], [[[2, 1], [3, 0]], 6, [2, 0, 1, 0, 1, -1, 0, -1, 0], [1, 4, 1, 4]], [[[0, 2]], 1, [0, -1, 1, 1, 1], [4]], [[[0, 3]], 1, [0, -1, 1, 1, 1], [1]], [[[1, 2]], 1, [0, -1, 1, 1, 1], [1]], [[[1, 2], [2, 1], [3, 0], [3, 2], [3, 4], [4, 3], [5, 2]], 2, [0, -1, 1, 1, 1], [1, 1, 1, 1]], [[[1, 3]], 1, [0, -1, 1, 1, 1], [4]], [[[2, 0]], 1, [0, -1, 1, 1, 1], [4]], [[[2, 1]], 1, [0, -1, 1, 1, 1], [1]], [[[2, 1], [3, 0], [3, 2]], 3, [0, -1, 1, 1, 1], [1, 1, 1, 1]], [[[2, 2]], 1, [0, -1, 1, 1, 1], [4]], [[[2, 2], [3, 1], [3, 3], [4, 2]], 2, [0, -1, 1, 1, 1], [4, 4, 4, 4]], [[[2, 2], [3, 1], [3, 3]], 3, [0, -1, 1, 1, 1], [4, 4, 4, 4]], [[[2, 3]], 1, [0, -1, 1, 1, 1], [1]], [[[2, 4]], 1, [0, -1, 1, 1, 1], [4]], [[[2, 5]], 1, [0, -1, 1, 1, 1], [1]], [[[3, 0]], 1, [0, -1, 1, 1, 1], [1]], [[[3, 0], [3, 2]], 4, [0, -1, 1, 1, 1], [1, 1, 1, 1]], [[[3, 0]], 5, [0, -1, 1, 1, 1], [1, 1, 1, 1]], [[[3, 0]], 6, [0, -1, 1, 1, 1], [1, 1, 1, 1]], [[[3, 1]], 1, [0, -1, 1, 1, 1], [4]], [[[3, 1]], 4, [0, -1, 1, 1, 1], [4, 4, 4, 4]], [[[3, 1]], 5, [0, -1, 1, 1, 1], [4, 4, 4, 4]], [[[3, 2]], 1, [0, -1, 1, 1, 1], [1]], [[[3, 3]], 1, [0, -1, 1, 1, 1], [4]], [[[3, 4]], 1, [0, -1, 1, 1, 1], [1]], [[[3, 5]], 1, [0, -1, 1, 1, 1], [4]], [[[4, 2]], 1, [0, -1, 1, 1, 1], [4]], [[[4, 3]], 1, [0, -1, 1, 1, 1], [1]], [[[5, 2]], 1, [0, -1, 1, 1, 1], [1]], [[[5, 3]], 1, [0, -1, 1, 1, 1], [4]], [[[0, 2]], 1, [0, 1, 1, -1, 1], [4]], [[[0, 2], [1, 3], [2, 0], [2, 2], [2, 4], [3, 1], [4, 2]], 2, [0, 1, 1, -1, 1], [4, 4, 4, 4]], [[[0, 3]], 1, [0, 1, 1, -1, 1], [1]], [[[1, 2]], 1, [0, 1, 1, -1, 1], [1]], [[[1, 2], [2, 1], [2, 3], [3, 2]], 2, [0, 1, 1, -1, 1], [1, 1, 1, 1]], [[[1, 3]], 1, [0, 1, 1, -1, 1], [4]], [[[2, 0]], 1, [0, 1, 1, -1, 1], [4]], [[[2, 0], [2, 2], [3, 1]], 3, [0, 1, 1, -1, 1], [4, 4, 4, 4]], [[[2, 0], [2, 2]], 4, [0, 1, 1, -1, 1], [4, 4, 4, 4]], [[[2, 0]], 5, [0, 1, 1, -1, 1], [4, 4, 4, 4]], [[[2, 0]], 6, [0, 1, 1, -1, 1], [4, 4, 4, 4]], [[[2, 1]], 1, [0, 1, 1, -1, 1], [1]], [[[2, 1], [2, 3], [3, 2]], 3, [0, 1, 1, -1, 1], [1, 1, 1, 1]], [[[2, 1]], 4, [0, 1, 1, -1, 1], [1, 1, 1, 1]], [[[2, 1]], 5, [0, 1, 1, -1, 1], [1, 1, 1, 1]], [[[2, 2]], 1, [0, 1, 1, -1, 1], [4]], [[[2, 3]], 1, [0, 1, 1, -1, 1], [1]], [[[2, 4]], 1, [0, 1, 1, -1, 1], [4]], [[[2, 5]], 1, [0, 1, 1, -1, 1], [1]], [[[3, 0]], 1, [0, 1, 1, -1, 1], [1]], [[[3, 1]], 1, [0, 1, 1, -1, 1], [4]], [[[3, 2]], 1, [0, 1, 1, -1, 1], [1]], [[[3, 3]], 1, [0, 1, 1, -1, 1], [4]], [[[3, 4]], 1, [0, 1, 1, -1, 1], [1]], [[[3, 5]], 1, [0, 1, 1, -1, 1], [4]], [[[4, 2]], 1, [0, 1, 1, -1, 1], [4]], [[[4, 3]], 1, [0, 1, 1, -1, 1], [1]], [[[5, 2]], 1, [0, 1, 1, -1, 1], [1]], [[[5, 3]], 1, [0, 1, 1, -1, 1], [4]], [[[0, 2]], 1, [1, 1, 1, 1, -1], [4]], [[[0, 2], [1, 3], [2, 0], [2, 2], [2, 4], [3, 1], [4, 2]], 2, [1, 1, 1, 1, -1], [4, 4, 4, 4]], [[[0, 2], [1, 3], [2, 2]], 3, [1, 1, 1, 1, -1], [4, 4, 4, 4]], [[[0, 2], [2, 2]], 4, [1, 1, 1, 1, -1], [4, 4, 4, 4]], [[[0, 2]], 5, [1, 1, 1, 1, -1], [4, 4, 4, 4]], [[[0, 2]], 6, [1, 1, 1, 1, -1], [4, 4, 4, 4]], [[[0, 3]], 1, [1, 1, 1, 1, -1], [1]], [[[1, 2]], 1, [1, 1, 1, 1, -1], [1]], [[[1, 2], [2, 1], [2, 3], [3, 2]], 2, [1, 1, 1, 1, -1], [1, 1, 1, 1]], [[[1, 2], [2, 3], [3, 2]], 3, [1, 1, 1, 1, -1], [1, 1, 1, 1]], [[[1, 2]], 4, [1, 1, 1, 1, -1], [1, 1, 1, 1]], [[[1, 2]], 5, [1, 1, 1, 1, -1], [1, 1, 1, 1]], [[[1, 3]], 1, [1, 1, 1, 1, -1], [4]], [[[2, 0]], 1, [1, 1, 1, 1, -1], [4]], [[[2, 1]], 1, [1, 1, 1, 1, -1], [1]], [[[2, 2]], 1, [1, 1, 1, 1, -1], [4]], [[[2, 3]], 1, [1, 1, 1, 1, -1], [1]], [[[2, 4]], 1, [1, 1, 1, 1, -1], [4]], [[[2, 5]], 1, [1, 1, 1, 1, -1], [1]], [[[3, 0]], 1, [1, 1, 1, 1, -1], [1]], [[[3, 1]], 1, [1, 1, 1, 1, -1], [4]], [[[3, 2]], 1, [1, 1, 1, 1, -1], [1]], [[[3, 3]], 1, [1, 1, 1, 1, -1], [4]], [[[3, 4]], 1, [1, 1, 1, 1, -1], [1]], [[[3, 5]], 1, [1, 1, 1, 1, -1], [4]], [[[4, 2]], 1, [1, 1, 1, 1, -1], [4]], [[[4, 3]], 1, [1, 1, 1, 1, -1], [1]], [[[5, 2]], 1, [1, 1, 1, 1, -1], [1]], [[[5, 3]], 1, [1, 1, 1, 1, -1], [4]], [[[0, 2]], 1, [1, 1, -1, 1, 1], [4]], [[[0, 3]], 1, [1, 1, -1, 1, 1], [1]], [[[0, 3], [1, 2], [2, 1], [2, 3], [2, 5], [3, 4], [4, 3]], 2, [1, 1, -1, 1, 1], [1, 1, 1, 1]], [[[0, 3], [1, 2], [2, 3]], 3, [1, 1, -1, 1, 1], [1, 1, 1, 1]], [[[0, 3], [2, 3]], 4, [1, 1, -1, 1, 1], [1, 1, 1, 1]], [[[0, 3]], 5, [1, 1, -1, 1, 1], [1, 1, 1, 1]], [[[0, 3]], 6, [1, 1, -1, 1, 1], [1, 1, 1, 1]], [[[1, 2]], 1, [1, 1, -1, 1, 1], [1]], [[[1, 3]], 1, [1, 1, -1, 1, 1], [4]], [[[1, 3], [2, 2], [2, 4], [3, 3]], 2, [1, 1, -1, 1, 1], [4, 4, 4, 4]], [[[1, 3], [2, 2], [3, 3]], 3, [1, 1, -1, 1, 1], [4, 4, 4, 4]], [[[1, 3]], 4, [1, 1, -1, 1, 1], [4, 4, 4, 4]], [[[1, 3]], 5, [1, 1, -1, 1, 1], [4, 4, 4, 4]], [[[2, 0]], 1, [1, 1, -1, 1, 1], [4]], [[[2, 1]], 1, [1, 1, -1, 1, 1], [1]], [[[2, 2]], 1, [1, 1, -1, 1, 1], [4]], [[[2, 3]], 1, [1, 1, -1, 1, 1], [1]], [[[2, 4]], 1, [1, 1, -1, 1, 1], [4]], [[[2, 5]], 1, [1, 1, -1, 1, 1], [1]], [[[3, 0]], 1, [1, 1, -1, 1, 1], [1]], [[[3, 1]], 1, [1, 1, -1, 1, 1], [4]], [[[3, 2]], 1, [1, 1, -1, 1, 1], [1]], [[[3, 3]], 1, [1, 1, -1, 1, 1], [4]], [[[3, 4]], 1, [1, 1, -1, 1, 1], [1]], [[[3, 5]], 1, [1, 1, -1, 1, 1], [4]], [[[4, 2]], 1, [1, 1, -1, 1, 1], [4]], [[[4, 3]], 1, [1, 1, -1, 1, 1], [1]], [[[5, 2]], 1, [1, 1, -1, 1, 1], [1]], [[[5, 3]], 1, [1, 1, -1, 1, 1], [4]]]
____________created env____________
Using cuda device
____________start learn____________
Logging to logs/log_PPO_graph_7_0
------------------------------
| time/              |       |
|    fps             | 3298  |
|    iterations      | 1     |
|    time_elapsed    | 9     |
|    total_timesteps | 32768 |
------------------------------
-----------------------------------------
| time/                   |             |
|    fps                  | 1227        |
|    iterations           | 2           |
|    time_elapsed         | 53          |
|    total_timesteps      | 65536       |
| train/                  |             |
|    approx_kl            | 0.050946355 |
|    clip_fraction        | 0.338       |
|    clip_range           | 0.15        |
|    entropy_loss         | -5.39       |
|    explained_variance   | -0.0329     |
|    learning_rate        | 0.0003      |
|    loss                 | 2.15        |
|    n_updates            | 30          |
|    policy_gradient_loss | -0.0437     |
|    value_loss           | 5.03        |
-----------------------------------------
-----------------------------------------
| time/                   |             |
|    fps                  | 985         |
|    iterations           | 3           |
|    time_elapsed         | 99          |
|    total_timesteps      | 98304       |
| train/                  |             |
|    approx_kl            | 0.057324737 |
|    clip_fraction        | 0.494       |
|    clip_range           | 0.15        |
|    entropy_loss         | -5.09       |
|    explained_variance   | -0.0294     |
|    learning_rate        | 0.0003      |
|    loss                 | 3.96        |
|    n_updates            | 60          |
|    policy_gradient_loss | -0.062      |
|    value_loss           | 10.5        |
-----------------------------------------
-----------------------------------------
| time/                   |             |
|    fps                  | 880         |
|    iterations           | 4           |
|    time_elapsed         | 148         |
|    total_timesteps      | 131072      |
| train/                  |             |
|    approx_kl            | 0.026393428 |
|    clip_fraction        | 0.519       |
|    clip_range           | 0.15        |
|    entropy_loss         | -4.86       |
|    explained_variance   | 0.129       |
|    learning_rate        | 0.0003      |
|    loss                 | 3.52        |
|    n_updates            | 90          |
|    policy_gradient_loss | -0.067      |
|    value_loss           | 7.88        |
-----------------------------------------
-----------------------------------------
| time/                   |             |
|    fps                  | 826         |
|    iterations           | 5           |
|    time_elapsed         | 198         |
|    total_timesteps      | 163840      |
| train/                  |             |
|    approx_kl            | 0.022730518 |
|    clip_fraction        | 0.562       |
|    clip_range           | 0.15        |
|    entropy_loss         | -4.61       |
|    explained_variance   | 0.205       |
|    learning_rate        | 0.0003      |
|    loss                 | 3.34        |
|    n_updates            | 120         |
|    policy_gradient_loss | -0.0714     |
|    value_loss           | 6.19        |
-----------------------------------------
----------------------------------------
| time/                   |            |
|    fps                  | 794        |
|    iterations           | 6          |
|    time_elapsed         | 247        |
|    total_timesteps      | 196608     |
| train/                  |            |
|    approx_kl            | 0.02143181 |
|    clip_fraction        | 0.599      |
|    clip_range           | 0.15       |
|    entropy_loss         | -4.4       |
|    explained_variance   | 0.258      |
|    learning_rate        | 0.0003     |
|    loss                 | 2.28       |
|    n_updates            | 150        |
|    policy_gradient_loss | -0.0751    |
|    value_loss           | 4.97       |
----------------------------------------
-----------------------------------------
| time/                   |             |
|    fps                  | 773         |
|    iterations           | 7           |
|    time_elapsed         | 296         |
|    total_timesteps      | 229376      |
| train/                  |             |
|    approx_kl            | 0.020884575 |
|    clip_fraction        | 0.638       |
|    clip_range           | 0.15        |
|    entropy_loss         | -4.12       |
|    explained_variance   | 0.278       |
|    learning_rate        | 0.0003      |
|    loss                 | 1.88        |
|    n_updates            | 180         |
|    policy_gradient_loss | -0.0786     |
|    value_loss           | 3.99        |
-----------------------------------------
-----------------------------------------
| time/                   |             |
|    fps                  | 757         |
|    iterations           | 8           |
|    time_elapsed         | 345         |
|    total_timesteps      | 262144      |
| train/                  |             |
|    approx_kl            | 0.022689993 |
|    clip_fraction        | 0.673       |
|    clip_range           | 0.15        |
|    entropy_loss         | -3.82       |
|    explained_variance   | 0.272       |
|    learning_rate        | 0.0003      |
|    loss                 | 1.24        |
|    n_updates            | 210         |
|    policy_gradient_loss | -0.0808     |
|    value_loss           | 3           |
-----------------------------------------
-----------------------------------------
| time/                   |             |
|    fps                  | 746         |
|    iterations           | 9           |
|    time_elapsed         | 395         |
|    total_timesteps      | 294912      |
| train/                  |             |
|    approx_kl            | 0.026017198 |
|    clip_fraction        | 0.694       |
|    clip_range           | 0.15        |
|    entropy_loss         | -3.45       |
|    explained_variance   | 0.296       |
|    learning_rate        | 0.0003      |
|    loss                 | 0.92        |
|    n_updates            | 240         |
|    policy_gradient_loss | -0.084      |
|    value_loss           | 2.06        |
-----------------------------------------
-----------------------------------------
| time/                   |             |
|    fps                  | 737         |
|    iterations           | 10          |
|    time_elapsed         | 444         |
|    total_timesteps      | 327680      |
| train/                  |             |
|    approx_kl            | 0.031536937 |
|    clip_fraction        | 0.688       |
|    clip_range           | 0.15        |
|    entropy_loss         | -3.03       |
|    explained_variance   | 0.292       |
|    learning_rate        | 0.0003      |
|    loss                 | 0.47        |
|    n_updates            | 270         |
|    policy_gradient_loss | -0.0876     |
|    value_loss           | 1.35        |
-----------------------------------------
----------------------------------------
| time/                   |            |
|    fps                  | 730        |
|    iterations           | 11         |
|    time_elapsed         | 493        |
|    total_timesteps      | 360448     |
| train/                  |            |
|    approx_kl            | 0.03652566 |
|    clip_fraction        | 0.666      |
|    clip_range           | 0.15       |
|    entropy_loss         | -2.64      |
|    explained_variance   | 0.303      |
|    learning_rate        | 0.0003     |
|    loss                 | 0.306      |
|    n_updates            | 300        |
|    policy_gradient_loss | -0.0895    |
|    value_loss           | 0.905      |
----------------------------------------
----------------------------------------
| time/                   |            |
|    fps                  | 724        |
|    iterations           | 12         |
|    time_elapsed         | 542        |
|    total_timesteps      | 393216     |
| train/                  |            |
|    approx_kl            | 0.04186479 |
|    clip_fraction        | 0.731      |
|    clip_range           | 0.15       |
|    entropy_loss         | -2.23      |
|    explained_variance   | 0.324      |
|    learning_rate        | 0.0003     |
|    loss                 | 0.137      |
|    n_updates            | 330        |
|    policy_gradient_loss | -0.102     |
|    value_loss           | 0.664      |
----------------------------------------
-----------------------------------------
| time/                   |             |
|    fps                  | 726         |
|    iterations           | 13          |
|    time_elapsed         | 586         |
|    total_timesteps      | 425984      |
| train/                  |             |
|    approx_kl            | 0.027027475 |
|    clip_fraction        | 0.754       |
|    clip_range           | 0.15        |
|    entropy_loss         | -1.95       |
|    explained_variance   | 0.32        |
|    learning_rate        | 0.0003      |
|    loss                 | 0.151       |
|    n_updates            | 360         |
|    policy_gradient_loss | -0.11       |
|    value_loss           | 0.486       |
-----------------------------------------
-----------------------------------------
| time/                   |             |
|    fps                  | 722         |
|    iterations           | 14          |
|    time_elapsed         | 635         |
|    total_timesteps      | 458752      |
| train/                  |             |
|    approx_kl            | 0.039993655 |
|    clip_fraction        | 0.74        |
|    clip_range           | 0.15        |
|    entropy_loss         | -1.69       |
|    explained_variance   | 0.334       |
|    learning_rate        | 0.0003      |
|    loss                 | 0.0499      |
|    n_updates            | 390         |
|    policy_gradient_loss | -0.114      |
|    value_loss           | 0.394       |
-----------------------------------------
-----------------------------------------
| time/                   |             |
|    fps                  | 723         |
|    iterations           | 15          |
|    time_elapsed         | 679         |
|    total_timesteps      | 491520      |
| train/                  |             |
|    approx_kl            | 0.058045942 |
|    clip_fraction        | 0.77        |
|    clip_range           | 0.15        |
|    entropy_loss         | -1.23       |
|    explained_variance   | 0.38        |
|    learning_rate        | 0.0003      |
|    loss                 | 0.169       |
|    n_updates            | 420         |
|    policy_gradient_loss | -0.109      |
|    value_loss           | 0.481       |
-----------------------------------------
----------------------------------------
| time/                   |            |
|    fps                  | 725        |
|    iterations           | 16         |
|    time_elapsed         | 722        |
|    total_timesteps      | 524288     |
| train/                  |            |
|    approx_kl            | 0.12613384 |
|    clip_fraction        | 0.773      |
|    clip_range           | 0.15       |
|    entropy_loss         | -0.569     |
|    explained_variance   | 0.477      |
|    learning_rate        | 0.0003     |
|    loss                 | 0.179      |
|    n_updates            | 450        |
|    policy_gradient_loss | -0.0985    |
|    value_loss           | 0.375      |
----------------------------------------
----------------------------------------
| time/                   |            |
|    fps                  | 727        |
|    iterations           | 17         |
|    time_elapsed         | 765        |
|    total_timesteps      | 557056     |
| train/                  |            |
|    approx_kl            | 0.23401819 |
|    clip_fraction        | 0.0678     |
|    clip_range           | 0.15       |
|    entropy_loss         | -0.0379    |
|    explained_variance   | 0.492      |
|    learning_rate        | 0.0003     |
|    loss                 | 0.0639     |
|    n_updates            | 480        |
|    policy_gradient_loss | -0.0443    |
|    value_loss           | 0.106      |
----------------------------------------
---------------------------------------
| time/                   |           |
|    fps                  | 728       |
|    iterations           | 18        |
|    time_elapsed         | 809       |
|    total_timesteps      | 589824    |
| train/                  |           |
|    approx_kl            | 1.6080055 |
|    clip_fraction        | 0.415     |
|    clip_range           | 0.15      |
|    entropy_loss         | -0.935    |
|    explained_variance   | 0.567     |
|    learning_rate        | 0.0003    |
|    loss                 | -0.034    |
|    n_updates            | 510       |
|    policy_gradient_loss | 0.00146   |
|    value_loss           | 0.000566  |
---------------------------------------
-----------------------------------------
| time/                   |             |
|    fps                  | 729         |
|    iterations           | 19          |
|    time_elapsed         | 853         |
|    total_timesteps      | 622592      |
| train/                  |             |
|    approx_kl            | 0.052840114 |
|    clip_fraction        | 0.691       |
|    clip_range           | 0.15        |
|    entropy_loss         | -2.53       |
|    explained_variance   | 0.319       |
|    learning_rate        | 0.0003      |
|    loss                 | 1.21        |
|    n_updates            | 540         |
|    policy_gradient_loss | -0.0787     |
|    value_loss           | 2.14        |
-----------------------------------------
-----------------------------------------
| time/                   |             |
|    fps                  | 730         |
|    iterations           | 20          |
|    time_elapsed         | 896         |
|    total_timesteps      | 655360      |
| train/                  |             |
|    approx_kl            | 0.034877468 |
|    clip_fraction        | 0.67        |
|    clip_range           | 0.15        |
|    entropy_loss         | -2.35       |
|    explained_variance   | 0.51        |
|    learning_rate        | 0.0003      |
|    loss                 | 0.809       |
|    n_updates            | 570         |
|    policy_gradient_loss | -0.0768     |
|    value_loss           | 1.9         |
-----------------------------------------
-----------------------------------------
| time/                   |             |
|    fps                  | 732         |
|    iterations           | 21          |
|    time_elapsed         | 939         |
|    total_timesteps      | 688128      |
| train/                  |             |
|    approx_kl            | 0.075730324 |
|    clip_fraction        | 0.69        |
|    clip_range           | 0.15        |
|    entropy_loss         | -2.14       |
|    explained_variance   | 0.506       |
|    learning_rate        | 0.0003      |
|    loss                 | 0.54        |
|    n_updates            | 600         |
|    policy_gradient_loss | -0.0761     |
|    value_loss           | 1.17        |
-----------------------------------------
----------------------------------------
| time/                   |            |
|    fps                  | 733        |
|    iterations           | 22         |
|    time_elapsed         | 983        |
|    total_timesteps      | 720896     |
| train/                  |            |
|    approx_kl            | 0.05660056 |
|    clip_fraction        | 0.667      |
|    clip_range           | 0.15       |
|    entropy_loss         | -2.09      |
|    explained_variance   | 0.278      |
|    learning_rate        | 0.0003     |
|    loss                 | 0.782      |
|    n_updates            | 630        |
|    policy_gradient_loss | -0.0812    |
|    value_loss           | 2.17       |
----------------------------------------
-----------------------------------------
| time/                   |             |
|    fps                  | 733         |
|    iterations           | 23          |
|    time_elapsed         | 1027        |
|    total_timesteps      | 753664      |
| train/                  |             |
|    approx_kl            | 0.121127926 |
|    clip_fraction        | 0.776       |
|    clip_range           | 0.15        |
|    entropy_loss         | -1.99       |
|    explained_variance   | 0.417       |
|    learning_rate        | 0.0003      |
|    loss                 | 0.323       |
|    n_updates            | 660         |
|    policy_gradient_loss | -0.0872     |
|    value_loss           | 1.16        |
-----------------------------------------
----------------------------------------
| time/                   |            |
|    fps                  | 734        |
|    iterations           | 24         |
|    time_elapsed         | 1071       |
|    total_timesteps      | 786432     |
| train/                  |            |
|    approx_kl            | 0.05351898 |
|    clip_fraction        | 0.78       |
|    clip_range           | 0.15       |
|    entropy_loss         | -1.94      |
|    explained_variance   | 0.255      |
|    learning_rate        | 0.0003     |
|    loss                 | 0.524      |
|    n_updates            | 690        |
|    policy_gradient_loss | -0.0941    |
|    value_loss           | 1.04       |
----------------------------------------
-----------------------------------------
| time/                   |             |
|    fps                  | 731         |
|    iterations           | 25          |
|    time_elapsed         | 1120        |
|    total_timesteps      | 819200      |
| train/                  |             |
|    approx_kl            | 0.058616385 |
|    clip_fraction        | 0.757       |
|    clip_range           | 0.15        |
|    entropy_loss         | -1.88       |
|    explained_variance   | 0.328       |
|    learning_rate        | 0.0003      |
|    loss                 | 0.217       |
|    n_updates            | 720         |
|    policy_gradient_loss | -0.099      |
|    value_loss           | 0.852       |
-----------------------------------------
----------------------------------------
| time/                   |            |
|    fps                  | 728        |
|    iterations           | 26         |
|    time_elapsed         | 1169       |
|    total_timesteps      | 851968     |
| train/                  |            |
|    approx_kl            | 0.06056233 |
|    clip_fraction        | 0.77       |
|    clip_range           | 0.15       |
|    entropy_loss         | -1.87      |
|    explained_variance   | 0.338      |
|    learning_rate        | 0.0003     |
|    loss                 | 0.0902     |
|    n_updates            | 750        |
|    policy_gradient_loss | -0.107     |
|    value_loss           | 0.599      |
----------------------------------------
-----------------------------------------
| time/                   |             |
|    fps                  | 726         |
|    iterations           | 27          |
|    time_elapsed         | 1218        |
|    total_timesteps      | 884736      |
| train/                  |             |
|    approx_kl            | 0.039560005 |
|    clip_fraction        | 0.769       |
|    clip_range           | 0.15        |
|    entropy_loss         | -1.67       |
|    explained_variance   | 0.311       |
|    learning_rate        | 0.0003      |
|    loss                 | 0.0924      |
|    n_updates            | 780         |
|    policy_gradient_loss | -0.111      |
|    value_loss           | 0.595       |
-----------------------------------------
----------------------------------------
| time/                   |            |
|    fps                  | 725        |
|    iterations           | 28         |
|    time_elapsed         | 1264       |
|    total_timesteps      | 917504     |
| train/                  |            |
|    approx_kl            | 0.07983461 |
|    clip_fraction        | 0.777      |
|    clip_range           | 0.15       |
|    entropy_loss         | -1.35      |
|    explained_variance   | 0.354      |
|    learning_rate        | 0.0003     |
|    loss                 | 0.0729     |
|    n_updates            | 810        |
|    policy_gradient_loss | -0.114     |
|    value_loss           | 0.446      |
----------------------------------------
----------------------------------------
| time/                   |            |
|    fps                  | 726        |
|    iterations           | 29         |
|    time_elapsed         | 1308       |
|    total_timesteps      | 950272     |
| train/                  |            |
|    approx_kl            | 0.07101387 |
|    clip_fraction        | 0.771      |
|    clip_range           | 0.15       |
|    entropy_loss         | -0.826     |
|    explained_variance   | 0.39       |
|    learning_rate        | 0.0003     |
|    loss                 | -0.00418   |
|    n_updates            | 840        |
|    policy_gradient_loss | -0.105     |
|    value_loss           | 0.353      |
----------------------------------------
----------------------------------------
| time/                   |            |
|    fps                  | 724        |
|    iterations           | 30         |
|    time_elapsed         | 1356       |
|    total_timesteps      | 983040     |
| train/                  |            |
|    approx_kl            | 0.67547166 |
|    clip_fraction        | 0.142      |
|    clip_range           | 0.15       |
|    entropy_loss         | -0.0541    |
|    explained_variance   | 0.444      |
|    learning_rate        | 0.0003     |
|    loss                 | -0.0107    |
|    n_updates            | 870        |
|    policy_gradient_loss | -0.0829    |
|    value_loss           | 0.194      |
----------------------------------------
--------------------------------------
| time/                   |          |
|    fps                  | 722      |
|    iterations           | 31       |
|    time_elapsed         | 1405     |
|    total_timesteps      | 1015808  |
| train/                  |          |
|    approx_kl            | 2.329109 |
|    clip_fraction        | 0.705    |
|    clip_range           | 0.15     |
|    entropy_loss         | -2.3     |
|    explained_variance   | 0.4      |
|    learning_rate        | 0.0003   |
|    loss                 | 0.0311   |
|    n_updates            | 900      |
|    policy_gradient_loss | 0.00721  |
|    value_loss           | 0.00167  |
--------------------------------------
---------------------------------------
| time/                   |           |
|    fps                  | 721       |
|    iterations           | 32        |
|    time_elapsed         | 1453      |
|    total_timesteps      | 1048576   |
| train/                  |           |
|    approx_kl            | 0.0330804 |
|    clip_fraction        | 0.614     |
|    clip_range           | 0.15      |
|    entropy_loss         | -2.94     |
|    explained_variance   | 0.186     |
|    learning_rate        | 0.0003    |
|    loss                 | 2.32      |
|    n_updates            | 930       |
|    policy_gradient_loss | -0.0633   |
|    value_loss           | 3.67      |
---------------------------------------
-----------------------------------------
| time/                   |             |
|    fps                  | 719         |
|    iterations           | 33          |
|    time_elapsed         | 1502        |
|    total_timesteps      | 1081344     |
| train/                  |             |
|    approx_kl            | 0.025908502 |
|    clip_fraction        | 0.639       |
|    clip_range           | 0.15        |
|    entropy_loss         | -2.96       |
|    explained_variance   | 0.328       |
|    learning_rate        | 0.0003      |
|    loss                 | 1.67        |
|    n_updates            | 960         |
|    policy_gradient_loss | -0.07       |
|    value_loss           | 3.76        |
-----------------------------------------
-----------------------------------------
| time/                   |             |
|    fps                  | 718         |
|    iterations           | 34          |
|    time_elapsed         | 1550        |
|    total_timesteps      | 1114112     |
| train/                  |             |
|    approx_kl            | 0.030425154 |
|    clip_fraction        | 0.668       |
|    clip_range           | 0.15        |
|    entropy_loss         | -2.93       |
|    explained_variance   | 0.339       |
|    learning_rate        | 0.0003      |
|    loss                 | 1.38        |
|    n_updates            | 990         |
|    policy_gradient_loss | -0.0742     |
|    value_loss           | 2.72        |
-----------------------------------------
-----------------------------------------
| time/                   |             |
|    fps                  | 717         |
|    iterations           | 35          |
|    time_elapsed         | 1599        |
|    total_timesteps      | 1146880     |
| train/                  |             |
|    approx_kl            | 0.033238128 |
|    clip_fraction        | 0.654       |
|    clip_range           | 0.15        |
|    entropy_loss         | -2.76       |
|    explained_variance   | 0.246       |
|    learning_rate        | 0.0003      |
|    loss                 | 0.892       |
|    n_updates            | 1020        |
|    policy_gradient_loss | -0.0748     |
|    value_loss           | 1.87        |
-----------------------------------------
-----------------------------------------
| time/                   |             |
|    fps                  | 715         |
|    iterations           | 36          |
|    time_elapsed         | 1647        |
|    total_timesteps      | 1179648     |
| train/                  |             |
|    approx_kl            | 0.038981013 |
|    clip_fraction        | 0.675       |
|    clip_range           | 0.15        |
|    entropy_loss         | -2.61       |
|    explained_variance   | 0.179       |
|    learning_rate        | 0.0003      |
|    loss                 | 0.494       |
|    n_updates            | 1050        |
|    policy_gradient_loss | -0.0761     |
|    value_loss           | 1.6         |
-----------------------------------------
-----------------------------------------
| time/                   |             |
|    fps                  | 714         |
|    iterations           | 37          |
|    time_elapsed         | 1696        |
|    total_timesteps      | 1212416     |
| train/                  |             |
|    approx_kl            | 0.050130017 |
|    clip_fraction        | 0.641       |
|    clip_range           | 0.15        |
|    entropy_loss         | -2.44       |
|    explained_variance   | 0.285       |
|    learning_rate        | 0.0003      |
|    loss                 | 0.489       |
|    n_updates            | 1080        |
|    policy_gradient_loss | -0.0756     |
|    value_loss           | 1.14        |
-----------------------------------------
-----------------------------------------
| time/                   |             |
|    fps                  | 713         |
|    iterations           | 38          |
|    time_elapsed         | 1744        |
|    total_timesteps      | 1245184     |
| train/                  |             |
|    approx_kl            | 0.041151866 |
|    clip_fraction        | 0.612       |
|    clip_range           | 0.15        |
|    entropy_loss         | -2.35       |
|    explained_variance   | 0.312       |
|    learning_rate        | 0.0003      |
|    loss                 | 0.228       |
|    n_updates            | 1110        |
|    policy_gradient_loss | -0.0738     |
|    value_loss           | 0.715       |
-----------------------------------------
-----------------------------------------
| time/                   |             |
|    fps                  | 712         |
|    iterations           | 39          |
|    time_elapsed         | 1793        |
|    total_timesteps      | 1277952     |
| train/                  |             |
|    approx_kl            | 0.082982816 |
|    clip_fraction        | 0.512       |
|    clip_range           | 0.15        |
|    entropy_loss         | -2.22       |
|    explained_variance   | 0.263       |
|    learning_rate        | 0.0003      |
|    loss                 | 0.157       |
|    n_updates            | 1140        |
|    policy_gradient_loss | -0.0701     |
|    value_loss           | 0.529       |
-----------------------------------------
-----------------------------------------
| time/                   |             |
|    fps                  | 713         |
|    iterations           | 40          |
|    time_elapsed         | 1837        |
|    total_timesteps      | 1310720     |
| train/                  |             |
|    approx_kl            | 0.039743043 |
|    clip_fraction        | 0.438       |
|    clip_range           | 0.15        |
|    entropy_loss         | -2.11       |
|    explained_variance   | 0.303       |
|    learning_rate        | 0.0003      |
|    loss                 | 0.169       |
|    n_updates            | 1170        |
|    policy_gradient_loss | -0.0636     |
|    value_loss           | 0.466       |
-----------------------------------------
----------------------------------------
| time/                   |            |
|    fps                  | 712        |
|    iterations           | 41         |
|    time_elapsed         | 1885       |
|    total_timesteps      | 1343488    |
| train/                  |            |
|    approx_kl            | 0.12732695 |
|    clip_fraction        | 0.84       |
|    clip_range           | 0.15       |
|    entropy_loss         | -2.17      |
|    explained_variance   | 0.259      |
|    learning_rate        | 0.0003     |
|    loss                 | -0.00317   |
|    n_updates            | 1200       |
|    policy_gradient_loss | -0.0762    |
|    value_loss           | 0.294      |
----------------------------------------
----------------------------------------
| time/                   |            |
|    fps                  | 711        |
|    iterations           | 42         |
|    time_elapsed         | 1933       |
|    total_timesteps      | 1376256    |
| train/                  |            |
|    approx_kl            | 0.07092781 |
|    clip_fraction        | 0.719      |
|    clip_range           | 0.15       |
|    entropy_loss         | -2.2       |
|    explained_variance   | 0.208      |
|    learning_rate        | 0.0003     |
|    loss                 | 0.442      |
|    n_updates            | 1230       |
|    policy_gradient_loss | -0.0881    |
|    value_loss           | 0.984      |
----------------------------------------
----------------------------------------
| time/                   |            |
|    fps                  | 710        |
|    iterations           | 43         |
|    time_elapsed         | 1982       |
|    total_timesteps      | 1409024    |
| train/                  |            |
|    approx_kl            | 0.04651868 |
|    clip_fraction        | 0.722      |
|    clip_range           | 0.15       |
|    entropy_loss         | -2.18      |
|    explained_variance   | 0.288      |
|    learning_rate        | 0.0003     |
|    loss                 | 0.206      |
|    n_updates            | 1260       |
|    policy_gradient_loss | -0.09      |
|    value_loss           | 0.654      |
----------------------------------------
---------------------------------------
| time/                   |           |
|    fps                  | 709       |
|    iterations           | 44        |
|    time_elapsed         | 2030      |
|    total_timesteps      | 1441792   |
| train/                  |           |
|    approx_kl            | 0.0415378 |
|    clip_fraction        | 0.728     |
|    clip_range           | 0.15      |
|    entropy_loss         | -2.14     |
|    explained_variance   | 0.268     |
|    learning_rate        | 0.0003    |
|    loss                 | 0.168     |
|    n_updates            | 1290      |
|    policy_gradient_loss | -0.0933   |
|    value_loss           | 0.581     |
---------------------------------------
---------------------------------------
| time/                   |           |
|    fps                  | 709       |
|    iterations           | 45        |
|    time_elapsed         | 2079      |
|    total_timesteps      | 1474560   |
| train/                  |           |
|    approx_kl            | 0.0446957 |
|    clip_fraction        | 0.736     |
|    clip_range           | 0.15      |
|    entropy_loss         | -2.08     |
|    explained_variance   | 0.253     |
|    learning_rate        | 0.0003    |
|    loss                 | 0.223     |
|    n_updates            | 1320      |
|    policy_gradient_loss | -0.0965   |
|    value_loss           | 0.57      |
---------------------------------------
-----------------------------------------
| time/                   |             |
|    fps                  | 708         |
|    iterations           | 46          |
|    time_elapsed         | 2127        |
|    total_timesteps      | 1507328     |
| train/                  |             |
|    approx_kl            | 0.045975536 |
|    clip_fraction        | 0.764       |
|    clip_range           | 0.15        |
|    entropy_loss         | -1.92       |
|    explained_variance   | 0.344       |
|    learning_rate        | 0.0003      |
|    loss                 | 0.129       |
|    n_updates            | 1350        |
|    policy_gradient_loss | -0.0997     |
|    value_loss           | 0.629       |
-----------------------------------------
----------------------------------------
| time/                   |            |
|    fps                  | 707        |
|    iterations           | 47         |
|    time_elapsed         | 2176       |
|    total_timesteps      | 1540096    |
| train/                  |            |
|    approx_kl            | 0.07209727 |
|    clip_fraction        | 0.723      |
|    clip_range           | 0.15       |
|    entropy_loss         | -1.76      |
|    explained_variance   | 0.255      |
|    learning_rate        | 0.0003     |
|    loss                 | 0.0735     |
|    n_updates            | 1380       |
|    policy_gradient_loss | -0.108     |
|    value_loss           | 0.434      |
----------------------------------------
----------------------------------------
| time/                   |            |
|    fps                  | 708        |
|    iterations           | 48         |
|    time_elapsed         | 2218       |
|    total_timesteps      | 1572864    |
| train/                  |            |
|    approx_kl            | 0.05767659 |
|    clip_fraction        | 0.728      |
|    clip_range           | 0.15       |
|    entropy_loss         | -1.61      |
|    explained_variance   | 0.32       |
|    learning_rate        | 0.0003     |
|    loss                 | 0.153      |
|    n_updates            | 1410       |
|    policy_gradient_loss | -0.106     |
|    value_loss           | 0.511      |
----------------------------------------
----------------------------------------
| time/                   |            |
|    fps                  | 709        |
|    iterations           | 49         |
|    time_elapsed         | 2261       |
|    total_timesteps      | 1605632    |
| train/                  |            |
|    approx_kl            | 0.05583122 |
|    clip_fraction        | 0.767      |
|    clip_range           | 0.15       |
|    entropy_loss         | -1.37      |
|    explained_variance   | 0.375      |
|    learning_rate        | 0.0003     |
|    loss                 | 0.0426     |
|    n_updates            | 1440       |
|    policy_gradient_loss | -0.106     |
|    value_loss           | 0.509      |
----------------------------------------
-----------------------------------------
| time/                   |             |
|    fps                  | 709         |
|    iterations           | 50          |
|    time_elapsed         | 2310        |
|    total_timesteps      | 1638400     |
| train/                  |             |
|    approx_kl            | 0.083994105 |
|    clip_fraction        | 0.786       |
|    clip_range           | 0.15        |
|    entropy_loss         | -0.929      |
|    explained_variance   | 0.442       |
|    learning_rate        | 0.0003      |
|    loss                 | 0.0111      |
|    n_updates            | 1470        |
|    policy_gradient_loss | -0.0956     |
|    value_loss           | 0.59        |
-----------------------------------------
----------------------------------------
| time/                   |            |
|    fps                  | 708        |
|    iterations           | 51         |
|    time_elapsed         | 2358       |
|    total_timesteps      | 1671168    |
| train/                  |            |
|    approx_kl            | 0.31153634 |
|    clip_fraction        | 0.737      |
|    clip_range           | 0.15       |
|    entropy_loss         | -0.166     |
|    explained_variance   | 0.453      |
|    learning_rate        | 0.0003     |
|    loss                 | 0.212      |
|    n_updates            | 1500       |
|    policy_gradient_loss | -0.0901    |
|    value_loss           | 0.315      |
----------------------------------------
-----------------------------------------
| time/                   |             |
|    fps                  | 709         |
|    iterations           | 52          |
|    time_elapsed         | 2401        |
|    total_timesteps      | 1703936     |
| train/                  |             |
|    approx_kl            | 0.030311175 |
|    clip_fraction        | 0.0293      |
|    clip_range           | 0.15        |
|    entropy_loss         | -0.0402     |
|    explained_variance   | 0.548       |
|    learning_rate        | 0.0003      |
|    loss                 | 0.00425     |
|    n_updates            | 1530        |
|    policy_gradient_loss | -0.0196     |
|    value_loss           | 0.169       |
-----------------------------------------
---------------------------------------
| time/                   |           |
|    fps                  | 710       |
|    iterations           | 53        |
|    time_elapsed         | 2444      |
|    total_timesteps      | 1736704   |
| train/                  |           |
|    approx_kl            | 1.6271801 |
|    clip_fraction        | 0.813     |
|    clip_range           | 0.15      |
|    entropy_loss         | -1.86     |
|    explained_variance   | 0.512     |
|    learning_rate        | 0.0003    |
|    loss                 | 0.039     |
|    n_updates            | 1560      |
|    policy_gradient_loss | 0.00182   |
|    value_loss           | 0.00161   |
---------------------------------------
-----------------------------------------
| time/                   |             |
|    fps                  | 711         |
|    iterations           | 54          |
|    time_elapsed         | 2488        |
|    total_timesteps      | 1769472     |
| train/                  |             |
|    approx_kl            | 0.058349155 |
|    clip_fraction        | 0.664       |
|    clip_range           | 0.15        |
|    entropy_loss         | -1.51       |
|    explained_variance   | -0.531      |
|    learning_rate        | 0.0003      |
|    loss                 | 0.239       |
|    n_updates            | 1590        |
|    policy_gradient_loss | -0.0792     |
|    value_loss           | 0.443       |
-----------------------------------------
-----------------------------------------
| time/                   |             |
|    fps                  | 711         |
|    iterations           | 55          |
|    time_elapsed         | 2531        |
|    total_timesteps      | 1802240     |
| train/                  |             |
|    approx_kl            | 0.046850555 |
|    clip_fraction        | 0.567       |
|    clip_range           | 0.15        |
|    entropy_loss         | -1.55       |
|    explained_variance   | 0.106       |
|    learning_rate        | 0.0003      |
|    loss                 | 0.0733      |
|    n_updates            | 1620        |
|    policy_gradient_loss | -0.0663     |
|    value_loss           | 0.267       |
-----------------------------------------
----------------------------------------
| time/                   |            |
|    fps                  | 712        |
|    iterations           | 56         |
|    time_elapsed         | 2573       |
|    total_timesteps      | 1835008    |
| train/                  |            |
|    approx_kl            | 0.07770845 |
|    clip_fraction        | 0.72       |
|    clip_range           | 0.15       |
|    entropy_loss         | -1.75      |
|    explained_variance   | -0.00657   |
|    learning_rate        | 0.0003     |
|    loss                 | 0.0525     |
|    n_updates            | 1650       |
|    policy_gradient_loss | -0.0688    |
|    value_loss           | 0.254      |
----------------------------------------
-----------------------------------------
| time/                   |             |
|    fps                  | 713         |
|    iterations           | 57          |
|    time_elapsed         | 2617        |
|    total_timesteps      | 1867776     |
| train/                  |             |
|    approx_kl            | 0.054551855 |
|    clip_fraction        | 0.754       |
|    clip_range           | 0.15        |
|    entropy_loss         | -1.84       |
|    explained_variance   | -0.387      |
|    learning_rate        | 0.0003      |
|    loss                 | 0.062       |
|    n_updates            | 1680        |
|    policy_gradient_loss | -0.0743     |
|    value_loss           | 0.325       |
-----------------------------------------
---------------------------------------
| time/                   |           |
|    fps                  | 714       |
|    iterations           | 58        |
|    time_elapsed         | 2660      |
|    total_timesteps      | 1900544   |
| train/                  |           |
|    approx_kl            | 0.0525473 |
|    clip_fraction        | 0.731     |
|    clip_range           | 0.15      |
|    entropy_loss         | -1.75     |
|    explained_variance   | -0.0911   |
|    learning_rate        | 0.0003    |
|    loss                 | 0.116     |
|    n_updates            | 1710      |
|    policy_gradient_loss | -0.088    |
|    value_loss           | 0.421     |
---------------------------------------
----------------------------------------
| time/                   |            |
|    fps                  | 715        |
|    iterations           | 59         |
|    time_elapsed         | 2702       |
|    total_timesteps      | 1933312    |
| train/                  |            |
|    approx_kl            | 0.07832727 |
|    clip_fraction        | 0.776      |
|    clip_range           | 0.15       |
|    entropy_loss         | -1.67      |
|    explained_variance   | 0.187      |
|    learning_rate        | 0.0003     |
|    loss                 | 0.153      |
|    n_updates            | 1740       |
|    policy_gradient_loss | -0.0949    |
|    value_loss           | 0.494      |
----------------------------------------
-----------------------------------------
| time/                   |             |
|    fps                  | 716         |
|    iterations           | 60          |
|    time_elapsed         | 2745        |
|    total_timesteps      | 1966080     |
| train/                  |             |
|    approx_kl            | 0.063436106 |
|    clip_fraction        | 0.747       |
|    clip_range           | 0.15        |
|    entropy_loss         | -1.65       |
|    explained_variance   | 0.383       |
|    learning_rate        | 0.0003      |
|    loss                 | 0.186       |
|    n_updates            | 1770        |
|    policy_gradient_loss | -0.0855     |
|    value_loss           | 0.963       |
-----------------------------------------
-----------------------------------------
| time/                   |             |
|    fps                  | 716         |
|    iterations           | 61          |
|    time_elapsed         | 2788        |
|    total_timesteps      | 1998848     |
| train/                  |             |
|    approx_kl            | 0.052399017 |
|    clip_fraction        | 0.729       |
|    clip_range           | 0.15        |
|    entropy_loss         | -1.51       |
|    explained_variance   | 0.602       |
|    learning_rate        | 0.0003      |
|    loss                 | 0.423       |
|    n_updates            | 1800        |
|    policy_gradient_loss | -0.0859     |
|    value_loss           | 0.848       |
-----------------------------------------
-----------------------------------------
| time/                   |             |
|    fps                  | 717         |
|    iterations           | 62          |
|    time_elapsed         | 2831        |
|    total_timesteps      | 2031616     |
| train/                  |             |
|    approx_kl            | 0.025453843 |
|    clip_fraction        | 0.726       |
|    clip_range           | 0.15        |
|    entropy_loss         | -1.3        |
|    explained_variance   | 0.396       |
|    learning_rate        | 0.0003      |
|    loss                 | 0.246       |
|    n_updates            | 1830        |
|    policy_gradient_loss | -0.0944     |
|    value_loss           | 0.615       |
-----------------------------------------
____________Save learn____________
____________END____________
