____________graph name:   ./Graph/TestGraph_11.txt____________
[[[[0, 0]], 2, [3, 0], [0, 0, 0, 0]], [[[0, 0]], 2, [3, 1], [0, 0, 0, 0]], [[[0, 0]], 2, [3, 2], [0, 0, 0, 0]], [[[0, 0]], 2, [3, 3], [0, 0, 0, 0]], [[[0, 2]], 1, [0, 0, 1], [3]], [[[0, 2], [3, 2], [4, 2]], 2, [0, 0, 1], [3, 3, 3, 3]], [[[0, 3]], 1, [0, 0, 1], [3]], [[[1, 2]], 1, [0, 0, 1], [2]], [[[1, 2]], 2, [0, 0, 1], [2, 2, 2, 2]], [[[1, 3]], 1, [0, 0, 1], [2]], [[[2, 0]], 1, [0, 0, 1], [2]], [[[2, 0]], 2, [0, 0, 1], [2, 3, 2, 2]], [[[2, 0]], 3, [0, 0, 1], [2, 3, 1, 2]], [[[2, 0]], 4, [0, 0, 1], [2, 3, 1, 1]], [[[2, 1]], 1, [0, 0, 1], [3]], [[[2, 1], [3, 3]], 2, [0, 0, 1], [3, 1, 3, 3]], [[[2, 1], [3, 3]], 3, [0, 0, 1], [3, 1, 1, 3]], [[[2, 1]], 4, [0, 0, 1], [3, 1, 1, 3]], [[[2, 2]], 1, [0, 0, 1], [1]], [[[2, 2], [3, 0], [3, 4]], 2, [0, 0, 1], [1, 1, 1, 1]], [[[2, 2], [3, 0]], 3, [0, 0, 1], [1, 1, 3, 1]], [[[2, 2]], 4, [0, 0, 1], [1, 1, 3, 2]], [[[2, 3]], 1, [0, 0, 1], [1]], [[[2, 3], [3, 1]], 2, [0, 0, 1], [1, 3, 1, 1]], [[[2, 3]], 3, [0, 0, 1], [1, 3, 2, 1]], [[[2, 4]], 1, [0, 0, 1], [3]], [[[2, 4]], 2, [0, 0, 1], [3, 2, 3, 3]], [[[2, 5]], 1, [0, 0, 1], [2]], [[[3, 0]], 1, [0, 0, 1], [1]], [[[3, 0]], 4, [0, 0, 1], [1, 1, 3, 3]], [[[3, 0]], 5, [0, 0, 1], [1, 1, 3, 3]], [[[3, 0]], 6, [0, 0, 1], [1, 1, 3, 3]], [[[3, 1]], 1, [0, 0, 1], [1]], [[[3, 1]], 3, [0, 0, 1], [1, 3, 3, 1]], [[[3, 1]], 4, [0, 0, 1], [1, 3, 3, 1]], [[[3, 1]], 5, [0, 0, 1], [1, 3, 3, 1]], [[[3, 2]], 1, [0, 0, 1], [3]], [[[3, 2]], 3, [0, 0, 1], [3, 3, 1, 3]], [[[3, 2]], 4, [0, 0, 1], [3, 3, 1, 1]], [[[3, 3]], 1, [0, 0, 1], [3]], [[[3, 4]], 1, [0, 0, 1], [1]], [[[3, 5]], 1, [0, 0, 1], [1]], [[[4, 2]], 1, [0, 0, 1], [3]], [[[4, 3]], 1, [0, 0, 1], [3]], [[[5, 2]], 1, [0, 0, 1], [4]], [[[5, 2]], 2, [0, 0, 1], [4, 4, 4, 4]], [[[5, 3]], 1, [0, 0, 1], [4]], [[[0, 2]], 1, [0, 1, 0], [3]], [[[0, 2], [0, 3]], 2, [0, 1, 0], [3, 2, 3, 3]], [[[0, 2], [0, 3]], 3, [0, 1, 0], [3, 2, 1, 3]], [[[0, 2], [0, 3]], 4, [0, 1, 0], [3, 2, 1, 3]], [[[0, 2], [0, 3]], 5, [0, 1, 0], [3, 2, 1, 3]], [[[0, 3]], 1, [0, 1, 0], [3]], [[[1, 2]], 1, [0, 1, 0], [2]], [[[1, 2], [1, 3], [2, 0], [2, 5]], 2, [0, 1, 0], [2, 1, 2, 2]], [[[1, 2], [1, 3]], 3, [0, 1, 0], [2, 1, 3, 2]], [[[1, 2], [1, 3]], 4, [0, 1, 0], [2, 1, 3, 3]], [[[1, 3]], 1, [0, 1, 0], [2]], [[[2, 0]], 1, [0, 1, 0], [2]], [[[2, 1]], 1, [0, 1, 0], [3]], [[[2, 1], [2, 4]], 2, [0, 1, 0], [3, 1, 3, 3]], [[[2, 2]], 1, [0, 1, 0], [1]], [[[2, 2], [2, 3]], 2, [0, 1, 0], [1, 3, 1, 1]], [[[2, 2], [2, 3]], 3, [0, 1, 0], [1, 3, 3, 1]], [[[2, 2], [2, 3]], 4, [0, 1, 0], [1, 3, 3, 4]], [[[2, 3]], 1, [0, 1, 0], [1]], [[[2, 4]], 1, [0, 1, 0], [3]], [[[2, 5]], 1, [0, 1, 0], [2]], [[[3, 0]], 1, [0, 1, 0], [1]], [[[3, 1]], 1, [0, 1, 0], [1]], [[[3, 2]], 1, [0, 1, 0], [3]], [[[3, 2], [3, 3]], 2, [0, 1, 0], [3, 3, 3, 3]], [[[3, 2], [3, 3]], 3, [0, 1, 0], [3, 3, 4, 3]], [[[3, 3]], 1, [0, 1, 0], [3]], [[[3, 4]], 1, [0, 1, 0], [1]], [[[3, 5]], 1, [0, 1, 0], [1]], [[[4, 2]], 1, [0, 1, 0], [3]], [[[4, 2], [4, 3]], 2, [0, 1, 0], [3, 4, 3, 3]], [[[4, 3]], 1, [0, 1, 0], [3]], [[[5, 2]], 1, [0, 1, 0], [4]], [[[5, 3]], 1, [0, 1, 0], [4]], [[[0, 2]], 1, [0, -1, 1], [3]], [[[0, 3]], 1, [0, -1, 1], [3]], [[[1, 2]], 1, [0, -1, 1], [2]], [[[1, 2]], 2, [0, -1, 1], [2, 3, 2, 2]], [[[1, 3]], 1, [0, -1, 1], [2]], [[[2, 0]], 1, [0, -1, 1], [2]], [[[2, 1]], 1, [0, -1, 1], [3]], [[[2, 1]], 2, [0, -1, 1], [3, 2, 3, 3]], [[[2, 1]], 3, [0, -1, 1], [3, 2, 3, 3]], [[[2, 2]], 1, [0, -1, 1], [1]], [[[2, 2], [3, 4]], 2, [0, -1, 1], [1, 2, 1, 1]], [[[2, 3]], 1, [0, -1, 1], [1]], [[[2, 4]], 1, [0, -1, 1], [3]], [[[2, 5]], 1, [0, -1, 1], [2]], [[[3, 0]], 1, [0, -1, 1], [1]], [[[3, 0]], 2, [0, -1, 1], [1, 3, 1, 1]], [[[3, 0]], 3, [0, -1, 1], [1, 3, 2, 1]], [[[3, 0]], 4, [0, -1, 1], [1, 3, 2, 3]], [[[3, 1]], 1, [0, -1, 1], [1]], [[[3, 1]], 2, [0, -1, 1], [1, 1, 1, 1]], [[[3, 1]], 3, [0, -1, 1], [1, 1, 2, 1]], [[[3, 2]], 1, [0, -1, 1], [3]], [[[3, 2], [4, 3]], 2, [0, -1, 1], [3, 1, 3, 3]], [[[3, 3]], 1, [0, -1, 1], [3]], [[[3, 3], [4, 2]], 2, [0, -1, 1], [3, 3, 3, 3]], [[[3, 4]], 1, [0, -1, 1], [1]], [[[3, 5]], 1, [0, -1, 1], [1]], [[[4, 2]], 1, [0, -1, 1], [3]], [[[4, 2]], 3, [0, -1, 1], [3, 3, 3, 3]], [[[4, 3]], 1, [0, -1, 1], [3]], [[[4, 3]], 3, [0, -1, 1], [3, 1, 2, 3]], [[[5, 2]], 1, [0, -1, 1], [4]], [[[5, 2]], 2, [0, -1, 1], [4, 3, 4, 4]], [[[5, 2]], 3, [0, -1, 1], [4, 3, 1, 4]], [[[5, 2]], 4, [0, -1, 1], [4, 3, 1, 2]], [[[5, 3]], 1, [0, -1, 1], [4]], [[[0, 2]], 1, [0, -1, -1], [3]], [[[0, 3]], 1, [0, -1, -1], [3]], [[[1, 2]], 1, [0, -1, -1], [2]], [[[1, 3]], 1, [0, -1, -1], [2]], [[[1, 3]], 2, [0, -1, -1], [2, 3, 2, 2]], [[[2, 0]], 1, [0, -1, -1], [2]], [[[2, 1]], 1, [0, -1, -1], [3]], [[[2, 2]], 1, [0, -1, -1], [1]], [[[2, 3]], 1, [0, -1, -1], [1]], [[[2, 3], [3, 1]], 2, [0, -1, -1], [1, 2, 1, 1]], [[[2, 4]], 1, [0, -1, -1], [3]], [[[2, 4]], 2, [0, -1, -1], [3, 2, 3, 3]], [[[2, 4]], 3, [0, -1, -1], [3, 2, 3, 3]], [[[2, 5]], 1, [0, -1, -1], [2]], [[[3, 0]], 1, [0, -1, -1], [1]], [[[3, 1]], 1, [0, -1, -1], [1]], [[[3, 2]], 1, [0, -1, -1], [3]], [[[3, 2], [4, 3]], 2, [0, -1, -1], [3, 3, 3, 3]], [[[3, 3]], 1, [0, -1, -1], [3]], [[[3, 3], [4, 2]], 2, [0, -1, -1], [3, 1, 3, 3]], [[[3, 4]], 1, [0, -1, -1], [1]], [[[3, 4]], 2, [0, -1, -1], [1, 1, 1, 1]], [[[3, 4]], 3, [0, -1, -1], [1, 1, 2, 1]], [[[3, 5]], 1, [0, -1, -1], [1]], [[[3, 5]], 2, [0, -1, -1], [1, 3, 1, 1]], [[[3, 5]], 3, [0, -1, -1], [1, 3, 2, 1]], [[[3, 5]], 4, [0, -1, -1], [1, 3, 2, 3]], [[[4, 2]], 1, [0, -1, -1], [3]], [[[4, 2]], 3, [0, -1, -1], [3, 1, 2, 3]], [[[4, 3]], 1, [0, -1, -1], [3]], [[[4, 3]], 3, [0, -1, -1], [3, 3, 3, 3]], [[[5, 2]], 1, [0, -1, -1], [4]], [[[5, 3]], 1, [0, -1, -1], [4]], [[[5, 3]], 2, [0, -1, -1], [4, 3, 4, 4]], [[[5, 3]], 3, [0, -1, -1], [4, 3, 1, 4]], [[[5, 3]], 4, [0, -1, -1], [4, 3, 1, 2]], [[[1, 2]], 6, [2, 0, 1, -1, 0, 0, -1], [2, 2, 3, 3]], [[[2, 2]], 6, [2, 0, 1, -1, 0, 0, -1], [1, 1, 2, 2]], [[[3, 0]], 6, [2, 0, 1, -1, 0, 0, -1], [1, 1, 3, 2]], [[[3, 1]], 6, [2, 0, 1, -1, 0, 0, -1], [1, 3, 1, 3]], [[[3, 2]], 6, [2, 0, 1, -1, 0, 0, -1], [3, 3, 1, 1]], [[[3, 3]], 6, [2, 0, 1, -1, 0, 0, -1], [3, 1, 3, 1]], [[[3, 4]], 6, [2, 0, 1, -1, 0, 0, -1], [1, 1, 2, 3]], [[[4, 2]], 6, [2, 0, 1, -1, 0, 0, -1], [3, 3, 3, 3]], [[[5, 2]], 6, [2, 0, 1, -1, 0, 0, -1], [4, 4, 3, 3]], [[[4, 3]], 6, [2, -1, 0, -1, 0, 0, -1, 0, -1], [3, 3, 1, 1]], [[[4, 2]], 6, [2, -1, 0, -1, 0, 0, 1, 0, 1], [3, 3, 1, 1]], [[[2, 4]], 6, [2, 0, -1, 0, -1, -1, 0, -1, 0], [3, 1, 1, 2]], [[[2, 1]], 6, [2, 0, 1, 0, 1, -1, 0, -1, 0], [3, 1, 1, 2]], [[[0, 2]], 1, [0, -1, 1, 1, 1], [3]], [[[0, 3]], 1, [0, -1, 1, 1, 1], [3]], [[[1, 2]], 1, [0, -1, 1, 1, 1], [2]], [[[1, 2]], 2, [0, -1, 1, 1, 1], [2, 3, 2, 2]], [[[1, 3]], 1, [0, -1, 1, 1, 1], [2]], [[[2, 0]], 1, [0, -1, 1, 1, 1], [2]], [[[2, 1]], 1, [0, -1, 1, 1, 1], [3]], [[[2, 1]], 2, [0, -1, 1, 1, 1], [3, 2, 3, 3]], [[[2, 1]], 3, [0, -1, 1, 1, 1], [3, 2, 1, 3]], [[[2, 2]], 1, [0, -1, 1, 1, 1], [1]], [[[2, 2], [3, 4]], 2, [0, -1, 1, 1, 1], [1, 2, 1, 1]], [[[2, 2]], 3, [0, -1, 1, 1, 1], [1, 2, 3, 1]], [[[2, 3]], 1, [0, -1, 1, 1, 1], [1]], [[[2, 4]], 1, [0, -1, 1, 1, 1], [3]], [[[2, 5]], 1, [0, -1, 1, 1, 1], [2]], [[[3, 0]], 1, [0, -1, 1, 1, 1], [1]], [[[3, 0]], 2, [0, -1, 1, 1, 1], [1, 3, 1, 1]], [[[3, 0]], 3, [0, -1, 1, 1, 1], [1, 3, 3, 1]], [[[3, 0]], 4, [0, -1, 1, 1, 1], [1, 3, 3, 1]], [[[3, 0]], 5, [0, -1, 1, 1, 1], [1, 3, 3, 1]], [[[3, 1]], 1, [0, -1, 1, 1, 1], [1]], [[[3, 1]], 2, [0, -1, 1, 1, 1], [1, 1, 1, 1]], [[[3, 1]], 3, [0, -1, 1, 1, 1], [1, 1, 3, 1]], [[[3, 1]], 4, [0, -1, 1, 1, 1], [1, 1, 3, 3]], [[[3, 1]], 5, [0, -1, 1, 1, 1], [1, 1, 3, 3]], [[[3, 2]], 1, [0, -1, 1, 1, 1], [3]], [[[3, 2], [4, 3]], 2, [0, -1, 1, 1, 1], [3, 1, 3, 3]], [[[3, 2]], 3, [0, -1, 1, 1, 1], [3, 1, 1, 3]], [[[3, 2]], 4, [0, -1, 1, 1, 1], [3, 1, 1, 2]], [[[3, 3]], 1, [0, -1, 1, 1, 1], [3]], [[[3, 3], [4, 2]], 2, [0, -1, 1, 1, 1], [3, 3, 3, 3]], [[[3, 3]], 3, [0, -1, 1, 1, 1], [3, 3, 1, 3]], [[[3, 4]], 1, [0, -1, 1, 1, 1], [1]], [[[3, 5]], 1, [0, -1, 1, 1, 1], [1]], [[[4, 2]], 1, [0, -1, 1, 1, 1], [3]], [[[4, 3]], 1, [0, -1, 1, 1, 1], [3]], [[[5, 2]], 1, [0, -1, 1, 1, 1], [4]], [[[5, 2]], 2, [0, -1, 1, 1, 1], [4, 3, 4, 4]], [[[5, 3]], 1, [0, -1, 1, 1, 1], [4]], [[[0, 2]], 1, [0, 1, 1, -1, 1], [3]], [[[0, 2]], 2, [0, 1, 1, -1, 1], [3, 2, 3, 3]], [[[0, 3]], 1, [0, 1, 1, -1, 1], [3]], [[[1, 2]], 1, [0, 1, 1, -1, 1], [2]], [[[1, 2], [2, 0]], 2, [0, 1, 1, -1, 1], [2, 1, 2, 2]], [[[1, 3]], 1, [0, 1, 1, -1, 1], [2]], [[[1, 3]], 2, [0, 1, 1, -1, 1], [2, 3, 2, 2]], [[[2, 0]], 1, [0, 1, 1, -1, 1], [2]], [[[2, 0]], 3, [0, 1, 1, -1, 1], [2, 1, 1, 2]], [[[2, 0]], 4, [0, 1, 1, -1, 1], [2, 1, 1, 3]], [[[2, 1]], 1, [0, 1, 1, -1, 1], [3]], [[[2, 1], [3, 2]], 2, [0, 1, 1, -1, 1], [3, 3, 3, 3]], [[[2, 1], [3, 2]], 3, [0, 1, 1, -1, 1], [3, 3, 1, 3]], [[[2, 1]], 4, [0, 1, 1, -1, 1], [3, 3, 1, 1]], [[[2, 2]], 1, [0, 1, 1, -1, 1], [1]], [[[2, 2], [3, 1]], 2, [0, 1, 1, -1, 1], [1, 3, 1, 1]], [[[2, 2], [3, 1]], 3, [0, 1, 1, -1, 1], [1, 3, 3, 1]], [[[2, 2]], 4, [0, 1, 1, -1, 1], [1, 3, 3, 1]], [[[2, 3]], 1, [0, 1, 1, -1, 1], [1]], [[[2, 3]], 2, [0, 1, 1, -1, 1], [1, 1, 1, 1]], [[[2, 3]], 3, [0, 1, 1, -1, 1], [1, 1, 2, 1]], [[[2, 4]], 1, [0, 1, 1, -1, 1], [3]], [[[2, 4]], 2, [0, 1, 1, -1, 1], [3, 1, 3, 3]], [[[2, 5]], 1, [0, 1, 1, -1, 1], [2]], [[[3, 0]], 1, [0, 1, 1, -1, 1], [1]], [[[3, 1]], 1, [0, 1, 1, -1, 1], [1]], [[[3, 2]], 1, [0, 1, 1, -1, 1], [3]], [[[3, 3]], 1, [0, 1, 1, -1, 1], [3]], [[[3, 4]], 1, [0, 1, 1, -1, 1], [1]], [[[3, 5]], 1, [0, 1, 1, -1, 1], [1]], [[[4, 2]], 1, [0, 1, 1, -1, 1], [3]], [[[4, 2]], 2, [0, 1, 1, -1, 1], [3, 4, 3, 3]], [[[4, 3]], 1, [0, 1, 1, -1, 1], [3]], [[[5, 2]], 1, [0, 1, 1, -1, 1], [4]], [[[5, 3]], 1, [0, 1, 1, -1, 1], [4]], [[[0, 2]], 1, [1, 1, 1, 1, -1], [3]], [[[0, 2]], 2, [1, 1, 1, 1, -1], [3, 2, 3, 3]], [[[0, 2]], 3, [1, 1, 1, 1, -1], [3, 2, 1, 3]], [[[0, 2]], 4, [1, 1, 1, 1, -1], [3, 2, 1, 3]], [[[0, 2]], 5, [1, 1, 1, 1, -1], [3, 2, 1, 3]], [[[0, 3]], 1, [1, 1, 1, 1, -1], [3]], [[[1, 2]], 1, [1, 1, 1, 1, -1], [2]], [[[1, 2], [2, 0]], 2, [1, 1, 1, 1, -1], [2, 1, 2, 2]], [[[1, 2]], 3, [1, 1, 1, 1, -1], [2, 1, 3, 2]], [[[1, 2]], 4, [1, 1, 1, 1, -1], [2, 1, 3, 3]], [[[1, 3]], 1, [1, 1, 1, 1, -1], [2]], [[[1, 3]], 2, [1, 1, 1, 1, -1], [2, 3, 2, 2]], [[[1, 3]], 3, [1, 1, 1, 1, -1], [2, 3, 3, 2]], [[[2, 0]], 1, [1, 1, 1, 1, -1], [2]], [[[2, 1]], 1, [1, 1, 1, 1, -1], [3]], [[[2, 1], [3, 2]], 2, [1, 1, 1, 1, -1], [3, 3, 3, 3]], [[[2, 2]], 1, [1, 1, 1, 1, -1], [1]], [[[2, 2], [3, 1]], 2, [1, 1, 1, 1, -1], [1, 3, 1, 1]], [[[2, 2]], 3, [1, 1, 1, 1, -1], [1, 3, 3, 1]], [[[2, 2]], 4, [1, 1, 1, 1, -1], [1, 3, 3, 4]], [[[2, 3]], 1, [1, 1, 1, 1, -1], [1]], [[[2, 3]], 2, [1, 1, 1, 1, -1], [1, 1, 1, 1]], [[[2, 3]], 3, [1, 1, 1, 1, -1], [1, 1, 3, 1]], [[[2, 4]], 1, [1, 1, 1, 1, -1], [3]], [[[2, 4]], 2, [1, 1, 1, 1, -1], [3, 1, 3, 3]], [[[2, 5]], 1, [1, 1, 1, 1, -1], [2]], [[[3, 0]], 1, [1, 1, 1, 1, -1], [1]], [[[3, 1]], 1, [1, 1, 1, 1, -1], [1]], [[[3, 2]], 1, [1, 1, 1, 1, -1], [3]], [[[3, 2]], 3, [1, 1, 1, 1, -1], [3, 3, 4, 3]], [[[3, 3]], 1, [1, 1, 1, 1, -1], [3]], [[[3, 4]], 1, [1, 1, 1, 1, -1], [1]], [[[3, 5]], 1, [1, 1, 1, 1, -1], [1]], [[[4, 2]], 1, [1, 1, 1, 1, -1], [3]], [[[4, 2]], 2, [1, 1, 1, 1, -1], [3, 4, 3, 3]], [[[4, 3]], 1, [1, 1, 1, 1, -1], [3]], [[[5, 2]], 1, [1, 1, 1, 1, -1], [4]], [[[5, 3]], 1, [1, 1, 1, 1, -1], [4]], [[[0, 2]], 1, [1, 1, -1, 1, 1], [3]], [[[0, 3]], 1, [1, 1, -1, 1, 1], [3]], [[[0, 3]], 2, [1, 1, -1, 1, 1], [3, 2, 3, 3]], [[[0, 3]], 3, [1, 1, -1, 1, 1], [3, 2, 1, 3]], [[[0, 3]], 4, [1, 1, -1, 1, 1], [3, 2, 1, 3]], [[[0, 3]], 5, [1, 1, -1, 1, 1], [3, 2, 1, 3]], [[[1, 2]], 1, [1, 1, -1, 1, 1], [2]], [[[1, 2]], 2, [1, 1, -1, 1, 1], [2, 3, 2, 2]], [[[1, 2]], 3, [1, 1, -1, 1, 1], [2, 3, 3, 2]], [[[1, 3]], 1, [1, 1, -1, 1, 1], [2]], [[[1, 3], [2, 5]], 2, [1, 1, -1, 1, 1], [2, 1, 2, 2]], [[[1, 3]], 3, [1, 1, -1, 1, 1], [2, 1, 3, 2]], [[[1, 3]], 4, [1, 1, -1, 1, 1], [2, 1, 3, 3]], [[[2, 0]], 1, [1, 1, -1, 1, 1], [2]], [[[2, 1]], 1, [1, 1, -1, 1, 1], [3]], [[[2, 1]], 2, [1, 1, -1, 1, 1], [3, 1, 3, 3]], [[[2, 2]], 1, [1, 1, -1, 1, 1], [1]], [[[2, 2]], 2, [1, 1, -1, 1, 1], [1, 1, 1, 1]], [[[2, 2]], 3, [1, 1, -1, 1, 1], [1, 1, 3, 1]], [[[2, 3]], 1, [1, 1, -1, 1, 1], [1]], [[[2, 3], [3, 4]], 2, [1, 1, -1, 1, 1], [1, 3, 1, 1]], [[[2, 3]], 3, [1, 1, -1, 1, 1], [1, 3, 3, 1]], [[[2, 3]], 4, [1, 1, -1, 1, 1], [1, 3, 3, 4]], [[[2, 4]], 1, [1, 1, -1, 1, 1], [3]], [[[2, 4], [3, 3]], 2, [1, 1, -1, 1, 1], [3, 3, 3, 3]], [[[2, 5]], 1, [1, 1, -1, 1, 1], [2]], [[[3, 0]], 1, [1, 1, -1, 1, 1], [1]], [[[3, 1]], 1, [1, 1, -1, 1, 1], [1]], [[[3, 2]], 1, [1, 1, -1, 1, 1], [3]], [[[3, 3]], 1, [1, 1, -1, 1, 1], [3]], [[[3, 3]], 3, [1, 1, -1, 1, 1], [3, 3, 4, 3]], [[[3, 4]], 1, [1, 1, -1, 1, 1], [1]], [[[3, 5]], 1, [1, 1, -1, 1, 1], [1]], [[[4, 2]], 1, [1, 1, -1, 1, 1], [3]], [[[4, 3]], 1, [1, 1, -1, 1, 1], [3]], [[[4, 3]], 2, [1, 1, -1, 1, 1], [3, 4, 3, 3]], [[[5, 2]], 1, [1, 1, -1, 1, 1], [4]], [[[5, 3]], 1, [1, 1, -1, 1, 1], [4]]]
____________created env____________
Using cuda device
____________start learn____________
Logging to logs/log_PPO_graph_11_0
------------------------------
| time/              |       |
|    fps             | 2218  |
|    iterations      | 1     |
|    time_elapsed    | 14    |
|    total_timesteps | 32768 |
------------------------------
-----------------------------------------
| time/                   |             |
|    fps                  | 1115        |
|    iterations           | 2           |
|    time_elapsed         | 58          |
|    total_timesteps      | 65536       |
| train/                  |             |
|    approx_kl            | 0.015485251 |
|    clip_fraction        | 0.326       |
|    clip_range           | 0.15        |
|    entropy_loss         | -5.74       |
|    explained_variance   | -0.00187    |
|    learning_rate        | 0.0003      |
|    loss                 | 1.81        |
|    n_updates            | 30          |
|    policy_gradient_loss | -0.0406     |
|    value_loss           | 4.23        |
-----------------------------------------
-----------------------------------------
| time/                   |             |
|    fps                  | 965         |
|    iterations           | 3           |
|    time_elapsed         | 101         |
|    total_timesteps      | 98304       |
| train/                  |             |
|    approx_kl            | 0.022200888 |
|    clip_fraction        | 0.385       |
|    clip_range           | 0.15        |
|    entropy_loss         | -5.72       |
|    explained_variance   | 0.127       |
|    learning_rate        | 0.0003      |
|    loss                 | 3.07        |
|    n_updates            | 60          |
|    policy_gradient_loss | -0.0493     |
|    value_loss           | 6.29        |
-----------------------------------------
-----------------------------------------
| time/                   |             |
|    fps                  | 903         |
|    iterations           | 4           |
|    time_elapsed         | 145         |
|    total_timesteps      | 131072      |
| train/                  |             |
|    approx_kl            | 0.020093482 |
|    clip_fraction        | 0.425       |
|    clip_range           | 0.15        |
|    entropy_loss         | -5.67       |
|    explained_variance   | 0.271       |
|    learning_rate        | 0.0003      |
|    loss                 | 2.55        |
|    n_updates            | 90          |
|    policy_gradient_loss | -0.0557     |
|    value_loss           | 5.81        |
-----------------------------------------
-----------------------------------------
| time/                   |             |
|    fps                  | 870         |
|    iterations           | 5           |
|    time_elapsed         | 188         |
|    total_timesteps      | 163840      |
| train/                  |             |
|    approx_kl            | 0.022004265 |
|    clip_fraction        | 0.454       |
|    clip_range           | 0.15        |
|    entropy_loss         | -5.63       |
|    explained_variance   | 0.275       |
|    learning_rate        | 0.0003      |
|    loss                 | 2.35        |
|    n_updates            | 120         |
|    policy_gradient_loss | -0.0586     |
|    value_loss           | 5.09        |
-----------------------------------------
----------------------------------------
| time/                   |            |
|    fps                  | 850        |
|    iterations           | 6          |
|    time_elapsed         | 231        |
|    total_timesteps      | 196608     |
| train/                  |            |
|    approx_kl            | 0.02531499 |
|    clip_fraction        | 0.482      |
|    clip_range           | 0.15       |
|    entropy_loss         | -5.57      |
|    explained_variance   | 0.285      |
|    learning_rate        | 0.0003     |
|    loss                 | 1.5        |
|    n_updates            | 150        |
|    policy_gradient_loss | -0.0638    |
|    value_loss           | 3.44       |
----------------------------------------
-----------------------------------------
| time/                   |             |
|    fps                  | 836         |
|    iterations           | 7           |
|    time_elapsed         | 274         |
|    total_timesteps      | 229376      |
| train/                  |             |
|    approx_kl            | 0.025803365 |
|    clip_fraction        | 0.5         |
|    clip_range           | 0.15        |
|    entropy_loss         | -5.5        |
|    explained_variance   | 0.276       |
|    learning_rate        | 0.0003      |
|    loss                 | 1.03        |
|    n_updates            | 180         |
|    policy_gradient_loss | -0.0664     |
|    value_loss           | 2.48        |
-----------------------------------------
----------------------------------------
| time/                   |            |
|    fps                  | 826        |
|    iterations           | 8          |
|    time_elapsed         | 317        |
|    total_timesteps      | 262144     |
| train/                  |            |
|    approx_kl            | 0.02828527 |
|    clip_fraction        | 0.522      |
|    clip_range           | 0.15       |
|    entropy_loss         | -5.43      |
|    explained_variance   | 0.26       |
|    learning_rate        | 0.0003     |
|    loss                 | 0.675      |
|    n_updates            | 210        |
|    policy_gradient_loss | -0.0681    |
|    value_loss           | 1.62       |
----------------------------------------
----------------------------------------
| time/                   |            |
|    fps                  | 818        |
|    iterations           | 9          |
|    time_elapsed         | 360        |
|    total_timesteps      | 294912     |
| train/                  |            |
|    approx_kl            | 0.03030513 |
|    clip_fraction        | 0.529      |
|    clip_range           | 0.15       |
|    entropy_loss         | -5.32      |
|    explained_variance   | 0.178      |
|    learning_rate        | 0.0003     |
|    loss                 | 0.35       |
|    n_updates            | 240        |
|    policy_gradient_loss | -0.0687    |
|    value_loss           | 1.15       |
----------------------------------------
-----------------------------------------
| time/                   |             |
|    fps                  | 812         |
|    iterations           | 10          |
|    time_elapsed         | 403         |
|    total_timesteps      | 327680      |
| train/                  |             |
|    approx_kl            | 0.031246047 |
|    clip_fraction        | 0.528       |
|    clip_range           | 0.15        |
|    entropy_loss         | -5.21       |
|    explained_variance   | 0.193       |
|    learning_rate        | 0.0003      |
|    loss                 | 0.225       |
|    n_updates            | 270         |
|    policy_gradient_loss | -0.0682     |
|    value_loss           | 0.736       |
-----------------------------------------
-----------------------------------------
| time/                   |             |
|    fps                  | 802         |
|    iterations           | 11          |
|    time_elapsed         | 449         |
|    total_timesteps      | 360448      |
| train/                  |             |
|    approx_kl            | 0.030406602 |
|    clip_fraction        | 0.507       |
|    clip_range           | 0.15        |
|    entropy_loss         | -5.1        |
|    explained_variance   | 0.131       |
|    learning_rate        | 0.0003      |
|    loss                 | 0.113       |
|    n_updates            | 300         |
|    policy_gradient_loss | -0.0646     |
|    value_loss           | 0.532       |
-----------------------------------------
-----------------------------------------
| time/                   |             |
|    fps                  | 793         |
|    iterations           | 12          |
|    time_elapsed         | 495         |
|    total_timesteps      | 393216      |
| train/                  |             |
|    approx_kl            | 0.030152947 |
|    clip_fraction        | 0.504       |
|    clip_range           | 0.15        |
|    entropy_loss         | -4.99       |
|    explained_variance   | 0.0781      |
|    learning_rate        | 0.0003      |
|    loss                 | 0.0972      |
|    n_updates            | 330         |
|    policy_gradient_loss | -0.0625     |
|    value_loss           | 0.421       |
-----------------------------------------
----------------------------------------
| time/                   |            |
|    fps                  | 785        |
|    iterations           | 13         |
|    time_elapsed         | 542        |
|    total_timesteps      | 425984     |
| train/                  |            |
|    approx_kl            | 0.02935045 |
|    clip_fraction        | 0.496      |
|    clip_range           | 0.15       |
|    entropy_loss         | -4.88      |
|    explained_variance   | 0.0768     |
|    learning_rate        | 0.0003     |
|    loss                 | 0.131      |
|    n_updates            | 360        |
|    policy_gradient_loss | -0.0592    |
|    value_loss           | 0.357      |
----------------------------------------
-----------------------------------------
| time/                   |             |
|    fps                  | 779         |
|    iterations           | 14          |
|    time_elapsed         | 588         |
|    total_timesteps      | 458752      |
| train/                  |             |
|    approx_kl            | 0.029533215 |
|    clip_fraction        | 0.501       |
|    clip_range           | 0.15        |
|    entropy_loss         | -4.77       |
|    explained_variance   | 0.0639      |
|    learning_rate        | 0.0003      |
|    loss                 | 0.0377      |
|    n_updates            | 390         |
|    policy_gradient_loss | -0.0554     |
|    value_loss           | 0.374       |
-----------------------------------------
----------------------------------------
| time/                   |            |
|    fps                  | 773        |
|    iterations           | 15         |
|    time_elapsed         | 635        |
|    total_timesteps      | 491520     |
| train/                  |            |
|    approx_kl            | 0.02927062 |
|    clip_fraction        | 0.503      |
|    clip_range           | 0.15       |
|    entropy_loss         | -4.66      |
|    explained_variance   | 0.0787     |
|    learning_rate        | 0.0003     |
|    loss                 | 0.0723     |
|    n_updates            | 420        |
|    policy_gradient_loss | -0.0525    |
|    value_loss           | 0.392      |
----------------------------------------
-----------------------------------------
| time/                   |             |
|    fps                  | 769         |
|    iterations           | 16          |
|    time_elapsed         | 681         |
|    total_timesteps      | 524288      |
| train/                  |             |
|    approx_kl            | 0.029555928 |
|    clip_fraction        | 0.514       |
|    clip_range           | 0.15        |
|    entropy_loss         | -4.56       |
|    explained_variance   | 0.0842      |
|    learning_rate        | 0.0003      |
|    loss                 | 0.117       |
|    n_updates            | 450         |
|    policy_gradient_loss | -0.0526     |
|    value_loss           | 0.507       |
-----------------------------------------
-----------------------------------------
| time/                   |             |
|    fps                  | 765         |
|    iterations           | 17          |
|    time_elapsed         | 728         |
|    total_timesteps      | 557056      |
| train/                  |             |
|    approx_kl            | 0.028532397 |
|    clip_fraction        | 0.507       |
|    clip_range           | 0.15        |
|    entropy_loss         | -4.44       |
|    explained_variance   | 0.111       |
|    learning_rate        | 0.0003      |
|    loss                 | 0.231       |
|    n_updates            | 480         |
|    policy_gradient_loss | -0.052      |
|    value_loss           | 0.645       |
-----------------------------------------
-----------------------------------------
| time/                   |             |
|    fps                  | 761         |
|    iterations           | 18          |
|    time_elapsed         | 774         |
|    total_timesteps      | 589824      |
| train/                  |             |
|    approx_kl            | 0.028275754 |
|    clip_fraction        | 0.515       |
|    clip_range           | 0.15        |
|    entropy_loss         | -4.32       |
|    explained_variance   | 0.153       |
|    learning_rate        | 0.0003      |
|    loss                 | 0.331       |
|    n_updates            | 510         |
|    policy_gradient_loss | -0.0543     |
|    value_loss           | 0.823       |
-----------------------------------------
----------------------------------------
| time/                   |            |
|    fps                  | 758        |
|    iterations           | 19         |
|    time_elapsed         | 820        |
|    total_timesteps      | 622592     |
| train/                  |            |
|    approx_kl            | 0.02770327 |
|    clip_fraction        | 0.514      |
|    clip_range           | 0.15       |
|    entropy_loss         | -4.16      |
|    explained_variance   | 0.187      |
|    learning_rate        | 0.0003     |
|    loss                 | 0.471      |
|    n_updates            | 540        |
|    policy_gradient_loss | -0.0558    |
|    value_loss           | 1.01       |
----------------------------------------
-----------------------------------------
| time/                   |             |
|    fps                  | 755         |
|    iterations           | 20          |
|    time_elapsed         | 867         |
|    total_timesteps      | 655360      |
| train/                  |             |
|    approx_kl            | 0.028986692 |
|    clip_fraction        | 0.536       |
|    clip_range           | 0.15        |
|    entropy_loss         | -3.97       |
|    explained_variance   | 0.249       |
|    learning_rate        | 0.0003      |
|    loss                 | 0.514       |
|    n_updates            | 570         |
|    policy_gradient_loss | -0.0584     |
|    value_loss           | 1.19        |
-----------------------------------------
-----------------------------------------
| time/                   |             |
|    fps                  | 753         |
|    iterations           | 21          |
|    time_elapsed         | 913         |
|    total_timesteps      | 688128      |
| train/                  |             |
|    approx_kl            | 0.030493716 |
|    clip_fraction        | 0.545       |
|    clip_range           | 0.15        |
|    entropy_loss         | -3.75       |
|    explained_variance   | 0.311       |
|    learning_rate        | 0.0003      |
|    loss                 | 0.662       |
|    n_updates            | 600         |
|    policy_gradient_loss | -0.06       |
|    value_loss           | 1.31        |
-----------------------------------------
-----------------------------------------
| time/                   |             |
|    fps                  | 750         |
|    iterations           | 22          |
|    time_elapsed         | 960         |
|    total_timesteps      | 720896      |
| train/                  |             |
|    approx_kl            | 0.029619198 |
|    clip_fraction        | 0.546       |
|    clip_range           | 0.15        |
|    entropy_loss         | -3.5        |
|    explained_variance   | 0.355       |
|    learning_rate        | 0.0003      |
|    loss                 | 0.519       |
|    n_updates            | 630         |
|    policy_gradient_loss | -0.0605     |
|    value_loss           | 1.34        |
-----------------------------------------
-----------------------------------------
| time/                   |             |
|    fps                  | 748         |
|    iterations           | 23          |
|    time_elapsed         | 1006        |
|    total_timesteps      | 753664      |
| train/                  |             |
|    approx_kl            | 0.031778626 |
|    clip_fraction        | 0.556       |
|    clip_range           | 0.15        |
|    entropy_loss         | -3.19       |
|    explained_variance   | 0.412       |
|    learning_rate        | 0.0003      |
|    loss                 | 0.591       |
|    n_updates            | 660         |
|    policy_gradient_loss | -0.0626     |
|    value_loss           | 1.28        |
-----------------------------------------
-----------------------------------------
| time/                   |             |
|    fps                  | 747         |
|    iterations           | 24          |
|    time_elapsed         | 1052        |
|    total_timesteps      | 786432      |
| train/                  |             |
|    approx_kl            | 0.031380683 |
|    clip_fraction        | 0.528       |
|    clip_range           | 0.15        |
|    entropy_loss         | -2.86       |
|    explained_variance   | 0.445       |
|    learning_rate        | 0.0003      |
|    loss                 | 0.483       |
|    n_updates            | 690         |
|    policy_gradient_loss | -0.0612     |
|    value_loss           | 1.13        |
-----------------------------------------
----------------------------------------
| time/                   |            |
|    fps                  | 745        |
|    iterations           | 25         |
|    time_elapsed         | 1099       |
|    total_timesteps      | 819200     |
| train/                  |            |
|    approx_kl            | 0.03409764 |
|    clip_fraction        | 0.506      |
|    clip_range           | 0.15       |
|    entropy_loss         | -2.5       |
|    explained_variance   | 0.468      |
|    learning_rate        | 0.0003     |
|    loss                 | 0.385      |
|    n_updates            | 720        |
|    policy_gradient_loss | -0.0595    |
|    value_loss           | 0.805      |
----------------------------------------
----------------------------------------
| time/                   |            |
|    fps                  | 743        |
|    iterations           | 26         |
|    time_elapsed         | 1145       |
|    total_timesteps      | 851968     |
| train/                  |            |
|    approx_kl            | 0.04535547 |
|    clip_fraction        | 0.475      |
|    clip_range           | 0.15       |
|    entropy_loss         | -2.18      |
|    explained_variance   | 0.478      |
|    learning_rate        | 0.0003     |
|    loss                 | 0.0834     |
|    n_updates            | 750        |
|    policy_gradient_loss | -0.0558    |
|    value_loss           | 0.559      |
----------------------------------------
-----------------------------------------
| time/                   |             |
|    fps                  | 742         |
|    iterations           | 27          |
|    time_elapsed         | 1191        |
|    total_timesteps      | 884736      |
| train/                  |             |
|    approx_kl            | 0.062211983 |
|    clip_fraction        | 0.429       |
|    clip_range           | 0.15        |
|    entropy_loss         | -1.97       |
|    explained_variance   | 0.332       |
|    learning_rate        | 0.0003      |
|    loss                 | 0.207       |
|    n_updates            | 780         |
|    policy_gradient_loss | -0.0488     |
|    value_loss           | 0.458       |
-----------------------------------------
----------------------------------------
| time/                   |            |
|    fps                  | 741        |
|    iterations           | 28         |
|    time_elapsed         | 1238       |
|    total_timesteps      | 917504     |
| train/                  |            |
|    approx_kl            | 0.05044328 |
|    clip_fraction        | 0.397      |
|    clip_range           | 0.15       |
|    entropy_loss         | -1.86      |
|    explained_variance   | 0.277      |
|    learning_rate        | 0.0003     |
|    loss                 | 0.196      |
|    n_updates            | 810        |
|    policy_gradient_loss | -0.0406    |
|    value_loss           | 0.503      |
----------------------------------------
----------------------------------------
| time/                   |            |
|    fps                  | 739        |
|    iterations           | 29         |
|    time_elapsed         | 1284       |
|    total_timesteps      | 950272     |
| train/                  |            |
|    approx_kl            | 0.06586593 |
|    clip_fraction        | 0.469      |
|    clip_range           | 0.15       |
|    entropy_loss         | -1.81      |
|    explained_variance   | 0.323      |
|    learning_rate        | 0.0003     |
|    loss                 | 0.0987     |
|    n_updates            | 840        |
|    policy_gradient_loss | -0.0405    |
|    value_loss           | 0.325      |
----------------------------------------
-----------------------------------------
| time/                   |             |
|    fps                  | 738         |
|    iterations           | 30          |
|    time_elapsed         | 1330        |
|    total_timesteps      | 983040      |
| train/                  |             |
|    approx_kl            | 0.049683005 |
|    clip_fraction        | 0.48        |
|    clip_range           | 0.15        |
|    entropy_loss         | -1.87       |
|    explained_variance   | 0.304       |
|    learning_rate        | 0.0003      |
|    loss                 | 0.201       |
|    n_updates            | 870         |
|    policy_gradient_loss | -0.0527     |
|    value_loss           | 0.476       |
-----------------------------------------
----------------------------------------
| time/                   |            |
|    fps                  | 737        |
|    iterations           | 31         |
|    time_elapsed         | 1376       |
|    total_timesteps      | 1015808    |
| train/                  |            |
|    approx_kl            | 0.04175638 |
|    clip_fraction        | 0.444      |
|    clip_range           | 0.15       |
|    entropy_loss         | -1.76      |
|    explained_variance   | 0.451      |
|    learning_rate        | 0.0003     |
|    loss                 | 0.0792     |
|    n_updates            | 900        |
|    policy_gradient_loss | -0.0487    |
|    value_loss           | 0.43       |
----------------------------------------
-----------------------------------------
| time/                   |             |
|    fps                  | 737         |
|    iterations           | 32          |
|    time_elapsed         | 1422        |
|    total_timesteps      | 1048576     |
| train/                  |             |
|    approx_kl            | 0.059697464 |
|    clip_fraction        | 0.437       |
|    clip_range           | 0.15        |
|    entropy_loss         | -1.67       |
|    explained_variance   | 0.353       |
|    learning_rate        | 0.0003      |
|    loss                 | 0.13        |
|    n_updates            | 930         |
|    policy_gradient_loss | -0.0468     |
|    value_loss           | 0.336       |
-----------------------------------------
----------------------------------------
| time/                   |            |
|    fps                  | 736        |
|    iterations           | 33         |
|    time_elapsed         | 1468       |
|    total_timesteps      | 1081344    |
| train/                  |            |
|    approx_kl            | 0.04565835 |
|    clip_fraction        | 0.443      |
|    clip_range           | 0.15       |
|    entropy_loss         | -1.65      |
|    explained_variance   | 0.236      |
|    learning_rate        | 0.0003     |
|    loss                 | 0.0489     |
|    n_updates            | 960        |
|    policy_gradient_loss | -0.029     |
|    value_loss           | 0.233      |
----------------------------------------
----------------------------------------
| time/                   |            |
|    fps                  | 735        |
|    iterations           | 34         |
|    time_elapsed         | 1514       |
|    total_timesteps      | 1114112    |
| train/                  |            |
|    approx_kl            | 0.05416616 |
|    clip_fraction        | 0.401      |
|    clip_range           | 0.15       |
|    entropy_loss         | -1.65      |
|    explained_variance   | 0.248      |
|    learning_rate        | 0.0003     |
|    loss                 | 0.0265     |
|    n_updates            | 990        |
|    policy_gradient_loss | -0.0355    |
|    value_loss           | 0.177      |
----------------------------------------
-----------------------------------------
| time/                   |             |
|    fps                  | 734         |
|    iterations           | 35          |
|    time_elapsed         | 1560        |
|    total_timesteps      | 1146880     |
| train/                  |             |
|    approx_kl            | 0.046061307 |
|    clip_fraction        | 0.44        |
|    clip_range           | 0.15        |
|    entropy_loss         | -1.78       |
|    explained_variance   | 0.031       |
|    learning_rate        | 0.0003      |
|    loss                 | 0.296       |
|    n_updates            | 1020        |
|    policy_gradient_loss | -0.0462     |
|    value_loss           | 0.602       |
-----------------------------------------
----------------------------------------
| time/                   |            |
|    fps                  | 734        |
|    iterations           | 36         |
|    time_elapsed         | 1606       |
|    total_timesteps      | 1179648    |
| train/                  |            |
|    approx_kl            | 0.04088697 |
|    clip_fraction        | 0.466      |
|    clip_range           | 0.15       |
|    entropy_loss         | -1.75      |
|    explained_variance   | 0.332      |
|    learning_rate        | 0.0003     |
|    loss                 | 0.356      |
|    n_updates            | 1050       |
|    policy_gradient_loss | -0.047     |
|    value_loss           | 0.715      |
----------------------------------------
-----------------------------------------
| time/                   |             |
|    fps                  | 733         |
|    iterations           | 37          |
|    time_elapsed         | 1652        |
|    total_timesteps      | 1212416     |
| train/                  |             |
|    approx_kl            | 0.096320376 |
|    clip_fraction        | 0.543       |
|    clip_range           | 0.15        |
|    entropy_loss         | -1.69       |
|    explained_variance   | 0.351       |
|    learning_rate        | 0.0003      |
|    loss                 | 0.202       |
|    n_updates            | 1080        |
|    policy_gradient_loss | -0.0444     |
|    value_loss           | 0.334       |
-----------------------------------------
----------------------------------------
| time/                   |            |
|    fps                  | 732        |
|    iterations           | 38         |
|    time_elapsed         | 1698       |
|    total_timesteps      | 1245184    |
| train/                  |            |
|    approx_kl            | 0.07821509 |
|    clip_fraction        | 0.564      |
|    clip_range           | 0.15       |
|    entropy_loss         | -1.69      |
|    explained_variance   | 0.117      |
|    learning_rate        | 0.0003     |
|    loss                 | 0.18       |
|    n_updates            | 1110       |
|    policy_gradient_loss | -0.0607    |
|    value_loss           | 0.531      |
----------------------------------------
-----------------------------------------
| time/                   |             |
|    fps                  | 732         |
|    iterations           | 39          |
|    time_elapsed         | 1744        |
|    total_timesteps      | 1277952     |
| train/                  |             |
|    approx_kl            | 0.050550446 |
|    clip_fraction        | 0.508       |
|    clip_range           | 0.15        |
|    entropy_loss         | -1.69       |
|    explained_variance   | 0.391       |
|    learning_rate        | 0.0003      |
|    loss                 | 0.0956      |
|    n_updates            | 1140        |
|    policy_gradient_loss | -0.0536     |
|    value_loss           | 0.36        |
-----------------------------------------
----------------------------------------
| time/                   |            |
|    fps                  | 731        |
|    iterations           | 40         |
|    time_elapsed         | 1790       |
|    total_timesteps      | 1310720    |
| train/                  |            |
|    approx_kl            | 0.06660023 |
|    clip_fraction        | 0.463      |
|    clip_range           | 0.15       |
|    entropy_loss         | -1.66      |
|    explained_variance   | 0.332      |
|    learning_rate        | 0.0003     |
|    loss                 | 0.0854     |
|    n_updates            | 1170       |
|    policy_gradient_loss | -0.0482    |
|    value_loss           | 0.338      |
----------------------------------------
-----------------------------------------
| time/                   |             |
|    fps                  | 731         |
|    iterations           | 41          |
|    time_elapsed         | 1836        |
|    total_timesteps      | 1343488     |
| train/                  |             |
|    approx_kl            | 0.039689638 |
|    clip_fraction        | 0.392       |
|    clip_range           | 0.15        |
|    entropy_loss         | -1.62       |
|    explained_variance   | 0.246       |
|    learning_rate        | 0.0003      |
|    loss                 | 0.086       |
|    n_updates            | 1200        |
|    policy_gradient_loss | -0.0373     |
|    value_loss           | 0.35        |
-----------------------------------------
-----------------------------------------
| time/                   |             |
|    fps                  | 730         |
|    iterations           | 42          |
|    time_elapsed         | 1882        |
|    total_timesteps      | 1376256     |
| train/                  |             |
|    approx_kl            | 0.045088105 |
|    clip_fraction        | 0.432       |
|    clip_range           | 0.15        |
|    entropy_loss         | -1.62       |
|    explained_variance   | 0.2         |
|    learning_rate        | 0.0003      |
|    loss                 | 0.0717      |
|    n_updates            | 1230        |
|    policy_gradient_loss | -0.0386     |
|    value_loss           | 0.282       |
-----------------------------------------
----------------------------------------
| time/                   |            |
|    fps                  | 730        |
|    iterations           | 43         |
|    time_elapsed         | 1929       |
|    total_timesteps      | 1409024    |
| train/                  |            |
|    approx_kl            | 0.06291106 |
|    clip_fraction        | 0.439      |
|    clip_range           | 0.15       |
|    entropy_loss         | -1.63      |
|    explained_variance   | 0.0684     |
|    learning_rate        | 0.0003     |
|    loss                 | 0.0945     |
|    n_updates            | 1260       |
|    policy_gradient_loss | -0.047     |
|    value_loss           | 0.317      |
----------------------------------------
-----------------------------------------
| time/                   |             |
|    fps                  | 729         |
|    iterations           | 44          |
|    time_elapsed         | 1975        |
|    total_timesteps      | 1441792     |
| train/                  |             |
|    approx_kl            | 0.044693727 |
|    clip_fraction        | 0.435       |
|    clip_range           | 0.15        |
|    entropy_loss         | -1.63       |
|    explained_variance   | 0.21        |
|    learning_rate        | 0.0003      |
|    loss                 | 0.0365      |
|    n_updates            | 1290        |
|    policy_gradient_loss | -0.0408     |
|    value_loss           | 0.269       |
-----------------------------------------
----------------------------------------
| time/                   |            |
|    fps                  | 729        |
|    iterations           | 45         |
|    time_elapsed         | 2021       |
|    total_timesteps      | 1474560    |
| train/                  |            |
|    approx_kl            | 0.07744038 |
|    clip_fraction        | 0.449      |
|    clip_range           | 0.15       |
|    entropy_loss         | -1.64      |
|    explained_variance   | 0.138      |
|    learning_rate        | 0.0003     |
|    loss                 | 0.0727     |
|    n_updates            | 1320       |
|    policy_gradient_loss | -0.0447    |
|    value_loss           | 0.24       |
----------------------------------------
----------------------------------------
| time/                   |            |
|    fps                  | 729        |
|    iterations           | 46         |
|    time_elapsed         | 2066       |
|    total_timesteps      | 1507328    |
| train/                  |            |
|    approx_kl            | 0.04699354 |
|    clip_fraction        | 0.358      |
|    clip_range           | 0.15       |
|    entropy_loss         | -1.59      |
|    explained_variance   | 0.338      |
|    learning_rate        | 0.0003     |
|    loss                 | 0.0803     |
|    n_updates            | 1350       |
|    policy_gradient_loss | -0.0385    |
|    value_loss           | 0.359      |
----------------------------------------
----------------------------------------
| time/                   |            |
|    fps                  | 730        |
|    iterations           | 47         |
|    time_elapsed         | 2109       |
|    total_timesteps      | 1540096    |
| train/                  |            |
|    approx_kl            | 0.12201363 |
|    clip_fraction        | 0.488      |
|    clip_range           | 0.15       |
|    entropy_loss         | -1.68      |
|    explained_variance   | 0.388      |
|    learning_rate        | 0.0003     |
|    loss                 | -0.00725   |
|    n_updates            | 1380       |
|    policy_gradient_loss | -0.038     |
|    value_loss           | 0.236      |
----------------------------------------
----------------------------------------
| time/                   |            |
|    fps                  | 730        |
|    iterations           | 48         |
|    time_elapsed         | 2151       |
|    total_timesteps      | 1572864    |
| train/                  |            |
|    approx_kl            | 0.09863525 |
|    clip_fraction        | 0.592      |
|    clip_range           | 0.15       |
|    entropy_loss         | -1.81      |
|    explained_variance   | 0.257      |
|    learning_rate        | 0.0003     |
|    loss                 | 0.381      |
|    n_updates            | 1410       |
|    policy_gradient_loss | -0.0668    |
|    value_loss           | 0.993      |
----------------------------------------
----------------------------------------
| time/                   |            |
|    fps                  | 731        |
|    iterations           | 49         |
|    time_elapsed         | 2194       |
|    total_timesteps      | 1605632    |
| train/                  |            |
|    approx_kl            | 0.07409402 |
|    clip_fraction        | 0.524      |
|    clip_range           | 0.15       |
|    entropy_loss         | -1.71      |
|    explained_variance   | 0.585      |
|    learning_rate        | 0.0003     |
|    loss                 | 0.208      |
|    n_updates            | 1440       |
|    policy_gradient_loss | -0.056     |
|    value_loss           | 0.771      |
----------------------------------------
-----------------------------------------
| time/                   |             |
|    fps                  | 732         |
|    iterations           | 50          |
|    time_elapsed         | 2237        |
|    total_timesteps      | 1638400     |
| train/                  |             |
|    approx_kl            | 0.063021235 |
|    clip_fraction        | 0.513       |
|    clip_range           | 0.15        |
|    entropy_loss         | -1.55       |
|    explained_variance   | 0.362       |
|    learning_rate        | 0.0003      |
|    loss                 | 0.104       |
|    n_updates            | 1470        |
|    policy_gradient_loss | -0.052      |
|    value_loss           | 0.302       |
-----------------------------------------
-----------------------------------------
| time/                   |             |
|    fps                  | 732         |
|    iterations           | 51          |
|    time_elapsed         | 2279        |
|    total_timesteps      | 1671168     |
| train/                  |             |
|    approx_kl            | 0.041701593 |
|    clip_fraction        | 0.471       |
|    clip_range           | 0.15        |
|    entropy_loss         | -1.52       |
|    explained_variance   | 0.0796      |
|    learning_rate        | 0.0003      |
|    loss                 | 0.309       |
|    n_updates            | 1500        |
|    policy_gradient_loss | -0.0486     |
|    value_loss           | 0.859       |
-----------------------------------------
----------------------------------------
| time/                   |            |
|    fps                  | 733        |
|    iterations           | 52         |
|    time_elapsed         | 2322       |
|    total_timesteps      | 1703936    |
| train/                  |            |
|    approx_kl            | 0.04913871 |
|    clip_fraction        | 0.481      |
|    clip_range           | 0.15       |
|    entropy_loss         | -1.49      |
|    explained_variance   | 0.326      |
|    learning_rate        | 0.0003     |
|    loss                 | 0.137      |
|    n_updates            | 1530       |
|    policy_gradient_loss | -0.0451    |
|    value_loss           | 0.48       |
----------------------------------------
----------------------------------------
| time/                   |            |
|    fps                  | 734        |
|    iterations           | 53         |
|    time_elapsed         | 2365       |
|    total_timesteps      | 1736704    |
| train/                  |            |
|    approx_kl            | 0.04588227 |
|    clip_fraction        | 0.433      |
|    clip_range           | 0.15       |
|    entropy_loss         | -1.63      |
|    explained_variance   | 0.117      |
|    learning_rate        | 0.0003     |
|    loss                 | 0.159      |
|    n_updates            | 1560       |
|    policy_gradient_loss | -0.0461    |
|    value_loss           | 0.576      |
----------------------------------------
-----------------------------------------
| time/                   |             |
|    fps                  | 734         |
|    iterations           | 54          |
|    time_elapsed         | 2408        |
|    total_timesteps      | 1769472     |
| train/                  |             |
|    approx_kl            | 0.058440994 |
|    clip_fraction        | 0.472       |
|    clip_range           | 0.15        |
|    entropy_loss         | -1.64       |
|    explained_variance   | 0.365       |
|    learning_rate        | 0.0003      |
|    loss                 | 0.216       |
|    n_updates            | 1590        |
|    policy_gradient_loss | -0.0511     |
|    value_loss           | 0.59        |
-----------------------------------------
-----------------------------------------
| time/                   |             |
|    fps                  | 735         |
|    iterations           | 55          |
|    time_elapsed         | 2450        |
|    total_timesteps      | 1802240     |
| train/                  |             |
|    approx_kl            | 0.061161943 |
|    clip_fraction        | 0.495       |
|    clip_range           | 0.15        |
|    entropy_loss         | -1.58       |
|    explained_variance   | 0.369       |
|    learning_rate        | 0.0003      |
|    loss                 | 0.0745      |
|    n_updates            | 1620        |
|    policy_gradient_loss | -0.0491     |
|    value_loss           | 0.384       |
-----------------------------------------
----------------------------------------
| time/                   |            |
|    fps                  | 736        |
|    iterations           | 56         |
|    time_elapsed         | 2492       |
|    total_timesteps      | 1835008    |
| train/                  |            |
|    approx_kl            | 0.09920921 |
|    clip_fraction        | 0.417      |
|    clip_range           | 0.15       |
|    entropy_loss         | -1.51      |
|    explained_variance   | 0.0131     |
|    learning_rate        | 0.0003     |
|    loss                 | 0.106      |
|    n_updates            | 1650       |
|    policy_gradient_loss | -0.00415   |
|    value_loss           | 0.34       |
----------------------------------------
----------------------------------------
| time/                   |            |
|    fps                  | 736        |
|    iterations           | 57         |
|    time_elapsed         | 2535       |
|    total_timesteps      | 1867776    |
| train/                  |            |
|    approx_kl            | 0.06093349 |
|    clip_fraction        | 0.43       |
|    clip_range           | 0.15       |
|    entropy_loss         | -1.49      |
|    explained_variance   | 0.365      |
|    learning_rate        | 0.0003     |
|    loss                 | 5.36e-05   |
|    n_updates            | 1680       |
|    policy_gradient_loss | -0.046     |
|    value_loss           | 0.237      |
----------------------------------------
-----------------------------------------
| time/                   |             |
|    fps                  | 737         |
|    iterations           | 58          |
|    time_elapsed         | 2577        |
|    total_timesteps      | 1900544     |
| train/                  |             |
|    approx_kl            | 0.041949507 |
|    clip_fraction        | 0.473       |
|    clip_range           | 0.15        |
|    entropy_loss         | -1.45       |
|    explained_variance   | 0.111       |
|    learning_rate        | 0.0003      |
|    loss                 | 0.0872      |
|    n_updates            | 1710        |
|    policy_gradient_loss | -0.0512     |
|    value_loss           | 0.225       |
-----------------------------------------
----------------------------------------
| time/                   |            |
|    fps                  | 737        |
|    iterations           | 59         |
|    time_elapsed         | 2620       |
|    total_timesteps      | 1933312    |
| train/                  |            |
|    approx_kl            | 0.09413506 |
|    clip_fraction        | 0.549      |
|    clip_range           | 0.15       |
|    entropy_loss         | -1.53      |
|    explained_variance   | 0.483      |
|    learning_rate        | 0.0003     |
|    loss                 | 0.0226     |
|    n_updates            | 1740       |
|    policy_gradient_loss | -0.0481    |
|    value_loss           | 0.163      |
----------------------------------------
-----------------------------------------
| time/                   |             |
|    fps                  | 738         |
|    iterations           | 60          |
|    time_elapsed         | 2662        |
|    total_timesteps      | 1966080     |
| train/                  |             |
|    approx_kl            | 0.053652525 |
|    clip_fraction        | 0.552       |
|    clip_range           | 0.15        |
|    entropy_loss         | -1.63       |
|    explained_variance   | 0.208       |
|    learning_rate        | 0.0003      |
|    loss                 | 0.0639      |
|    n_updates            | 1770        |
|    policy_gradient_loss | -0.0585     |
|    value_loss           | 0.361       |
-----------------------------------------
----------------------------------------
| time/                   |            |
|    fps                  | 739        |
|    iterations           | 61         |
|    time_elapsed         | 2704       |
|    total_timesteps      | 1998848    |
| train/                  |            |
|    approx_kl            | 0.04490738 |
|    clip_fraction        | 0.529      |
|    clip_range           | 0.15       |
|    entropy_loss         | -1.66      |
|    explained_variance   | 0.34       |
|    learning_rate        | 0.0003     |
|    loss                 | 0.381      |
|    n_updates            | 1800       |
|    policy_gradient_loss | -0.0559    |
|    value_loss           | 0.93       |
----------------------------------------
-----------------------------------------
| time/                   |             |
|    fps                  | 739         |
|    iterations           | 62          |
|    time_elapsed         | 2746        |
|    total_timesteps      | 2031616     |
| train/                  |             |
|    approx_kl            | 0.048730645 |
|    clip_fraction        | 0.484       |
|    clip_range           | 0.15        |
|    entropy_loss         | -1.61       |
|    explained_variance   | 0.479       |
|    learning_rate        | 0.0003      |
|    loss                 | 0.345       |
|    n_updates            | 1830        |
|    policy_gradient_loss | -0.0482     |
|    value_loss           | 0.808       |
-----------------------------------------
____________Save learn____________
____________END____________
