____________graph name:   ./Graph/TestGraph_10.txt____________
[[[[0, 0]], 2, [3, 0], [0, 0, 0, 0]], [[[0, 0]], 2, [3, 1], [0, 0, 0, 0]], [[[0, 0]], 2, [3, 2], [0, 0, 0, 0]], [[[0, 0]], 2, [3, 3], [0, 0, 0, 0]], [[[0, 2]], 1, [0, 0, 1], [3]], [[[0, 2], [3, 2], [4, 2]], 2, [0, 0, 1], [3, 3, 3, 3]], [[[0, 3]], 1, [0, 0, 1], [3]], [[[1, 2]], 1, [0, 0, 1], [4]], [[[1, 2], [2, 2], [5, 2]], 2, [0, 0, 1], [4, 4, 4, 4]], [[[1, 3]], 1, [0, 0, 1], [4]], [[[2, 0]], 1, [0, 0, 1], [4]], [[[2, 0], [2, 3], [3, 1], [3, 4]], 2, [0, 0, 1], [4, 3, 4, 4]], [[[2, 0], [2, 3]], 3, [0, 0, 1], [4, 3, 4, 4]], [[[2, 0]], 4, [0, 0, 1], [4, 3, 4, 4]], [[[2, 1]], 1, [0, 0, 1], [3]], [[[2, 1], [2, 4], [3, 0], [3, 3]], 2, [0, 0, 1], [3, 4, 3, 3]], [[[2, 1]], 3, [0, 0, 1], [3, 4, 4, 3]], [[[2, 1]], 4, [0, 0, 1], [3, 4, 4, 3]], [[[2, 2]], 1, [0, 0, 1], [4]], [[[2, 2]], 3, [0, 0, 1], [4, 4, 3, 4]], [[[2, 2]], 4, [0, 0, 1], [4, 4, 3, 4]], [[[2, 3]], 1, [0, 0, 1], [4]], [[[2, 4]], 1, [0, 0, 1], [3]], [[[2, 5]], 1, [0, 0, 1], [4]], [[[3, 0]], 1, [0, 0, 1], [3]], [[[3, 0], [3, 3]], 3, [0, 0, 1], [3, 4, 3, 3]], [[[3, 0]], 4, [0, 0, 1], [3, 4, 3, 3]], [[[3, 1]], 1, [0, 0, 1], [4]], [[[3, 1]], 3, [0, 0, 1], [4, 3, 3, 4]], [[[3, 1]], 4, [0, 0, 1], [4, 3, 3, 4]], [[[3, 2]], 1, [0, 0, 1], [3]], [[[3, 2]], 3, [0, 0, 1], [3, 3, 4, 3]], [[[3, 2]], 4, [0, 0, 1], [3, 3, 4, 3]], [[[3, 3]], 1, [0, 0, 1], [3]], [[[3, 4]], 1, [0, 0, 1], [4]], [[[3, 5]], 1, [0, 0, 1], [3]], [[[4, 2]], 1, [0, 0, 1], [3]], [[[4, 3]], 1, [0, 0, 1], [3]], [[[5, 2]], 1, [0, 0, 1], [4]], [[[5, 3]], 1, [0, 0, 1], [4]], [[[0, 2]], 1, [0, 1, 0], [3]], [[[0, 2], [0, 3], [2, 1], [2, 4], [4, 2], [4, 3]], 2, [0, 1, 0], [3, 4, 3, 3]], [[[0, 2], [0, 3]], 3, [0, 1, 0], [3, 4, 4, 3]], [[[0, 2], [0, 3]], 4, [0, 1, 0], [3, 4, 4, 3]], [[[0, 2], [0, 3]], 5, [0, 1, 0], [3, 4, 4, 3]], [[[0, 2], [0, 3]], 6, [0, 1, 0], [3, 4, 4, 3]], [[[0, 3]], 1, [0, 1, 0], [3]], [[[1, 2]], 1, [0, 1, 0], [4]], [[[1, 2], [1, 3]], 2, [0, 1, 0], [4, 4, 4, 4]], [[[1, 2], [1, 3]], 3, [0, 1, 0], [4, 4, 3, 4]], [[[1, 2], [1, 3]], 4, [0, 1, 0], [4, 4, 3, 3]], [[[1, 2], [1, 3]], 5, [0, 1, 0], [4, 4, 3, 3]], [[[1, 3]], 1, [0, 1, 0], [4]], [[[2, 0]], 1, [0, 1, 0], [4]], [[[2, 0], [2, 2], [2, 3], [2, 5]], 2, [0, 1, 0], [4, 3, 4, 4]], [[[2, 1]], 1, [0, 1, 0], [3]], [[[2, 2]], 1, [0, 1, 0], [4]], [[[2, 2], [2, 3]], 3, [0, 1, 0], [4, 3, 3, 4]], [[[2, 2], [2, 3]], 4, [0, 1, 0], [4, 3, 3, 4]], [[[2, 3]], 1, [0, 1, 0], [4]], [[[2, 4]], 1, [0, 1, 0], [3]], [[[2, 5]], 1, [0, 1, 0], [4]], [[[3, 0]], 1, [0, 1, 0], [3]], [[[3, 1]], 1, [0, 1, 0], [4]], [[[3, 2]], 1, [0, 1, 0], [3]], [[[3, 2], [3, 3]], 2, [0, 1, 0], [3, 3, 3, 3]], [[[3, 2], [3, 3]], 3, [0, 1, 0], [3, 3, 4, 3]], [[[3, 3]], 1, [0, 1, 0], [3]], [[[3, 4]], 1, [0, 1, 0], [4]], [[[3, 5]], 1, [0, 1, 0], [3]], [[[4, 2]], 1, [0, 1, 0], [3]], [[[4, 3]], 1, [0, 1, 0], [3]], [[[5, 2]], 1, [0, 1, 0], [4]], [[[5, 3]], 1, [0, 1, 0], [4]], [[[0, 2]], 1, [0, -1, 1], [3]], [[[0, 3]], 1, [0, -1, 1], [3]], [[[1, 2]], 1, [0, -1, 1], [4]], [[[1, 2], [5, 2]], 2, [0, -1, 1], [4, 3, 4, 4]], [[[1, 3]], 1, [0, -1, 1], [4]], [[[2, 0]], 1, [0, -1, 1], [4]], [[[2, 1]], 1, [0, -1, 1], [3]], [[[2, 1], [3, 2], [4, 3]], 2, [0, -1, 1], [3, 4, 3, 3]], [[[2, 1]], 3, [0, -1, 1], [3, 4, 3, 3]], [[[2, 2]], 1, [0, -1, 1], [4]], [[[2, 2], [3, 1], [3, 4]], 2, [0, -1, 1], [4, 4, 4, 4]], [[[2, 3]], 1, [0, -1, 1], [4]], [[[2, 4]], 1, [0, -1, 1], [3]], [[[2, 5]], 1, [0, -1, 1], [4]], [[[3, 0]], 1, [0, -1, 1], [3]], [[[3, 0], [3, 3], [4, 2]], 2, [0, -1, 1], [3, 3, 3, 3]], [[[3, 0]], 3, [0, -1, 1], [3, 3, 4, 3]], [[[3, 0]], 4, [0, -1, 1], [3, 3, 4, 3]], [[[3, 1]], 1, [0, -1, 1], [4]], [[[3, 1]], 3, [0, -1, 1], [4, 4, 4, 4]], [[[3, 2]], 1, [0, -1, 1], [3]], [[[3, 3]], 1, [0, -1, 1], [3]], [[[3, 4]], 1, [0, -1, 1], [4]], [[[3, 5]], 1, [0, -1, 1], [3]], [[[4, 2]], 1, [0, -1, 1], [3]], [[[4, 2]], 3, [0, -1, 1], [3, 3, 3, 3]], [[[4, 3]], 1, [0, -1, 1], [3]], [[[4, 3]], 3, [0, -1, 1], [3, 4, 4, 3]], [[[5, 2]], 1, [0, -1, 1], [4]], [[[5, 2]], 3, [0, -1, 1], [4, 3, 4, 4]], [[[5, 2]], 4, [0, -1, 1], [4, 3, 4, 4]], [[[5, 3]], 1, [0, -1, 1], [4]], [[[0, 2]], 1, [0, -1, -1], [3]], [[[0, 3]], 1, [0, -1, -1], [3]], [[[1, 2]], 1, [0, -1, -1], [4]], [[[1, 3]], 1, [0, -1, -1], [4]], [[[1, 3], [5, 3]], 2, [0, -1, -1], [4, 3, 4, 4]], [[[2, 0]], 1, [0, -1, -1], [4]], [[[2, 1]], 1, [0, -1, -1], [3]], [[[2, 2]], 1, [0, -1, -1], [4]], [[[2, 3]], 1, [0, -1, -1], [4]], [[[2, 3], [3, 1], [3, 4]], 2, [0, -1, -1], [4, 4, 4, 4]], [[[2, 4]], 1, [0, -1, -1], [3]], [[[2, 4], [3, 3], [4, 2]], 2, [0, -1, -1], [3, 4, 3, 3]], [[[2, 4]], 3, [0, -1, -1], [3, 4, 3, 3]], [[[2, 5]], 1, [0, -1, -1], [4]], [[[3, 0]], 1, [0, -1, -1], [3]], [[[3, 1]], 1, [0, -1, -1], [4]], [[[3, 2]], 1, [0, -1, -1], [3]], [[[3, 2], [3, 5], [4, 3]], 2, [0, -1, -1], [3, 3, 3, 3]], [[[3, 3]], 1, [0, -1, -1], [3]], [[[3, 4]], 1, [0, -1, -1], [4]], [[[3, 4]], 3, [0, -1, -1], [4, 4, 4, 4]], [[[3, 5]], 1, [0, -1, -1], [3]], [[[3, 5]], 3, [0, -1, -1], [3, 3, 4, 3]], [[[3, 5]], 4, [0, -1, -1], [3, 3, 4, 3]], [[[4, 2]], 1, [0, -1, -1], [3]], [[[4, 2]], 3, [0, -1, -1], [3, 4, 4, 3]], [[[4, 3]], 1, [0, -1, -1], [3]], [[[4, 3]], 3, [0, -1, -1], [3, 3, 3, 3]], [[[5, 2]], 1, [0, -1, -1], [4]], [[[5, 3]], 1, [0, -1, -1], [4]], [[[5, 3]], 3, [0, -1, -1], [4, 3, 4, 4]], [[[5, 3]], 4, [0, -1, -1], [4, 3, 4, 4]], [[[1, 2], [5, 2]], 6, [2, 0, 1, -1, 0, 0, -1], [4, 4, 3, 3]], [[[2, 2]], 6, [2, 0, 1, -1, 0, 0, -1], [4, 4, 4, 4]], [[[3, 0], [3, 3]], 6, [2, 0, 1, -1, 0, 0, -1], [3, 4, 3, 4]], [[[3, 1], [3, 4]], 6, [2, 0, 1, -1, 0, 0, -1], [4, 3, 4, 3]], [[[3, 2]], 6, [2, 0, 1, -1, 0, 0, -1], [3, 3, 4, 4]], [[[4, 2]], 6, [2, 0, 1, -1, 0, 0, -1], [3, 3, 3, 3]], [[[4, 3]], 6, [2, -1, 0, -1, 0, 0, -1, 0, -1], [3, 3, 4, 4]], [[[5, 3]], 6, [2, -1, 0, -1, 0, 0, -1, 0, -1], [4, 3, 3, 3]], [[[4, 2]], 6, [2, -1, 0, -1, 0, 0, 1, 0, 1], [3, 3, 4, 4]], [[[5, 2]], 6, [2, -1, 0, -1, 0, 0, 1, 0, 1], [4, 3, 3, 3]], [[[2, 4]], 6, [2, 0, -1, 0, -1, -1, 0, -1, 0], [3, 4, 4, 4]], [[[3, 4]], 6, [2, 0, -1, 0, -1, -1, 0, -1, 0], [4, 3, 3, 4]], [[[2, 1]], 6, [2, 0, 1, 0, 1, -1, 0, -1, 0], [3, 4, 4, 4]], [[[3, 1]], 6, [2, 0, 1, 0, 1, -1, 0, -1, 0], [4, 3, 3, 4]], [[[0, 2]], 1, [0, -1, 1, 1, 1], [3]], [[[0, 3]], 1, [0, -1, 1, 1, 1], [3]], [[[1, 2]], 1, [0, -1, 1, 1, 1], [4]], [[[1, 2], [5, 2]], 2, [0, -1, 1, 1, 1], [4, 3, 4, 4]], [[[1, 3]], 1, [0, -1, 1, 1, 1], [4]], [[[2, 0]], 1, [0, -1, 1, 1, 1], [4]], [[[2, 1]], 1, [0, -1, 1, 1, 1], [3]], [[[2, 1], [3, 2], [4, 3]], 2, [0, -1, 1, 1, 1], [3, 4, 3, 3]], [[[2, 1], [3, 2]], 3, [0, -1, 1, 1, 1], [3, 4, 4, 3]], [[[2, 2]], 1, [0, -1, 1, 1, 1], [4]], [[[2, 2], [3, 1], [3, 4]], 2, [0, -1, 1, 1, 1], [4, 4, 4, 4]], [[[2, 2], [3, 1]], 3, [0, -1, 1, 1, 1], [4, 4, 3, 4]], [[[2, 3]], 1, [0, -1, 1, 1, 1], [4]], [[[2, 4]], 1, [0, -1, 1, 1, 1], [3]], [[[2, 5]], 1, [0, -1, 1, 1, 1], [4]], [[[3, 0]], 1, [0, -1, 1, 1, 1], [3]], [[[3, 0], [3, 3], [4, 2]], 2, [0, -1, 1, 1, 1], [3, 3, 3, 3]], [[[3, 0], [3, 3]], 3, [0, -1, 1, 1, 1], [3, 3, 3, 3]], [[[3, 0]], 4, [0, -1, 1, 1, 1], [3, 3, 3, 4]], [[[3, 1]], 1, [0, -1, 1, 1, 1], [4]], [[[3, 1]], 4, [0, -1, 1, 1, 1], [4, 4, 3, 3]], [[[3, 2]], 1, [0, -1, 1, 1, 1], [3]], [[[3, 2]], 4, [0, -1, 1, 1, 1], [3, 4, 4, 4]], [[[3, 3]], 1, [0, -1, 1, 1, 1], [3]], [[[3, 4]], 1, [0, -1, 1, 1, 1], [4]], [[[3, 5]], 1, [0, -1, 1, 1, 1], [3]], [[[4, 2]], 1, [0, -1, 1, 1, 1], [3]], [[[4, 3]], 1, [0, -1, 1, 1, 1], [3]], [[[5, 2]], 1, [0, -1, 1, 1, 1], [4]], [[[5, 3]], 1, [0, -1, 1, 1, 1], [4]], [[[0, 2]], 1, [0, 1, 1, -1, 1], [3]], [[[0, 2], [4, 2]], 2, [0, 1, 1, -1, 1], [3, 4, 3, 3]], [[[0, 3]], 1, [0, 1, 1, -1, 1], [3]], [[[1, 2]], 1, [0, 1, 1, -1, 1], [4]], [[[1, 2], [2, 0], [2, 3]], 2, [0, 1, 1, -1, 1], [4, 4, 4, 4]], [[[1, 3]], 1, [0, 1, 1, -1, 1], [4]], [[[1, 3], [2, 2], [3, 1]], 2, [0, 1, 1, -1, 1], [4, 3, 4, 4]], [[[2, 0]], 1, [0, 1, 1, -1, 1], [4]], [[[2, 0], [2, 3]], 3, [0, 1, 1, -1, 1], [4, 4, 4, 4]], [[[2, 0]], 4, [0, 1, 1, -1, 1], [4, 4, 4, 3]], [[[2, 1]], 1, [0, 1, 1, -1, 1], [3]], [[[2, 1], [2, 4], [3, 2]], 2, [0, 1, 1, -1, 1], [3, 3, 3, 3]], [[[2, 1], [3, 2]], 3, [0, 1, 1, -1, 1], [3, 3, 4, 3]], [[[2, 1]], 4, [0, 1, 1, -1, 1], [3, 3, 4, 4]], [[[2, 2]], 1, [0, 1, 1, -1, 1], [4]], [[[2, 2], [3, 1]], 3, [0, 1, 1, -1, 1], [4, 3, 3, 4]], [[[2, 2]], 4, [0, 1, 1, -1, 1], [4, 3, 3, 3]], [[[2, 3]], 1, [0, 1, 1, -1, 1], [4]], [[[2, 4]], 1, [0, 1, 1, -1, 1], [3]], [[[2, 5]], 1, [0, 1, 1, -1, 1], [4]], [[[3, 0]], 1, [0, 1, 1, -1, 1], [3]], [[[3, 1]], 1, [0, 1, 1, -1, 1], [4]], [[[3, 2]], 1, [0, 1, 1, -1, 1], [3]], [[[3, 3]], 1, [0, 1, 1, -1, 1], [3]], [[[3, 4]], 1, [0, 1, 1, -1, 1], [4]], [[[3, 5]], 1, [0, 1, 1, -1, 1], [3]], [[[4, 2]], 1, [0, 1, 1, -1, 1], [3]], [[[4, 3]], 1, [0, 1, 1, -1, 1], [3]], [[[5, 2]], 1, [0, 1, 1, -1, 1], [4]], [[[5, 3]], 1, [0, 1, 1, -1, 1], [4]], [[[0, 2]], 1, [1, 1, 1, 1, -1], [3]], [[[0, 2], [4, 2]], 2, [1, 1, 1, 1, -1], [3, 4, 3, 3]], [[[0, 2]], 3, [1, 1, 1, 1, -1], [3, 4, 4, 3]], [[[0, 2]], 4, [1, 1, 1, 1, -1], [3, 4, 4, 3]], [[[0, 2]], 5, [1, 1, 1, 1, -1], [3, 4, 4, 3]], [[[0, 2]], 6, [1, 1, 1, 1, -1], [3, 4, 4, 3]], [[[0, 3]], 1, [1, 1, 1, 1, -1], [3]], [[[1, 2]], 1, [1, 1, 1, 1, -1], [4]], [[[1, 2], [2, 0], [2, 3]], 2, [1, 1, 1, 1, -1], [4, 4, 4, 4]], [[[1, 2], [2, 3]], 3, [1, 1, 1, 1, -1], [4, 4, 3, 4]], [[[1, 2]], 4, [1, 1, 1, 1, -1], [4, 4, 3, 3]], [[[1, 2]], 5, [1, 1, 1, 1, -1], [4, 4, 3, 3]], [[[1, 3]], 1, [1, 1, 1, 1, -1], [4]], [[[1, 3], [2, 2], [3, 1]], 2, [1, 1, 1, 1, -1], [4, 3, 4, 4]], [[[1, 3], [2, 2]], 3, [1, 1, 1, 1, -1], [4, 3, 3, 4]], [[[2, 0]], 1, [1, 1, 1, 1, -1], [4]], [[[2, 1]], 1, [1, 1, 1, 1, -1], [3]], [[[2, 1], [2, 4], [3, 2]], 2, [1, 1, 1, 1, -1], [3, 3, 3, 3]], [[[2, 2]], 1, [1, 1, 1, 1, -1], [4]], [[[2, 2]], 4, [1, 1, 1, 1, -1], [4, 3, 3, 4]], [[[2, 3]], 1, [1, 1, 1, 1, -1], [4]], [[[2, 4]], 1, [1, 1, 1, 1, -1], [3]], [[[2, 5]], 1, [1, 1, 1, 1, -1], [4]], [[[3, 0]], 1, [1, 1, 1, 1, -1], [3]], [[[3, 1]], 1, [1, 1, 1, 1, -1], [4]], [[[3, 2]], 1, [1, 1, 1, 1, -1], [3]], [[[3, 2]], 3, [1, 1, 1, 1, -1], [3, 3, 4, 3]], [[[3, 3]], 1, [1, 1, 1, 1, -1], [3]], [[[3, 4]], 1, [1, 1, 1, 1, -1], [4]], [[[3, 5]], 1, [1, 1, 1, 1, -1], [3]], [[[4, 2]], 1, [1, 1, 1, 1, -1], [3]], [[[4, 3]], 1, [1, 1, 1, 1, -1], [3]], [[[5, 2]], 1, [1, 1, 1, 1, -1], [4]], [[[5, 3]], 1, [1, 1, 1, 1, -1], [4]], [[[0, 2]], 1, [1, 1, -1, 1, 1], [3]], [[[0, 3]], 1, [1, 1, -1, 1, 1], [3]], [[[0, 3], [4, 3]], 2, [1, 1, -1, 1, 1], [3, 4, 3, 3]], [[[0, 3]], 3, [1, 1, -1, 1, 1], [3, 4, 4, 3]], [[[0, 3]], 4, [1, 1, -1, 1, 1], [3, 4, 4, 3]], [[[0, 3]], 5, [1, 1, -1, 1, 1], [3, 4, 4, 3]], [[[0, 3]], 6, [1, 1, -1, 1, 1], [3, 4, 4, 3]], [[[1, 2]], 1, [1, 1, -1, 1, 1], [4]], [[[1, 2], [2, 3], [3, 4]], 2, [1, 1, -1, 1, 1], [4, 3, 4, 4]], [[[1, 2], [2, 3]], 3, [1, 1, -1, 1, 1], [4, 3, 3, 4]], [[[1, 3]], 1, [1, 1, -1, 1, 1], [4]], [[[1, 3], [2, 2], [2, 5]], 2, [1, 1, -1, 1, 1], [4, 4, 4, 4]], [[[1, 3], [2, 2]], 3, [1, 1, -1, 1, 1], [4, 4, 3, 4]], [[[1, 3]], 4, [1, 1, -1, 1, 1], [4, 4, 3, 3]], [[[1, 3]], 5, [1, 1, -1, 1, 1], [4, 4, 3, 3]], [[[2, 0]], 1, [1, 1, -1, 1, 1], [4]], [[[2, 1]], 1, [1, 1, -1, 1, 1], [3]], [[[2, 1], [2, 4], [3, 3]], 2, [1, 1, -1, 1, 1], [3, 3, 3, 3]], [[[2, 2]], 1, [1, 1, -1, 1, 1], [4]], [[[2, 3]], 1, [1, 1, -1, 1, 1], [4]], [[[2, 3]], 4, [1, 1, -1, 1, 1], [4, 3, 3, 4]], [[[2, 4]], 1, [1, 1, -1, 1, 1], [3]], [[[2, 5]], 1, [1, 1, -1, 1, 1], [4]], [[[3, 0]], 1, [1, 1, -1, 1, 1], [3]], [[[3, 1]], 1, [1, 1, -1, 1, 1], [4]], [[[3, 2]], 1, [1, 1, -1, 1, 1], [3]], [[[3, 3]], 1, [1, 1, -1, 1, 1], [3]], [[[3, 3]], 3, [1, 1, -1, 1, 1], [3, 3, 4, 3]], [[[3, 4]], 1, [1, 1, -1, 1, 1], [4]], [[[3, 5]], 1, [1, 1, -1, 1, 1], [3]], [[[4, 2]], 1, [1, 1, -1, 1, 1], [3]], [[[4, 3]], 1, [1, 1, -1, 1, 1], [3]], [[[5, 2]], 1, [1, 1, -1, 1, 1], [4]], [[[5, 3]], 1, [1, 1, -1, 1, 1], [4]]]
____________created env____________
Using cuda device
____________start learn____________
Logging to logs/log_PPO_graph_10_0
------------------------------
| time/              |       |
|    fps             | 3592  |
|    iterations      | 1     |
|    time_elapsed    | 9     |
|    total_timesteps | 32768 |
------------------------------
-----------------------------------------
| time/                   |             |
|    fps                  | 1182        |
|    iterations           | 2           |
|    time_elapsed         | 55          |
|    total_timesteps      | 65536       |
| train/                  |             |
|    approx_kl            | 0.016112277 |
|    clip_fraction        | 0.33        |
|    clip_range           | 0.15        |
|    entropy_loss         | -5.62       |
|    explained_variance   | -0.0274     |
|    learning_rate        | 0.0003      |
|    loss                 | 1.97        |
|    n_updates            | 30          |
|    policy_gradient_loss | -0.0424     |
|    value_loss           | 4.53        |
-----------------------------------------
---------------------------------------
| time/                   |           |
|    fps                  | 972       |
|    iterations           | 3         |
|    time_elapsed         | 101       |
|    total_timesteps      | 98304     |
| train/                  |           |
|    approx_kl            | 0.0198468 |
|    clip_fraction        | 0.404     |
|    clip_range           | 0.15      |
|    entropy_loss         | -5.6      |
|    explained_variance   | 0.133     |
|    learning_rate        | 0.0003    |
|    loss                 | 2.27      |
|    n_updates            | 60        |
|    policy_gradient_loss | -0.0536   |
|    value_loss           | 5.85      |
---------------------------------------
----------------------------------------
| time/                   |            |
|    fps                  | 892        |
|    iterations           | 4          |
|    time_elapsed         | 146        |
|    total_timesteps      | 131072     |
| train/                  |            |
|    approx_kl            | 0.02147748 |
|    clip_fraction        | 0.437      |
|    clip_range           | 0.15       |
|    entropy_loss         | -5.56      |
|    explained_variance   | 0.225      |
|    learning_rate        | 0.0003     |
|    loss                 | 2.12       |
|    n_updates            | 90         |
|    policy_gradient_loss | -0.0585    |
|    value_loss           | 5.47       |
----------------------------------------
-----------------------------------------
| time/                   |             |
|    fps                  | 839         |
|    iterations           | 5           |
|    time_elapsed         | 195         |
|    total_timesteps      | 163840      |
| train/                  |             |
|    approx_kl            | 0.024750233 |
|    clip_fraction        | 0.477       |
|    clip_range           | 0.15        |
|    entropy_loss         | -5.52       |
|    explained_variance   | 0.211       |
|    learning_rate        | 0.0003      |
|    loss                 | 2.05        |
|    n_updates            | 120         |
|    policy_gradient_loss | -0.0632     |
|    value_loss           | 4.26        |
-----------------------------------------
-----------------------------------------
| time/                   |             |
|    fps                  | 808         |
|    iterations           | 6           |
|    time_elapsed         | 243         |
|    total_timesteps      | 196608      |
| train/                  |             |
|    approx_kl            | 0.027250092 |
|    clip_fraction        | 0.507       |
|    clip_range           | 0.15        |
|    entropy_loss         | -5.45       |
|    explained_variance   | 0.22        |
|    learning_rate        | 0.0003      |
|    loss                 | 1.25        |
|    n_updates            | 150         |
|    policy_gradient_loss | -0.0678     |
|    value_loss           | 2.88        |
-----------------------------------------
-----------------------------------------
| time/                   |             |
|    fps                  | 788         |
|    iterations           | 7           |
|    time_elapsed         | 290         |
|    total_timesteps      | 229376      |
| train/                  |             |
|    approx_kl            | 0.030279232 |
|    clip_fraction        | 0.534       |
|    clip_range           | 0.15        |
|    entropy_loss         | -5.37       |
|    explained_variance   | 0.187       |
|    learning_rate        | 0.0003      |
|    loss                 | 0.985       |
|    n_updates            | 180         |
|    policy_gradient_loss | -0.0691     |
|    value_loss           | 1.98        |
-----------------------------------------
----------------------------------------
| time/                   |            |
|    fps                  | 774        |
|    iterations           | 8          |
|    time_elapsed         | 338        |
|    total_timesteps      | 262144     |
| train/                  |            |
|    approx_kl            | 0.03288678 |
|    clip_fraction        | 0.552      |
|    clip_range           | 0.15       |
|    entropy_loss         | -5.27      |
|    explained_variance   | 0.153      |
|    learning_rate        | 0.0003     |
|    loss                 | 0.461      |
|    n_updates            | 210        |
|    policy_gradient_loss | -0.0691    |
|    value_loss           | 1.4        |
----------------------------------------
-----------------------------------------
| time/                   |             |
|    fps                  | 763         |
|    iterations           | 9           |
|    time_elapsed         | 386         |
|    total_timesteps      | 294912      |
| train/                  |             |
|    approx_kl            | 0.032633252 |
|    clip_fraction        | 0.55        |
|    clip_range           | 0.15        |
|    entropy_loss         | -5.16       |
|    explained_variance   | 0.0852      |
|    learning_rate        | 0.0003      |
|    loss                 | 0.415       |
|    n_updates            | 240         |
|    policy_gradient_loss | -0.0664     |
|    value_loss           | 1.2         |
-----------------------------------------
-----------------------------------------
| time/                   |             |
|    fps                  | 754         |
|    iterations           | 10          |
|    time_elapsed         | 434         |
|    total_timesteps      | 327680      |
| train/                  |             |
|    approx_kl            | 0.030335091 |
|    clip_fraction        | 0.532       |
|    clip_range           | 0.15        |
|    entropy_loss         | -5.04       |
|    explained_variance   | 0.074       |
|    learning_rate        | 0.0003      |
|    loss                 | 0.321       |
|    n_updates            | 270         |
|    policy_gradient_loss | -0.0618     |
|    value_loss           | 1.11        |
-----------------------------------------
-----------------------------------------
| time/                   |             |
|    fps                  | 748         |
|    iterations           | 11          |
|    time_elapsed         | 481         |
|    total_timesteps      | 360448      |
| train/                  |             |
|    approx_kl            | 0.029701069 |
|    clip_fraction        | 0.527       |
|    clip_range           | 0.15        |
|    entropy_loss         | -4.93       |
|    explained_variance   | 0.0734      |
|    learning_rate        | 0.0003      |
|    loss                 | 0.474       |
|    n_updates            | 300         |
|    policy_gradient_loss | -0.0589     |
|    value_loss           | 1.15        |
-----------------------------------------
-----------------------------------------
| time/                   |             |
|    fps                  | 742         |
|    iterations           | 12          |
|    time_elapsed         | 529         |
|    total_timesteps      | 393216      |
| train/                  |             |
|    approx_kl            | 0.028905578 |
|    clip_fraction        | 0.527       |
|    clip_range           | 0.15        |
|    entropy_loss         | -4.79       |
|    explained_variance   | 0.1         |
|    learning_rate        | 0.0003      |
|    loss                 | 0.357       |
|    n_updates            | 330         |
|    policy_gradient_loss | -0.0593     |
|    value_loss           | 1.52        |
-----------------------------------------
----------------------------------------
| time/                   |            |
|    fps                  | 738        |
|    iterations           | 13         |
|    time_elapsed         | 576        |
|    total_timesteps      | 425984     |
| train/                  |            |
|    approx_kl            | 0.02797599 |
|    clip_fraction        | 0.532      |
|    clip_range           | 0.15       |
|    entropy_loss         | -4.64      |
|    explained_variance   | 0.148      |
|    learning_rate        | 0.0003     |
|    loss                 | 0.543      |
|    n_updates            | 360        |
|    policy_gradient_loss | -0.061     |
|    value_loss           | 1.84       |
----------------------------------------
-----------------------------------------
| time/                   |             |
|    fps                  | 734         |
|    iterations           | 14          |
|    time_elapsed         | 624         |
|    total_timesteps      | 458752      |
| train/                  |             |
|    approx_kl            | 0.028289063 |
|    clip_fraction        | 0.544       |
|    clip_range           | 0.15        |
|    entropy_loss         | -4.48       |
|    explained_variance   | 0.208       |
|    learning_rate        | 0.0003      |
|    loss                 | 1.08        |
|    n_updates            | 390         |
|    policy_gradient_loss | -0.0634     |
|    value_loss           | 2.16        |
-----------------------------------------
-----------------------------------------
| time/                   |             |
|    fps                  | 731         |
|    iterations           | 15          |
|    time_elapsed         | 672         |
|    total_timesteps      | 491520      |
| train/                  |             |
|    approx_kl            | 0.027612817 |
|    clip_fraction        | 0.557       |
|    clip_range           | 0.15        |
|    entropy_loss         | -4.3        |
|    explained_variance   | 0.235       |
|    learning_rate        | 0.0003      |
|    loss                 | 1           |
|    n_updates            | 420         |
|    policy_gradient_loss | -0.0646     |
|    value_loss           | 2.32        |
-----------------------------------------
-----------------------------------------
| time/                   |             |
|    fps                  | 728         |
|    iterations           | 16          |
|    time_elapsed         | 719         |
|    total_timesteps      | 524288      |
| train/                  |             |
|    approx_kl            | 0.030052096 |
|    clip_fraction        | 0.583       |
|    clip_range           | 0.15        |
|    entropy_loss         | -4.05       |
|    explained_variance   | 0.283       |
|    learning_rate        | 0.0003      |
|    loss                 | 1.09        |
|    n_updates            | 450         |
|    policy_gradient_loss | -0.0675     |
|    value_loss           | 2.43        |
-----------------------------------------
-----------------------------------------
| time/                   |             |
|    fps                  | 728         |
|    iterations           | 17          |
|    time_elapsed         | 764         |
|    total_timesteps      | 557056      |
| train/                  |             |
|    approx_kl            | 0.029106906 |
|    clip_fraction        | 0.592       |
|    clip_range           | 0.15        |
|    entropy_loss         | -3.75       |
|    explained_variance   | 0.311       |
|    learning_rate        | 0.0003      |
|    loss                 | 0.984       |
|    n_updates            | 480         |
|    policy_gradient_loss | -0.0678     |
|    value_loss           | 2.27        |
-----------------------------------------
----------------------------------------
| time/                   |            |
|    fps                  | 727        |
|    iterations           | 18         |
|    time_elapsed         | 810        |
|    total_timesteps      | 589824     |
| train/                  |            |
|    approx_kl            | 0.02969832 |
|    clip_fraction        | 0.604      |
|    clip_range           | 0.15       |
|    entropy_loss         | -3.41      |
|    explained_variance   | 0.34       |
|    learning_rate        | 0.0003     |
|    loss                 | 0.851      |
|    n_updates            | 510        |
|    policy_gradient_loss | -0.0691    |
|    value_loss           | 1.93       |
----------------------------------------
-----------------------------------------
| time/                   |             |
|    fps                  | 725         |
|    iterations           | 19          |
|    time_elapsed         | 858         |
|    total_timesteps      | 622592      |
| train/                  |             |
|    approx_kl            | 0.031069573 |
|    clip_fraction        | 0.598       |
|    clip_range           | 0.15        |
|    entropy_loss         | -3.06       |
|    explained_variance   | 0.376       |
|    learning_rate        | 0.0003      |
|    loss                 | 0.825       |
|    n_updates            | 540         |
|    policy_gradient_loss | -0.0697     |
|    value_loss           | 1.54        |
-----------------------------------------
-----------------------------------------
| time/                   |             |
|    fps                  | 725         |
|    iterations           | 20          |
|    time_elapsed         | 903         |
|    total_timesteps      | 655360      |
| train/                  |             |
|    approx_kl            | 0.032984097 |
|    clip_fraction        | 0.556       |
|    clip_range           | 0.15        |
|    entropy_loss         | -2.67       |
|    explained_variance   | 0.399       |
|    learning_rate        | 0.0003      |
|    loss                 | 0.617       |
|    n_updates            | 570         |
|    policy_gradient_loss | -0.0675     |
|    value_loss           | 1.13        |
-----------------------------------------
----------------------------------------
| time/                   |            |
|    fps                  | 723        |
|    iterations           | 21         |
|    time_elapsed         | 950        |
|    total_timesteps      | 688128     |
| train/                  |            |
|    approx_kl            | 0.03606556 |
|    clip_fraction        | 0.484      |
|    clip_range           | 0.15       |
|    entropy_loss         | -2.28      |
|    explained_variance   | 0.436      |
|    learning_rate        | 0.0003     |
|    loss                 | 0.249      |
|    n_updates            | 600        |
|    policy_gradient_loss | -0.0639    |
|    value_loss           | 0.743      |
----------------------------------------
-----------------------------------------
| time/                   |             |
|    fps                  | 722         |
|    iterations           | 22          |
|    time_elapsed         | 997         |
|    total_timesteps      | 720896      |
| train/                  |             |
|    approx_kl            | 0.031994898 |
|    clip_fraction        | 0.452       |
|    clip_range           | 0.15        |
|    entropy_loss         | -2.07       |
|    explained_variance   | 0.416       |
|    learning_rate        | 0.0003      |
|    loss                 | 0.234       |
|    n_updates            | 630         |
|    policy_gradient_loss | -0.0592     |
|    value_loss           | 0.485       |
-----------------------------------------
----------------------------------------
| time/                   |            |
|    fps                  | 722        |
|    iterations           | 23         |
|    time_elapsed         | 1042       |
|    total_timesteps      | 753664     |
| train/                  |            |
|    approx_kl            | 0.04647603 |
|    clip_fraction        | 0.563      |
|    clip_range           | 0.15       |
|    entropy_loss         | -1.93      |
|    explained_variance   | 0.322      |
|    learning_rate        | 0.0003     |
|    loss                 | 0.165      |
|    n_updates            | 660        |
|    policy_gradient_loss | -0.0657    |
|    value_loss           | 0.589      |
----------------------------------------
----------------------------------------
| time/                   |            |
|    fps                  | 721        |
|    iterations           | 24         |
|    time_elapsed         | 1090       |
|    total_timesteps      | 786432     |
| train/                  |            |
|    approx_kl            | 0.09777962 |
|    clip_fraction        | 0.631      |
|    clip_range           | 0.15       |
|    entropy_loss         | -1.82      |
|    explained_variance   | 0.403      |
|    learning_rate        | 0.0003     |
|    loss                 | 0.134      |
|    n_updates            | 690        |
|    policy_gradient_loss | -0.075     |
|    value_loss           | 0.426      |
----------------------------------------
-----------------------------------------
| time/                   |             |
|    fps                  | 719         |
|    iterations           | 25          |
|    time_elapsed         | 1138        |
|    total_timesteps      | 819200      |
| train/                  |             |
|    approx_kl            | 0.057034537 |
|    clip_fraction        | 0.623       |
|    clip_range           | 0.15        |
|    entropy_loss         | -1.78       |
|    explained_variance   | 0.234       |
|    learning_rate        | 0.0003      |
|    loss                 | 0.118       |
|    n_updates            | 720         |
|    policy_gradient_loss | -0.0747     |
|    value_loss           | 0.49        |
-----------------------------------------
-----------------------------------------
| time/                   |             |
|    fps                  | 719         |
|    iterations           | 26          |
|    time_elapsed         | 1183        |
|    total_timesteps      | 851968      |
| train/                  |             |
|    approx_kl            | 0.039530937 |
|    clip_fraction        | 0.581       |
|    clip_range           | 0.15        |
|    entropy_loss         | -1.71       |
|    explained_variance   | 0.227       |
|    learning_rate        | 0.0003      |
|    loss                 | 0.446       |
|    n_updates            | 750         |
|    policy_gradient_loss | -0.0666     |
|    value_loss           | 0.753       |
-----------------------------------------
----------------------------------------
| time/                   |            |
|    fps                  | 720        |
|    iterations           | 27         |
|    time_elapsed         | 1228       |
|    total_timesteps      | 884736     |
| train/                  |            |
|    approx_kl            | 0.08550118 |
|    clip_fraction        | 0.633      |
|    clip_range           | 0.15       |
|    entropy_loss         | -1.53      |
|    explained_variance   | 0.304      |
|    learning_rate        | 0.0003     |
|    loss                 | 0.119      |
|    n_updates            | 780        |
|    policy_gradient_loss | -0.0786    |
|    value_loss           | 0.497      |
----------------------------------------
----------------------------------------
| time/                   |            |
|    fps                  | 718        |
|    iterations           | 28         |
|    time_elapsed         | 1276       |
|    total_timesteps      | 917504     |
| train/                  |            |
|    approx_kl            | 0.18367034 |
|    clip_fraction        | 0.563      |
|    clip_range           | 0.15       |
|    entropy_loss         | -1.6       |
|    explained_variance   | 0.223      |
|    learning_rate        | 0.0003     |
|    loss                 | 0.216      |
|    n_updates            | 810        |
|    policy_gradient_loss | -0.0805    |
|    value_loss           | 0.717      |
----------------------------------------
-----------------------------------------
| time/                   |             |
|    fps                  | 719         |
|    iterations           | 29          |
|    time_elapsed         | 1321        |
|    total_timesteps      | 950272      |
| train/                  |             |
|    approx_kl            | 0.039466716 |
|    clip_fraction        | 0.584       |
|    clip_range           | 0.15        |
|    entropy_loss         | -1.47       |
|    explained_variance   | 0.402       |
|    learning_rate        | 0.0003      |
|    loss                 | 0.218       |
|    n_updates            | 840         |
|    policy_gradient_loss | -0.0741     |
|    value_loss           | 0.749       |
-----------------------------------------
---------------------------------------
| time/                   |           |
|    fps                  | 717       |
|    iterations           | 30        |
|    time_elapsed         | 1369      |
|    total_timesteps      | 983040    |
| train/                  |           |
|    approx_kl            | 0.0383675 |
|    clip_fraction        | 0.655     |
|    clip_range           | 0.15      |
|    entropy_loss         | -1.31     |
|    explained_variance   | 0.401     |
|    learning_rate        | 0.0003    |
|    loss                 | 0.249     |
|    n_updates            | 870       |
|    policy_gradient_loss | -0.0744   |
|    value_loss           | 0.662     |
---------------------------------------
-----------------------------------------
| time/                   |             |
|    fps                  | 713         |
|    iterations           | 31          |
|    time_elapsed         | 1423        |
|    total_timesteps      | 1015808     |
| train/                  |             |
|    approx_kl            | 0.059686802 |
|    clip_fraction        | 0.492       |
|    clip_range           | 0.15        |
|    entropy_loss         | -1          |
|    explained_variance   | 0.117       |
|    learning_rate        | 0.0003      |
|    loss                 | 0.23        |
|    n_updates            | 900         |
|    policy_gradient_loss | -0.0654     |
|    value_loss           | 0.693       |
-----------------------------------------
----------------------------------------
| time/                   |            |
|    fps                  | 709        |
|    iterations           | 32         |
|    time_elapsed         | 1477       |
|    total_timesteps      | 1048576    |
| train/                  |            |
|    approx_kl            | 0.04402029 |
|    clip_fraction        | 0.478      |
|    clip_range           | 0.15       |
|    entropy_loss         | -0.975     |
|    explained_variance   | 0.00279    |
|    learning_rate        | 0.0003     |
|    loss                 | 0.317      |
|    n_updates            | 930        |
|    policy_gradient_loss | -0.0583    |
|    value_loss           | 0.817      |
----------------------------------------
----------------------------------------
| time/                   |            |
|    fps                  | 708        |
|    iterations           | 33         |
|    time_elapsed         | 1525       |
|    total_timesteps      | 1081344    |
| train/                  |            |
|    approx_kl            | 0.06510695 |
|    clip_fraction        | 0.453      |
|    clip_range           | 0.15       |
|    entropy_loss         | -0.946     |
|    explained_variance   | 0.157      |
|    learning_rate        | 0.0003     |
|    loss                 | 0.179      |
|    n_updates            | 960        |
|    policy_gradient_loss | -0.062     |
|    value_loss           | 0.44       |
----------------------------------------
---------------------------------------
| time/                   |           |
|    fps                  | 709       |
|    iterations           | 34        |
|    time_elapsed         | 1570      |
|    total_timesteps      | 1114112   |
| train/                  |           |
|    approx_kl            | 0.1628243 |
|    clip_fraction        | 0.495     |
|    clip_range           | 0.15      |
|    entropy_loss         | -0.836    |
|    explained_variance   | 0.386     |
|    learning_rate        | 0.0003    |
|    loss                 | 0.0537    |
|    n_updates            | 990       |
|    policy_gradient_loss | -0.0671   |
|    value_loss           | 0.317     |
---------------------------------------
----------------------------------------
| time/                   |            |
|    fps                  | 708        |
|    iterations           | 35         |
|    time_elapsed         | 1618       |
|    total_timesteps      | 1146880    |
| train/                  |            |
|    approx_kl            | 0.07324647 |
|    clip_fraction        | 0.366      |
|    clip_range           | 0.15       |
|    entropy_loss         | -0.583     |
|    explained_variance   | 0.466      |
|    learning_rate        | 0.0003     |
|    loss                 | 0.0872     |
|    n_updates            | 1020       |
|    policy_gradient_loss | -0.0517    |
|    value_loss           | 0.356      |
----------------------------------------
---------------------------------------
| time/                   |           |
|    fps                  | 709       |
|    iterations           | 36        |
|    time_elapsed         | 1663      |
|    total_timesteps      | 1179648   |
| train/                  |           |
|    approx_kl            | 1.2400634 |
|    clip_fraction        | 0.546     |
|    clip_range           | 0.15      |
|    entropy_loss         | -1.32     |
|    explained_variance   | 0.542     |
|    learning_rate        | 0.0003    |
|    loss                 | -0.02     |
|    n_updates            | 1050      |
|    policy_gradient_loss | -0.0459   |
|    value_loss           | 0.116     |
---------------------------------------
----------------------------------------
| time/                   |            |
|    fps                  | 708        |
|    iterations           | 37         |
|    time_elapsed         | 1710       |
|    total_timesteps      | 1212416    |
| train/                  |            |
|    approx_kl            | 0.04506681 |
|    clip_fraction        | 0.607      |
|    clip_range           | 0.15       |
|    entropy_loss         | -3.06      |
|    explained_variance   | 0.136      |
|    learning_rate        | 0.0003     |
|    loss                 | 1.5        |
|    n_updates            | 1080       |
|    policy_gradient_loss | -0.0632    |
|    value_loss           | 3.09       |
----------------------------------------
----------------------------------------
| time/                   |            |
|    fps                  | 709        |
|    iterations           | 38         |
|    time_elapsed         | 1756       |
|    total_timesteps      | 1245184    |
| train/                  |            |
|    approx_kl            | 0.05470196 |
|    clip_fraction        | 0.645      |
|    clip_range           | 0.15       |
|    entropy_loss         | -2.74      |
|    explained_variance   | 0.394      |
|    learning_rate        | 0.0003     |
|    loss                 | 1.77       |
|    n_updates            | 1110       |
|    policy_gradient_loss | -0.0732    |
|    value_loss           | 3.81       |
----------------------------------------
----------------------------------------
| time/                   |            |
|    fps                  | 709        |
|    iterations           | 39         |
|    time_elapsed         | 1801       |
|    total_timesteps      | 1277952    |
| train/                  |            |
|    approx_kl            | 0.17538884 |
|    clip_fraction        | 0.742      |
|    clip_range           | 0.15       |
|    entropy_loss         | -2.5       |
|    explained_variance   | 0.311      |
|    learning_rate        | 0.0003     |
|    loss                 | 1.06       |
|    n_updates            | 1140       |
|    policy_gradient_loss | -0.0808    |
|    value_loss           | 2.57       |
----------------------------------------
----------------------------------------
| time/                   |            |
|    fps                  | 708        |
|    iterations           | 40         |
|    time_elapsed         | 1848       |
|    total_timesteps      | 1310720    |
| train/                  |            |
|    approx_kl            | 0.06472842 |
|    clip_fraction        | 0.575      |
|    clip_range           | 0.15       |
|    entropy_loss         | -2.39      |
|    explained_variance   | -0.0849    |
|    learning_rate        | 0.0003     |
|    loss                 | 1.25       |
|    n_updates            | 1170       |
|    policy_gradient_loss | -0.0679    |
|    value_loss           | 2.57       |
----------------------------------------
-----------------------------------------
| time/                   |             |
|    fps                  | 708         |
|    iterations           | 41          |
|    time_elapsed         | 1896        |
|    total_timesteps      | 1343488     |
| train/                  |             |
|    approx_kl            | 0.029374214 |
|    clip_fraction        | 0.556       |
|    clip_range           | 0.15        |
|    entropy_loss         | -2.25       |
|    explained_variance   | 0.31        |
|    learning_rate        | 0.0003      |
|    loss                 | 1.08        |
|    n_updates            | 1200        |
|    policy_gradient_loss | -0.0594     |
|    value_loss           | 2.05        |
-----------------------------------------
-----------------------------------------
| time/                   |             |
|    fps                  | 708         |
|    iterations           | 42          |
|    time_elapsed         | 1941        |
|    total_timesteps      | 1376256     |
| train/                  |             |
|    approx_kl            | 0.032797806 |
|    clip_fraction        | 0.523       |
|    clip_range           | 0.15        |
|    entropy_loss         | -2.09       |
|    explained_variance   | 0.282       |
|    learning_rate        | 0.0003      |
|    loss                 | 0.361       |
|    n_updates            | 1230        |
|    policy_gradient_loss | -0.0555     |
|    value_loss           | 1.3         |
-----------------------------------------
-----------------------------------------
| time/                   |             |
|    fps                  | 708         |
|    iterations           | 43          |
|    time_elapsed         | 1989        |
|    total_timesteps      | 1409024     |
| train/                  |             |
|    approx_kl            | 0.034213386 |
|    clip_fraction        | 0.453       |
|    clip_range           | 0.15        |
|    entropy_loss         | -2.03       |
|    explained_variance   | 0.196       |
|    learning_rate        | 0.0003      |
|    loss                 | 0.474       |
|    n_updates            | 1260        |
|    policy_gradient_loss | -0.0518     |
|    value_loss           | 1           |
-----------------------------------------
----------------------------------------
| time/                   |            |
|    fps                  | 707        |
|    iterations           | 44         |
|    time_elapsed         | 2036       |
|    total_timesteps      | 1441792    |
| train/                  |            |
|    approx_kl            | 0.03947022 |
|    clip_fraction        | 0.517      |
|    clip_range           | 0.15       |
|    entropy_loss         | -1.98      |
|    explained_variance   | 0.194      |
|    learning_rate        | 0.0003     |
|    loss                 | 0.388      |
|    n_updates            | 1290       |
|    policy_gradient_loss | -0.0564    |
|    value_loss           | 0.88       |
----------------------------------------
----------------------------------------
| time/                   |            |
|    fps                  | 708        |
|    iterations           | 45         |
|    time_elapsed         | 2082       |
|    total_timesteps      | 1474560    |
| train/                  |            |
|    approx_kl            | 0.03943317 |
|    clip_fraction        | 0.53       |
|    clip_range           | 0.15       |
|    entropy_loss         | -1.88      |
|    explained_variance   | 0.23       |
|    learning_rate        | 0.0003     |
|    loss                 | 0.257      |
|    n_updates            | 1320       |
|    policy_gradient_loss | -0.058     |
|    value_loss           | 0.633      |
----------------------------------------
-----------------------------------------
| time/                   |             |
|    fps                  | 707         |
|    iterations           | 46          |
|    time_elapsed         | 2129        |
|    total_timesteps      | 1507328     |
| train/                  |             |
|    approx_kl            | 0.063756496 |
|    clip_fraction        | 0.501       |
|    clip_range           | 0.15        |
|    entropy_loss         | -1.74       |
|    explained_variance   | 0.239       |
|    learning_rate        | 0.0003      |
|    loss                 | 0.35        |
|    n_updates            | 1350        |
|    policy_gradient_loss | -0.0578     |
|    value_loss           | 0.555       |
-----------------------------------------
----------------------------------------
| time/                   |            |
|    fps                  | 708        |
|    iterations           | 47         |
|    time_elapsed         | 2174       |
|    total_timesteps      | 1540096    |
| train/                  |            |
|    approx_kl            | 0.04759092 |
|    clip_fraction        | 0.569      |
|    clip_range           | 0.15       |
|    entropy_loss         | -1.67      |
|    explained_variance   | 0.186      |
|    learning_rate        | 0.0003     |
|    loss                 | 0.128      |
|    n_updates            | 1380       |
|    policy_gradient_loss | -0.0635    |
|    value_loss           | 0.344      |
----------------------------------------
-----------------------------------------
| time/                   |             |
|    fps                  | 708         |
|    iterations           | 48          |
|    time_elapsed         | 2219        |
|    total_timesteps      | 1572864     |
| train/                  |             |
|    approx_kl            | 0.045178674 |
|    clip_fraction        | 0.636       |
|    clip_range           | 0.15        |
|    entropy_loss         | -1.58       |
|    explained_variance   | 0.163       |
|    learning_rate        | 0.0003      |
|    loss                 | 0.125       |
|    n_updates            | 1410        |
|    policy_gradient_loss | -0.0684     |
|    value_loss           | 0.679       |
-----------------------------------------
-----------------------------------------
| time/                   |             |
|    fps                  | 708         |
|    iterations           | 49          |
|    time_elapsed         | 2267        |
|    total_timesteps      | 1605632     |
| train/                  |             |
|    approx_kl            | 0.045033567 |
|    clip_fraction        | 0.639       |
|    clip_range           | 0.15        |
|    entropy_loss         | -1.41       |
|    explained_variance   | 0.284       |
|    learning_rate        | 0.0003      |
|    loss                 | 0.455       |
|    n_updates            | 1440        |
|    policy_gradient_loss | -0.0719     |
|    value_loss           | 0.724       |
-----------------------------------------
----------------------------------------
| time/                   |            |
|    fps                  | 707        |
|    iterations           | 50         |
|    time_elapsed         | 2315       |
|    total_timesteps      | 1638400    |
| train/                  |            |
|    approx_kl            | 0.12500632 |
|    clip_fraction        | 0.656      |
|    clip_range           | 0.15       |
|    entropy_loss         | -1.19      |
|    explained_variance   | 0.258      |
|    learning_rate        | 0.0003     |
|    loss                 | 0.172      |
|    n_updates            | 1470       |
|    policy_gradient_loss | -0.0786    |
|    value_loss           | 0.436      |
----------------------------------------
-----------------------------------------
| time/                   |             |
|    fps                  | 707         |
|    iterations           | 51          |
|    time_elapsed         | 2363        |
|    total_timesteps      | 1671168     |
| train/                  |             |
|    approx_kl            | 0.078665026 |
|    clip_fraction        | 0.633       |
|    clip_range           | 0.15        |
|    entropy_loss         | -0.941      |
|    explained_variance   | 0.271       |
|    learning_rate        | 0.0003      |
|    loss                 | 0.256       |
|    n_updates            | 1500        |
|    policy_gradient_loss | -0.0754     |
|    value_loss           | 0.581       |
-----------------------------------------
---------------------------------------
| time/                   |           |
|    fps                  | 707       |
|    iterations           | 52        |
|    time_elapsed         | 2408      |
|    total_timesteps      | 1703936   |
| train/                  |           |
|    approx_kl            | 0.2594588 |
|    clip_fraction        | 0.507     |
|    clip_range           | 0.15      |
|    entropy_loss         | -0.463    |
|    explained_variance   | 0.325     |
|    learning_rate        | 0.0003    |
|    loss                 | 0.0809    |
|    n_updates            | 1530      |
|    policy_gradient_loss | -0.0643   |
|    value_loss           | 0.458     |
---------------------------------------
----------------------------------------
| time/                   |            |
|    fps                  | 707        |
|    iterations           | 53         |
|    time_elapsed         | 2455       |
|    total_timesteps      | 1736704    |
| train/                  |            |
|    approx_kl            | 0.10841762 |
|    clip_fraction        | 0.0527     |
|    clip_range           | 0.15       |
|    entropy_loss         | -0.0425    |
|    explained_variance   | 0.401      |
|    learning_rate        | 0.0003     |
|    loss                 | 0.128      |
|    n_updates            | 1560       |
|    policy_gradient_loss | -0.0253    |
|    value_loss           | 0.143      |
----------------------------------------
----------------------------------------
| time/                   |            |
|    fps                  | 706        |
|    iterations           | 54         |
|    time_elapsed         | 2503       |
|    total_timesteps      | 1769472    |
| train/                  |            |
|    approx_kl            | 0.35345793 |
|    clip_fraction        | 0.498      |
|    clip_range           | 0.15       |
|    entropy_loss         | -0.796     |
|    explained_variance   | 0.496      |
|    learning_rate        | 0.0003     |
|    loss                 | -0.0232    |
|    n_updates            | 1590       |
|    policy_gradient_loss | 0.0985     |
|    value_loss           | 0.00296    |
----------------------------------------
-----------------------------------------
| time/                   |             |
|    fps                  | 707         |
|    iterations           | 55          |
|    time_elapsed         | 2548        |
|    total_timesteps      | 1802240     |
| train/                  |             |
|    approx_kl            | 0.095304534 |
|    clip_fraction        | 0.636       |
|    clip_range           | 0.15        |
|    entropy_loss         | -1.42       |
|    explained_variance   | 0.0791      |
|    learning_rate        | 0.0003      |
|    loss                 | 0.912       |
|    n_updates            | 1620        |
|    policy_gradient_loss | -0.0704     |
|    value_loss           | 1.41        |
-----------------------------------------
-----------------------------------------
| time/                   |             |
|    fps                  | 707         |
|    iterations           | 56          |
|    time_elapsed         | 2593        |
|    total_timesteps      | 1835008     |
| train/                  |             |
|    approx_kl            | 0.049702898 |
|    clip_fraction        | 0.562       |
|    clip_range           | 0.15        |
|    entropy_loss         | -1.64       |
|    explained_variance   | 0.541       |
|    learning_rate        | 0.0003      |
|    loss                 | 0.941       |
|    n_updates            | 1650        |
|    policy_gradient_loss | -0.0696     |
|    value_loss           | 2.95        |
-----------------------------------------
----------------------------------------
| time/                   |            |
|    fps                  | 707        |
|    iterations           | 57         |
|    time_elapsed         | 2640       |
|    total_timesteps      | 1867776    |
| train/                  |            |
|    approx_kl            | 0.02330498 |
|    clip_fraction        | 0.523      |
|    clip_range           | 0.15       |
|    entropy_loss         | -1.34      |
|    explained_variance   | 0.6        |
|    learning_rate        | 0.0003     |
|    loss                 | 0.979      |
|    n_updates            | 1680       |
|    policy_gradient_loss | -0.068     |
|    value_loss           | 1.87       |
----------------------------------------
-----------------------------------------
| time/                   |             |
|    fps                  | 707         |
|    iterations           | 58          |
|    time_elapsed         | 2685        |
|    total_timesteps      | 1900544     |
| train/                  |             |
|    approx_kl            | 0.019664967 |
|    clip_fraction        | 0.513       |
|    clip_range           | 0.15        |
|    entropy_loss         | -1.08       |
|    explained_variance   | 0.538       |
|    learning_rate        | 0.0003      |
|    loss                 | 0.274       |
|    n_updates            | 1710        |
|    policy_gradient_loss | -0.0714     |
|    value_loss           | 1.02        |
-----------------------------------------
-----------------------------------------
| time/                   |             |
|    fps                  | 707         |
|    iterations           | 59          |
|    time_elapsed         | 2733        |
|    total_timesteps      | 1933312     |
| train/                  |             |
|    approx_kl            | 0.086085424 |
|    clip_fraction        | 0.565       |
|    clip_range           | 0.15        |
|    entropy_loss         | -1          |
|    explained_variance   | 0.531       |
|    learning_rate        | 0.0003      |
|    loss                 | 0.104       |
|    n_updates            | 1740        |
|    policy_gradient_loss | -0.0809     |
|    value_loss           | 0.499       |
-----------------------------------------
----------------------------------------
| time/                   |            |
|    fps                  | 707        |
|    iterations           | 60         |
|    time_elapsed         | 2780       |
|    total_timesteps      | 1966080    |
| train/                  |            |
|    approx_kl            | 0.04875034 |
|    clip_fraction        | 0.605      |
|    clip_range           | 0.15       |
|    entropy_loss         | -1.02      |
|    explained_variance   | 0.481      |
|    learning_rate        | 0.0003     |
|    loss                 | 0.169      |
|    n_updates            | 1770       |
|    policy_gradient_loss | -0.0826    |
|    value_loss           | 0.487      |
----------------------------------------
-----------------------------------------
| time/                   |             |
|    fps                  | 707         |
|    iterations           | 61          |
|    time_elapsed         | 2825        |
|    total_timesteps      | 1998848     |
| train/                  |             |
|    approx_kl            | 0.100297354 |
|    clip_fraction        | 0.636       |
|    clip_range           | 0.15        |
|    entropy_loss         | -1.06       |
|    explained_variance   | 0.337       |
|    learning_rate        | 0.0003      |
|    loss                 | 0.288       |
|    n_updates            | 1800        |
|    policy_gradient_loss | -0.0812     |
|    value_loss           | 0.574       |
-----------------------------------------
----------------------------------------
| time/                   |            |
|    fps                  | 707        |
|    iterations           | 62         |
|    time_elapsed         | 2872       |
|    total_timesteps      | 2031616    |
| train/                  |            |
|    approx_kl            | 0.10152362 |
|    clip_fraction        | 0.623      |
|    clip_range           | 0.15       |
|    entropy_loss         | -0.756     |
|    explained_variance   | 0.405      |
|    learning_rate        | 0.0003     |
|    loss                 | 0.18       |
|    n_updates            | 1830       |
|    policy_gradient_loss | -0.08      |
|    value_loss           | 0.443      |
----------------------------------------
____________Save learn____________
____________END____________
