____________graph name:   ./Graph/TestGraph_12.txt____________
[[[[0, 0]], 2, [3, 0], [0, 0, 0, 0]], [[[0, 0]], 2, [3, 1], [0, 0, 0, 0]], [[[0, 0]], 2, [3, 2], [0, 0, 0, 0]], [[[0, 0]], 2, [3, 3], [0, 0, 0, 0]], [[[0, 2]], 1, [0, 0, 1], [3]], [[[0, 2], [2, 2]], 2, [0, 0, 1], [3, 2, 3, 3]], [[[0, 3]], 1, [0, 0, 1], [2]], [[[1, 2]], 1, [0, 0, 1], [1]], [[[1, 2], [5, 2]], 2, [0, 0, 1], [1, 4, 1, 1]], [[[1, 3]], 1, [0, 0, 1], [4]], [[[2, 0]], 1, [0, 0, 1], [4]], [[[2, 0], [3, 4]], 2, [0, 0, 1], [4, 2, 4, 4]], [[[2, 0]], 3, [0, 0, 1], [4, 2, 3, 4]], [[[2, 0]], 4, [0, 0, 1], [4, 2, 3, 2]], [[[2, 1]], 1, [0, 0, 1], [2]], [[[2, 1], [3, 2]], 2, [0, 0, 1], [2, 3, 2, 2]], [[[2, 1]], 3, [0, 0, 1], [2, 3, 2, 2]], [[[2, 1]], 4, [0, 0, 1], [2, 3, 2, 2]], [[[2, 2]], 1, [0, 0, 1], [3]], [[[2, 2]], 3, [0, 0, 1], [3, 2, 2, 3]], [[[2, 2]], 4, [0, 0, 1], [3, 2, 2, 1]], [[[2, 3]], 1, [0, 0, 1], [2]], [[[2, 3]], 2, [0, 0, 1], [2, 2, 2, 2]], [[[2, 3]], 3, [0, 0, 1], [2, 2, 1, 2]], [[[2, 4]], 1, [0, 0, 1], [2]], [[[2, 4]], 2, [0, 0, 1], [2, 1, 2, 2]], [[[2, 5]], 1, [0, 0, 1], [1]], [[[3, 0]], 1, [0, 0, 1], [3]], [[[3, 0]], 2, [0, 0, 1], [3, 1, 3, 3]], [[[3, 0]], 3, [0, 0, 1], [3, 1, 2, 3]], [[[3, 0]], 4, [0, 0, 1], [3, 1, 2, 3]], [[[3, 1]], 1, [0, 0, 1], [1]], [[[3, 1]], 2, [0, 0, 1], [1, 2, 1, 1]], [[[3, 1]], 3, [0, 0, 1], [1, 2, 3, 1]], [[[3, 1]], 4, [0, 0, 1], [1, 2, 3, 4]], [[[3, 2]], 1, [0, 0, 1], [2]], [[[3, 2]], 3, [0, 0, 1], [2, 3, 4, 2]], [[[3, 2]], 4, [0, 0, 1], [2, 3, 4, 2]], [[[3, 3]], 1, [0, 0, 1], [3]], [[[3, 3]], 2, [0, 0, 1], [3, 4, 3, 3]], [[[3, 3]], 3, [0, 0, 1], [3, 4, 2, 3]], [[[3, 4]], 1, [0, 0, 1], [4]], [[[3, 5]], 1, [0, 0, 1], [2]], [[[4, 2]], 1, [0, 0, 1], [4]], [[[4, 2]], 2, [0, 0, 1], [4, 1, 4, 4]], [[[4, 3]], 1, [0, 0, 1], [1]], [[[5, 2]], 1, [0, 0, 1], [1]], [[[5, 3]], 1, [0, 0, 1], [4]], [[[0, 2]], 1, [0, 1, 0], [3]], [[[0, 2], [3, 3]], 2, [0, 1, 0], [3, 1, 3, 3]], [[[0, 2]], 3, [0, 1, 0], [3, 1, 3, 3]], [[[0, 2]], 4, [0, 1, 0], [3, 1, 3, 2]], [[[0, 3]], 1, [0, 1, 0], [2]], [[[0, 3], [2, 4], [3, 2]], 2, [0, 1, 0], [2, 4, 2, 2]], [[[0, 3]], 3, [0, 1, 0], [2, 4, 2, 2]], [[[0, 3]], 4, [0, 1, 0], [2, 4, 2, 3]], [[[1, 2]], 1, [0, 1, 0], [1]], [[[1, 2]], 2, [0, 1, 0], [1, 3, 1, 1]], [[[1, 2]], 3, [0, 1, 0], [1, 3, 2, 1]], [[[1, 2]], 4, [0, 1, 0], [1, 3, 2, 4]], [[[1, 2]], 5, [0, 1, 0], [1, 3, 2, 4]], [[[1, 3]], 1, [0, 1, 0], [4]], [[[1, 3]], 2, [0, 1, 0], [4, 2, 4, 4]], [[[1, 3]], 3, [0, 1, 0], [4, 2, 3, 4]], [[[1, 3]], 4, [0, 1, 0], [4, 2, 3, 1]], [[[1, 3]], 5, [0, 1, 0], [4, 2, 3, 1]], [[[2, 0]], 1, [0, 1, 0], [4]], [[[2, 0]], 2, [0, 1, 0], [4, 3, 4, 4]], [[[2, 1]], 1, [0, 1, 0], [2]], [[[2, 1]], 2, [0, 1, 0], [2, 1, 2, 2]], [[[2, 2]], 1, [0, 1, 0], [3]], [[[2, 2]], 2, [0, 1, 0], [3, 2, 3, 3]], [[[2, 2]], 3, [0, 1, 0], [3, 2, 4, 3]], [[[2, 2]], 4, [0, 1, 0], [3, 2, 4, 1]], [[[2, 3]], 1, [0, 1, 0], [2]], [[[2, 3]], 2, [0, 1, 0], [2, 3, 2, 2]], [[[2, 3]], 3, [0, 1, 0], [2, 3, 1, 2]], [[[2, 3]], 4, [0, 1, 0], [2, 3, 1, 4]], [[[2, 4]], 1, [0, 1, 0], [2]], [[[2, 5]], 1, [0, 1, 0], [1]], [[[2, 5]], 2, [0, 1, 0], [1, 2, 1, 1]], [[[3, 0]], 1, [0, 1, 0], [3]], [[[3, 1]], 1, [0, 1, 0], [1]], [[[3, 2]], 1, [0, 1, 0], [2]], [[[3, 2]], 3, [0, 1, 0], [2, 4, 1, 2]], [[[3, 3]], 1, [0, 1, 0], [3]], [[[3, 3]], 3, [0, 1, 0], [3, 1, 4, 3]], [[[3, 4]], 1, [0, 1, 0], [4]], [[[3, 5]], 1, [0, 1, 0], [2]], [[[4, 2]], 1, [0, 1, 0], [4]], [[[4, 2]], 2, [0, 1, 0], [4, 1, 4, 4]], [[[4, 3]], 1, [0, 1, 0], [1]], [[[4, 3]], 2, [0, 1, 0], [1, 4, 1, 1]], [[[5, 2]], 1, [0, 1, 0], [1]], [[[5, 3]], 1, [0, 1, 0], [4]], [[[0, 2]], 1, [0, -1, 1], [3]], [[[0, 3]], 1, [0, -1, 1], [2]], [[[1, 2]], 1, [0, -1, 1], [1]], [[[1, 2]], 2, [0, -1, 1], [1, 2, 1, 1]], [[[1, 3]], 1, [0, -1, 1], [4]], [[[2, 0]], 1, [0, -1, 1], [4]], [[[2, 1]], 1, [0, -1, 1], [2]], [[[2, 1]], 2, [0, -1, 1], [2, 1, 2, 2]], [[[2, 1]], 3, [0, -1, 1], [2, 1, 2, 2]], [[[2, 2]], 1, [0, -1, 1], [3]], [[[2, 2]], 2, [0, -1, 1], [3, 4, 3, 3]], [[[2, 3]], 1, [0, -1, 1], [2]], [[[2, 4]], 1, [0, -1, 1], [2]], [[[2, 5]], 1, [0, -1, 1], [1]], [[[3, 0]], 1, [0, -1, 1], [3]], [[[3, 0], [3, 3]], 2, [0, -1, 1], [3, 2, 3, 3]], [[[3, 0]], 3, [0, -1, 1], [3, 2, 1, 3]], [[[3, 0]], 4, [0, -1, 1], [3, 2, 1, 2]], [[[3, 1]], 1, [0, -1, 1], [1]], [[[3, 1]], 2, [0, -1, 1], [1, 3, 1, 1]], [[[3, 1]], 3, [0, -1, 1], [1, 3, 4, 1]], [[[3, 2]], 1, [0, -1, 1], [2]], [[[3, 2]], 2, [0, -1, 1], [2, 2, 2, 2]], [[[3, 3]], 1, [0, -1, 1], [3]], [[[3, 4]], 1, [0, -1, 1], [4]], [[[3, 4]], 2, [0, -1, 1], [4, 1, 4, 4]], [[[3, 5]], 1, [0, -1, 1], [2]], [[[4, 2]], 1, [0, -1, 1], [4]], [[[4, 2]], 2, [0, -1, 1], [4, 3, 4, 4]], [[[4, 2]], 3, [0, -1, 1], [4, 3, 2, 4]], [[[4, 3]], 1, [0, -1, 1], [1]], [[[4, 3]], 2, [0, -1, 1], [1, 4, 1, 1]], [[[4, 3]], 3, [0, -1, 1], [1, 4, 1, 1]], [[[5, 2]], 1, [0, -1, 1], [1]], [[[5, 2]], 2, [0, -1, 1], [1, 1, 1, 1]], [[[5, 2]], 3, [0, -1, 1], [1, 1, 4, 1]], [[[5, 2]], 4, [0, -1, 1], [1, 1, 4, 1]], [[[5, 3]], 1, [0, -1, 1], [4]], [[[0, 2]], 1, [0, -1, -1], [3]], [[[0, 3]], 1, [0, -1, -1], [2]], [[[1, 2]], 1, [0, -1, -1], [1]], [[[1, 3]], 1, [0, -1, -1], [4]], [[[1, 3]], 2, [0, -1, -1], [4, 3, 4, 4]], [[[2, 0]], 1, [0, -1, -1], [4]], [[[2, 1]], 1, [0, -1, -1], [2]], [[[2, 2]], 1, [0, -1, -1], [3]], [[[2, 3]], 1, [0, -1, -1], [2]], [[[2, 3]], 2, [0, -1, -1], [2, 1, 2, 2]], [[[2, 4]], 1, [0, -1, -1], [2]], [[[2, 4]], 2, [0, -1, -1], [2, 4, 2, 2]], [[[2, 4]], 3, [0, -1, -1], [2, 4, 3, 2]], [[[2, 5]], 1, [0, -1, -1], [1]], [[[3, 0]], 1, [0, -1, -1], [3]], [[[3, 1]], 1, [0, -1, -1], [1]], [[[3, 1]], 2, [0, -1, -1], [1, 4, 1, 1]], [[[3, 2]], 1, [0, -1, -1], [2]], [[[3, 2], [3, 5]], 2, [0, -1, -1], [2, 2, 2, 2]], [[[3, 3]], 1, [0, -1, -1], [3]], [[[3, 3]], 2, [0, -1, -1], [3, 3, 3, 3]], [[[3, 4]], 1, [0, -1, -1], [4]], [[[3, 4]], 2, [0, -1, -1], [4, 2, 4, 4]], [[[3, 4]], 3, [0, -1, -1], [4, 2, 1, 4]], [[[3, 5]], 1, [0, -1, -1], [2]], [[[3, 5]], 3, [0, -1, -1], [2, 2, 4, 2]], [[[3, 5]], 4, [0, -1, -1], [2, 2, 4, 3]], [[[4, 2]], 1, [0, -1, -1], [4]], [[[4, 2]], 2, [0, -1, -1], [4, 1, 4, 4]], [[[4, 2]], 3, [0, -1, -1], [4, 1, 4, 4]], [[[4, 3]], 1, [0, -1, -1], [1]], [[[4, 3]], 2, [0, -1, -1], [1, 2, 1, 1]], [[[4, 3]], 3, [0, -1, -1], [1, 2, 2, 1]], [[[5, 2]], 1, [0, -1, -1], [1]], [[[5, 3]], 1, [0, -1, -1], [4]], [[[5, 3]], 2, [0, -1, -1], [4, 4, 4, 4]], [[[5, 3]], 3, [0, -1, -1], [4, 4, 1, 4]], [[[5, 3]], 4, [0, -1, -1], [4, 4, 1, 4]], [[[1, 2]], 6, [2, 0, 1, -1, 0, 0, -1], [1, 4, 2, 3]], [[[2, 2]], 6, [2, 0, 1, -1, 0, 0, -1], [3, 2, 4, 1]], [[[3, 0]], 6, [2, 0, 1, -1, 0, 0, -1], [3, 1, 2, 4]], [[[3, 1]], 6, [2, 0, 1, -1, 0, 0, -1], [1, 2, 3, 2]], [[[3, 2]], 6, [2, 0, 1, -1, 0, 0, -1], [2, 3, 2, 3]], [[[3, 3]], 6, [2, 0, 1, -1, 0, 0, -1], [3, 4, 2, 2]], [[[3, 4]], 6, [2, 0, 1, -1, 0, 0, -1], [4, 2, 1, 2]], [[[4, 2]], 6, [2, 0, 1, -1, 0, 0, -1], [4, 1, 3, 2]], [[[5, 2]], 6, [2, 0, 1, -1, 0, 0, -1], [1, 4, 1, 4]], [[[4, 2]], 6, [2, -1, 0, -1, 0, 0, -1, 0, -1], [4, 2, 3, 2]], [[[4, 3]], 6, [2, -1, 0, -1, 0, 0, 1, 0, 1], [1, 3, 2, 2]], [[[2, 1]], 6, [2, 0, 1, 0, 1, -1, 0, -1, 0], [2, 3, 2, 4]], [[[0, 2]], 1, [0, -1, 1, 1, 1], [3]], [[[0, 3]], 1, [0, -1, 1, 1, 1], [2]], [[[1, 2]], 1, [0, -1, 1, 1, 1], [1]], [[[1, 2]], 2, [0, -1, 1, 1, 1], [1, 2, 1, 1]], [[[1, 3]], 1, [0, -1, 1, 1, 1], [4]], [[[2, 0]], 1, [0, -1, 1, 1, 1], [4]], [[[2, 1]], 1, [0, -1, 1, 1, 1], [2]], [[[2, 1]], 2, [0, -1, 1, 1, 1], [2, 1, 2, 2]], [[[2, 1]], 3, [0, -1, 1, 1, 1], [2, 1, 2, 2]], [[[2, 2]], 1, [0, -1, 1, 1, 1], [3]], [[[2, 2]], 2, [0, -1, 1, 1, 1], [3, 4, 3, 3]], [[[2, 2]], 3, [0, -1, 1, 1, 1], [3, 4, 2, 3]], [[[2, 3]], 1, [0, -1, 1, 1, 1], [2]], [[[2, 4]], 1, [0, -1, 1, 1, 1], [2]], [[[2, 5]], 1, [0, -1, 1, 1, 1], [1]], [[[3, 0]], 1, [0, -1, 1, 1, 1], [3]], [[[3, 0], [3, 3]], 2, [0, -1, 1, 1, 1], [3, 2, 3, 3]], [[[3, 0], [3, 3]], 3, [0, -1, 1, 1, 1], [3, 2, 2, 3]], [[[3, 0]], 4, [0, -1, 1, 1, 1], [3, 2, 2, 2]], [[[3, 1]], 1, [0, -1, 1, 1, 1], [1]], [[[3, 1]], 2, [0, -1, 1, 1, 1], [1, 3, 1, 1]], [[[3, 1]], 3, [0, -1, 1, 1, 1], [1, 3, 3, 1]], [[[3, 1]], 4, [0, -1, 1, 1, 1], [1, 3, 3, 2]], [[[3, 2]], 1, [0, -1, 1, 1, 1], [2]], [[[3, 2]], 2, [0, -1, 1, 1, 1], [2, 2, 2, 2]], [[[3, 2]], 3, [0, -1, 1, 1, 1], [2, 2, 4, 2]], [[[3, 2]], 4, [0, -1, 1, 1, 1], [2, 2, 4, 1]], [[[3, 3]], 1, [0, -1, 1, 1, 1], [3]], [[[3, 4]], 1, [0, -1, 1, 1, 1], [4]], [[[3, 4]], 2, [0, -1, 1, 1, 1], [4, 1, 4, 4]], [[[3, 5]], 1, [0, -1, 1, 1, 1], [2]], [[[4, 2]], 1, [0, -1, 1, 1, 1], [4]], [[[4, 2]], 2, [0, -1, 1, 1, 1], [4, 3, 4, 4]], [[[4, 3]], 1, [0, -1, 1, 1, 1], [1]], [[[4, 3]], 2, [0, -1, 1, 1, 1], [1, 4, 1, 1]], [[[5, 2]], 1, [0, -1, 1, 1, 1], [1]], [[[5, 2]], 2, [0, -1, 1, 1, 1], [1, 1, 1, 1]], [[[5, 3]], 1, [0, -1, 1, 1, 1], [4]], [[[0, 2]], 1, [0, 1, 1, -1, 1], [3]], [[[0, 2]], 2, [0, 1, 1, -1, 1], [3, 4, 3, 3]], [[[0, 3]], 1, [0, 1, 1, -1, 1], [2]], [[[1, 2]], 1, [0, 1, 1, -1, 1], [1]], [[[1, 2]], 2, [0, 1, 1, -1, 1], [1, 2, 1, 1]], [[[1, 3]], 1, [0, 1, 1, -1, 1], [4]], [[[1, 3]], 2, [0, 1, 1, -1, 1], [4, 2, 4, 4]], [[[2, 0]], 1, [0, 1, 1, -1, 1], [4]], [[[2, 0]], 2, [0, 1, 1, -1, 1], [4, 1, 4, 4]], [[[2, 0]], 3, [0, 1, 1, -1, 1], [4, 1, 3, 4]], [[[2, 0]], 4, [0, 1, 1, -1, 1], [4, 1, 3, 3]], [[[2, 1]], 1, [0, 1, 1, -1, 1], [2]], [[[2, 1], [2, 4]], 2, [0, 1, 1, -1, 1], [2, 2, 2, 2]], [[[2, 1]], 3, [0, 1, 1, -1, 1], [2, 2, 2, 2]], [[[2, 1]], 4, [0, 1, 1, -1, 1], [2, 2, 2, 4]], [[[2, 2]], 1, [0, 1, 1, -1, 1], [3]], [[[2, 2]], 2, [0, 1, 1, -1, 1], [3, 3, 3, 3]], [[[2, 2]], 3, [0, 1, 1, -1, 1], [3, 3, 2, 3]], [[[2, 2]], 4, [0, 1, 1, -1, 1], [3, 3, 2, 2]], [[[2, 3]], 1, [0, 1, 1, -1, 1], [2]], [[[2, 3]], 2, [0, 1, 1, -1, 1], [2, 4, 2, 2]], [[[2, 3]], 3, [0, 1, 1, -1, 1], [2, 4, 1, 2]], [[[2, 4]], 1, [0, 1, 1, -1, 1], [2]], [[[2, 5]], 1, [0, 1, 1, -1, 1], [1]], [[[3, 0]], 1, [0, 1, 1, -1, 1], [3]], [[[3, 1]], 1, [0, 1, 1, -1, 1], [1]], [[[3, 1]], 2, [0, 1, 1, -1, 1], [1, 4, 1, 1]], [[[3, 1]], 3, [0, 1, 1, -1, 1], [1, 4, 3, 1]], [[[3, 2]], 1, [0, 1, 1, -1, 1], [2]], [[[3, 2]], 2, [0, 1, 1, -1, 1], [2, 1, 2, 2]], [[[3, 2]], 3, [0, 1, 1, -1, 1], [2, 1, 4, 2]], [[[3, 3]], 1, [0, 1, 1, -1, 1], [3]], [[[3, 4]], 1, [0, 1, 1, -1, 1], [4]], [[[3, 5]], 1, [0, 1, 1, -1, 1], [2]], [[[4, 2]], 1, [0, 1, 1, -1, 1], [4]], [[[4, 2]], 2, [0, 1, 1, -1, 1], [4, 4, 4, 4]], [[[4, 3]], 1, [0, 1, 1, -1, 1], [1]], [[[5, 2]], 1, [0, 1, 1, -1, 1], [1]], [[[5, 3]], 1, [0, 1, 1, -1, 1], [4]], [[[0, 2]], 1, [1, 1, 1, 1, -1], [3]], [[[0, 2]], 2, [1, 1, 1, 1, -1], [3, 4, 3, 3]], [[[0, 2]], 3, [1, 1, 1, 1, -1], [3, 4, 3, 3]], [[[0, 2]], 4, [1, 1, 1, 1, -1], [3, 4, 3, 3]], [[[0, 3]], 1, [1, 1, 1, 1, -1], [2]], [[[1, 2]], 1, [1, 1, 1, 1, -1], [1]], [[[1, 2]], 2, [1, 1, 1, 1, -1], [1, 2, 1, 1]], [[[1, 2]], 3, [1, 1, 1, 1, -1], [1, 2, 2, 1]], [[[1, 2]], 4, [1, 1, 1, 1, -1], [1, 2, 2, 1]], [[[1, 2]], 5, [1, 1, 1, 1, -1], [1, 2, 2, 1]], [[[1, 3]], 1, [1, 1, 1, 1, -1], [4]], [[[1, 3]], 2, [1, 1, 1, 1, -1], [4, 2, 4, 4]], [[[1, 3]], 3, [1, 1, 1, 1, -1], [4, 2, 3, 4]], [[[2, 0]], 1, [1, 1, 1, 1, -1], [4]], [[[2, 0]], 2, [1, 1, 1, 1, -1], [4, 1, 4, 4]], [[[2, 1]], 1, [1, 1, 1, 1, -1], [2]], [[[2, 1], [2, 4]], 2, [1, 1, 1, 1, -1], [2, 2, 2, 2]], [[[2, 2]], 1, [1, 1, 1, 1, -1], [3]], [[[2, 2]], 2, [1, 1, 1, 1, -1], [3, 3, 3, 3]], [[[2, 2]], 3, [1, 1, 1, 1, -1], [3, 3, 4, 3]], [[[2, 2]], 4, [1, 1, 1, 1, -1], [3, 3, 4, 4]], [[[2, 3]], 1, [1, 1, 1, 1, -1], [2]], [[[2, 3]], 2, [1, 1, 1, 1, -1], [2, 4, 2, 2]], [[[2, 3]], 3, [1, 1, 1, 1, -1], [2, 4, 1, 2]], [[[2, 4]], 1, [1, 1, 1, 1, -1], [2]], [[[2, 5]], 1, [1, 1, 1, 1, -1], [1]], [[[3, 0]], 1, [1, 1, 1, 1, -1], [3]], [[[3, 1]], 1, [1, 1, 1, 1, -1], [1]], [[[3, 1]], 2, [1, 1, 1, 1, -1], [1, 4, 1, 1]], [[[3, 2]], 1, [1, 1, 1, 1, -1], [2]], [[[3, 2]], 2, [1, 1, 1, 1, -1], [2, 1, 2, 2]], [[[3, 2]], 3, [1, 1, 1, 1, -1], [2, 1, 1, 2]], [[[3, 3]], 1, [1, 1, 1, 1, -1], [3]], [[[3, 4]], 1, [1, 1, 1, 1, -1], [4]], [[[3, 5]], 1, [1, 1, 1, 1, -1], [2]], [[[4, 2]], 1, [1, 1, 1, 1, -1], [4]], [[[4, 2]], 2, [1, 1, 1, 1, -1], [4, 4, 4, 4]], [[[4, 3]], 1, [1, 1, 1, 1, -1], [1]], [[[5, 2]], 1, [1, 1, 1, 1, -1], [1]], [[[5, 3]], 1, [1, 1, 1, 1, -1], [4]], [[[0, 2]], 1, [1, 1, -1, 1, 1], [3]], [[[0, 3]], 1, [1, 1, -1, 1, 1], [2]], [[[0, 3]], 2, [1, 1, -1, 1, 1], [2, 1, 2, 2]], [[[0, 3]], 3, [1, 1, -1, 1, 1], [2, 1, 2, 2]], [[[0, 3]], 4, [1, 1, -1, 1, 1], [2, 1, 2, 2]], [[[1, 2]], 1, [1, 1, -1, 1, 1], [1]], [[[1, 2]], 2, [1, 1, -1, 1, 1], [1, 2, 1, 1]], [[[1, 2]], 3, [1, 1, -1, 1, 1], [1, 2, 2, 1]], [[[1, 3]], 1, [1, 1, -1, 1, 1], [4]], [[[1, 3]], 2, [1, 1, -1, 1, 1], [4, 3, 4, 4]], [[[1, 3]], 3, [1, 1, -1, 1, 1], [4, 3, 3, 4]], [[[1, 3]], 4, [1, 1, -1, 1, 1], [4, 3, 3, 4]], [[[1, 3]], 5, [1, 1, -1, 1, 1], [4, 3, 3, 4]], [[[2, 0]], 1, [1, 1, -1, 1, 1], [4]], [[[2, 1]], 1, [1, 1, -1, 1, 1], [2]], [[[2, 1], [2, 4]], 2, [1, 1, -1, 1, 1], [2, 3, 2, 2]], [[[2, 2]], 1, [1, 1, -1, 1, 1], [3]], [[[2, 2]], 2, [1, 1, -1, 1, 1], [3, 1, 3, 3]], [[[2, 2]], 3, [1, 1, -1, 1, 1], [3, 1, 4, 3]], [[[2, 3]], 1, [1, 1, -1, 1, 1], [2]], [[[2, 3]], 2, [1, 1, -1, 1, 1], [2, 2, 2, 2]], [[[2, 3]], 3, [1, 1, -1, 1, 1], [2, 2, 1, 2]], [[[2, 3]], 4, [1, 1, -1, 1, 1], [2, 2, 1, 1]], [[[2, 4]], 1, [1, 1, -1, 1, 1], [2]], [[[2, 5]], 1, [1, 1, -1, 1, 1], [1]], [[[2, 5]], 2, [1, 1, -1, 1, 1], [1, 4, 1, 1]], [[[3, 0]], 1, [1, 1, -1, 1, 1], [3]], [[[3, 1]], 1, [1, 1, -1, 1, 1], [1]], [[[3, 2]], 1, [1, 1, -1, 1, 1], [2]], [[[3, 3]], 1, [1, 1, -1, 1, 1], [3]], [[[3, 3]], 2, [1, 1, -1, 1, 1], [3, 4, 3, 3]], [[[3, 3]], 3, [1, 1, -1, 1, 1], [3, 4, 4, 3]], [[[3, 4]], 1, [1, 1, -1, 1, 1], [4]], [[[3, 4]], 2, [1, 1, -1, 1, 1], [4, 1, 4, 4]], [[[3, 5]], 1, [1, 1, -1, 1, 1], [2]], [[[4, 2]], 1, [1, 1, -1, 1, 1], [4]], [[[4, 3]], 1, [1, 1, -1, 1, 1], [1]], [[[4, 3]], 2, [1, 1, -1, 1, 1], [1, 1, 1, 1]], [[[5, 2]], 1, [1, 1, -1, 1, 1], [1]], [[[5, 3]], 1, [1, 1, -1, 1, 1], [4]]]
____________created env____________
Using cuda device
____________start learn____________
Logging to logs/log_PPO_graph_12_0
------------------------------
| time/              |       |
|    fps             | 2546  |
|    iterations      | 1     |
|    time_elapsed    | 12    |
|    total_timesteps | 32768 |
------------------------------
-----------------------------------------
| time/                   |             |
|    fps                  | 1073        |
|    iterations           | 2           |
|    time_elapsed         | 61          |
|    total_timesteps      | 65536       |
| train/                  |             |
|    approx_kl            | 0.016373679 |
|    clip_fraction        | 0.328       |
|    clip_range           | 0.15        |
|    entropy_loss         | -5.82       |
|    explained_variance   | -0.00387    |
|    learning_rate        | 0.0003      |
|    loss                 | 1.81        |
|    n_updates            | 30          |
|    policy_gradient_loss | -0.0404     |
|    value_loss           | 4.66        |
-----------------------------------------
-----------------------------------------
| time/                   |             |
|    fps                  | 893         |
|    iterations           | 3           |
|    time_elapsed         | 110         |
|    total_timesteps      | 98304       |
| train/                  |             |
|    approx_kl            | 0.020769225 |
|    clip_fraction        | 0.386       |
|    clip_range           | 0.15        |
|    entropy_loss         | -5.79       |
|    explained_variance   | 0.197       |
|    learning_rate        | 0.0003      |
|    loss                 | 3.3         |
|    n_updates            | 60          |
|    policy_gradient_loss | -0.0494     |
|    value_loss           | 6.66        |
-----------------------------------------
-----------------------------------------
| time/                   |             |
|    fps                  | 825         |
|    iterations           | 4           |
|    time_elapsed         | 158         |
|    total_timesteps      | 131072      |
| train/                  |             |
|    approx_kl            | 0.021434996 |
|    clip_fraction        | 0.428       |
|    clip_range           | 0.15        |
|    entropy_loss         | -5.74       |
|    explained_variance   | 0.334       |
|    learning_rate        | 0.0003      |
|    loss                 | 3.26        |
|    n_updates            | 90          |
|    policy_gradient_loss | -0.0547     |
|    value_loss           | 6.63        |
-----------------------------------------
----------------------------------------
| time/                   |            |
|    fps                  | 789        |
|    iterations           | 5          |
|    time_elapsed         | 207        |
|    total_timesteps      | 163840     |
| train/                  |            |
|    approx_kl            | 0.02381295 |
|    clip_fraction        | 0.463      |
|    clip_range           | 0.15       |
|    entropy_loss         | -5.7       |
|    explained_variance   | 0.375      |
|    learning_rate        | 0.0003     |
|    loss                 | 2.44       |
|    n_updates            | 120        |
|    policy_gradient_loss | -0.0604    |
|    value_loss           | 5.4        |
----------------------------------------
-----------------------------------------
| time/                   |             |
|    fps                  | 767         |
|    iterations           | 6           |
|    time_elapsed         | 256         |
|    total_timesteps      | 196608      |
| train/                  |             |
|    approx_kl            | 0.025367413 |
|    clip_fraction        | 0.489       |
|    clip_range           | 0.15        |
|    entropy_loss         | -5.65       |
|    explained_variance   | 0.35        |
|    learning_rate        | 0.0003      |
|    loss                 | 2.13        |
|    n_updates            | 150         |
|    policy_gradient_loss | -0.0645     |
|    value_loss           | 4.14        |
-----------------------------------------
-----------------------------------------
| time/                   |             |
|    fps                  | 752         |
|    iterations           | 7           |
|    time_elapsed         | 304         |
|    total_timesteps      | 229376      |
| train/                  |             |
|    approx_kl            | 0.030024651 |
|    clip_fraction        | 0.524       |
|    clip_range           | 0.15        |
|    entropy_loss         | -5.57       |
|    explained_variance   | 0.351       |
|    learning_rate        | 0.0003      |
|    loss                 | 1.08        |
|    n_updates            | 180         |
|    policy_gradient_loss | -0.0685     |
|    value_loss           | 2.71        |
-----------------------------------------
-----------------------------------------
| time/                   |             |
|    fps                  | 741         |
|    iterations           | 8           |
|    time_elapsed         | 353         |
|    total_timesteps      | 262144      |
| train/                  |             |
|    approx_kl            | 0.029279027 |
|    clip_fraction        | 0.528       |
|    clip_range           | 0.15        |
|    entropy_loss         | -5.49       |
|    explained_variance   | 0.359       |
|    learning_rate        | 0.0003      |
|    loss                 | 0.903       |
|    n_updates            | 210         |
|    policy_gradient_loss | -0.0697     |
|    value_loss           | 1.84        |
-----------------------------------------
----------------------------------------
| time/                   |            |
|    fps                  | 733        |
|    iterations           | 9          |
|    time_elapsed         | 402        |
|    total_timesteps      | 294912     |
| train/                  |            |
|    approx_kl            | 0.03332628 |
|    clip_fraction        | 0.542      |
|    clip_range           | 0.15       |
|    entropy_loss         | -5.39      |
|    explained_variance   | 0.291      |
|    learning_rate        | 0.0003     |
|    loss                 | 0.455      |
|    n_updates            | 240        |
|    policy_gradient_loss | -0.0708    |
|    value_loss           | 1.27       |
----------------------------------------
-----------------------------------------
| time/                   |             |
|    fps                  | 726         |
|    iterations           | 10          |
|    time_elapsed         | 450         |
|    total_timesteps      | 327680      |
| train/                  |             |
|    approx_kl            | 0.031890787 |
|    clip_fraction        | 0.536       |
|    clip_range           | 0.15        |
|    entropy_loss         | -5.28       |
|    explained_variance   | 0.249       |
|    learning_rate        | 0.0003      |
|    loss                 | 0.258       |
|    n_updates            | 270         |
|    policy_gradient_loss | -0.0704     |
|    value_loss           | 0.822       |
-----------------------------------------
----------------------------------------
| time/                   |            |
|    fps                  | 721        |
|    iterations           | 11         |
|    time_elapsed         | 499        |
|    total_timesteps      | 360448     |
| train/                  |            |
|    approx_kl            | 0.03208492 |
|    clip_fraction        | 0.525      |
|    clip_range           | 0.15       |
|    entropy_loss         | -5.18      |
|    explained_variance   | 0.214      |
|    learning_rate        | 0.0003     |
|    loss                 | 0.0896     |
|    n_updates            | 300        |
|    policy_gradient_loss | -0.0695    |
|    value_loss           | 0.567      |
----------------------------------------
-----------------------------------------
| time/                   |             |
|    fps                  | 717         |
|    iterations           | 12          |
|    time_elapsed         | 548         |
|    total_timesteps      | 393216      |
| train/                  |             |
|    approx_kl            | 0.032011528 |
|    clip_fraction        | 0.516       |
|    clip_range           | 0.15        |
|    entropy_loss         | -5.06       |
|    explained_variance   | 0.211       |
|    learning_rate        | 0.0003      |
|    loss                 | 0.0597      |
|    n_updates            | 330         |
|    policy_gradient_loss | -0.0673     |
|    value_loss           | 0.399       |
-----------------------------------------
----------------------------------------
| time/                   |            |
|    fps                  | 713        |
|    iterations           | 13         |
|    time_elapsed         | 597        |
|    total_timesteps      | 425984     |
| train/                  |            |
|    approx_kl            | 0.03149778 |
|    clip_fraction        | 0.501      |
|    clip_range           | 0.15       |
|    entropy_loss         | -4.96      |
|    explained_variance   | 0.176      |
|    learning_rate        | 0.0003     |
|    loss                 | -0.0191    |
|    n_updates            | 360        |
|    policy_gradient_loss | -0.0645    |
|    value_loss           | 0.282      |
----------------------------------------
-----------------------------------------
| time/                   |             |
|    fps                  | 710         |
|    iterations           | 14          |
|    time_elapsed         | 646         |
|    total_timesteps      | 458752      |
| train/                  |             |
|    approx_kl            | 0.031367235 |
|    clip_fraction        | 0.488       |
|    clip_range           | 0.15        |
|    entropy_loss         | -4.85       |
|    explained_variance   | 0.151       |
|    learning_rate        | 0.0003      |
|    loss                 | -0.0306     |
|    n_updates            | 390         |
|    policy_gradient_loss | -0.0635     |
|    value_loss           | 0.204       |
-----------------------------------------
----------------------------------------
| time/                   |            |
|    fps                  | 707        |
|    iterations           | 15         |
|    time_elapsed         | 694        |
|    total_timesteps      | 491520     |
| train/                  |            |
|    approx_kl            | 0.03002441 |
|    clip_fraction        | 0.482      |
|    clip_range           | 0.15       |
|    entropy_loss         | -4.76      |
|    explained_variance   | 0.112      |
|    learning_rate        | 0.0003     |
|    loss                 | -0.0568    |
|    n_updates            | 420        |
|    policy_gradient_loss | -0.0585    |
|    value_loss           | 0.166      |
----------------------------------------
-----------------------------------------
| time/                   |             |
|    fps                  | 705         |
|    iterations           | 16          |
|    time_elapsed         | 743         |
|    total_timesteps      | 524288      |
| train/                  |             |
|    approx_kl            | 0.028295029 |
|    clip_fraction        | 0.475       |
|    clip_range           | 0.15        |
|    entropy_loss         | -4.68       |
|    explained_variance   | 0.0951      |
|    learning_rate        | 0.0003      |
|    loss                 | -0.0681     |
|    n_updates            | 450         |
|    policy_gradient_loss | -0.0555     |
|    value_loss           | 0.135       |
-----------------------------------------
----------------------------------------
| time/                   |            |
|    fps                  | 703        |
|    iterations           | 17         |
|    time_elapsed         | 791        |
|    total_timesteps      | 557056     |
| train/                  |            |
|    approx_kl            | 0.02840648 |
|    clip_fraction        | 0.482      |
|    clip_range           | 0.15       |
|    entropy_loss         | -4.59      |
|    explained_variance   | 0.0713     |
|    learning_rate        | 0.0003     |
|    loss                 | -0.0193    |
|    n_updates            | 480        |
|    policy_gradient_loss | -0.053     |
|    value_loss           | 0.133      |
----------------------------------------
-----------------------------------------
| time/                   |             |
|    fps                  | 701         |
|    iterations           | 18          |
|    time_elapsed         | 840         |
|    total_timesteps      | 589824      |
| train/                  |             |
|    approx_kl            | 0.029251931 |
|    clip_fraction        | 0.488       |
|    clip_range           | 0.15        |
|    entropy_loss         | -4.53       |
|    explained_variance   | 0.0503      |
|    learning_rate        | 0.0003      |
|    loss                 | -0.0225     |
|    n_updates            | 510         |
|    policy_gradient_loss | -0.0498     |
|    value_loss           | 0.131       |
-----------------------------------------
-----------------------------------------
| time/                   |             |
|    fps                  | 697         |
|    iterations           | 19          |
|    time_elapsed         | 891         |
|    total_timesteps      | 622592      |
| train/                  |             |
|    approx_kl            | 0.030415611 |
|    clip_fraction        | 0.499       |
|    clip_range           | 0.15        |
|    entropy_loss         | -4.46       |
|    explained_variance   | 0.0524      |
|    learning_rate        | 0.0003      |
|    loss                 | -0.0314     |
|    n_updates            | 540         |
|    policy_gradient_loss | -0.0473     |
|    value_loss           | 0.136       |
-----------------------------------------
--------------------------------------
| time/                   |          |
|    fps                  | 694      |
|    iterations           | 20       |
|    time_elapsed         | 943      |
|    total_timesteps      | 655360   |
| train/                  |          |
|    approx_kl            | 0.034759 |
|    clip_fraction        | 0.525    |
|    clip_range           | 0.15     |
|    entropy_loss         | -4.38    |
|    explained_variance   | 0.0438   |
|    learning_rate        | 0.0003   |
|    loss                 | 0.0127   |
|    n_updates            | 570      |
|    policy_gradient_loss | -0.047   |
|    value_loss           | 0.177    |
--------------------------------------
----------------------------------------
| time/                   |            |
|    fps                  | 691        |
|    iterations           | 21         |
|    time_elapsed         | 994        |
|    total_timesteps      | 688128     |
| train/                  |            |
|    approx_kl            | 0.03452766 |
|    clip_fraction        | 0.533      |
|    clip_range           | 0.15       |
|    entropy_loss         | -4.29      |
|    explained_variance   | 0.0625     |
|    learning_rate        | 0.0003     |
|    loss                 | 0.0397     |
|    n_updates            | 600        |
|    policy_gradient_loss | -0.0473    |
|    value_loss           | 0.222      |
----------------------------------------
----------------------------------------
| time/                   |            |
|    fps                  | 688        |
|    iterations           | 22         |
|    time_elapsed         | 1046       |
|    total_timesteps      | 720896     |
| train/                  |            |
|    approx_kl            | 0.03370712 |
|    clip_fraction        | 0.525      |
|    clip_range           | 0.15       |
|    entropy_loss         | -4.21      |
|    explained_variance   | 0.0955     |
|    learning_rate        | 0.0003     |
|    loss                 | 0.058      |
|    n_updates            | 630        |
|    policy_gradient_loss | -0.0468    |
|    value_loss           | 0.275      |
----------------------------------------
----------------------------------------
| time/                   |            |
|    fps                  | 686        |
|    iterations           | 23         |
|    time_elapsed         | 1097       |
|    total_timesteps      | 753664     |
| train/                  |            |
|    approx_kl            | 0.03251298 |
|    clip_fraction        | 0.524      |
|    clip_range           | 0.15       |
|    entropy_loss         | -4.1       |
|    explained_variance   | 0.107      |
|    learning_rate        | 0.0003     |
|    loss                 | 0.1        |
|    n_updates            | 660        |
|    policy_gradient_loss | -0.0493    |
|    value_loss           | 0.355      |
----------------------------------------
----------------------------------------
| time/                   |            |
|    fps                  | 686        |
|    iterations           | 24         |
|    time_elapsed         | 1146       |
|    total_timesteps      | 786432     |
| train/                  |            |
|    approx_kl            | 0.03198998 |
|    clip_fraction        | 0.514      |
|    clip_range           | 0.15       |
|    entropy_loss         | -3.97      |
|    explained_variance   | 0.139      |
|    learning_rate        | 0.0003     |
|    loss                 | 0.132      |
|    n_updates            | 690        |
|    policy_gradient_loss | -0.0502    |
|    value_loss           | 0.488      |
----------------------------------------
-----------------------------------------
| time/                   |             |
|    fps                  | 684         |
|    iterations           | 25          |
|    time_elapsed         | 1197        |
|    total_timesteps      | 819200      |
| train/                  |             |
|    approx_kl            | 0.031962637 |
|    clip_fraction        | 0.517       |
|    clip_range           | 0.15        |
|    entropy_loss         | -3.8        |
|    explained_variance   | 0.185       |
|    learning_rate        | 0.0003      |
|    loss                 | 0.178       |
|    n_updates            | 720         |
|    policy_gradient_loss | -0.0524     |
|    value_loss           | 0.606       |
-----------------------------------------
-----------------------------------------
| time/                   |             |
|    fps                  | 682         |
|    iterations           | 26          |
|    time_elapsed         | 1248        |
|    total_timesteps      | 851968      |
| train/                  |             |
|    approx_kl            | 0.031659964 |
|    clip_fraction        | 0.513       |
|    clip_range           | 0.15        |
|    entropy_loss         | -3.62       |
|    explained_variance   | 0.215       |
|    learning_rate        | 0.0003      |
|    loss                 | 0.222       |
|    n_updates            | 750         |
|    policy_gradient_loss | -0.0525     |
|    value_loss           | 0.707       |
-----------------------------------------
-----------------------------------------
| time/                   |             |
|    fps                  | 682         |
|    iterations           | 27          |
|    time_elapsed         | 1297        |
|    total_timesteps      | 884736      |
| train/                  |             |
|    approx_kl            | 0.031745076 |
|    clip_fraction        | 0.512       |
|    clip_range           | 0.15        |
|    entropy_loss         | -3.39       |
|    explained_variance   | 0.25        |
|    learning_rate        | 0.0003      |
|    loss                 | 0.303       |
|    n_updates            | 780         |
|    policy_gradient_loss | -0.0537     |
|    value_loss           | 0.824       |
-----------------------------------------
---------------------------------------
| time/                   |           |
|    fps                  | 681       |
|    iterations           | 28        |
|    time_elapsed         | 1345      |
|    total_timesteps      | 917504    |
| train/                  |           |
|    approx_kl            | 0.0316521 |
|    clip_fraction        | 0.511     |
|    clip_range           | 0.15      |
|    entropy_loss         | -3.15     |
|    explained_variance   | 0.293     |
|    learning_rate        | 0.0003    |
|    loss                 | 0.273     |
|    n_updates            | 810       |
|    policy_gradient_loss | -0.0539   |
|    value_loss           | 0.856     |
---------------------------------------
-----------------------------------------
| time/                   |             |
|    fps                  | 681         |
|    iterations           | 29          |
|    time_elapsed         | 1394        |
|    total_timesteps      | 950272      |
| train/                  |             |
|    approx_kl            | 0.033725128 |
|    clip_fraction        | 0.51        |
|    clip_range           | 0.15        |
|    entropy_loss         | -2.9        |
|    explained_variance   | 0.337       |
|    learning_rate        | 0.0003      |
|    loss                 | 0.29        |
|    n_updates            | 840         |
|    policy_gradient_loss | -0.054      |
|    value_loss           | 0.845       |
-----------------------------------------
-----------------------------------------
| time/                   |             |
|    fps                  | 681         |
|    iterations           | 30          |
|    time_elapsed         | 1442        |
|    total_timesteps      | 983040      |
| train/                  |             |
|    approx_kl            | 0.035655644 |
|    clip_fraction        | 0.499       |
|    clip_range           | 0.15        |
|    entropy_loss         | -2.59       |
|    explained_variance   | 0.386       |
|    learning_rate        | 0.0003      |
|    loss                 | 0.211       |
|    n_updates            | 870         |
|    policy_gradient_loss | -0.0537     |
|    value_loss           | 0.767       |
-----------------------------------------
-----------------------------------------
| time/                   |             |
|    fps                  | 681         |
|    iterations           | 31          |
|    time_elapsed         | 1490        |
|    total_timesteps      | 1015808     |
| train/                  |             |
|    approx_kl            | 0.037867695 |
|    clip_fraction        | 0.481       |
|    clip_range           | 0.15        |
|    entropy_loss         | -2.27       |
|    explained_variance   | 0.438       |
|    learning_rate        | 0.0003      |
|    loss                 | 0.248       |
|    n_updates            | 900         |
|    policy_gradient_loss | -0.0539     |
|    value_loss           | 0.631       |
-----------------------------------------
-----------------------------------------
| time/                   |             |
|    fps                  | 681         |
|    iterations           | 32          |
|    time_elapsed         | 1539        |
|    total_timesteps      | 1048576     |
| train/                  |             |
|    approx_kl            | 0.042079404 |
|    clip_fraction        | 0.436       |
|    clip_range           | 0.15        |
|    entropy_loss         | -1.92       |
|    explained_variance   | 0.464       |
|    learning_rate        | 0.0003      |
|    loss                 | 0.125       |
|    n_updates            | 930         |
|    policy_gradient_loss | -0.0502     |
|    value_loss           | 0.492       |
-----------------------------------------
-----------------------------------------
| time/                   |             |
|    fps                  | 679         |
|    iterations           | 33          |
|    time_elapsed         | 1590        |
|    total_timesteps      | 1081344     |
| train/                  |             |
|    approx_kl            | 0.043290697 |
|    clip_fraction        | 0.389       |
|    clip_range           | 0.15        |
|    entropy_loss         | -1.63       |
|    explained_variance   | 0.484       |
|    learning_rate        | 0.0003      |
|    loss                 | 0.0714      |
|    n_updates            | 960         |
|    policy_gradient_loss | -0.0451     |
|    value_loss           | 0.359       |
-----------------------------------------
-----------------------------------------
| time/                   |             |
|    fps                  | 678         |
|    iterations           | 34          |
|    time_elapsed         | 1641        |
|    total_timesteps      | 1114112     |
| train/                  |             |
|    approx_kl            | 0.045521833 |
|    clip_fraction        | 0.378       |
|    clip_range           | 0.15        |
|    entropy_loss         | -1.44       |
|    explained_variance   | 0.456       |
|    learning_rate        | 0.0003      |
|    loss                 | 0.0902      |
|    n_updates            | 990         |
|    policy_gradient_loss | -0.0374     |
|    value_loss           | 0.23        |
-----------------------------------------
-----------------------------------------
| time/                   |             |
|    fps                  | 679         |
|    iterations           | 35          |
|    time_elapsed         | 1689        |
|    total_timesteps      | 1146880     |
| train/                  |             |
|    approx_kl            | 0.042857468 |
|    clip_fraction        | 0.405       |
|    clip_range           | 0.15        |
|    entropy_loss         | -1.48       |
|    explained_variance   | 0.343       |
|    learning_rate        | 0.0003      |
|    loss                 | 0.0945      |
|    n_updates            | 1020        |
|    policy_gradient_loss | -0.043      |
|    value_loss           | 0.361       |
-----------------------------------------
-----------------------------------------
| time/                   |             |
|    fps                  | 679         |
|    iterations           | 36          |
|    time_elapsed         | 1736        |
|    total_timesteps      | 1179648     |
| train/                  |             |
|    approx_kl            | 0.046286006 |
|    clip_fraction        | 0.389       |
|    clip_range           | 0.15        |
|    entropy_loss         | -1.37       |
|    explained_variance   | 0.398       |
|    learning_rate        | 0.0003      |
|    loss                 | 0.199       |
|    n_updates            | 1050        |
|    policy_gradient_loss | -0.0401     |
|    value_loss           | 0.364       |
-----------------------------------------
----------------------------------------
| time/                   |            |
|    fps                  | 679        |
|    iterations           | 37         |
|    time_elapsed         | 1784       |
|    total_timesteps      | 1212416    |
| train/                  |            |
|    approx_kl            | 0.13592005 |
|    clip_fraction        | 0.424      |
|    clip_range           | 0.15       |
|    entropy_loss         | -1.33      |
|    explained_variance   | 0.392      |
|    learning_rate        | 0.0003     |
|    loss                 | 0.0454     |
|    n_updates            | 1080       |
|    policy_gradient_loss | -0.0389    |
|    value_loss           | 0.218      |
----------------------------------------
----------------------------------------
| time/                   |            |
|    fps                  | 679        |
|    iterations           | 38         |
|    time_elapsed         | 1831       |
|    total_timesteps      | 1245184    |
| train/                  |            |
|    approx_kl            | 0.06468947 |
|    clip_fraction        | 0.528      |
|    clip_range           | 0.15       |
|    entropy_loss         | -1.49      |
|    explained_variance   | 0.3        |
|    learning_rate        | 0.0003     |
|    loss                 | 0.117      |
|    n_updates            | 1110       |
|    policy_gradient_loss | -0.0601    |
|    value_loss           | 0.426      |
----------------------------------------
-----------------------------------------
| time/                   |             |
|    fps                  | 680         |
|    iterations           | 39          |
|    time_elapsed         | 1879        |
|    total_timesteps      | 1277952     |
| train/                  |             |
|    approx_kl            | 0.042390417 |
|    clip_fraction        | 0.443       |
|    clip_range           | 0.15        |
|    entropy_loss         | -1.43       |
|    explained_variance   | 0.605       |
|    learning_rate        | 0.0003      |
|    loss                 | 0.21        |
|    n_updates            | 1140        |
|    policy_gradient_loss | -0.0536     |
|    value_loss           | 0.452       |
-----------------------------------------
-----------------------------------------
| time/                   |             |
|    fps                  | 681         |
|    iterations           | 40          |
|    time_elapsed         | 1923        |
|    total_timesteps      | 1310720     |
| train/                  |             |
|    approx_kl            | 0.068981886 |
|    clip_fraction        | 0.44        |
|    clip_range           | 0.15        |
|    entropy_loss         | -1.34       |
|    explained_variance   | 0.627       |
|    learning_rate        | 0.0003      |
|    loss                 | 0.0305      |
|    n_updates            | 1170        |
|    policy_gradient_loss | -0.0432     |
|    value_loss           | 0.266       |
-----------------------------------------
-----------------------------------------
| time/                   |             |
|    fps                  | 682         |
|    iterations           | 41          |
|    time_elapsed         | 1968        |
|    total_timesteps      | 1343488     |
| train/                  |             |
|    approx_kl            | 0.054506544 |
|    clip_fraction        | 0.489       |
|    clip_range           | 0.15        |
|    entropy_loss         | -1.46       |
|    explained_variance   | 0.126       |
|    learning_rate        | 0.0003      |
|    loss                 | 0.142       |
|    n_updates            | 1200        |
|    policy_gradient_loss | -0.0495     |
|    value_loss           | 0.509       |
-----------------------------------------
-----------------------------------------
| time/                   |             |
|    fps                  | 682         |
|    iterations           | 42          |
|    time_elapsed         | 2016        |
|    total_timesteps      | 1376256     |
| train/                  |             |
|    approx_kl            | 0.048692808 |
|    clip_fraction        | 0.483       |
|    clip_range           | 0.15        |
|    entropy_loss         | -1.43       |
|    explained_variance   | 0.403       |
|    learning_rate        | 0.0003      |
|    loss                 | 0.0653      |
|    n_updates            | 1230        |
|    policy_gradient_loss | -0.0494     |
|    value_loss           | 0.312       |
-----------------------------------------
----------------------------------------
| time/                   |            |
|    fps                  | 682        |
|    iterations           | 43         |
|    time_elapsed         | 2063       |
|    total_timesteps      | 1409024    |
| train/                  |            |
|    approx_kl            | 0.07222357 |
|    clip_fraction        | 0.467      |
|    clip_range           | 0.15       |
|    entropy_loss         | -1.41      |
|    explained_variance   | 0.29       |
|    learning_rate        | 0.0003     |
|    loss                 | 0.036      |
|    n_updates            | 1260       |
|    policy_gradient_loss | -0.0486    |
|    value_loss           | 0.286      |
----------------------------------------
----------------------------------------
| time/                   |            |
|    fps                  | 682        |
|    iterations           | 44         |
|    time_elapsed         | 2111       |
|    total_timesteps      | 1441792    |
| train/                  |            |
|    approx_kl            | 0.05777765 |
|    clip_fraction        | 0.391      |
|    clip_range           | 0.15       |
|    entropy_loss         | -1.4       |
|    explained_variance   | 0.362      |
|    learning_rate        | 0.0003     |
|    loss                 | 0.149      |
|    n_updates            | 1290       |
|    policy_gradient_loss | -0.0438    |
|    value_loss           | 0.312      |
----------------------------------------
----------------------------------------
| time/                   |            |
|    fps                  | 683        |
|    iterations           | 45         |
|    time_elapsed         | 2158       |
|    total_timesteps      | 1474560    |
| train/                  |            |
|    approx_kl            | 0.06009315 |
|    clip_fraction        | 0.372      |
|    clip_range           | 0.15       |
|    entropy_loss         | -1.34      |
|    explained_variance   | 0.469      |
|    learning_rate        | 0.0003     |
|    loss                 | 0.0344     |
|    n_updates            | 1320       |
|    policy_gradient_loss | -0.0396    |
|    value_loss           | 0.282      |
----------------------------------------
----------------------------------------
| time/                   |            |
|    fps                  | 683        |
|    iterations           | 46         |
|    time_elapsed         | 2206       |
|    total_timesteps      | 1507328    |
| train/                  |            |
|    approx_kl            | 0.06933941 |
|    clip_fraction        | 0.4        |
|    clip_range           | 0.15       |
|    entropy_loss         | -1.31      |
|    explained_variance   | 0.234      |
|    learning_rate        | 0.0003     |
|    loss                 | 0.134      |
|    n_updates            | 1350       |
|    policy_gradient_loss | -0.0395    |
|    value_loss           | 0.298      |
----------------------------------------
-----------------------------------------
| time/                   |             |
|    fps                  | 683         |
|    iterations           | 47          |
|    time_elapsed         | 2253        |
|    total_timesteps      | 1540096     |
| train/                  |             |
|    approx_kl            | 0.034519214 |
|    clip_fraction        | 0.354       |
|    clip_range           | 0.15        |
|    entropy_loss         | -1.3        |
|    explained_variance   | 0.355       |
|    learning_rate        | 0.0003      |
|    loss                 | 0.0412      |
|    n_updates            | 1380        |
|    policy_gradient_loss | -0.0381     |
|    value_loss           | 0.229       |
-----------------------------------------
-----------------------------------------
| time/                   |             |
|    fps                  | 683         |
|    iterations           | 48          |
|    time_elapsed         | 2301        |
|    total_timesteps      | 1572864     |
| train/                  |             |
|    approx_kl            | 0.081273645 |
|    clip_fraction        | 0.443       |
|    clip_range           | 0.15        |
|    entropy_loss         | -1.36       |
|    explained_variance   | 0.395       |
|    learning_rate        | 0.0003      |
|    loss                 | 0.0298      |
|    n_updates            | 1410        |
|    policy_gradient_loss | -0.0353     |
|    value_loss           | 0.113       |
-----------------------------------------
----------------------------------------
| time/                   |            |
|    fps                  | 683        |
|    iterations           | 49         |
|    time_elapsed         | 2349       |
|    total_timesteps      | 1605632    |
| train/                  |            |
|    approx_kl            | 0.05195373 |
|    clip_fraction        | 0.467      |
|    clip_range           | 0.15       |
|    entropy_loss         | -1.52      |
|    explained_variance   | 0.258      |
|    learning_rate        | 0.0003     |
|    loss                 | 0.163      |
|    n_updates            | 1440       |
|    policy_gradient_loss | -0.0488    |
|    value_loss           | 0.406      |
----------------------------------------
-----------------------------------------
| time/                   |             |
|    fps                  | 683         |
|    iterations           | 50          |
|    time_elapsed         | 2396        |
|    total_timesteps      | 1638400     |
| train/                  |             |
|    approx_kl            | 0.049818877 |
|    clip_fraction        | 0.454       |
|    clip_range           | 0.15        |
|    entropy_loss         | -1.46       |
|    explained_variance   | 0.431       |
|    learning_rate        | 0.0003      |
|    loss                 | 0.0965      |
|    n_updates            | 1470        |
|    policy_gradient_loss | -0.0502     |
|    value_loss           | 0.394       |
-----------------------------------------
----------------------------------------
| time/                   |            |
|    fps                  | 683        |
|    iterations           | 51         |
|    time_elapsed         | 2444       |
|    total_timesteps      | 1671168    |
| train/                  |            |
|    approx_kl            | 0.06860867 |
|    clip_fraction        | 0.444      |
|    clip_range           | 0.15       |
|    entropy_loss         | -1.44      |
|    explained_variance   | 0.474      |
|    learning_rate        | 0.0003     |
|    loss                 | 0.0399     |
|    n_updates            | 1500       |
|    policy_gradient_loss | -0.0473    |
|    value_loss           | 0.32       |
----------------------------------------
-----------------------------------------
| time/                   |             |
|    fps                  | 683         |
|    iterations           | 52          |
|    time_elapsed         | 2491        |
|    total_timesteps      | 1703936     |
| train/                  |             |
|    approx_kl            | 0.041653804 |
|    clip_fraction        | 0.405       |
|    clip_range           | 0.15        |
|    entropy_loss         | -1.38       |
|    explained_variance   | 0.0865      |
|    learning_rate        | 0.0003      |
|    loss                 | 0.228       |
|    n_updates            | 1530        |
|    policy_gradient_loss | -0.0428     |
|    value_loss           | 0.652       |
-----------------------------------------
-----------------------------------------
| time/                   |             |
|    fps                  | 683         |
|    iterations           | 53          |
|    time_elapsed         | 2539        |
|    total_timesteps      | 1736704     |
| train/                  |             |
|    approx_kl            | 0.040237457 |
|    clip_fraction        | 0.405       |
|    clip_range           | 0.15        |
|    entropy_loss         | -1.31       |
|    explained_variance   | 0.331       |
|    learning_rate        | 0.0003      |
|    loss                 | 0.169       |
|    n_updates            | 1560        |
|    policy_gradient_loss | -0.0401     |
|    value_loss           | 0.453       |
-----------------------------------------
---------------------------------------
| time/                   |           |
|    fps                  | 684       |
|    iterations           | 54        |
|    time_elapsed         | 2583      |
|    total_timesteps      | 1769472   |
| train/                  |           |
|    approx_kl            | 0.0777351 |
|    clip_fraction        | 0.414     |
|    clip_range           | 0.15      |
|    entropy_loss         | -1.31     |
|    explained_variance   | 0.225     |
|    learning_rate        | 0.0003    |
|    loss                 | 0.0557    |
|    n_updates            | 1590      |
|    policy_gradient_loss | -0.0362   |
|    value_loss           | 0.243     |
---------------------------------------
----------------------------------------
| time/                   |            |
|    fps                  | 684        |
|    iterations           | 55         |
|    time_elapsed         | 2631       |
|    total_timesteps      | 1802240    |
| train/                  |            |
|    approx_kl            | 0.04602734 |
|    clip_fraction        | 0.458      |
|    clip_range           | 0.15       |
|    entropy_loss         | -1.44      |
|    explained_variance   | 0.191      |
|    learning_rate        | 0.0003     |
|    loss                 | 0.142      |
|    n_updates            | 1620       |
|    policy_gradient_loss | -0.0472    |
|    value_loss           | 0.392      |
----------------------------------------
-----------------------------------------
| time/                   |             |
|    fps                  | 684         |
|    iterations           | 56          |
|    time_elapsed         | 2679        |
|    total_timesteps      | 1835008     |
| train/                  |             |
|    approx_kl            | 0.041881885 |
|    clip_fraction        | 0.466       |
|    clip_range           | 0.15        |
|    entropy_loss         | -1.37       |
|    explained_variance   | 0.448       |
|    learning_rate        | 0.0003      |
|    loss                 | 0.123       |
|    n_updates            | 1650        |
|    policy_gradient_loss | -0.0497     |
|    value_loss           | 0.4         |
-----------------------------------------
----------------------------------------
| time/                   |            |
|    fps                  | 684        |
|    iterations           | 57         |
|    time_elapsed         | 2726       |
|    total_timesteps      | 1867776    |
| train/                  |            |
|    approx_kl            | 0.05821341 |
|    clip_fraction        | 0.41       |
|    clip_range           | 0.15       |
|    entropy_loss         | -1.32      |
|    explained_variance   | 0.222      |
|    learning_rate        | 0.0003     |
|    loss                 | 0.0843     |
|    n_updates            | 1680       |
|    policy_gradient_loss | -0.0441    |
|    value_loss           | 0.337      |
----------------------------------------
----------------------------------------
| time/                   |            |
|    fps                  | 685        |
|    iterations           | 58         |
|    time_elapsed         | 2771       |
|    total_timesteps      | 1900544    |
| train/                  |            |
|    approx_kl            | 0.06923437 |
|    clip_fraction        | 0.399      |
|    clip_range           | 0.15       |
|    entropy_loss         | -1.28      |
|    explained_variance   | 0.361      |
|    learning_rate        | 0.0003     |
|    loss                 | 0.0512     |
|    n_updates            | 1710       |
|    policy_gradient_loss | -0.0396    |
|    value_loss           | 0.212      |
----------------------------------------
-----------------------------------------
| time/                   |             |
|    fps                  | 686         |
|    iterations           | 59          |
|    time_elapsed         | 2816        |
|    total_timesteps      | 1933312     |
| train/                  |             |
|    approx_kl            | 0.038242273 |
|    clip_fraction        | 0.345       |
|    clip_range           | 0.15        |
|    entropy_loss         | -1.25       |
|    explained_variance   | 0.343       |
|    learning_rate        | 0.0003      |
|    loss                 | 0.0232      |
|    n_updates            | 1740        |
|    policy_gradient_loss | -0.0368     |
|    value_loss           | 0.175       |
-----------------------------------------
----------------------------------------
| time/                   |            |
|    fps                  | 687        |
|    iterations           | 60         |
|    time_elapsed         | 2861       |
|    total_timesteps      | 1966080    |
| train/                  |            |
|    approx_kl            | 0.03586057 |
|    clip_fraction        | 0.319      |
|    clip_range           | 0.15       |
|    entropy_loss         | -1.23      |
|    explained_variance   | 0.375      |
|    learning_rate        | 0.0003     |
|    loss                 | -0.00715   |
|    n_updates            | 1770       |
|    policy_gradient_loss | -0.031     |
|    value_loss           | 0.16       |
----------------------------------------
-----------------------------------------
| time/                   |             |
|    fps                  | 687         |
|    iterations           | 61          |
|    time_elapsed         | 2908        |
|    total_timesteps      | 1998848     |
| train/                  |             |
|    approx_kl            | 0.041961394 |
|    clip_fraction        | 0.272       |
|    clip_range           | 0.15        |
|    entropy_loss         | -1.19       |
|    explained_variance   | 0.294       |
|    learning_rate        | 0.0003      |
|    loss                 | 0.0807      |
|    n_updates            | 1800        |
|    policy_gradient_loss | -0.0287     |
|    value_loss           | 0.217       |
-----------------------------------------
----------------------------------------
| time/                   |            |
|    fps                  | 687        |
|    iterations           | 62         |
|    time_elapsed         | 2956       |
|    total_timesteps      | 2031616    |
| train/                  |            |
|    approx_kl            | 0.09074746 |
|    clip_fraction        | 0.322      |
|    clip_range           | 0.15       |
|    entropy_loss         | -1.19      |
|    explained_variance   | 0.429      |
|    learning_rate        | 0.0003     |
|    loss                 | 0.0112     |
|    n_updates            | 1830       |
|    policy_gradient_loss | -0.0264    |
|    value_loss           | 0.0868     |
----------------------------------------
____________Save learn____________
____________END____________
