____________graph name:   ./Graph/TestGraph_6.txt____________
[[[[0, 0]], 2, [3, 0], [0, 0, 0, 0]], [[[0, 0]], 2, [3, 1], [0, 0, 0, 0]], [[[0, 0]], 2, [3, 2], [0, 0, 0, 0]], [[[0, 0]], 2, [3, 3], [0, 0, 0, 0]], [[[0, 2]], 1, [0, 0, 1], [4]], [[[0, 2], [1, 2], [2, 2]], 2, [0, 0, 1], [4, 3, 4, 4]], [[[0, 3]], 1, [0, 0, 1], [3]], [[[1, 2]], 1, [0, 0, 1], [4]], [[[1, 3]], 1, [0, 0, 1], [3]], [[[2, 0]], 1, [0, 0, 1], [4]], [[[2, 0], [2, 1]], 2, [0, 0, 1], [4, 4, 4, 4]], [[[2, 0]], 3, [0, 0, 1], [4, 4, 4, 4]], [[[2, 0]], 4, [0, 0, 1], [4, 4, 4, 3]], [[[2, 1]], 1, [0, 0, 1], [4]], [[[2, 1]], 3, [0, 0, 1], [4, 4, 3, 4]], [[[2, 1]], 4, [0, 0, 1], [4, 4, 3, 3]], [[[2, 2]], 1, [0, 0, 1], [4]], [[[2, 2]], 3, [0, 0, 1], [4, 3, 3, 4]], [[[2, 2]], 4, [0, 0, 1], [4, 3, 3, 3]], [[[2, 3]], 1, [0, 0, 1], [3]], [[[2, 3], [2, 4]], 2, [0, 0, 1], [3, 3, 3, 3]], [[[2, 3]], 3, [0, 0, 1], [3, 3, 3, 3]], [[[2, 4]], 1, [0, 0, 1], [3]], [[[2, 5]], 1, [0, 0, 1], [3]], [[[3, 0]], 1, [0, 0, 1], [2]], [[[3, 0], [3, 1]], 2, [0, 0, 1], [2, 2, 2, 2]], [[[3, 0]], 3, [0, 0, 1], [2, 2, 2, 2]], [[[3, 0]], 4, [0, 0, 1], [2, 2, 2, 1]], [[[3, 1]], 1, [0, 0, 1], [2]], [[[3, 1]], 3, [0, 0, 1], [2, 2, 1, 2]], [[[3, 1]], 4, [0, 0, 1], [2, 2, 1, 1]], [[[3, 2]], 1, [0, 0, 1], [2]], [[[3, 2], [4, 2], [5, 2]], 2, [0, 0, 1], [2, 1, 2, 2]], [[[3, 2]], 3, [0, 0, 1], [2, 1, 1, 2]], [[[3, 2]], 4, [0, 0, 1], [2, 1, 1, 1]], [[[3, 3]], 1, [0, 0, 1], [1]], [[[3, 3], [3, 4]], 2, [0, 0, 1], [1, 1, 1, 1]], [[[3, 3]], 3, [0, 0, 1], [1, 1, 1, 1]], [[[3, 4]], 1, [0, 0, 1], [1]], [[[3, 5]], 1, [0, 0, 1], [1]], [[[4, 2]], 1, [0, 0, 1], [2]], [[[4, 3]], 1, [0, 0, 1], [1]], [[[5, 2]], 1, [0, 0, 1], [2]], [[[5, 3]], 1, [0, 0, 1], [1]], [[[0, 2]], 1, [0, 1, 0], [4]], [[[0, 2], [1, 2]], 2, [0, 1, 0], [4, 4, 4, 4]], [[[0, 2]], 3, [0, 1, 0], [4, 4, 4, 4]], [[[0, 2]], 4, [0, 1, 0], [4, 4, 4, 2]], [[[0, 3]], 1, [0, 1, 0], [3]], [[[0, 3], [1, 3]], 2, [0, 1, 0], [3, 3, 3, 3]], [[[0, 3]], 3, [0, 1, 0], [3, 3, 3, 3]], [[[0, 3]], 4, [0, 1, 0], [3, 3, 3, 1]], [[[1, 2]], 1, [0, 1, 0], [4]], [[[1, 2]], 3, [0, 1, 0], [4, 4, 2, 4]], [[[1, 2]], 4, [0, 1, 0], [4, 4, 2, 2]], [[[1, 3]], 1, [0, 1, 0], [3]], [[[1, 3]], 3, [0, 1, 0], [3, 3, 1, 3]], [[[1, 3]], 4, [0, 1, 0], [3, 3, 1, 1]], [[[2, 0]], 1, [0, 1, 0], [4]], [[[2, 0], [2, 1], [2, 2]], 2, [0, 1, 0], [4, 2, 4, 4]], [[[2, 1]], 1, [0, 1, 0], [4]], [[[2, 2]], 1, [0, 1, 0], [4]], [[[2, 2]], 3, [0, 1, 0], [4, 2, 2, 4]], [[[2, 2]], 4, [0, 1, 0], [4, 2, 2, 2]], [[[2, 3]], 1, [0, 1, 0], [3]], [[[2, 3], [2, 4], [2, 5]], 2, [0, 1, 0], [3, 1, 3, 3]], [[[2, 3]], 3, [0, 1, 0], [3, 1, 1, 3]], [[[2, 3]], 4, [0, 1, 0], [3, 1, 1, 1]], [[[2, 4]], 1, [0, 1, 0], [3]], [[[2, 5]], 1, [0, 1, 0], [3]], [[[3, 0]], 1, [0, 1, 0], [2]], [[[3, 1]], 1, [0, 1, 0], [2]], [[[3, 2]], 1, [0, 1, 0], [2]], [[[3, 2], [4, 2]], 2, [0, 1, 0], [2, 2, 2, 2]], [[[3, 2]], 3, [0, 1, 0], [2, 2, 2, 2]], [[[3, 3]], 1, [0, 1, 0], [1]], [[[3, 3], [4, 3]], 2, [0, 1, 0], [1, 1, 1, 1]], [[[3, 3]], 3, [0, 1, 0], [1, 1, 1, 1]], [[[3, 4]], 1, [0, 1, 0], [1]], [[[3, 5]], 1, [0, 1, 0], [1]], [[[4, 2]], 1, [0, 1, 0], [2]], [[[4, 3]], 1, [0, 1, 0], [1]], [[[5, 2]], 1, [0, 1, 0], [2]], [[[5, 3]], 1, [0, 1, 0], [1]], [[[0, 2]], 1, [0, -1, 1], [4]], [[[0, 3]], 1, [0, -1, 1], [3]], [[[1, 2]], 1, [0, -1, 1], [4]], [[[1, 2], [2, 2]], 2, [0, -1, 1], [4, 3, 4, 4]], [[[1, 3]], 1, [0, -1, 1], [3]], [[[2, 0]], 1, [0, -1, 1], [4]], [[[2, 1]], 1, [0, -1, 1], [4]], [[[2, 1]], 2, [0, -1, 1], [4, 4, 4, 4]], [[[2, 1]], 3, [0, -1, 1], [4, 4, 3, 4]], [[[2, 2]], 1, [0, -1, 1], [4]], [[[2, 3]], 1, [0, -1, 1], [3]], [[[2, 4]], 1, [0, -1, 1], [3]], [[[2, 5]], 1, [0, -1, 1], [3]], [[[3, 0]], 1, [0, -1, 1], [2]], [[[3, 0], [3, 1]], 2, [0, -1, 1], [2, 4, 2, 2]], [[[3, 0]], 3, [0, -1, 1], [2, 4, 4, 2]], [[[3, 0]], 4, [0, -1, 1], [2, 4, 4, 3]], [[[3, 1]], 1, [0, -1, 1], [2]], [[[3, 1]], 3, [0, -1, 1], [2, 4, 3, 2]], [[[3, 2]], 1, [0, -1, 1], [2]], [[[3, 2]], 2, [0, -1, 1], [2, 3, 2, 2]], [[[3, 3]], 1, [0, -1, 1], [1]], [[[3, 3], [3, 4]], 2, [0, -1, 1], [1, 3, 1, 1]], [[[3, 4]], 1, [0, -1, 1], [1]], [[[3, 5]], 1, [0, -1, 1], [1]], [[[4, 2]], 1, [0, -1, 1], [2]], [[[4, 2], [5, 2]], 2, [0, -1, 1], [2, 1, 2, 2]], [[[4, 2]], 3, [0, -1, 1], [2, 1, 3, 2]], [[[4, 3]], 1, [0, -1, 1], [1]], [[[4, 3]], 2, [0, -1, 1], [1, 1, 1, 1]], [[[4, 3]], 3, [0, -1, 1], [1, 1, 3, 1]], [[[5, 2]], 1, [0, -1, 1], [2]], [[[5, 2]], 3, [0, -1, 1], [2, 1, 1, 2]], [[[5, 2]], 4, [0, -1, 1], [2, 1, 1, 3]], [[[5, 3]], 1, [0, -1, 1], [1]], [[[0, 2]], 1, [0, -1, -1], [4]], [[[0, 3]], 1, [0, -1, -1], [3]], [[[1, 2]], 1, [0, -1, -1], [4]], [[[1, 3]], 1, [0, -1, -1], [3]], [[[1, 3], [2, 3]], 2, [0, -1, -1], [3, 4, 3, 3]], [[[2, 0]], 1, [0, -1, -1], [4]], [[[2, 1]], 1, [0, -1, -1], [4]], [[[2, 2]], 1, [0, -1, -1], [4]], [[[2, 3]], 1, [0, -1, -1], [3]], [[[2, 4]], 1, [0, -1, -1], [3]], [[[2, 4]], 2, [0, -1, -1], [3, 3, 3, 3]], [[[2, 4]], 3, [0, -1, -1], [3, 3, 4, 3]], [[[2, 5]], 1, [0, -1, -1], [3]], [[[3, 0]], 1, [0, -1, -1], [2]], [[[3, 1]], 1, [0, -1, -1], [2]], [[[3, 1], [3, 2]], 2, [0, -1, -1], [2, 4, 2, 2]], [[[3, 2]], 1, [0, -1, -1], [2]], [[[3, 3]], 1, [0, -1, -1], [1]], [[[3, 3]], 2, [0, -1, -1], [1, 4, 1, 1]], [[[3, 4]], 1, [0, -1, -1], [1]], [[[3, 4], [3, 5]], 2, [0, -1, -1], [1, 3, 1, 1]], [[[3, 4]], 3, [0, -1, -1], [1, 3, 4, 1]], [[[3, 5]], 1, [0, -1, -1], [1]], [[[3, 5]], 3, [0, -1, -1], [1, 3, 3, 1]], [[[3, 5]], 4, [0, -1, -1], [1, 3, 3, 4]], [[[4, 2]], 1, [0, -1, -1], [2]], [[[4, 2]], 2, [0, -1, -1], [2, 2, 2, 2]], [[[4, 2]], 3, [0, -1, -1], [2, 2, 4, 2]], [[[4, 3]], 1, [0, -1, -1], [1]], [[[4, 3], [5, 3]], 2, [0, -1, -1], [1, 2, 1, 1]], [[[4, 3]], 3, [0, -1, -1], [1, 2, 4, 1]], [[[5, 2]], 1, [0, -1, -1], [2]], [[[5, 3]], 1, [0, -1, -1], [1]], [[[5, 3]], 3, [0, -1, -1], [1, 2, 2, 1]], [[[5, 3]], 4, [0, -1, -1], [1, 2, 2, 4]], [[[1, 2], [2, 2]], 6, [2, 0, 1, -1, 0, 0, -1], [4, 3, 3, 4]], [[[3, 0], [3, 1]], 6, [2, 0, 1, -1, 0, 0, -1], [2, 2, 4, 4]], [[[3, 2]], 6, [2, 0, 1, -1, 0, 0, -1], [2, 1, 3, 4]], [[[3, 3], [3, 4]], 6, [2, 0, 1, -1, 0, 0, -1], [1, 1, 3, 3]], [[[4, 2], [5, 2]], 6, [2, 0, 1, -1, 0, 0, -1], [2, 1, 1, 2]], [[[5, 2]], 6, [2, -1, 0, -1, 0, 0, -1, 0, -1], [2, 2, 2, 2]], [[[5, 3]], 6, [2, -1, 0, -1, 0, 0, 1, 0, 1], [1, 1, 1, 1]], [[[2, 5]], 6, [2, 0, -1, 0, -1, -1, 0, -1, 0], [3, 3, 3, 3]], [[[2, 0]], 6, [2, 0, 1, 0, 1, -1, 0, -1, 0], [4, 4, 4, 4]], [[[0, 2]], 1, [0, -1, 1, 1, 1], [4]], [[[0, 3]], 1, [0, -1, 1, 1, 1], [3]], [[[1, 2]], 1, [0, -1, 1, 1, 1], [4]], [[[1, 2], [2, 2]], 2, [0, -1, 1, 1, 1], [4, 3, 4, 4]], [[[1, 3]], 1, [0, -1, 1, 1, 1], [3]], [[[2, 0]], 1, [0, -1, 1, 1, 1], [4]], [[[2, 1]], 1, [0, -1, 1, 1, 1], [4]], [[[2, 1]], 2, [0, -1, 1, 1, 1], [4, 4, 4, 4]], [[[2, 1]], 3, [0, -1, 1, 1, 1], [4, 4, 3, 4]], [[[2, 2]], 1, [0, -1, 1, 1, 1], [4]], [[[2, 2]], 3, [0, -1, 1, 1, 1], [4, 3, 3, 4]], [[[2, 3]], 1, [0, -1, 1, 1, 1], [3]], [[[2, 4]], 1, [0, -1, 1, 1, 1], [3]], [[[2, 5]], 1, [0, -1, 1, 1, 1], [3]], [[[3, 0]], 1, [0, -1, 1, 1, 1], [2]], [[[3, 0], [3, 1]], 2, [0, -1, 1, 1, 1], [2, 4, 2, 2]], [[[3, 0]], 3, [0, -1, 1, 1, 1], [2, 4, 2, 2]], [[[3, 0]], 4, [0, -1, 1, 1, 1], [2, 4, 2, 3]], [[[3, 1]], 1, [0, -1, 1, 1, 1], [2]], [[[3, 1]], 3, [0, -1, 1, 1, 1], [2, 4, 1, 2]], [[[3, 1]], 4, [0, -1, 1, 1, 1], [2, 4, 1, 3]], [[[3, 2]], 1, [0, -1, 1, 1, 1], [2]], [[[3, 2]], 2, [0, -1, 1, 1, 1], [2, 3, 2, 2]], [[[3, 2]], 3, [0, -1, 1, 1, 1], [2, 3, 1, 2]], [[[3, 2]], 4, [0, -1, 1, 1, 1], [2, 3, 1, 3]], [[[3, 3]], 1, [0, -1, 1, 1, 1], [1]], [[[3, 3], [3, 4]], 2, [0, -1, 1, 1, 1], [1, 3, 1, 1]], [[[3, 3]], 3, [0, -1, 1, 1, 1], [1, 3, 1, 1]], [[[3, 4]], 1, [0, -1, 1, 1, 1], [1]], [[[3, 5]], 1, [0, -1, 1, 1, 1], [1]], [[[4, 2]], 1, [0, -1, 1, 1, 1], [2]], [[[4, 2], [5, 2]], 2, [0, -1, 1, 1, 1], [2, 1, 2, 2]], [[[4, 3]], 1, [0, -1, 1, 1, 1], [1]], [[[4, 3]], 2, [0, -1, 1, 1, 1], [1, 1, 1, 1]], [[[5, 2]], 1, [0, -1, 1, 1, 1], [2]], [[[5, 3]], 1, [0, -1, 1, 1, 1], [1]], [[[0, 2]], 1, [0, 1, 1, -1, 1], [4]], [[[0, 2], [1, 2]], 2, [0, 1, 1, -1, 1], [4, 3, 4, 4]], [[[0, 3]], 1, [0, 1, 1, -1, 1], [3]], [[[1, 2]], 1, [0, 1, 1, -1, 1], [4]], [[[1, 3]], 1, [0, 1, 1, -1, 1], [3]], [[[1, 3]], 2, [0, 1, 1, -1, 1], [3, 3, 3, 3]], [[[2, 0]], 1, [0, 1, 1, -1, 1], [4]], [[[2, 0], [2, 1]], 2, [0, 1, 1, -1, 1], [4, 2, 4, 4]], [[[2, 0]], 3, [0, 1, 1, -1, 1], [4, 2, 4, 4]], [[[2, 0]], 4, [0, 1, 1, -1, 1], [4, 2, 4, 1]], [[[2, 1]], 1, [0, 1, 1, -1, 1], [4]], [[[2, 1]], 3, [0, 1, 1, -1, 1], [4, 2, 3, 4]], [[[2, 1]], 4, [0, 1, 1, -1, 1], [4, 2, 3, 1]], [[[2, 2]], 1, [0, 1, 1, -1, 1], [4]], [[[2, 2]], 2, [0, 1, 1, -1, 1], [4, 1, 4, 4]], [[[2, 2]], 3, [0, 1, 1, -1, 1], [4, 1, 3, 4]], [[[2, 2]], 4, [0, 1, 1, -1, 1], [4, 1, 3, 1]], [[[2, 3]], 1, [0, 1, 1, -1, 1], [3]], [[[2, 3], [2, 4]], 2, [0, 1, 1, -1, 1], [3, 1, 3, 3]], [[[2, 3]], 3, [0, 1, 1, -1, 1], [3, 1, 3, 3]], [[[2, 4]], 1, [0, 1, 1, -1, 1], [3]], [[[2, 5]], 1, [0, 1, 1, -1, 1], [3]], [[[3, 0]], 1, [0, 1, 1, -1, 1], [2]], [[[3, 1]], 1, [0, 1, 1, -1, 1], [2]], [[[3, 1]], 2, [0, 1, 1, -1, 1], [2, 2, 2, 2]], [[[3, 1]], 3, [0, 1, 1, -1, 1], [2, 2, 1, 2]], [[[3, 2]], 1, [0, 1, 1, -1, 1], [2]], [[[3, 2], [4, 2]], 2, [0, 1, 1, -1, 1], [2, 1, 2, 2]], [[[3, 2]], 3, [0, 1, 1, -1, 1], [2, 1, 1, 2]], [[[3, 3]], 1, [0, 1, 1, -1, 1], [1]], [[[3, 4]], 1, [0, 1, 1, -1, 1], [1]], [[[3, 5]], 1, [0, 1, 1, -1, 1], [1]], [[[4, 2]], 1, [0, 1, 1, -1, 1], [2]], [[[4, 3]], 1, [0, 1, 1, -1, 1], [1]], [[[5, 2]], 1, [0, 1, 1, -1, 1], [2]], [[[5, 3]], 1, [0, 1, 1, -1, 1], [1]], [[[0, 2]], 1, [1, 1, 1, 1, -1], [4]], [[[0, 2], [1, 2]], 2, [1, 1, 1, 1, -1], [4, 3, 4, 4]], [[[0, 2]], 3, [1, 1, 1, 1, -1], [4, 3, 4, 4]], [[[0, 2]], 4, [1, 1, 1, 1, -1], [4, 3, 4, 1]], [[[0, 3]], 1, [1, 1, 1, 1, -1], [3]], [[[1, 2]], 1, [1, 1, 1, 1, -1], [4]], [[[1, 2]], 3, [1, 1, 1, 1, -1], [4, 3, 2, 4]], [[[1, 2]], 4, [1, 1, 1, 1, -1], [4, 3, 2, 1]], [[[1, 3]], 1, [1, 1, 1, 1, -1], [3]], [[[1, 3]], 2, [1, 1, 1, 1, -1], [3, 3, 3, 3]], [[[1, 3]], 3, [1, 1, 1, 1, -1], [3, 3, 1, 3]], [[[2, 0]], 1, [1, 1, 1, 1, -1], [4]], [[[2, 0], [2, 1]], 2, [1, 1, 1, 1, -1], [4, 2, 4, 4]], [[[2, 1]], 1, [1, 1, 1, 1, -1], [4]], [[[2, 2]], 1, [1, 1, 1, 1, -1], [4]], [[[2, 2]], 2, [1, 1, 1, 1, -1], [4, 1, 4, 4]], [[[2, 2]], 3, [1, 1, 1, 1, -1], [4, 1, 2, 4]], [[[2, 2]], 4, [1, 1, 1, 1, -1], [4, 1, 2, 1]], [[[2, 3]], 1, [1, 1, 1, 1, -1], [3]], [[[2, 3], [2, 4]], 2, [1, 1, 1, 1, -1], [3, 1, 3, 3]], [[[2, 3]], 3, [1, 1, 1, 1, -1], [3, 1, 1, 3]], [[[2, 4]], 1, [1, 1, 1, 1, -1], [3]], [[[2, 5]], 1, [1, 1, 1, 1, -1], [3]], [[[3, 0]], 1, [1, 1, 1, 1, -1], [2]], [[[3, 1]], 1, [1, 1, 1, 1, -1], [2]], [[[3, 1]], 2, [1, 1, 1, 1, -1], [2, 2, 2, 2]], [[[3, 2]], 1, [1, 1, 1, 1, -1], [2]], [[[3, 2], [4, 2]], 2, [1, 1, 1, 1, -1], [2, 1, 2, 2]], [[[3, 2]], 3, [1, 1, 1, 1, -1], [2, 1, 2, 2]], [[[3, 3]], 1, [1, 1, 1, 1, -1], [1]], [[[3, 4]], 1, [1, 1, 1, 1, -1], [1]], [[[3, 5]], 1, [1, 1, 1, 1, -1], [1]], [[[4, 2]], 1, [1, 1, 1, 1, -1], [2]], [[[4, 3]], 1, [1, 1, 1, 1, -1], [1]], [[[5, 2]], 1, [1, 1, 1, 1, -1], [2]], [[[5, 3]], 1, [1, 1, 1, 1, -1], [1]], [[[0, 2]], 1, [1, 1, -1, 1, 1], [4]], [[[0, 3]], 1, [1, 1, -1, 1, 1], [3]], [[[0, 3], [1, 3]], 2, [1, 1, -1, 1, 1], [3, 4, 3, 3]], [[[0, 3]], 3, [1, 1, -1, 1, 1], [3, 4, 3, 3]], [[[0, 3]], 4, [1, 1, -1, 1, 1], [3, 4, 3, 2]], [[[1, 2]], 1, [1, 1, -1, 1, 1], [4]], [[[1, 2]], 2, [1, 1, -1, 1, 1], [4, 4, 4, 4]], [[[1, 2]], 3, [1, 1, -1, 1, 1], [4, 4, 2, 4]], [[[1, 3]], 1, [1, 1, -1, 1, 1], [3]], [[[1, 3]], 3, [1, 1, -1, 1, 1], [3, 4, 1, 3]], [[[1, 3]], 4, [1, 1, -1, 1, 1], [3, 4, 1, 2]], [[[2, 0]], 1, [1, 1, -1, 1, 1], [4]], [[[2, 1]], 1, [1, 1, -1, 1, 1], [4]], [[[2, 1], [2, 2]], 2, [1, 1, -1, 1, 1], [4, 2, 4, 4]], [[[2, 2]], 1, [1, 1, -1, 1, 1], [4]], [[[2, 2]], 3, [1, 1, -1, 1, 1], [4, 2, 2, 4]], [[[2, 3]], 1, [1, 1, -1, 1, 1], [3]], [[[2, 3]], 2, [1, 1, -1, 1, 1], [3, 2, 3, 3]], [[[2, 3]], 3, [1, 1, -1, 1, 1], [3, 2, 1, 3]], [[[2, 3]], 4, [1, 1, -1, 1, 1], [3, 2, 1, 2]], [[[2, 4]], 1, [1, 1, -1, 1, 1], [3]], [[[2, 4], [2, 5]], 2, [1, 1, -1, 1, 1], [3, 1, 3, 3]], [[[2, 5]], 1, [1, 1, -1, 1, 1], [3]], [[[3, 0]], 1, [1, 1, -1, 1, 1], [2]], [[[3, 1]], 1, [1, 1, -1, 1, 1], [2]], [[[3, 2]], 1, [1, 1, -1, 1, 1], [2]], [[[3, 3]], 1, [1, 1, -1, 1, 1], [1]], [[[3, 3], [4, 3]], 2, [1, 1, -1, 1, 1], [1, 2, 1, 1]], [[[3, 3]], 3, [1, 1, -1, 1, 1], [1, 2, 1, 1]], [[[3, 4]], 1, [1, 1, -1, 1, 1], [1]], [[[3, 4]], 2, [1, 1, -1, 1, 1], [1, 1, 1, 1]], [[[3, 5]], 1, [1, 1, -1, 1, 1], [1]], [[[4, 2]], 1, [1, 1, -1, 1, 1], [2]], [[[4, 3]], 1, [1, 1, -1, 1, 1], [1]], [[[5, 2]], 1, [1, 1, -1, 1, 1], [2]], [[[5, 3]], 1, [1, 1, -1, 1, 1], [1]]]
____________created env____________
Using cuda device
____________start learn____________
Logging to logs/log_PPO_graph_6_0
------------------------------
| time/              |       |
|    fps             | 2726  |
|    iterations      | 1     |
|    time_elapsed    | 12    |
|    total_timesteps | 32768 |
------------------------------
-----------------------------------------
| time/                   |             |
|    fps                  | 1024        |
|    iterations           | 2           |
|    time_elapsed         | 63          |
|    total_timesteps      | 65536       |
| train/                  |             |
|    approx_kl            | 0.015225336 |
|    clip_fraction        | 0.326       |
|    clip_range           | 0.15        |
|    entropy_loss         | -5.72       |
|    explained_variance   | 0.00106     |
|    learning_rate        | 0.0003      |
|    loss                 | 2.01        |
|    n_updates            | 30          |
|    policy_gradient_loss | -0.0399     |
|    value_loss           | 4.25        |
-----------------------------------------
-----------------------------------------
| time/                   |             |
|    fps                  | 848         |
|    iterations           | 3           |
|    time_elapsed         | 115         |
|    total_timesteps      | 98304       |
| train/                  |             |
|    approx_kl            | 0.018704137 |
|    clip_fraction        | 0.382       |
|    clip_range           | 0.15        |
|    entropy_loss         | -5.69       |
|    explained_variance   | 0.114       |
|    learning_rate        | 0.0003      |
|    loss                 | 3.5         |
|    n_updates            | 60          |
|    policy_gradient_loss | -0.0488     |
|    value_loss           | 7.04        |
-----------------------------------------
-----------------------------------------
| time/                   |             |
|    fps                  | 781         |
|    iterations           | 4           |
|    time_elapsed         | 167         |
|    total_timesteps      | 131072      |
| train/                  |             |
|    approx_kl            | 0.020411734 |
|    clip_fraction        | 0.423       |
|    clip_range           | 0.15        |
|    entropy_loss         | -5.66       |
|    explained_variance   | 0.239       |
|    learning_rate        | 0.0003      |
|    loss                 | 3.51        |
|    n_updates            | 90          |
|    policy_gradient_loss | -0.0539     |
|    value_loss           | 6.47        |
-----------------------------------------
----------------------------------------
| time/                   |            |
|    fps                  | 745        |
|    iterations           | 5          |
|    time_elapsed         | 219        |
|    total_timesteps      | 163840     |
| train/                  |            |
|    approx_kl            | 0.02240562 |
|    clip_fraction        | 0.448      |
|    clip_range           | 0.15       |
|    entropy_loss         | -5.62      |
|    explained_variance   | 0.329      |
|    learning_rate        | 0.0003     |
|    loss                 | 2.54       |
|    n_updates            | 120        |
|    policy_gradient_loss | -0.0576    |
|    value_loss           | 5.18       |
----------------------------------------
-----------------------------------------
| time/                   |             |
|    fps                  | 723         |
|    iterations           | 6           |
|    time_elapsed         | 271         |
|    total_timesteps      | 196608      |
| train/                  |             |
|    approx_kl            | 0.024246398 |
|    clip_fraction        | 0.478       |
|    clip_range           | 0.15        |
|    entropy_loss         | -5.57       |
|    explained_variance   | 0.333       |
|    learning_rate        | 0.0003      |
|    loss                 | 1.86        |
|    n_updates            | 150         |
|    policy_gradient_loss | -0.0631     |
|    value_loss           | 3.83        |
-----------------------------------------
-----------------------------------------
| time/                   |             |
|    fps                  | 708         |
|    iterations           | 7           |
|    time_elapsed         | 323         |
|    total_timesteps      | 229376      |
| train/                  |             |
|    approx_kl            | 0.028923366 |
|    clip_fraction        | 0.516       |
|    clip_range           | 0.15        |
|    entropy_loss         | -5.5        |
|    explained_variance   | 0.311       |
|    learning_rate        | 0.0003      |
|    loss                 | 1.27        |
|    n_updates            | 180         |
|    policy_gradient_loss | -0.0678     |
|    value_loss           | 2.57        |
-----------------------------------------
-----------------------------------------
| time/                   |             |
|    fps                  | 698         |
|    iterations           | 8           |
|    time_elapsed         | 375         |
|    total_timesteps      | 262144      |
| train/                  |             |
|    approx_kl            | 0.028984174 |
|    clip_fraction        | 0.524       |
|    clip_range           | 0.15        |
|    entropy_loss         | -5.42       |
|    explained_variance   | 0.31        |
|    learning_rate        | 0.0003      |
|    loss                 | 1.1         |
|    n_updates            | 210         |
|    policy_gradient_loss | -0.0685     |
|    value_loss           | 1.83        |
-----------------------------------------
-----------------------------------------
| time/                   |             |
|    fps                  | 689         |
|    iterations           | 9           |
|    time_elapsed         | 427         |
|    total_timesteps      | 294912      |
| train/                  |             |
|    approx_kl            | 0.031765126 |
|    clip_fraction        | 0.537       |
|    clip_range           | 0.15        |
|    entropy_loss         | -5.32       |
|    explained_variance   | 0.26        |
|    learning_rate        | 0.0003      |
|    loss                 | 0.356       |
|    n_updates            | 240         |
|    policy_gradient_loss | -0.0693     |
|    value_loss           | 1.23        |
-----------------------------------------
-----------------------------------------
| time/                   |             |
|    fps                  | 683         |
|    iterations           | 10          |
|    time_elapsed         | 479         |
|    total_timesteps      | 327680      |
| train/                  |             |
|    approx_kl            | 0.031020565 |
|    clip_fraction        | 0.527       |
|    clip_range           | 0.15        |
|    entropy_loss         | -5.21       |
|    explained_variance   | 0.251       |
|    learning_rate        | 0.0003      |
|    loss                 | 0.266       |
|    n_updates            | 270         |
|    policy_gradient_loss | -0.0686     |
|    value_loss           | 0.77        |
-----------------------------------------
-----------------------------------------
| time/                   |             |
|    fps                  | 678         |
|    iterations           | 11          |
|    time_elapsed         | 531         |
|    total_timesteps      | 360448      |
| train/                  |             |
|    approx_kl            | 0.030452836 |
|    clip_fraction        | 0.511       |
|    clip_range           | 0.15        |
|    entropy_loss         | -5.11       |
|    explained_variance   | 0.236       |
|    learning_rate        | 0.0003      |
|    loss                 | 0.0784      |
|    n_updates            | 300         |
|    policy_gradient_loss | -0.0656     |
|    value_loss           | 0.502       |
-----------------------------------------
-----------------------------------------
| time/                   |             |
|    fps                  | 673         |
|    iterations           | 12          |
|    time_elapsed         | 583         |
|    total_timesteps      | 393216      |
| train/                  |             |
|    approx_kl            | 0.031118758 |
|    clip_fraction        | 0.502       |
|    clip_range           | 0.15        |
|    entropy_loss         | -5          |
|    explained_variance   | 0.135       |
|    learning_rate        | 0.0003      |
|    loss                 | 0.0245      |
|    n_updates            | 330         |
|    policy_gradient_loss | -0.0632     |
|    value_loss           | 0.403       |
-----------------------------------------
----------------------------------------
| time/                   |            |
|    fps                  | 670        |
|    iterations           | 13         |
|    time_elapsed         | 635        |
|    total_timesteps      | 425984     |
| train/                  |            |
|    approx_kl            | 0.03006684 |
|    clip_fraction        | 0.496      |
|    clip_range           | 0.15       |
|    entropy_loss         | -4.9       |
|    explained_variance   | 0.127      |
|    learning_rate        | 0.0003     |
|    loss                 | 0.0149     |
|    n_updates            | 360        |
|    policy_gradient_loss | -0.0608    |
|    value_loss           | 0.317      |
----------------------------------------
-----------------------------------------
| time/                   |             |
|    fps                  | 667         |
|    iterations           | 14          |
|    time_elapsed         | 686         |
|    total_timesteps      | 458752      |
| train/                  |             |
|    approx_kl            | 0.029418524 |
|    clip_fraction        | 0.484       |
|    clip_range           | 0.15        |
|    entropy_loss         | -4.8        |
|    explained_variance   | 0.0847      |
|    learning_rate        | 0.0003      |
|    loss                 | 0.0549      |
|    n_updates            | 390         |
|    policy_gradient_loss | -0.0573     |
|    value_loss           | 0.271       |
-----------------------------------------
-----------------------------------------
| time/                   |             |
|    fps                  | 665         |
|    iterations           | 15          |
|    time_elapsed         | 738         |
|    total_timesteps      | 491520      |
| train/                  |             |
|    approx_kl            | 0.028904727 |
|    clip_fraction        | 0.492       |
|    clip_range           | 0.15        |
|    entropy_loss         | -4.71       |
|    explained_variance   | 0.0755      |
|    learning_rate        | 0.0003      |
|    loss                 | 0.0769      |
|    n_updates            | 420         |
|    policy_gradient_loss | -0.0527     |
|    value_loss           | 0.276       |
-----------------------------------------
----------------------------------------
| time/                   |            |
|    fps                  | 664        |
|    iterations           | 16         |
|    time_elapsed         | 789        |
|    total_timesteps      | 524288     |
| train/                  |            |
|    approx_kl            | 0.03024465 |
|    clip_fraction        | 0.501      |
|    clip_range           | 0.15       |
|    entropy_loss         | -4.61      |
|    explained_variance   | 0.0679     |
|    learning_rate        | 0.0003     |
|    loss                 | 0.0164     |
|    n_updates            | 450        |
|    policy_gradient_loss | -0.0506    |
|    value_loss           | 0.311      |
----------------------------------------
-----------------------------------------
| time/                   |             |
|    fps                  | 662         |
|    iterations           | 17          |
|    time_elapsed         | 840         |
|    total_timesteps      | 557056      |
| train/                  |             |
|    approx_kl            | 0.030451324 |
|    clip_fraction        | 0.514       |
|    clip_range           | 0.15        |
|    entropy_loss         | -4.52       |
|    explained_variance   | 0.0918      |
|    learning_rate        | 0.0003      |
|    loss                 | 0.0861      |
|    n_updates            | 480         |
|    policy_gradient_loss | -0.049      |
|    value_loss           | 0.368       |
-----------------------------------------
-----------------------------------------
| time/                   |             |
|    fps                  | 661         |
|    iterations           | 18          |
|    time_elapsed         | 891         |
|    total_timesteps      | 589824      |
| train/                  |             |
|    approx_kl            | 0.030277885 |
|    clip_fraction        | 0.517       |
|    clip_range           | 0.15        |
|    entropy_loss         | -4.41       |
|    explained_variance   | 0.114       |
|    learning_rate        | 0.0003      |
|    loss                 | 0.15        |
|    n_updates            | 510         |
|    policy_gradient_loss | -0.0494     |
|    value_loss           | 0.475       |
-----------------------------------------
-----------------------------------------
| time/                   |             |
|    fps                  | 660         |
|    iterations           | 19          |
|    time_elapsed         | 942         |
|    total_timesteps      | 622592      |
| train/                  |             |
|    approx_kl            | 0.029807504 |
|    clip_fraction        | 0.516       |
|    clip_range           | 0.15        |
|    entropy_loss         | -4.31       |
|    explained_variance   | 0.153       |
|    learning_rate        | 0.0003      |
|    loss                 | 0.229       |
|    n_updates            | 540         |
|    policy_gradient_loss | -0.0501     |
|    value_loss           | 0.64        |
-----------------------------------------
-----------------------------------------
| time/                   |             |
|    fps                  | 659         |
|    iterations           | 20          |
|    time_elapsed         | 993         |
|    total_timesteps      | 655360      |
| train/                  |             |
|    approx_kl            | 0.028854772 |
|    clip_fraction        | 0.521       |
|    clip_range           | 0.15        |
|    entropy_loss         | -4.17       |
|    explained_variance   | 0.199       |
|    learning_rate        | 0.0003      |
|    loss                 | 0.381       |
|    n_updates            | 570         |
|    policy_gradient_loss | -0.0534     |
|    value_loss           | 0.844       |
-----------------------------------------
-----------------------------------------
| time/                   |             |
|    fps                  | 660         |
|    iterations           | 21          |
|    time_elapsed         | 1041        |
|    total_timesteps      | 688128      |
| train/                  |             |
|    approx_kl            | 0.029618604 |
|    clip_fraction        | 0.528       |
|    clip_range           | 0.15        |
|    entropy_loss         | -4          |
|    explained_variance   | 0.25        |
|    learning_rate        | 0.0003      |
|    loss                 | 0.262       |
|    n_updates            | 600         |
|    policy_gradient_loss | -0.0554     |
|    value_loss           | 1.03        |
-----------------------------------------
-----------------------------------------
| time/                   |             |
|    fps                  | 661         |
|    iterations           | 22          |
|    time_elapsed         | 1089        |
|    total_timesteps      | 720896      |
| train/                  |             |
|    approx_kl            | 0.029266423 |
|    clip_fraction        | 0.538       |
|    clip_range           | 0.15        |
|    entropy_loss         | -3.8        |
|    explained_variance   | 0.293       |
|    learning_rate        | 0.0003      |
|    loss                 | 0.532       |
|    n_updates            | 630         |
|    policy_gradient_loss | -0.0566     |
|    value_loss           | 1.18        |
-----------------------------------------
-----------------------------------------
| time/                   |             |
|    fps                  | 662         |
|    iterations           | 23          |
|    time_elapsed         | 1136        |
|    total_timesteps      | 753664      |
| train/                  |             |
|    approx_kl            | 0.030181322 |
|    clip_fraction        | 0.541       |
|    clip_range           | 0.15        |
|    entropy_loss         | -3.55       |
|    explained_variance   | 0.34        |
|    learning_rate        | 0.0003      |
|    loss                 | 0.639       |
|    n_updates            | 660         |
|    policy_gradient_loss | -0.0577     |
|    value_loss           | 1.24        |
-----------------------------------------
----------------------------------------
| time/                   |            |
|    fps                  | 664        |
|    iterations           | 24         |
|    time_elapsed         | 1184       |
|    total_timesteps      | 786432     |
| train/                  |            |
|    approx_kl            | 0.03156773 |
|    clip_fraction        | 0.551      |
|    clip_range           | 0.15       |
|    entropy_loss         | -3.24      |
|    explained_variance   | 0.389      |
|    learning_rate        | 0.0003     |
|    loss                 | 0.54       |
|    n_updates            | 690        |
|    policy_gradient_loss | -0.0591    |
|    value_loss           | 1.21       |
----------------------------------------
----------------------------------------
| time/                   |            |
|    fps                  | 664        |
|    iterations           | 25         |
|    time_elapsed         | 1231       |
|    total_timesteps      | 819200     |
| train/                  |            |
|    approx_kl            | 0.03336569 |
|    clip_fraction        | 0.525      |
|    clip_range           | 0.15       |
|    entropy_loss         | -2.91      |
|    explained_variance   | 0.431      |
|    learning_rate        | 0.0003     |
|    loss                 | 0.416      |
|    n_updates            | 720        |
|    policy_gradient_loss | -0.0592    |
|    value_loss           | 1.05       |
----------------------------------------
----------------------------------------
| time/                   |            |
|    fps                  | 665        |
|    iterations           | 26         |
|    time_elapsed         | 1279       |
|    total_timesteps      | 851968     |
| train/                  |            |
|    approx_kl            | 0.03657545 |
|    clip_fraction        | 0.505      |
|    clip_range           | 0.15       |
|    entropy_loss         | -2.58      |
|    explained_variance   | 0.437      |
|    learning_rate        | 0.0003     |
|    loss                 | 0.428      |
|    n_updates            | 750        |
|    policy_gradient_loss | -0.0578    |
|    value_loss           | 0.798      |
----------------------------------------
-----------------------------------------
| time/                   |             |
|    fps                  | 666         |
|    iterations           | 27          |
|    time_elapsed         | 1327        |
|    total_timesteps      | 884736      |
| train/                  |             |
|    approx_kl            | 0.038192596 |
|    clip_fraction        | 0.489       |
|    clip_range           | 0.15        |
|    entropy_loss         | -2.26       |
|    explained_variance   | 0.426       |
|    learning_rate        | 0.0003      |
|    loss                 | 0.182       |
|    n_updates            | 780         |
|    policy_gradient_loss | -0.0554     |
|    value_loss           | 0.618       |
-----------------------------------------
-----------------------------------------
| time/                   |             |
|    fps                  | 667         |
|    iterations           | 28          |
|    time_elapsed         | 1375        |
|    total_timesteps      | 917504      |
| train/                  |             |
|    approx_kl            | 0.034039155 |
|    clip_fraction        | 0.428       |
|    clip_range           | 0.15        |
|    entropy_loss         | -1.97       |
|    explained_variance   | 0.357       |
|    learning_rate        | 0.0003      |
|    loss                 | 0.155       |
|    n_updates            | 810         |
|    policy_gradient_loss | -0.0487     |
|    value_loss           | 0.535       |
-----------------------------------------
----------------------------------------
| time/                   |            |
|    fps                  | 667        |
|    iterations           | 29         |
|    time_elapsed         | 1423       |
|    total_timesteps      | 950272     |
| train/                  |            |
|    approx_kl            | 0.08737604 |
|    clip_fraction        | 0.431      |
|    clip_range           | 0.15       |
|    entropy_loss         | -1.72      |
|    explained_variance   | 0.413      |
|    learning_rate        | 0.0003     |
|    loss                 | 0.16       |
|    n_updates            | 840        |
|    policy_gradient_loss | -0.0491    |
|    value_loss           | 0.35       |
----------------------------------------
----------------------------------------
| time/                   |            |
|    fps                  | 668        |
|    iterations           | 30         |
|    time_elapsed         | 1471       |
|    total_timesteps      | 983040     |
| train/                  |            |
|    approx_kl            | 0.03622439 |
|    clip_fraction        | 0.374      |
|    clip_range           | 0.15       |
|    entropy_loss         | -1.65      |
|    explained_variance   | 0.199      |
|    learning_rate        | 0.0003     |
|    loss                 | 0.069      |
|    n_updates            | 870        |
|    policy_gradient_loss | -0.0363    |
|    value_loss           | 0.358      |
----------------------------------------
-----------------------------------------
| time/                   |             |
|    fps                  | 668         |
|    iterations           | 31          |
|    time_elapsed         | 1519        |
|    total_timesteps      | 1015808     |
| train/                  |             |
|    approx_kl            | 0.029858135 |
|    clip_fraction        | 0.373       |
|    clip_range           | 0.15        |
|    entropy_loss         | -1.66       |
|    explained_variance   | 0.257       |
|    learning_rate        | 0.0003      |
|    loss                 | 0.125       |
|    n_updates            | 900         |
|    policy_gradient_loss | -0.0398     |
|    value_loss           | 0.508       |
-----------------------------------------
----------------------------------------
| time/                   |            |
|    fps                  | 667        |
|    iterations           | 32         |
|    time_elapsed         | 1570       |
|    total_timesteps      | 1048576    |
| train/                  |            |
|    approx_kl            | 0.06849719 |
|    clip_fraction        | 0.483      |
|    clip_range           | 0.15       |
|    entropy_loss         | -1.65      |
|    explained_variance   | 0.327      |
|    learning_rate        | 0.0003     |
|    loss                 | 0.103      |
|    n_updates            | 930        |
|    policy_gradient_loss | -0.0454    |
|    value_loss           | 0.342      |
----------------------------------------
-----------------------------------------
| time/                   |             |
|    fps                  | 667         |
|    iterations           | 33          |
|    time_elapsed         | 1620        |
|    total_timesteps      | 1081344     |
| train/                  |             |
|    approx_kl            | 0.093469575 |
|    clip_fraction        | 0.444       |
|    clip_range           | 0.15        |
|    entropy_loss         | -1.77       |
|    explained_variance   | 0.0639      |
|    learning_rate        | 0.0003      |
|    loss                 | 0.324       |
|    n_updates            | 960         |
|    policy_gradient_loss | -0.0453     |
|    value_loss           | 0.786       |
-----------------------------------------
-----------------------------------------
| time/                   |             |
|    fps                  | 666         |
|    iterations           | 34          |
|    time_elapsed         | 1671        |
|    total_timesteps      | 1114112     |
| train/                  |             |
|    approx_kl            | 0.050609704 |
|    clip_fraction        | 0.472       |
|    clip_range           | 0.15        |
|    entropy_loss         | -1.68       |
|    explained_variance   | 0.304       |
|    learning_rate        | 0.0003      |
|    loss                 | 0.502       |
|    n_updates            | 990         |
|    policy_gradient_loss | -0.0513     |
|    value_loss           | 0.841       |
-----------------------------------------
----------------------------------------
| time/                   |            |
|    fps                  | 666        |
|    iterations           | 35         |
|    time_elapsed         | 1719       |
|    total_timesteps      | 1146880    |
| train/                  |            |
|    approx_kl            | 0.18445054 |
|    clip_fraction        | 0.575      |
|    clip_range           | 0.15       |
|    entropy_loss         | -1.73      |
|    explained_variance   | 0.378      |
|    learning_rate        | 0.0003     |
|    loss                 | 0.191      |
|    n_updates            | 1020       |
|    policy_gradient_loss | -0.0504    |
|    value_loss           | 0.443      |
----------------------------------------
----------------------------------------
| time/                   |            |
|    fps                  | 667        |
|    iterations           | 36         |
|    time_elapsed         | 1767       |
|    total_timesteps      | 1179648    |
| train/                  |            |
|    approx_kl            | 0.05969322 |
|    clip_fraction        | 0.555      |
|    clip_range           | 0.15       |
|    entropy_loss         | -2.03      |
|    explained_variance   | 0.0297     |
|    learning_rate        | 0.0003     |
|    loss                 | 0.843      |
|    n_updates            | 1050       |
|    policy_gradient_loss | -0.0588    |
|    value_loss           | 1.92       |
----------------------------------------
----------------------------------------
| time/                   |            |
|    fps                  | 666        |
|    iterations           | 37         |
|    time_elapsed         | 1818       |
|    total_timesteps      | 1212416    |
| train/                  |            |
|    approx_kl            | 0.06754014 |
|    clip_fraction        | 0.529      |
|    clip_range           | 0.15       |
|    entropy_loss         | -2         |
|    explained_variance   | 0.32       |
|    learning_rate        | 0.0003     |
|    loss                 | 0.817      |
|    n_updates            | 1080       |
|    policy_gradient_loss | -0.0541    |
|    value_loss           | 2.02       |
----------------------------------------
-----------------------------------------
| time/                   |             |
|    fps                  | 666         |
|    iterations           | 38          |
|    time_elapsed         | 1869        |
|    total_timesteps      | 1245184     |
| train/                  |             |
|    approx_kl            | 0.042465243 |
|    clip_fraction        | 0.546       |
|    clip_range           | 0.15        |
|    entropy_loss         | -1.96       |
|    explained_variance   | 0.341       |
|    learning_rate        | 0.0003      |
|    loss                 | 0.556       |
|    n_updates            | 1110        |
|    policy_gradient_loss | -0.0513     |
|    value_loss           | 1.47        |
-----------------------------------------
----------------------------------------
| time/                   |            |
|    fps                  | 666        |
|    iterations           | 39         |
|    time_elapsed         | 1917       |
|    total_timesteps      | 1277952    |
| train/                  |            |
|    approx_kl            | 0.05032766 |
|    clip_fraction        | 0.5        |
|    clip_range           | 0.15       |
|    entropy_loss         | -1.92      |
|    explained_variance   | 0.167      |
|    learning_rate        | 0.0003     |
|    loss                 | 0.442      |
|    n_updates            | 1140       |
|    policy_gradient_loss | -0.0523    |
|    value_loss           | 1.15       |
----------------------------------------
---------------------------------------
| time/                   |           |
|    fps                  | 665       |
|    iterations           | 40        |
|    time_elapsed         | 1968      |
|    total_timesteps      | 1310720   |
| train/                  |           |
|    approx_kl            | 0.0638955 |
|    clip_fraction        | 0.499     |
|    clip_range           | 0.15      |
|    entropy_loss         | -1.81     |
|    explained_variance   | 0.295     |
|    learning_rate        | 0.0003    |
|    loss                 | 0.338     |
|    n_updates            | 1170      |
|    policy_gradient_loss | -0.0548   |
|    value_loss           | 0.98      |
---------------------------------------
----------------------------------------
| time/                   |            |
|    fps                  | 666        |
|    iterations           | 41         |
|    time_elapsed         | 2016       |
|    total_timesteps      | 1343488    |
| train/                  |            |
|    approx_kl            | 0.04983577 |
|    clip_fraction        | 0.505      |
|    clip_range           | 0.15       |
|    entropy_loss         | -1.67      |
|    explained_variance   | 0.396      |
|    learning_rate        | 0.0003     |
|    loss                 | 0.166      |
|    n_updates            | 1200       |
|    policy_gradient_loss | -0.0562    |
|    value_loss           | 0.606      |
----------------------------------------
----------------------------------------
| time/                   |            |
|    fps                  | 665        |
|    iterations           | 42         |
|    time_elapsed         | 2067       |
|    total_timesteps      | 1376256    |
| train/                  |            |
|    approx_kl            | 0.07117617 |
|    clip_fraction        | 0.471      |
|    clip_range           | 0.15       |
|    entropy_loss         | -1.59      |
|    explained_variance   | 0.198      |
|    learning_rate        | 0.0003     |
|    loss                 | 0.292      |
|    n_updates            | 1230       |
|    policy_gradient_loss | -0.055     |
|    value_loss           | 0.631      |
----------------------------------------
----------------------------------------
| time/                   |            |
|    fps                  | 665        |
|    iterations           | 43         |
|    time_elapsed         | 2117       |
|    total_timesteps      | 1409024    |
| train/                  |            |
|    approx_kl            | 0.05633305 |
|    clip_fraction        | 0.464      |
|    clip_range           | 0.15       |
|    entropy_loss         | -1.57      |
|    explained_variance   | 0.241      |
|    learning_rate        | 0.0003     |
|    loss                 | 0.148      |
|    n_updates            | 1260       |
|    policy_gradient_loss | -0.0556    |
|    value_loss           | 0.496      |
----------------------------------------
-----------------------------------------
| time/                   |             |
|    fps                  | 664         |
|    iterations           | 44          |
|    time_elapsed         | 2168        |
|    total_timesteps      | 1441792     |
| train/                  |             |
|    approx_kl            | 0.055256836 |
|    clip_fraction        | 0.433       |
|    clip_range           | 0.15        |
|    entropy_loss         | -1.48       |
|    explained_variance   | 0.376       |
|    learning_rate        | 0.0003      |
|    loss                 | 0.138       |
|    n_updates            | 1290        |
|    policy_gradient_loss | -0.0512     |
|    value_loss           | 0.619       |
-----------------------------------------
---------------------------------------
| time/                   |           |
|    fps                  | 665       |
|    iterations           | 45        |
|    time_elapsed         | 2216      |
|    total_timesteps      | 1474560   |
| train/                  |           |
|    approx_kl            | 0.2056388 |
|    clip_fraction        | 0.629     |
|    clip_range           | 0.15      |
|    entropy_loss         | -1.53     |
|    explained_variance   | 0.42      |
|    learning_rate        | 0.0003    |
|    loss                 | 0.0386    |
|    n_updates            | 1320      |
|    policy_gradient_loss | -0.0581   |
|    value_loss           | 0.331     |
---------------------------------------
-----------------------------------------
| time/                   |             |
|    fps                  | 665         |
|    iterations           | 46          |
|    time_elapsed         | 2264        |
|    total_timesteps      | 1507328     |
| train/                  |             |
|    approx_kl            | 0.085524276 |
|    clip_fraction        | 0.559       |
|    clip_range           | 0.15        |
|    entropy_loss         | -1.62       |
|    explained_variance   | 0.0737      |
|    learning_rate        | 0.0003      |
|    loss                 | 0.246       |
|    n_updates            | 1350        |
|    policy_gradient_loss | -0.062      |
|    value_loss           | 0.643       |
-----------------------------------------
-----------------------------------------
| time/                   |             |
|    fps                  | 665         |
|    iterations           | 47          |
|    time_elapsed         | 2315        |
|    total_timesteps      | 1540096     |
| train/                  |             |
|    approx_kl            | 0.078907005 |
|    clip_fraction        | 0.542       |
|    clip_range           | 0.15        |
|    entropy_loss         | -1.58       |
|    explained_variance   | 0.538       |
|    learning_rate        | 0.0003      |
|    loss                 | 0.203       |
|    n_updates            | 1380        |
|    policy_gradient_loss | -0.0635     |
|    value_loss           | 0.64        |
-----------------------------------------
----------------------------------------
| time/                   |            |
|    fps                  | 664        |
|    iterations           | 48         |
|    time_elapsed         | 2366       |
|    total_timesteps      | 1572864    |
| train/                  |            |
|    approx_kl            | 0.15562773 |
|    clip_fraction        | 0.62       |
|    clip_range           | 0.15       |
|    entropy_loss         | -1.61      |
|    explained_variance   | 0.569      |
|    learning_rate        | 0.0003     |
|    loss                 | 0.0166     |
|    n_updates            | 1410       |
|    policy_gradient_loss | -0.0607    |
|    value_loss           | 0.347      |
----------------------------------------
----------------------------------------
| time/                   |            |
|    fps                  | 664        |
|    iterations           | 49         |
|    time_elapsed         | 2414       |
|    total_timesteps      | 1605632    |
| train/                  |            |
|    approx_kl            | 0.06433262 |
|    clip_fraction        | 0.542      |
|    clip_range           | 0.15       |
|    entropy_loss         | -1.75      |
|    explained_variance   | 0.074      |
|    learning_rate        | 0.0003     |
|    loss                 | 0.633      |
|    n_updates            | 1440       |
|    policy_gradient_loss | -0.0574    |
|    value_loss           | 1.49       |
----------------------------------------
-----------------------------------------
| time/                   |             |
|    fps                  | 664         |
|    iterations           | 50          |
|    time_elapsed         | 2465        |
|    total_timesteps      | 1638400     |
| train/                  |             |
|    approx_kl            | 0.039317384 |
|    clip_fraction        | 0.507       |
|    clip_range           | 0.15        |
|    entropy_loss         | -1.73       |
|    explained_variance   | 0.349       |
|    learning_rate        | 0.0003      |
|    loss                 | 0.472       |
|    n_updates            | 1470        |
|    policy_gradient_loss | -0.0568     |
|    value_loss           | 1.33        |
-----------------------------------------
----------------------------------------
| time/                   |            |
|    fps                  | 664        |
|    iterations           | 51         |
|    time_elapsed         | 2515       |
|    total_timesteps      | 1671168    |
| train/                  |            |
|    approx_kl            | 0.14712599 |
|    clip_fraction        | 0.62       |
|    clip_range           | 0.15       |
|    entropy_loss         | -1.77      |
|    explained_variance   | 0.396      |
|    learning_rate        | 0.0003     |
|    loss                 | 0.272      |
|    n_updates            | 1500       |
|    policy_gradient_loss | -0.0613    |
|    value_loss           | 0.774      |
----------------------------------------
----------------------------------------
| time/                   |            |
|    fps                  | 663        |
|    iterations           | 52         |
|    time_elapsed         | 2566       |
|    total_timesteps      | 1703936    |
| train/                  |            |
|    approx_kl            | 0.07849448 |
|    clip_fraction        | 0.533      |
|    clip_range           | 0.15       |
|    entropy_loss         | -1.69      |
|    explained_variance   | -0.11      |
|    learning_rate        | 0.0003     |
|    loss                 | 0.223      |
|    n_updates            | 1530       |
|    policy_gradient_loss | -0.0584    |
|    value_loss           | 0.571      |
----------------------------------------
---------------------------------------
| time/                   |           |
|    fps                  | 663       |
|    iterations           | 53        |
|    time_elapsed         | 2616      |
|    total_timesteps      | 1736704   |
| train/                  |           |
|    approx_kl            | 0.0476453 |
|    clip_fraction        | 0.47      |
|    clip_range           | 0.15      |
|    entropy_loss         | -1.67     |
|    explained_variance   | 0.243     |
|    learning_rate        | 0.0003    |
|    loss                 | 0.122     |
|    n_updates            | 1560      |
|    policy_gradient_loss | -0.053    |
|    value_loss           | 0.475     |
---------------------------------------
----------------------------------------
| time/                   |            |
|    fps                  | 663        |
|    iterations           | 54         |
|    time_elapsed         | 2664       |
|    total_timesteps      | 1769472    |
| train/                  |            |
|    approx_kl            | 0.05202835 |
|    clip_fraction        | 0.446      |
|    clip_range           | 0.15       |
|    entropy_loss         | -1.63      |
|    explained_variance   | 0.183      |
|    learning_rate        | 0.0003     |
|    loss                 | 0.202      |
|    n_updates            | 1590       |
|    policy_gradient_loss | -0.0488    |
|    value_loss           | 0.53       |
----------------------------------------
-----------------------------------------
| time/                   |             |
|    fps                  | 663         |
|    iterations           | 55          |
|    time_elapsed         | 2715        |
|    total_timesteps      | 1802240     |
| train/                  |             |
|    approx_kl            | 0.058778007 |
|    clip_fraction        | 0.372       |
|    clip_range           | 0.15        |
|    entropy_loss         | -1.52       |
|    explained_variance   | 0.19        |
|    learning_rate        | 0.0003      |
|    loss                 | 0.14        |
|    n_updates            | 1620        |
|    policy_gradient_loss | -0.0442     |
|    value_loss           | 0.545       |
-----------------------------------------
----------------------------------------
| time/                   |            |
|    fps                  | 663        |
|    iterations           | 56         |
|    time_elapsed         | 2765       |
|    total_timesteps      | 1835008    |
| train/                  |            |
|    approx_kl            | 0.18906663 |
|    clip_fraction        | 0.562      |
|    clip_range           | 0.15       |
|    entropy_loss         | -1.56      |
|    explained_variance   | 0.209      |
|    learning_rate        | 0.0003     |
|    loss                 | 0.0614     |
|    n_updates            | 1650       |
|    policy_gradient_loss | -0.0509    |
|    value_loss           | 0.246      |
----------------------------------------
-----------------------------------------
| time/                   |             |
|    fps                  | 663         |
|    iterations           | 57          |
|    time_elapsed         | 2814        |
|    total_timesteps      | 1867776     |
| train/                  |             |
|    approx_kl            | 0.067423016 |
|    clip_fraction        | 0.553       |
|    clip_range           | 0.15        |
|    entropy_loss         | -1.9        |
|    explained_variance   | 0.0766      |
|    learning_rate        | 0.0003      |
|    loss                 | 1.06        |
|    n_updates            | 1680        |
|    policy_gradient_loss | -0.0621     |
|    value_loss           | 2.39        |
-----------------------------------------
-----------------------------------------
| time/                   |             |
|    fps                  | 663         |
|    iterations           | 58          |
|    time_elapsed         | 2864        |
|    total_timesteps      | 1900544     |
| train/                  |             |
|    approx_kl            | 0.028427381 |
|    clip_fraction        | 0.513       |
|    clip_range           | 0.15        |
|    entropy_loss         | -1.86       |
|    explained_variance   | 0.382       |
|    learning_rate        | 0.0003      |
|    loss                 | 1.24        |
|    n_updates            | 1710        |
|    policy_gradient_loss | -0.0541     |
|    value_loss           | 2.83        |
-----------------------------------------
----------------------------------------
| time/                   |            |
|    fps                  | 663        |
|    iterations           | 59         |
|    time_elapsed         | 2913       |
|    total_timesteps      | 1933312    |
| train/                  |            |
|    approx_kl            | 0.11981906 |
|    clip_fraction        | 0.652      |
|    clip_range           | 0.15       |
|    entropy_loss         | -1.93      |
|    explained_variance   | 0.386      |
|    learning_rate        | 0.0003     |
|    loss                 | 1          |
|    n_updates            | 1740       |
|    policy_gradient_loss | -0.0567    |
|    value_loss           | 2.01       |
----------------------------------------
--------------------------------------
| time/                   |          |
|    fps                  | 663      |
|    iterations           | 60       |
|    time_elapsed         | 2961     |
|    total_timesteps      | 1966080  |
| train/                  |          |
|    approx_kl            | 0.045292 |
|    clip_fraction        | 0.452    |
|    clip_range           | 0.15     |
|    entropy_loss         | -1.82    |
|    explained_variance   | -0.186   |
|    learning_rate        | 0.0003   |
|    loss                 | 0.719    |
|    n_updates            | 1770     |
|    policy_gradient_loss | -0.0484  |
|    value_loss           | 1.53     |
--------------------------------------
-----------------------------------------
| time/                   |             |
|    fps                  | 664         |
|    iterations           | 61          |
|    time_elapsed         | 3009        |
|    total_timesteps      | 1998848     |
| train/                  |             |
|    approx_kl            | 0.058859315 |
|    clip_fraction        | 0.507       |
|    clip_range           | 0.15        |
|    entropy_loss         | -1.8        |
|    explained_variance   | 0.138       |
|    learning_rate        | 0.0003      |
|    loss                 | 0.802       |
|    n_updates            | 1800        |
|    policy_gradient_loss | -0.0526     |
|    value_loss           | 1.39        |
-----------------------------------------
----------------------------------------
| time/                   |            |
|    fps                  | 663        |
|    iterations           | 62         |
|    time_elapsed         | 3060       |
|    total_timesteps      | 2031616    |
| train/                  |            |
|    approx_kl            | 0.03861796 |
|    clip_fraction        | 0.501      |
|    clip_range           | 0.15       |
|    entropy_loss         | -1.7       |
|    explained_variance   | 0.261      |
|    learning_rate        | 0.0003     |
|    loss                 | 0.57       |
|    n_updates            | 1830       |
|    policy_gradient_loss | -0.0509    |
|    value_loss           | 1.02       |
----------------------------------------
____________Save learn____________
____________END____________
