____________graph name:   ./Graph/TestGraph_5.txt____________
[[[[0, 0]], 2, [3, 0], [0, 0, 0, 0]], [[[0, 0]], 2, [3, 1], [0, 0, 0, 0]], [[[0, 0]], 2, [3, 2], [0, 0, 0, 0]], [[[0, 0]], 2, [3, 3], [0, 0, 0, 0]], [[[0, 2]], 1, [0, 0, 1], [4]], [[[0, 2], [1, 2], [2, 2], [3, 2], [4, 2], [5, 2]], 2, [0, 0, 1], [4, 3, 4, 4]], [[[0, 3]], 1, [0, 0, 1], [3]], [[[1, 2]], 1, [0, 0, 1], [4]], [[[1, 3]], 1, [0, 0, 1], [3]], [[[2, 0]], 1, [0, 0, 1], [1]], [[[2, 0], [3, 0]], 2, [0, 0, 1], [1, 1, 1, 1]], [[[2, 0], [3, 0]], 3, [0, 0, 1], [1, 1, 4, 1]], [[[2, 0], [3, 0]], 4, [0, 0, 1], [1, 1, 4, 3]], [[[2, 1]], 1, [0, 0, 1], [1]], [[[2, 1], [3, 1]], 2, [0, 0, 1], [1, 4, 1, 1]], [[[2, 1], [3, 1]], 3, [0, 0, 1], [1, 4, 3, 1]], [[[2, 1], [3, 1]], 4, [0, 0, 1], [1, 4, 3, 2]], [[[2, 2]], 1, [0, 0, 1], [4]], [[[2, 2], [3, 2]], 3, [0, 0, 1], [4, 3, 2, 4]], [[[2, 2], [3, 2]], 4, [0, 0, 1], [4, 3, 2, 2]], [[[2, 3]], 1, [0, 0, 1], [3]], [[[2, 3], [3, 3]], 2, [0, 0, 1], [3, 2, 3, 3]], [[[2, 3], [3, 3]], 3, [0, 0, 1], [3, 2, 2, 3]], [[[2, 4]], 1, [0, 0, 1], [2]], [[[2, 4], [3, 4]], 2, [0, 0, 1], [2, 2, 2, 2]], [[[2, 5]], 1, [0, 0, 1], [2]], [[[3, 0]], 1, [0, 0, 1], [1]], [[[3, 1]], 1, [0, 0, 1], [1]], [[[3, 2]], 1, [0, 0, 1], [4]], [[[3, 3]], 1, [0, 0, 1], [3]], [[[3, 4]], 1, [0, 0, 1], [2]], [[[3, 5]], 1, [0, 0, 1], [2]], [[[4, 2]], 1, [0, 0, 1], [4]], [[[4, 3]], 1, [0, 0, 1], [3]], [[[5, 2]], 1, [0, 0, 1], [4]], [[[5, 3]], 1, [0, 0, 1], [3]], [[[0, 2]], 1, [0, 1, 0], [4]], [[[0, 2], [1, 2], [2, 2], [3, 2], [4, 2]], 2, [0, 1, 0], [4, 4, 4, 4]], [[[0, 2], [1, 2], [2, 2], [3, 2]], 3, [0, 1, 0], [4, 4, 4, 4]], [[[0, 2], [1, 2], [2, 2]], 4, [0, 1, 0], [4, 4, 4, 4]], [[[0, 2], [1, 2]], 5, [0, 1, 0], [4, 4, 4, 4]], [[[0, 2]], 6, [0, 1, 0], [4, 4, 4, 4]], [[[0, 3]], 1, [0, 1, 0], [3]], [[[0, 3], [1, 3], [2, 3], [3, 3], [4, 3]], 2, [0, 1, 0], [3, 3, 3, 3]], [[[0, 3], [1, 3], [2, 3], [3, 3]], 3, [0, 1, 0], [3, 3, 3, 3]], [[[0, 3], [1, 3], [2, 3]], 4, [0, 1, 0], [3, 3, 3, 3]], [[[0, 3], [1, 3]], 5, [0, 1, 0], [3, 3, 3, 3]], [[[0, 3]], 6, [0, 1, 0], [3, 3, 3, 3]], [[[1, 2]], 1, [0, 1, 0], [4]], [[[1, 3]], 1, [0, 1, 0], [3]], [[[2, 0]], 1, [0, 1, 0], [1]], [[[2, 0], [2, 1]], 2, [0, 1, 0], [1, 1, 1, 1]], [[[2, 1]], 1, [0, 1, 0], [1]], [[[2, 2]], 1, [0, 1, 0], [4]], [[[2, 3]], 1, [0, 1, 0], [3]], [[[2, 4]], 1, [0, 1, 0], [2]], [[[2, 4], [2, 5]], 2, [0, 1, 0], [2, 2, 2, 2]], [[[2, 5]], 1, [0, 1, 0], [2]], [[[3, 0]], 1, [0, 1, 0], [1]], [[[3, 1]], 1, [0, 1, 0], [1]], [[[3, 2]], 1, [0, 1, 0], [4]], [[[3, 3]], 1, [0, 1, 0], [3]], [[[3, 4]], 1, [0, 1, 0], [2]], [[[3, 5]], 1, [0, 1, 0], [2]], [[[4, 2]], 1, [0, 1, 0], [4]], [[[4, 3]], 1, [0, 1, 0], [3]], [[[5, 2]], 1, [0, 1, 0], [4]], [[[5, 3]], 1, [0, 1, 0], [3]], [[[0, 2]], 1, [0, -1, 1], [4]], [[[0, 3]], 1, [0, -1, 1], [3]], [[[1, 2]], 1, [0, -1, 1], [4]], [[[1, 2], [2, 2], [3, 2], [4, 2], [5, 2]], 2, [0, -1, 1], [4, 3, 4, 4]], [[[1, 3]], 1, [0, -1, 1], [3]], [[[2, 0]], 1, [0, -1, 1], [1]], [[[2, 1]], 1, [0, -1, 1], [1]], [[[2, 1], [3, 1]], 2, [0, -1, 1], [1, 4, 1, 1]], [[[2, 1], [3, 1]], 3, [0, -1, 1], [1, 4, 3, 1]], [[[2, 2]], 1, [0, -1, 1], [4]], [[[2, 3]], 1, [0, -1, 1], [3]], [[[2, 4]], 1, [0, -1, 1], [2]], [[[2, 5]], 1, [0, -1, 1], [2]], [[[3, 0]], 1, [0, -1, 1], [1]], [[[3, 0]], 2, [0, -1, 1], [1, 1, 1, 1]], [[[3, 0]], 3, [0, -1, 1], [1, 1, 4, 1]], [[[3, 0]], 4, [0, -1, 1], [1, 1, 4, 3]], [[[3, 1]], 1, [0, -1, 1], [1]], [[[3, 2]], 1, [0, -1, 1], [4]], [[[3, 3]], 1, [0, -1, 1], [3]], [[[3, 3], [4, 3]], 2, [0, -1, 1], [3, 2, 3, 3]], [[[3, 4]], 1, [0, -1, 1], [2]], [[[3, 4]], 2, [0, -1, 1], [2, 2, 2, 2]], [[[3, 5]], 1, [0, -1, 1], [2]], [[[4, 2]], 1, [0, -1, 1], [4]], [[[4, 2], [5, 2]], 3, [0, -1, 1], [4, 3, 2, 4]], [[[4, 3]], 1, [0, -1, 1], [3]], [[[4, 3]], 3, [0, -1, 1], [3, 2, 2, 3]], [[[5, 2]], 1, [0, -1, 1], [4]], [[[5, 2]], 4, [0, -1, 1], [4, 3, 2, 2]], [[[5, 3]], 1, [0, -1, 1], [3]], [[[0, 2]], 1, [0, -1, -1], [4]], [[[0, 3]], 1, [0, -1, -1], [3]], [[[1, 2]], 1, [0, -1, -1], [4]], [[[1, 3]], 1, [0, -1, -1], [3]], [[[1, 3], [2, 3], [3, 3], [4, 3], [5, 3]], 2, [0, -1, -1], [3, 4, 3, 3]], [[[2, 0]], 1, [0, -1, -1], [1]], [[[2, 1]], 1, [0, -1, -1], [1]], [[[2, 2]], 1, [0, -1, -1], [4]], [[[2, 3]], 1, [0, -1, -1], [3]], [[[2, 4]], 1, [0, -1, -1], [2]], [[[2, 4], [3, 4]], 2, [0, -1, -1], [2, 3, 2, 2]], [[[2, 4], [3, 4]], 3, [0, -1, -1], [2, 3, 4, 2]], [[[2, 5]], 1, [0, -1, -1], [2]], [[[3, 0]], 1, [0, -1, -1], [1]], [[[3, 1]], 1, [0, -1, -1], [1]], [[[3, 1]], 2, [0, -1, -1], [1, 1, 1, 1]], [[[3, 2]], 1, [0, -1, -1], [4]], [[[3, 2], [4, 2]], 2, [0, -1, -1], [4, 1, 4, 4]], [[[3, 3]], 1, [0, -1, -1], [3]], [[[3, 4]], 1, [0, -1, -1], [2]], [[[3, 5]], 1, [0, -1, -1], [2]], [[[3, 5]], 2, [0, -1, -1], [2, 2, 2, 2]], [[[3, 5]], 3, [0, -1, -1], [2, 2, 3, 2]], [[[3, 5]], 4, [0, -1, -1], [2, 2, 3, 4]], [[[4, 2]], 1, [0, -1, -1], [4]], [[[4, 2]], 3, [0, -1, -1], [4, 1, 1, 4]], [[[4, 3]], 1, [0, -1, -1], [3]], [[[4, 3], [5, 3]], 3, [0, -1, -1], [3, 4, 1, 3]], [[[5, 2]], 1, [0, -1, -1], [4]], [[[5, 3]], 1, [0, -1, -1], [3]], [[[5, 3]], 4, [0, -1, -1], [3, 4, 1, 1]], [[[1, 2], [2, 2], [3, 2], [4, 2], [5, 2]], 6, [2, 0, 1, -1, 0, 0, -1], [4, 3, 3, 4]], [[[3, 0]], 6, [2, 0, 1, -1, 0, 0, -1], [1, 1, 1, 1]], [[[3, 1]], 6, [2, 0, 1, -1, 0, 0, -1], [1, 4, 4, 1]], [[[3, 3]], 6, [2, 0, 1, -1, 0, 0, -1], [3, 2, 2, 3]], [[[3, 4]], 6, [2, 0, 1, -1, 0, 0, -1], [2, 2, 2, 2]], [[[0, 2]], 1, [0, -1, 1, 1, 1], [4]], [[[0, 3]], 1, [0, -1, 1, 1, 1], [3]], [[[1, 2]], 1, [0, -1, 1, 1, 1], [4]], [[[1, 2], [2, 2], [3, 2], [4, 2], [5, 2]], 2, [0, -1, 1, 1, 1], [4, 3, 4, 4]], [[[1, 3]], 1, [0, -1, 1, 1, 1], [3]], [[[2, 0]], 1, [0, -1, 1, 1, 1], [1]], [[[2, 1]], 1, [0, -1, 1, 1, 1], [1]], [[[2, 1], [3, 1]], 2, [0, -1, 1, 1, 1], [1, 4, 1, 1]], [[[2, 1], [3, 1]], 3, [0, -1, 1, 1, 1], [1, 4, 3, 1]], [[[2, 2]], 1, [0, -1, 1, 1, 1], [4]], [[[2, 2], [3, 2]], 3, [0, -1, 1, 1, 1], [4, 3, 2, 4]], [[[2, 3]], 1, [0, -1, 1, 1, 1], [3]], [[[2, 4]], 1, [0, -1, 1, 1, 1], [2]], [[[2, 5]], 1, [0, -1, 1, 1, 1], [2]], [[[3, 0]], 1, [0, -1, 1, 1, 1], [1]], [[[3, 0]], 2, [0, -1, 1, 1, 1], [1, 1, 1, 1]], [[[3, 0]], 3, [0, -1, 1, 1, 1], [1, 1, 4, 1]], [[[3, 0]], 4, [0, -1, 1, 1, 1], [1, 1, 4, 3]], [[[3, 1]], 1, [0, -1, 1, 1, 1], [1]], [[[3, 1]], 4, [0, -1, 1, 1, 1], [1, 4, 3, 2]], [[[3, 2]], 1, [0, -1, 1, 1, 1], [4]], [[[3, 2]], 4, [0, -1, 1, 1, 1], [4, 3, 2, 2]], [[[3, 3]], 1, [0, -1, 1, 1, 1], [3]], [[[3, 3], [4, 3]], 2, [0, -1, 1, 1, 1], [3, 2, 3, 3]], [[[3, 3]], 3, [0, -1, 1, 1, 1], [3, 2, 2, 3]], [[[3, 4]], 1, [0, -1, 1, 1, 1], [2]], [[[3, 4]], 2, [0, -1, 1, 1, 1], [2, 2, 2, 2]], [[[3, 5]], 1, [0, -1, 1, 1, 1], [2]], [[[4, 2]], 1, [0, -1, 1, 1, 1], [4]], [[[4, 3]], 1, [0, -1, 1, 1, 1], [3]], [[[5, 2]], 1, [0, -1, 1, 1, 1], [4]], [[[5, 3]], 1, [0, -1, 1, 1, 1], [3]], [[[0, 2]], 1, [0, 1, 1, -1, 1], [4]], [[[0, 2], [1, 2], [2, 2], [3, 2], [4, 2]], 2, [0, 1, 1, -1, 1], [4, 3, 4, 4]], [[[0, 3]], 1, [0, 1, 1, -1, 1], [3]], [[[1, 2]], 1, [0, 1, 1, -1, 1], [4]], [[[1, 3]], 1, [0, 1, 1, -1, 1], [3]], [[[1, 3], [2, 3]], 2, [0, 1, 1, -1, 1], [3, 2, 3, 3]], [[[2, 0]], 1, [0, 1, 1, -1, 1], [1]], [[[2, 0]], 2, [0, 1, 1, -1, 1], [1, 1, 1, 1]], [[[2, 0]], 3, [0, 1, 1, -1, 1], [1, 1, 4, 1]], [[[2, 0]], 4, [0, 1, 1, -1, 1], [1, 1, 4, 3]], [[[2, 1]], 1, [0, 1, 1, -1, 1], [1]], [[[2, 1], [3, 1]], 2, [0, 1, 1, -1, 1], [1, 4, 1, 1]], [[[2, 1], [3, 1]], 3, [0, 1, 1, -1, 1], [1, 4, 3, 1]], [[[2, 1]], 4, [0, 1, 1, -1, 1], [1, 4, 3, 2]], [[[2, 2]], 1, [0, 1, 1, -1, 1], [4]], [[[2, 2], [3, 2]], 3, [0, 1, 1, -1, 1], [4, 3, 2, 4]], [[[2, 2]], 4, [0, 1, 1, -1, 1], [4, 3, 2, 2]], [[[2, 3]], 1, [0, 1, 1, -1, 1], [3]], [[[2, 3]], 3, [0, 1, 1, -1, 1], [3, 2, 2, 3]], [[[2, 4]], 1, [0, 1, 1, -1, 1], [2]], [[[2, 4]], 2, [0, 1, 1, -1, 1], [2, 2, 2, 2]], [[[2, 5]], 1, [0, 1, 1, -1, 1], [2]], [[[3, 0]], 1, [0, 1, 1, -1, 1], [1]], [[[3, 1]], 1, [0, 1, 1, -1, 1], [1]], [[[3, 2]], 1, [0, 1, 1, -1, 1], [4]], [[[3, 3]], 1, [0, 1, 1, -1, 1], [3]], [[[3, 4]], 1, [0, 1, 1, -1, 1], [2]], [[[3, 5]], 1, [0, 1, 1, -1, 1], [2]], [[[4, 2]], 1, [0, 1, 1, -1, 1], [4]], [[[4, 3]], 1, [0, 1, 1, -1, 1], [3]], [[[5, 2]], 1, [0, 1, 1, -1, 1], [4]], [[[5, 3]], 1, [0, 1, 1, -1, 1], [3]], [[[0, 2]], 1, [1, 1, 1, 1, -1], [4]], [[[0, 2], [1, 2], [2, 2], [3, 2], [4, 2]], 2, [1, 1, 1, 1, -1], [4, 3, 4, 4]], [[[0, 2], [1, 2], [2, 2], [3, 2]], 3, [1, 1, 1, 1, -1], [4, 3, 4, 4]], [[[0, 2], [1, 2], [2, 2]], 4, [1, 1, 1, 1, -1], [4, 3, 4, 3]], [[[0, 2], [1, 2]], 5, [1, 1, 1, 1, -1], [4, 3, 4, 3]], [[[0, 2]], 6, [1, 1, 1, 1, -1], [4, 3, 4, 3]], [[[0, 3]], 1, [1, 1, 1, 1, -1], [3]], [[[1, 2]], 1, [1, 1, 1, 1, -1], [4]], [[[1, 3]], 1, [1, 1, 1, 1, -1], [3]], [[[1, 3], [2, 3]], 2, [1, 1, 1, 1, -1], [3, 2, 3, 3]], [[[1, 3], [2, 3]], 3, [1, 1, 1, 1, -1], [3, 2, 3, 3]], [[[2, 0]], 1, [1, 1, 1, 1, -1], [1]], [[[2, 0]], 2, [1, 1, 1, 1, -1], [1, 1, 1, 1]], [[[2, 1]], 1, [1, 1, 1, 1, -1], [1]], [[[2, 1], [3, 1]], 2, [1, 1, 1, 1, -1], [1, 4, 1, 1]], [[[2, 2]], 1, [1, 1, 1, 1, -1], [4]], [[[2, 3]], 1, [1, 1, 1, 1, -1], [3]], [[[2, 4]], 1, [1, 1, 1, 1, -1], [2]], [[[2, 4]], 2, [1, 1, 1, 1, -1], [2, 2, 2, 2]], [[[2, 5]], 1, [1, 1, 1, 1, -1], [2]], [[[3, 0]], 1, [1, 1, 1, 1, -1], [1]], [[[3, 1]], 1, [1, 1, 1, 1, -1], [1]], [[[3, 2]], 1, [1, 1, 1, 1, -1], [4]], [[[3, 3]], 1, [1, 1, 1, 1, -1], [3]], [[[3, 4]], 1, [1, 1, 1, 1, -1], [2]], [[[3, 5]], 1, [1, 1, 1, 1, -1], [2]], [[[4, 2]], 1, [1, 1, 1, 1, -1], [4]], [[[4, 3]], 1, [1, 1, 1, 1, -1], [3]], [[[5, 2]], 1, [1, 1, 1, 1, -1], [4]], [[[5, 3]], 1, [1, 1, 1, 1, -1], [3]], [[[0, 2]], 1, [1, 1, -1, 1, 1], [4]], [[[0, 3]], 1, [1, 1, -1, 1, 1], [3]], [[[0, 3], [1, 3], [2, 3], [3, 3], [4, 3]], 2, [1, 1, -1, 1, 1], [3, 4, 3, 3]], [[[0, 3], [1, 3], [2, 3], [3, 3]], 3, [1, 1, -1, 1, 1], [3, 4, 3, 3]], [[[0, 3], [1, 3], [2, 3]], 4, [1, 1, -1, 1, 1], [3, 4, 3, 4]], [[[0, 3], [1, 3]], 5, [1, 1, -1, 1, 1], [3, 4, 3, 4]], [[[0, 3]], 6, [1, 1, -1, 1, 1], [3, 4, 3, 4]], [[[1, 2]], 1, [1, 1, -1, 1, 1], [4]], [[[1, 2], [2, 2]], 2, [1, 1, -1, 1, 1], [4, 1, 4, 4]], [[[1, 2], [2, 2]], 3, [1, 1, -1, 1, 1], [4, 1, 4, 4]], [[[1, 3]], 1, [1, 1, -1, 1, 1], [3]], [[[2, 0]], 1, [1, 1, -1, 1, 1], [1]], [[[2, 1]], 1, [1, 1, -1, 1, 1], [1]], [[[2, 1]], 2, [1, 1, -1, 1, 1], [1, 1, 1, 1]], [[[2, 2]], 1, [1, 1, -1, 1, 1], [4]], [[[2, 3]], 1, [1, 1, -1, 1, 1], [3]], [[[2, 4]], 1, [1, 1, -1, 1, 1], [2]], [[[2, 4], [3, 4]], 2, [1, 1, -1, 1, 1], [2, 3, 2, 2]], [[[2, 5]], 1, [1, 1, -1, 1, 1], [2]], [[[2, 5]], 2, [1, 1, -1, 1, 1], [2, 2, 2, 2]], [[[3, 0]], 1, [1, 1, -1, 1, 1], [1]], [[[3, 1]], 1, [1, 1, -1, 1, 1], [1]], [[[3, 2]], 1, [1, 1, -1, 1, 1], [4]], [[[3, 3]], 1, [1, 1, -1, 1, 1], [3]], [[[3, 4]], 1, [1, 1, -1, 1, 1], [2]], [[[3, 5]], 1, [1, 1, -1, 1, 1], [2]], [[[4, 2]], 1, [1, 1, -1, 1, 1], [4]], [[[4, 3]], 1, [1, 1, -1, 1, 1], [3]], [[[5, 2]], 1, [1, 1, -1, 1, 1], [4]], [[[5, 3]], 1, [1, 1, -1, 1, 1], [3]]]
____________created env____________
Using cuda device
____________start learn____________
Logging to logs/log_PPO_graph_5_0
------------------------------
| time/              |       |
|    fps             | 3692  |
|    iterations      | 1     |
|    time_elapsed    | 8     |
|    total_timesteps | 32768 |
------------------------------
-----------------------------------------
| time/                   |             |
|    fps                  | 1110        |
|    iterations           | 2           |
|    time_elapsed         | 59          |
|    total_timesteps      | 65536       |
| train/                  |             |
|    approx_kl            | 0.016683578 |
|    clip_fraction        | 0.319       |
|    clip_range           | 0.15        |
|    entropy_loss         | -5.55       |
|    explained_variance   | -0.00172    |
|    learning_rate        | 0.0003      |
|    loss                 | 2.13        |
|    n_updates            | 30          |
|    policy_gradient_loss | -0.0397     |
|    value_loss           | 3.65        |
-----------------------------------------
-----------------------------------------
| time/                   |             |
|    fps                  | 882         |
|    iterations           | 3           |
|    time_elapsed         | 111         |
|    total_timesteps      | 98304       |
| train/                  |             |
|    approx_kl            | 0.017939936 |
|    clip_fraction        | 0.378       |
|    clip_range           | 0.15        |
|    entropy_loss         | -5.52       |
|    explained_variance   | 0.0947      |
|    learning_rate        | 0.0003      |
|    loss                 | 2.43        |
|    n_updates            | 60          |
|    policy_gradient_loss | -0.047      |
|    value_loss           | 5.33        |
-----------------------------------------
-----------------------------------------
| time/                   |             |
|    fps                  | 794         |
|    iterations           | 4           |
|    time_elapsed         | 164         |
|    total_timesteps      | 131072      |
| train/                  |             |
|    approx_kl            | 0.020137249 |
|    clip_fraction        | 0.424       |
|    clip_range           | 0.15        |
|    entropy_loss         | -5.48       |
|    explained_variance   | 0.189       |
|    learning_rate        | 0.0003      |
|    loss                 | 1.59        |
|    n_updates            | 90          |
|    policy_gradient_loss | -0.0542     |
|    value_loss           | 5.09        |
-----------------------------------------
-----------------------------------------
| time/                   |             |
|    fps                  | 752         |
|    iterations           | 5           |
|    time_elapsed         | 217         |
|    total_timesteps      | 163840      |
| train/                  |             |
|    approx_kl            | 0.022654295 |
|    clip_fraction        | 0.463       |
|    clip_range           | 0.15        |
|    entropy_loss         | -5.43       |
|    explained_variance   | 0.231       |
|    learning_rate        | 0.0003      |
|    loss                 | 1.4         |
|    n_updates            | 120         |
|    policy_gradient_loss | -0.0597     |
|    value_loss           | 3.46        |
-----------------------------------------
-----------------------------------------
| time/                   |             |
|    fps                  | 745         |
|    iterations           | 6           |
|    time_elapsed         | 263         |
|    total_timesteps      | 196608      |
| train/                  |             |
|    approx_kl            | 0.025876407 |
|    clip_fraction        | 0.499       |
|    clip_range           | 0.15        |
|    entropy_loss         | -5.36       |
|    explained_variance   | 0.179       |
|    learning_rate        | 0.0003      |
|    loss                 | 0.863       |
|    n_updates            | 150         |
|    policy_gradient_loss | -0.063      |
|    value_loss           | 2.52        |
-----------------------------------------
-----------------------------------------
| time/                   |             |
|    fps                  | 734         |
|    iterations           | 7           |
|    time_elapsed         | 312         |
|    total_timesteps      | 229376      |
| train/                  |             |
|    approx_kl            | 0.027730368 |
|    clip_fraction        | 0.526       |
|    clip_range           | 0.15        |
|    entropy_loss         | -5.28       |
|    explained_variance   | 0.169       |
|    learning_rate        | 0.0003      |
|    loss                 | 0.57        |
|    n_updates            | 180         |
|    policy_gradient_loss | -0.0657     |
|    value_loss           | 1.75        |
-----------------------------------------
-----------------------------------------
| time/                   |             |
|    fps                  | 730         |
|    iterations           | 8           |
|    time_elapsed         | 359         |
|    total_timesteps      | 262144      |
| train/                  |             |
|    approx_kl            | 0.030446138 |
|    clip_fraction        | 0.54        |
|    clip_range           | 0.15        |
|    entropy_loss         | -5.17       |
|    explained_variance   | 0.136       |
|    learning_rate        | 0.0003      |
|    loss                 | 0.571       |
|    n_updates            | 210         |
|    policy_gradient_loss | -0.0651     |
|    value_loss           | 1.28        |
-----------------------------------------
-----------------------------------------
| time/                   |             |
|    fps                  | 727         |
|    iterations           | 9           |
|    time_elapsed         | 405         |
|    total_timesteps      | 294912      |
| train/                  |             |
|    approx_kl            | 0.028419988 |
|    clip_fraction        | 0.524       |
|    clip_range           | 0.15        |
|    entropy_loss         | -5.06       |
|    explained_variance   | 0.0893      |
|    learning_rate        | 0.0003      |
|    loss                 | 0.254       |
|    n_updates            | 240         |
|    policy_gradient_loss | -0.0607     |
|    value_loss           | 1.1         |
-----------------------------------------
-----------------------------------------
| time/                   |             |
|    fps                  | 725         |
|    iterations           | 10          |
|    time_elapsed         | 451         |
|    total_timesteps      | 327680      |
| train/                  |             |
|    approx_kl            | 0.028130297 |
|    clip_fraction        | 0.522       |
|    clip_range           | 0.15        |
|    entropy_loss         | -4.95       |
|    explained_variance   | 0.0892      |
|    learning_rate        | 0.0003      |
|    loss                 | 0.529       |
|    n_updates            | 270         |
|    policy_gradient_loss | -0.058      |
|    value_loss           | 1.1         |
-----------------------------------------
-----------------------------------------
| time/                   |             |
|    fps                  | 723         |
|    iterations           | 11          |
|    time_elapsed         | 498         |
|    total_timesteps      | 360448      |
| train/                  |             |
|    approx_kl            | 0.026673753 |
|    clip_fraction        | 0.515       |
|    clip_range           | 0.15        |
|    entropy_loss         | -4.81       |
|    explained_variance   | 0.11        |
|    learning_rate        | 0.0003      |
|    loss                 | 0.645       |
|    n_updates            | 300         |
|    policy_gradient_loss | -0.0566     |
|    value_loss           | 1.36        |
-----------------------------------------
-----------------------------------------
| time/                   |             |
|    fps                  | 718         |
|    iterations           | 12          |
|    time_elapsed         | 547         |
|    total_timesteps      | 393216      |
| train/                  |             |
|    approx_kl            | 0.025703404 |
|    clip_fraction        | 0.521       |
|    clip_range           | 0.15        |
|    entropy_loss         | -4.69       |
|    explained_variance   | 0.156       |
|    learning_rate        | 0.0003      |
|    loss                 | 0.707       |
|    n_updates            | 330         |
|    policy_gradient_loss | -0.0565     |
|    value_loss           | 1.53        |
-----------------------------------------
-----------------------------------------
| time/                   |             |
|    fps                  | 715         |
|    iterations           | 13          |
|    time_elapsed         | 595         |
|    total_timesteps      | 425984      |
| train/                  |             |
|    approx_kl            | 0.025897896 |
|    clip_fraction        | 0.533       |
|    clip_range           | 0.15        |
|    entropy_loss         | -4.53       |
|    explained_variance   | 0.221       |
|    learning_rate        | 0.0003      |
|    loss                 | 0.917       |
|    n_updates            | 360         |
|    policy_gradient_loss | -0.0598     |
|    value_loss           | 1.79        |
-----------------------------------------
-----------------------------------------
| time/                   |             |
|    fps                  | 712         |
|    iterations           | 14          |
|    time_elapsed         | 644         |
|    total_timesteps      | 458752      |
| train/                  |             |
|    approx_kl            | 0.025558766 |
|    clip_fraction        | 0.534       |
|    clip_range           | 0.15        |
|    entropy_loss         | -4.35       |
|    explained_variance   | 0.257       |
|    learning_rate        | 0.0003      |
|    loss                 | 0.832       |
|    n_updates            | 390         |
|    policy_gradient_loss | -0.0594     |
|    value_loss           | 1.98        |
-----------------------------------------
-----------------------------------------
| time/                   |             |
|    fps                  | 712         |
|    iterations           | 15          |
|    time_elapsed         | 690         |
|    total_timesteps      | 491520      |
| train/                  |             |
|    approx_kl            | 0.027119342 |
|    clip_fraction        | 0.565       |
|    clip_range           | 0.15        |
|    entropy_loss         | -4.12       |
|    explained_variance   | 0.319       |
|    learning_rate        | 0.0003      |
|    loss                 | 1.05        |
|    n_updates            | 420         |
|    policy_gradient_loss | -0.064      |
|    value_loss           | 1.98        |
-----------------------------------------
-----------------------------------------
| time/                   |             |
|    fps                  | 709         |
|    iterations           | 16          |
|    time_elapsed         | 738         |
|    total_timesteps      | 524288      |
| train/                  |             |
|    approx_kl            | 0.028289037 |
|    clip_fraction        | 0.562       |
|    clip_range           | 0.15        |
|    entropy_loss         | -3.89       |
|    explained_variance   | 0.366       |
|    learning_rate        | 0.0003      |
|    loss                 | 0.853       |
|    n_updates            | 450         |
|    policy_gradient_loss | -0.0644     |
|    value_loss           | 1.86        |
-----------------------------------------
-----------------------------------------
| time/                   |             |
|    fps                  | 707         |
|    iterations           | 17          |
|    time_elapsed         | 787         |
|    total_timesteps      | 557056      |
| train/                  |             |
|    approx_kl            | 0.028553678 |
|    clip_fraction        | 0.543       |
|    clip_range           | 0.15        |
|    entropy_loss         | -3.62       |
|    explained_variance   | 0.39        |
|    learning_rate        | 0.0003      |
|    loss                 | 0.614       |
|    n_updates            | 480         |
|    policy_gradient_loss | -0.0626     |
|    value_loss           | 1.56        |
-----------------------------------------
-----------------------------------------
| time/                   |             |
|    fps                  | 707         |
|    iterations           | 18          |
|    time_elapsed         | 833         |
|    total_timesteps      | 589824      |
| train/                  |             |
|    approx_kl            | 0.027595948 |
|    clip_fraction        | 0.524       |
|    clip_range           | 0.15        |
|    entropy_loss         | -3.32       |
|    explained_variance   | 0.378       |
|    learning_rate        | 0.0003      |
|    loss                 | 0.447       |
|    n_updates            | 510         |
|    policy_gradient_loss | -0.0605     |
|    value_loss           | 1.18        |
-----------------------------------------
-----------------------------------------
| time/                   |             |
|    fps                  | 706         |
|    iterations           | 19          |
|    time_elapsed         | 881         |
|    total_timesteps      | 622592      |
| train/                  |             |
|    approx_kl            | 0.029688999 |
|    clip_fraction        | 0.513       |
|    clip_range           | 0.15        |
|    entropy_loss         | -3.05       |
|    explained_variance   | 0.343       |
|    learning_rate        | 0.0003      |
|    loss                 | 0.213       |
|    n_updates            | 540         |
|    policy_gradient_loss | -0.0593     |
|    value_loss           | 0.906       |
-----------------------------------------
-----------------------------------------
| time/                   |             |
|    fps                  | 704         |
|    iterations           | 20          |
|    time_elapsed         | 929         |
|    total_timesteps      | 655360      |
| train/                  |             |
|    approx_kl            | 0.033299997 |
|    clip_fraction        | 0.563       |
|    clip_range           | 0.15        |
|    entropy_loss         | -2.8        |
|    explained_variance   | 0.299       |
|    learning_rate        | 0.0003      |
|    loss                 | 0.262       |
|    n_updates            | 570         |
|    policy_gradient_loss | -0.0613     |
|    value_loss           | 0.827       |
-----------------------------------------
-----------------------------------------
| time/                   |             |
|    fps                  | 703         |
|    iterations           | 21          |
|    time_elapsed         | 977         |
|    total_timesteps      | 688128      |
| train/                  |             |
|    approx_kl            | 0.063907966 |
|    clip_fraction        | 0.548       |
|    clip_range           | 0.15        |
|    entropy_loss         | -2.53       |
|    explained_variance   | 0.324       |
|    learning_rate        | 0.0003      |
|    loss                 | 0.213       |
|    n_updates            | 600         |
|    policy_gradient_loss | -0.0618     |
|    value_loss           | 0.561       |
-----------------------------------------
-----------------------------------------
| time/                   |             |
|    fps                  | 702         |
|    iterations           | 22          |
|    time_elapsed         | 1026        |
|    total_timesteps      | 720896      |
| train/                  |             |
|    approx_kl            | 0.073712505 |
|    clip_fraction        | 0.488       |
|    clip_range           | 0.15        |
|    entropy_loss         | -2.32       |
|    explained_variance   | 0.388       |
|    learning_rate        | 0.0003      |
|    loss                 | 0.0455      |
|    n_updates            | 630         |
|    policy_gradient_loss | -0.0586     |
|    value_loss           | 0.311       |
-----------------------------------------
----------------------------------------
| time/                   |            |
|    fps                  | 701        |
|    iterations           | 23         |
|    time_elapsed         | 1074       |
|    total_timesteps      | 753664     |
| train/                  |            |
|    approx_kl            | 0.09503572 |
|    clip_fraction        | 0.464      |
|    clip_range           | 0.15       |
|    entropy_loss         | -2.21      |
|    explained_variance   | 0.12       |
|    learning_rate        | 0.0003     |
|    loss                 | 0.331      |
|    n_updates            | 660        |
|    policy_gradient_loss | -0.0566    |
|    value_loss           | 0.614      |
----------------------------------------
-----------------------------------------
| time/                   |             |
|    fps                  | 700         |
|    iterations           | 24          |
|    time_elapsed         | 1122        |
|    total_timesteps      | 786432      |
| train/                  |             |
|    approx_kl            | 0.059284717 |
|    clip_fraction        | 0.472       |
|    clip_range           | 0.15        |
|    entropy_loss         | -2.07       |
|    explained_variance   | 0.365       |
|    learning_rate        | 0.0003      |
|    loss                 | 0.14        |
|    n_updates            | 690         |
|    policy_gradient_loss | -0.0561     |
|    value_loss           | 0.448       |
-----------------------------------------
-----------------------------------------
| time/                   |             |
|    fps                  | 699         |
|    iterations           | 25          |
|    time_elapsed         | 1170        |
|    total_timesteps      | 819200      |
| train/                  |             |
|    approx_kl            | 0.047033127 |
|    clip_fraction        | 0.415       |
|    clip_range           | 0.15        |
|    entropy_loss         | -2.06       |
|    explained_variance   | 0.216       |
|    learning_rate        | 0.0003      |
|    loss                 | 0.0927      |
|    n_updates            | 720         |
|    policy_gradient_loss | -0.0479     |
|    value_loss           | 0.386       |
-----------------------------------------
-----------------------------------------
| time/                   |             |
|    fps                  | 700         |
|    iterations           | 26          |
|    time_elapsed         | 1216        |
|    total_timesteps      | 851968      |
| train/                  |             |
|    approx_kl            | 0.077881515 |
|    clip_fraction        | 0.44        |
|    clip_range           | 0.15        |
|    entropy_loss         | -2.02       |
|    explained_variance   | 0.162       |
|    learning_rate        | 0.0003      |
|    loss                 | 0.12        |
|    n_updates            | 750         |
|    policy_gradient_loss | -0.0519     |
|    value_loss           | 0.468       |
-----------------------------------------
----------------------------------------
| time/                   |            |
|    fps                  | 699        |
|    iterations           | 27         |
|    time_elapsed         | 1264       |
|    total_timesteps      | 884736     |
| train/                  |            |
|    approx_kl            | 0.16398686 |
|    clip_fraction        | 0.693      |
|    clip_range           | 0.15       |
|    entropy_loss         | -2.06      |
|    explained_variance   | 0.229      |
|    learning_rate        | 0.0003     |
|    loss                 | 0.0376     |
|    n_updates            | 780        |
|    policy_gradient_loss | -0.0601    |
|    value_loss           | 0.213      |
----------------------------------------
-----------------------------------------
| time/                   |             |
|    fps                  | 700         |
|    iterations           | 28          |
|    time_elapsed         | 1310        |
|    total_timesteps      | 917504      |
| train/                  |             |
|    approx_kl            | 0.062669575 |
|    clip_fraction        | 0.646       |
|    clip_range           | 0.15        |
|    entropy_loss         | -2.44       |
|    explained_variance   | 0.246       |
|    learning_rate        | 0.0003      |
|    loss                 | 1.04        |
|    n_updates            | 810         |
|    policy_gradient_loss | -0.0657     |
|    value_loss           | 1.73        |
-----------------------------------------
-----------------------------------------
| time/                   |             |
|    fps                  | 700         |
|    iterations           | 29          |
|    time_elapsed         | 1356        |
|    total_timesteps      | 950272      |
| train/                  |             |
|    approx_kl            | 0.031327665 |
|    clip_fraction        | 0.667       |
|    clip_range           | 0.15        |
|    entropy_loss         | -2.35       |
|    explained_variance   | 0.423       |
|    learning_rate        | 0.0003      |
|    loss                 | 0.822       |
|    n_updates            | 840         |
|    policy_gradient_loss | -0.0698     |
|    value_loss           | 1.49        |
-----------------------------------------
----------------------------------------
| time/                   |            |
|    fps                  | 699        |
|    iterations           | 30         |
|    time_elapsed         | 1405       |
|    total_timesteps      | 983040     |
| train/                  |            |
|    approx_kl            | 0.05742015 |
|    clip_fraction        | 0.722      |
|    clip_range           | 0.15       |
|    entropy_loss         | -2.23      |
|    explained_variance   | 0.408      |
|    learning_rate        | 0.0003     |
|    loss                 | 0.263      |
|    n_updates            | 870        |
|    policy_gradient_loss | -0.0738    |
|    value_loss           | 0.854      |
----------------------------------------
----------------------------------------
| time/                   |            |
|    fps                  | 697        |
|    iterations           | 31         |
|    time_elapsed         | 1457       |
|    total_timesteps      | 1015808    |
| train/                  |            |
|    approx_kl            | 0.10178564 |
|    clip_fraction        | 0.532      |
|    clip_range           | 0.15       |
|    entropy_loss         | -2.22      |
|    explained_variance   | 0.0451     |
|    learning_rate        | 0.0003     |
|    loss                 | 0.536      |
|    n_updates            | 900        |
|    policy_gradient_loss | -0.063     |
|    value_loss           | 1.26       |
----------------------------------------
-----------------------------------------
| time/                   |             |
|    fps                  | 696         |
|    iterations           | 32          |
|    time_elapsed         | 1505        |
|    total_timesteps      | 1048576     |
| train/                  |             |
|    approx_kl            | 0.047743436 |
|    clip_fraction        | 0.557       |
|    clip_range           | 0.15        |
|    entropy_loss         | -2.23       |
|    explained_variance   | 0.346       |
|    learning_rate        | 0.0003      |
|    loss                 | 0.298       |
|    n_updates            | 930         |
|    policy_gradient_loss | -0.0599     |
|    value_loss           | 1.01        |
-----------------------------------------
----------------------------------------
| time/                   |            |
|    fps                  | 697        |
|    iterations           | 33         |
|    time_elapsed         | 1551       |
|    total_timesteps      | 1081344    |
| train/                  |            |
|    approx_kl            | 0.04987645 |
|    clip_fraction        | 0.567      |
|    clip_range           | 0.15       |
|    entropy_loss         | -2.25      |
|    explained_variance   | 0.284      |
|    learning_rate        | 0.0003     |
|    loss                 | 0.166      |
|    n_updates            | 960        |
|    policy_gradient_loss | -0.0591    |
|    value_loss           | 0.631      |
----------------------------------------
----------------------------------------
| time/                   |            |
|    fps                  | 696        |
|    iterations           | 34         |
|    time_elapsed         | 1599       |
|    total_timesteps      | 1114112    |
| train/                  |            |
|    approx_kl            | 0.07189861 |
|    clip_fraction        | 0.433      |
|    clip_range           | 0.15       |
|    entropy_loss         | -2.14      |
|    explained_variance   | 0.144      |
|    learning_rate        | 0.0003     |
|    loss                 | 0.239      |
|    n_updates            | 990        |
|    policy_gradient_loss | -0.053     |
|    value_loss           | 0.688      |
----------------------------------------
----------------------------------------
| time/                   |            |
|    fps                  | 696        |
|    iterations           | 35         |
|    time_elapsed         | 1647       |
|    total_timesteps      | 1146880    |
| train/                  |            |
|    approx_kl            | 0.15745455 |
|    clip_fraction        | 0.521      |
|    clip_range           | 0.15       |
|    entropy_loss         | -2.08      |
|    explained_variance   | 0.249      |
|    learning_rate        | 0.0003     |
|    loss                 | 0.0636     |
|    n_updates            | 1020       |
|    policy_gradient_loss | -0.0532    |
|    value_loss           | 0.324      |
----------------------------------------
-----------------------------------------
| time/                   |             |
|    fps                  | 695         |
|    iterations           | 36          |
|    time_elapsed         | 1696        |
|    total_timesteps      | 1179648     |
| train/                  |             |
|    approx_kl            | 0.065161526 |
|    clip_fraction        | 0.563       |
|    clip_range           | 0.15        |
|    entropy_loss         | -2.12       |
|    explained_variance   | 0.0514      |
|    learning_rate        | 0.0003      |
|    loss                 | 0.443       |
|    n_updates            | 1050        |
|    policy_gradient_loss | -0.0622     |
|    value_loss           | 1.1         |
-----------------------------------------
---------------------------------------
| time/                   |           |
|    fps                  | 693       |
|    iterations           | 37        |
|    time_elapsed         | 1749      |
|    total_timesteps      | 1212416   |
| train/                  |           |
|    approx_kl            | 0.0392404 |
|    clip_fraction        | 0.614     |
|    clip_range           | 0.15      |
|    entropy_loss         | -2.17     |
|    explained_variance   | 0.319     |
|    learning_rate        | 0.0003    |
|    loss                 | 0.391     |
|    n_updates            | 1080      |
|    policy_gradient_loss | -0.0599   |
|    value_loss           | 0.798     |
---------------------------------------
----------------------------------------
| time/                   |            |
|    fps                  | 691        |
|    iterations           | 38         |
|    time_elapsed         | 1801       |
|    total_timesteps      | 1245184    |
| train/                  |            |
|    approx_kl            | 0.07702821 |
|    clip_fraction        | 0.419      |
|    clip_range           | 0.15       |
|    entropy_loss         | -2.16      |
|    explained_variance   | 0.0219     |
|    learning_rate        | 0.0003     |
|    loss                 | 0.288      |
|    n_updates            | 1110       |
|    policy_gradient_loss | -0.0521    |
|    value_loss           | 0.752      |
----------------------------------------
-----------------------------------------
| time/                   |             |
|    fps                  | 691         |
|    iterations           | 39          |
|    time_elapsed         | 1847        |
|    total_timesteps      | 1277952     |
| train/                  |             |
|    approx_kl            | 0.058348402 |
|    clip_fraction        | 0.444       |
|    clip_range           | 0.15        |
|    entropy_loss         | -2.17       |
|    explained_variance   | 0.0594      |
|    learning_rate        | 0.0003      |
|    loss                 | 0.296       |
|    n_updates            | 1140        |
|    policy_gradient_loss | -0.0517     |
|    value_loss           | 0.748       |
-----------------------------------------
----------------------------------------
| time/                   |            |
|    fps                  | 691        |
|    iterations           | 40         |
|    time_elapsed         | 1895       |
|    total_timesteps      | 1310720    |
| train/                  |            |
|    approx_kl            | 0.06089955 |
|    clip_fraction        | 0.457      |
|    clip_range           | 0.15       |
|    entropy_loss         | -2.13      |
|    explained_variance   | 0.139      |
|    learning_rate        | 0.0003     |
|    loss                 | 0.24       |
|    n_updates            | 1170       |
|    policy_gradient_loss | -0.0537    |
|    value_loss           | 0.61       |
----------------------------------------
----------------------------------------
| time/                   |            |
|    fps                  | 691        |
|    iterations           | 41         |
|    time_elapsed         | 1943       |
|    total_timesteps      | 1343488    |
| train/                  |            |
|    approx_kl            | 0.06044386 |
|    clip_fraction        | 0.418      |
|    clip_range           | 0.15       |
|    entropy_loss         | -2.02      |
|    explained_variance   | 0.173      |
|    learning_rate        | 0.0003     |
|    loss                 | 0.258      |
|    n_updates            | 1200       |
|    policy_gradient_loss | -0.05      |
|    value_loss           | 0.463      |
----------------------------------------
----------------------------------------
| time/                   |            |
|    fps                  | 690        |
|    iterations           | 42         |
|    time_elapsed         | 1991       |
|    total_timesteps      | 1376256    |
| train/                  |            |
|    approx_kl            | 0.11513537 |
|    clip_fraction        | 0.302      |
|    clip_range           | 0.15       |
|    entropy_loss         | -1.89      |
|    explained_variance   | 0.292      |
|    learning_rate        | 0.0003     |
|    loss                 | 0.122      |
|    n_updates            | 1230       |
|    policy_gradient_loss | -0.0384    |
|    value_loss           | 0.327      |
----------------------------------------
-----------------------------------------
| time/                   |             |
|    fps                  | 690         |
|    iterations           | 43          |
|    time_elapsed         | 2040        |
|    total_timesteps      | 1409024     |
| train/                  |             |
|    approx_kl            | 0.040163253 |
|    clip_fraction        | 0.361       |
|    clip_range           | 0.15        |
|    entropy_loss         | -1.84       |
|    explained_variance   | 0.341       |
|    learning_rate        | 0.0003      |
|    loss                 | 0.145       |
|    n_updates            | 1260        |
|    policy_gradient_loss | -0.0401     |
|    value_loss           | 0.295       |
-----------------------------------------
-----------------------------------------
| time/                   |             |
|    fps                  | 690         |
|    iterations           | 44          |
|    time_elapsed         | 2088        |
|    total_timesteps      | 1441792     |
| train/                  |             |
|    approx_kl            | 0.044908233 |
|    clip_fraction        | 0.391       |
|    clip_range           | 0.15        |
|    entropy_loss         | -1.76       |
|    explained_variance   | 0.385       |
|    learning_rate        | 0.0003      |
|    loss                 | -0.0128     |
|    n_updates            | 1290        |
|    policy_gradient_loss | -0.0412     |
|    value_loss           | 0.231       |
-----------------------------------------
-----------------------------------------
| time/                   |             |
|    fps                  | 690         |
|    iterations           | 45          |
|    time_elapsed         | 2134        |
|    total_timesteps      | 1474560     |
| train/                  |             |
|    approx_kl            | 0.055824075 |
|    clip_fraction        | 0.296       |
|    clip_range           | 0.15        |
|    entropy_loss         | -1.83       |
|    explained_variance   | 0.172       |
|    learning_rate        | 0.0003      |
|    loss                 | 0.0536      |
|    n_updates            | 1320        |
|    policy_gradient_loss | -0.0329     |
|    value_loss           | 0.269       |
-----------------------------------------
----------------------------------------
| time/                   |            |
|    fps                  | 690        |
|    iterations           | 46         |
|    time_elapsed         | 2182       |
|    total_timesteps      | 1507328    |
| train/                  |            |
|    approx_kl            | 0.11748567 |
|    clip_fraction        | 0.313      |
|    clip_range           | 0.15       |
|    entropy_loss         | -1.85      |
|    explained_variance   | 0.179      |
|    learning_rate        | 0.0003     |
|    loss                 | 0.0615     |
|    n_updates            | 1350       |
|    policy_gradient_loss | -0.035     |
|    value_loss           | 0.216      |
----------------------------------------
----------------------------------------
| time/                   |            |
|    fps                  | 691        |
|    iterations           | 47         |
|    time_elapsed         | 2228       |
|    total_timesteps      | 1540096    |
| train/                  |            |
|    approx_kl            | 0.14612496 |
|    clip_fraction        | 0.33       |
|    clip_range           | 0.15       |
|    entropy_loss         | -1.78      |
|    explained_variance   | 0.167      |
|    learning_rate        | 0.0003     |
|    loss                 | 0.0606     |
|    n_updates            | 1380       |
|    policy_gradient_loss | -0.0399    |
|    value_loss           | 0.283      |
----------------------------------------
----------------------------------------
| time/                   |            |
|    fps                  | 690        |
|    iterations           | 48         |
|    time_elapsed         | 2276       |
|    total_timesteps      | 1572864    |
| train/                  |            |
|    approx_kl            | 0.03766904 |
|    clip_fraction        | 0.345      |
|    clip_range           | 0.15       |
|    entropy_loss         | -1.69      |
|    explained_variance   | 0.235      |
|    learning_rate        | 0.0003     |
|    loss                 | 0.0604     |
|    n_updates            | 1410       |
|    policy_gradient_loss | -0.0405    |
|    value_loss           | 0.191      |
----------------------------------------
---------------------------------------
| time/                   |           |
|    fps                  | 690       |
|    iterations           | 49        |
|    time_elapsed         | 2324      |
|    total_timesteps      | 1605632   |
| train/                  |           |
|    approx_kl            | 0.1670677 |
|    clip_fraction        | 0.508     |
|    clip_range           | 0.15      |
|    entropy_loss         | -1.76     |
|    explained_variance   | 0.21      |
|    learning_rate        | 0.0003    |
|    loss                 | -0.0102   |
|    n_updates            | 1440      |
|    policy_gradient_loss | -0.0408   |
|    value_loss           | 0.0764    |
---------------------------------------
----------------------------------------
| time/                   |            |
|    fps                  | 690        |
|    iterations           | 50         |
|    time_elapsed         | 2372       |
|    total_timesteps      | 1638400    |
| train/                  |            |
|    approx_kl            | 0.02111255 |
|    clip_fraction        | 0.554      |
|    clip_range           | 0.15       |
|    entropy_loss         | -2.29      |
|    explained_variance   | 0.198      |
|    learning_rate        | 0.0003     |
|    loss                 | 1.93       |
|    n_updates            | 1470       |
|    policy_gradient_loss | -0.0578    |
|    value_loss           | 3.82       |
----------------------------------------
----------------------------------------
| time/                   |            |
|    fps                  | 690        |
|    iterations           | 51         |
|    time_elapsed         | 2420       |
|    total_timesteps      | 1671168    |
| train/                  |            |
|    approx_kl            | 0.06260404 |
|    clip_fraction        | 0.592      |
|    clip_range           | 0.15       |
|    entropy_loss         | -2.39      |
|    explained_variance   | 0.253      |
|    learning_rate        | 0.0003     |
|    loss                 | 1.68       |
|    n_updates            | 1500       |
|    policy_gradient_loss | -0.0589    |
|    value_loss           | 3.89       |
----------------------------------------
----------------------------------------
| time/                   |            |
|    fps                  | 690        |
|    iterations           | 52         |
|    time_elapsed         | 2468       |
|    total_timesteps      | 1703936    |
| train/                  |            |
|    approx_kl            | 0.03303788 |
|    clip_fraction        | 0.601      |
|    clip_range           | 0.15       |
|    entropy_loss         | -2.51      |
|    explained_variance   | 0.213      |
|    learning_rate        | 0.0003     |
|    loss                 | 1.29       |
|    n_updates            | 1530       |
|    policy_gradient_loss | -0.0585    |
|    value_loss           | 2.69       |
----------------------------------------
-----------------------------------------
| time/                   |             |
|    fps                  | 690         |
|    iterations           | 53          |
|    time_elapsed         | 2514        |
|    total_timesteps      | 1736704     |
| train/                  |             |
|    approx_kl            | 0.054242685 |
|    clip_fraction        | 0.536       |
|    clip_range           | 0.15        |
|    entropy_loss         | -2.4        |
|    explained_variance   | 0.0773      |
|    learning_rate        | 0.0003      |
|    loss                 | 0.933       |
|    n_updates            | 1560        |
|    policy_gradient_loss | -0.0595     |
|    value_loss           | 2.06        |
-----------------------------------------
-----------------------------------------
| time/                   |             |
|    fps                  | 690         |
|    iterations           | 54          |
|    time_elapsed         | 2562        |
|    total_timesteps      | 1769472     |
| train/                  |             |
|    approx_kl            | 0.063245706 |
|    clip_fraction        | 0.529       |
|    clip_range           | 0.15        |
|    entropy_loss         | -2.19       |
|    explained_variance   | 0.262       |
|    learning_rate        | 0.0003      |
|    loss                 | 0.567       |
|    n_updates            | 1590        |
|    policy_gradient_loss | -0.0587     |
|    value_loss           | 1.67        |
-----------------------------------------
---------------------------------------
| time/                   |           |
|    fps                  | 690       |
|    iterations           | 55        |
|    time_elapsed         | 2611      |
|    total_timesteps      | 1802240   |
| train/                  |           |
|    approx_kl            | 0.0439794 |
|    clip_fraction        | 0.451     |
|    clip_range           | 0.15      |
|    entropy_loss         | -1.98     |
|    explained_variance   | 0.243     |
|    learning_rate        | 0.0003    |
|    loss                 | 0.371     |
|    n_updates            | 1620      |
|    policy_gradient_loss | -0.0546   |
|    value_loss           | 0.875     |
---------------------------------------
-----------------------------------------
| time/                   |             |
|    fps                  | 690         |
|    iterations           | 56          |
|    time_elapsed         | 2656        |
|    total_timesteps      | 1835008     |
| train/                  |             |
|    approx_kl            | 0.059859805 |
|    clip_fraction        | 0.375       |
|    clip_range           | 0.15        |
|    entropy_loss         | -1.77       |
|    explained_variance   | 0.264       |
|    learning_rate        | 0.0003      |
|    loss                 | 0.111       |
|    n_updates            | 1650        |
|    policy_gradient_loss | -0.0465     |
|    value_loss           | 0.432       |
-----------------------------------------
----------------------------------------
| time/                   |            |
|    fps                  | 691        |
|    iterations           | 57         |
|    time_elapsed         | 2702       |
|    total_timesteps      | 1867776    |
| train/                  |            |
|    approx_kl            | 0.05056023 |
|    clip_fraction        | 0.241      |
|    clip_range           | 0.15       |
|    entropy_loss         | -1.64      |
|    explained_variance   | 0.269      |
|    learning_rate        | 0.0003     |
|    loss                 | 0.0502     |
|    n_updates            | 1680       |
|    policy_gradient_loss | -0.0236    |
|    value_loss           | 0.254      |
----------------------------------------
----------------------------------------
| time/                   |            |
|    fps                  | 691        |
|    iterations           | 58         |
|    time_elapsed         | 2748       |
|    total_timesteps      | 1900544    |
| train/                  |            |
|    approx_kl            | 0.07510175 |
|    clip_fraction        | 0.542      |
|    clip_range           | 0.15       |
|    entropy_loss         | -1.8       |
|    explained_variance   | 0.423      |
|    learning_rate        | 0.0003     |
|    loss                 | -0.0261    |
|    n_updates            | 1710       |
|    policy_gradient_loss | -0.0369    |
|    value_loss           | 0.11       |
----------------------------------------
-----------------------------------------
| time/                   |             |
|    fps                  | 691         |
|    iterations           | 59          |
|    time_elapsed         | 2796        |
|    total_timesteps      | 1933312     |
| train/                  |             |
|    approx_kl            | 0.074273944 |
|    clip_fraction        | 0.408       |
|    clip_range           | 0.15        |
|    entropy_loss         | -1.78       |
|    explained_variance   | 0.198       |
|    learning_rate        | 0.0003      |
|    loss                 | 0.26        |
|    n_updates            | 1740        |
|    policy_gradient_loss | -0.0481     |
|    value_loss           | 0.907       |
-----------------------------------------
----------------------------------------
| time/                   |            |
|    fps                  | 691        |
|    iterations           | 60         |
|    time_elapsed         | 2844       |
|    total_timesteps      | 1966080    |
| train/                  |            |
|    approx_kl            | 0.20072418 |
|    clip_fraction        | 0.306      |
|    clip_range           | 0.15       |
|    entropy_loss         | -1.74      |
|    explained_variance   | 0.262      |
|    learning_rate        | 0.0003     |
|    loss                 | 0.485      |
|    n_updates            | 1770       |
|    policy_gradient_loss | -0.0397    |
|    value_loss           | 0.446      |
----------------------------------------
----------------------------------------
| time/                   |            |
|    fps                  | 690        |
|    iterations           | 61         |
|    time_elapsed         | 2893       |
|    total_timesteps      | 1998848    |
| train/                  |            |
|    approx_kl            | 0.15339588 |
|    clip_fraction        | 0.507      |
|    clip_range           | 0.15       |
|    entropy_loss         | -1.77      |
|    explained_variance   | 0.257      |
|    learning_rate        | 0.0003     |
|    loss                 | 0.866      |
|    n_updates            | 1800       |
|    policy_gradient_loss | -0.068     |
|    value_loss           | 1.45       |
----------------------------------------
----------------------------------------
| time/                   |            |
|    fps                  | 691        |
|    iterations           | 62         |
|    time_elapsed         | 2938       |
|    total_timesteps      | 2031616    |
| train/                  |            |
|    approx_kl            | 0.06361819 |
|    clip_fraction        | 0.473      |
|    clip_range           | 0.15       |
|    entropy_loss         | -1.6       |
|    explained_variance   | 0.619      |
|    learning_rate        | 0.0003     |
|    loss                 | 0.399      |
|    n_updates            | 1830       |
|    policy_gradient_loss | -0.0452    |
|    value_loss           | 1.02       |
----------------------------------------
____________Save learn____________
____________END____________
