____________graph name:   ./Graph/TestGraph_8.txt____________
[[[[0, 0]], 2, [3, 0], [0, 0, 0, 0]], [[[0, 0]], 2, [3, 1], [0, 0, 0, 0]], [[[0, 0]], 2, [3, 2], [0, 0, 0, 0]], [[[0, 0]], 2, [3, 3], [0, 0, 0, 0]], [[[0, 2]], 1, [0, 0, 1], [4]], [[[0, 2], [2, 0], [2, 2], [2, 4], [4, 2]], 2, [0, 0, 1], [4, 1, 4, 4]], [[[0, 3]], 1, [0, 0, 1], [1]], [[[1, 2]], 1, [0, 0, 1], [1]], [[[1, 2], [3, 0], [3, 2], [3, 4], [5, 2]], 2, [0, 0, 1], [1, 3, 1, 1]], [[[1, 3]], 1, [0, 0, 1], [3]], [[[2, 0]], 1, [0, 0, 1], [4]], [[[2, 0], [2, 2]], 3, [0, 0, 1], [4, 1, 4, 4]], [[[2, 0], [2, 2]], 4, [0, 0, 1], [4, 1, 4, 1]], [[[2, 0]], 5, [0, 0, 1], [4, 1, 4, 1]], [[[2, 0]], 6, [0, 0, 1], [4, 1, 4, 1]], [[[2, 1]], 1, [0, 0, 1], [1]], [[[2, 1], [2, 3]], 2, [0, 0, 1], [1, 4, 1, 1]], [[[2, 1], [2, 3]], 3, [0, 0, 1], [1, 4, 1, 1]], [[[2, 1]], 4, [0, 0, 1], [1, 4, 1, 4]], [[[2, 1]], 5, [0, 0, 1], [1, 4, 1, 4]], [[[2, 2]], 1, [0, 0, 1], [4]], [[[2, 3]], 1, [0, 0, 1], [1]], [[[2, 4]], 1, [0, 0, 1], [4]], [[[2, 5]], 1, [0, 0, 1], [1]], [[[3, 0]], 1, [0, 0, 1], [1]], [[[3, 0], [3, 2]], 3, [0, 0, 1], [1, 3, 1, 1]], [[[3, 0], [3, 2]], 4, [0, 0, 1], [1, 3, 1, 3]], [[[3, 0]], 5, [0, 0, 1], [1, 3, 1, 3]], [[[3, 0]], 6, [0, 0, 1], [1, 3, 1, 3]], [[[3, 1]], 1, [0, 0, 1], [3]], [[[3, 1], [3, 3]], 2, [0, 0, 1], [3, 1, 3, 3]], [[[3, 1], [3, 3]], 3, [0, 0, 1], [3, 1, 3, 3]], [[[3, 1]], 4, [0, 0, 1], [3, 1, 3, 1]], [[[3, 1]], 5, [0, 0, 1], [3, 1, 3, 1]], [[[3, 2]], 1, [0, 0, 1], [1]], [[[3, 3]], 1, [0, 0, 1], [3]], [[[3, 4]], 1, [0, 0, 1], [1]], [[[3, 5]], 1, [0, 0, 1], [3]], [[[4, 2]], 1, [0, 0, 1], [4]], [[[4, 3]], 1, [0, 0, 1], [1]], [[[5, 2]], 1, [0, 0, 1], [1]], [[[5, 3]], 1, [0, 0, 1], [3]], [[[0, 2]], 1, [0, 1, 0], [4]], [[[0, 2], [2, 0], [2, 2], [2, 4], [4, 2]], 2, [0, 1, 0], [4, 1, 4, 4]], [[[0, 2], [2, 2]], 3, [0, 1, 0], [4, 1, 4, 4]], [[[0, 2], [2, 2]], 4, [0, 1, 0], [4, 1, 4, 1]], [[[0, 2]], 5, [0, 1, 0], [4, 1, 4, 1]], [[[0, 2]], 6, [0, 1, 0], [4, 1, 4, 1]], [[[0, 3]], 1, [0, 1, 0], [1]], [[[0, 3], [2, 1], [2, 3], [2, 5], [4, 3]], 2, [0, 1, 0], [1, 3, 1, 1]], [[[0, 3], [2, 3]], 3, [0, 1, 0], [1, 3, 1, 1]], [[[0, 3], [2, 3]], 4, [0, 1, 0], [1, 3, 1, 3]], [[[0, 3]], 5, [0, 1, 0], [1, 3, 1, 3]], [[[0, 3]], 6, [0, 1, 0], [1, 3, 1, 3]], [[[1, 2]], 1, [0, 1, 0], [1]], [[[1, 2], [3, 2]], 2, [0, 1, 0], [1, 4, 1, 1]], [[[1, 2], [3, 2]], 3, [0, 1, 0], [1, 4, 1, 1]], [[[1, 2]], 4, [0, 1, 0], [1, 4, 1, 4]], [[[1, 2]], 5, [0, 1, 0], [1, 4, 1, 4]], [[[1, 3]], 1, [0, 1, 0], [3]], [[[1, 3], [3, 3]], 2, [0, 1, 0], [3, 1, 3, 3]], [[[1, 3], [3, 3]], 3, [0, 1, 0], [3, 1, 3, 3]], [[[1, 3]], 4, [0, 1, 0], [3, 1, 3, 1]], [[[1, 3]], 5, [0, 1, 0], [3, 1, 3, 1]], [[[2, 0]], 1, [0, 1, 0], [4]], [[[2, 1]], 1, [0, 1, 0], [1]], [[[2, 2]], 1, [0, 1, 0], [4]], [[[2, 3]], 1, [0, 1, 0], [1]], [[[2, 4]], 1, [0, 1, 0], [4]], [[[2, 5]], 1, [0, 1, 0], [1]], [[[3, 0]], 1, [0, 1, 0], [1]], [[[3, 1]], 1, [0, 1, 0], [3]], [[[3, 2]], 1, [0, 1, 0], [1]], [[[3, 3]], 1, [0, 1, 0], [3]], [[[3, 4]], 1, [0, 1, 0], [1]], [[[3, 5]], 1, [0, 1, 0], [3]], [[[4, 2]], 1, [0, 1, 0], [4]], [[[4, 3]], 1, [0, 1, 0], [1]], [[[5, 2]], 1, [0, 1, 0], [1]], [[[5, 3]], 1, [0, 1, 0], [3]], [[[0, 2]], 1, [0, -1, 1], [4]], [[[0, 3]], 1, [0, -1, 1], [1]], [[[1, 2]], 1, [0, -1, 1], [1]], [[[1, 2], [2, 1], [3, 0], [3, 2], [3, 4], [4, 3], [5, 2]], 2, [0, -1, 1], [1, 1, 1, 1]], [[[1, 3]], 1, [0, -1, 1], [3]], [[[2, 0]], 1, [0, -1, 1], [4]], [[[2, 1]], 1, [0, -1, 1], [1]], [[[2, 1], [3, 0], [4, 3], [5, 2]], 3, [0, -1, 1], [1, 1, 1, 1]], [[[2, 2]], 1, [0, -1, 1], [4]], [[[2, 2], [4, 2]], 2, [0, -1, 1], [4, 3, 4, 4]], [[[2, 3]], 1, [0, -1, 1], [1]], [[[2, 4]], 1, [0, -1, 1], [4]], [[[2, 5]], 1, [0, -1, 1], [1]], [[[3, 0]], 1, [0, -1, 1], [1]], [[[3, 0], [5, 2]], 4, [0, -1, 1], [1, 1, 1, 1]], [[[3, 1]], 1, [0, -1, 1], [3]], [[[3, 1], [3, 3]], 2, [0, -1, 1], [3, 4, 3, 3]], [[[3, 1]], 3, [0, -1, 1], [3, 4, 3, 3]], [[[3, 2]], 1, [0, -1, 1], [1]], [[[3, 3]], 1, [0, -1, 1], [3]], [[[3, 4]], 1, [0, -1, 1], [1]], [[[3, 5]], 1, [0, -1, 1], [3]], [[[4, 2]], 1, [0, -1, 1], [4]], [[[4, 2]], 3, [0, -1, 1], [4, 3, 4, 4]], [[[4, 3]], 1, [0, -1, 1], [1]], [[[5, 2]], 1, [0, -1, 1], [1]], [[[5, 3]], 1, [0, -1, 1], [3]], [[[0, 2]], 1, [0, -1, -1], [4]], [[[0, 3]], 1, [0, -1, -1], [1]], [[[1, 2]], 1, [0, -1, -1], [1]], [[[1, 3]], 1, [0, -1, -1], [3]], [[[1, 3], [3, 1], [3, 3], [3, 5], [5, 3]], 2, [0, -1, -1], [3, 4, 3, 3]], [[[2, 0]], 1, [0, -1, -1], [4]], [[[2, 1]], 1, [0, -1, -1], [1]], [[[2, 2]], 1, [0, -1, -1], [4]], [[[2, 3]], 1, [0, -1, -1], [1]], [[[2, 3], [3, 2], [3, 4], [4, 3]], 2, [0, -1, -1], [1, 1, 1, 1]], [[[2, 4]], 1, [0, -1, -1], [4]], [[[2, 4], [4, 2]], 2, [0, -1, -1], [4, 3, 4, 4]], [[[2, 4], [4, 2]], 3, [0, -1, -1], [4, 3, 4, 4]], [[[2, 5]], 1, [0, -1, -1], [1]], [[[3, 0]], 1, [0, -1, -1], [1]], [[[3, 1]], 1, [0, -1, -1], [3]], [[[3, 2]], 1, [0, -1, -1], [1]], [[[3, 3]], 1, [0, -1, -1], [3]], [[[3, 4]], 1, [0, -1, -1], [1]], [[[3, 4], [4, 3]], 3, [0, -1, -1], [1, 1, 1, 1]], [[[3, 5]], 1, [0, -1, -1], [3]], [[[3, 5], [5, 3]], 3, [0, -1, -1], [3, 4, 3, 3]], [[[3, 5], [5, 3]], 4, [0, -1, -1], [3, 4, 3, 4]], [[[4, 2]], 1, [0, -1, -1], [4]], [[[4, 3]], 1, [0, -1, -1], [1]], [[[5, 2]], 1, [0, -1, -1], [1]], [[[5, 3]], 1, [0, -1, -1], [3]], [[[1, 2], [3, 0], [3, 2], [3, 4], [5, 2]], 6, [2, 0, 1, -1, 0, 0, -1], [1, 3, 1, 4]], [[[2, 2], [4, 2]], 6, [2, 0, 1, -1, 0, 0, -1], [4, 1, 3, 1]], [[[3, 1], [3, 3]], 6, [2, 0, 1, -1, 0, 0, -1], [3, 1, 4, 1]], [[[4, 2]], 6, [2, -1, 0, -1, 0, 0, -1, 0, -1], [4, 1, 4, 1]], [[[4, 3]], 6, [2, -1, 0, -1, 0, 0, -1, 0, -1], [1, 3, 1, 4]], [[[5, 2]], 6, [2, -1, 0, -1, 0, 0, -1, 0, -1], [1, 4, 1, 3]], [[[5, 3]], 6, [2, -1, 0, -1, 0, 0, -1, 0, -1], [3, 1, 3, 1]], [[[4, 2]], 6, [2, -1, 0, -1, 0, 0, 1, 0, 1], [4, 1, 4, 1]], [[[4, 3]], 6, [2, -1, 0, -1, 0, 0, 1, 0, 1], [1, 3, 1, 4]], [[[5, 2]], 6, [2, -1, 0, -1, 0, 0, 1, 0, 1], [1, 4, 1, 3]], [[[5, 3]], 6, [2, -1, 0, -1, 0, 0, 1, 0, 1], [3, 1, 3, 1]], [[[2, 4]], 6, [2, 0, -1, 0, -1, -1, 0, -1, 0], [4, 1, 4, 1]], [[[2, 5]], 6, [2, 0, -1, 0, -1, -1, 0, -1, 0], [1, 4, 1, 3]], [[[3, 4]], 6, [2, 0, -1, 0, -1, -1, 0, -1, 0], [1, 3, 1, 4]], [[[3, 5]], 6, [2, 0, -1, 0, -1, -1, 0, -1, 0], [3, 1, 3, 1]], [[[2, 0]], 6, [2, 0, 1, 0, 1, -1, 0, -1, 0], [4, 1, 4, 1]], [[[2, 1]], 6, [2, 0, 1, 0, 1, -1, 0, -1, 0], [1, 4, 1, 3]], [[[3, 0]], 6, [2, 0, 1, 0, 1, -1, 0, -1, 0], [1, 3, 1, 4]], [[[3, 1]], 6, [2, 0, 1, 0, 1, -1, 0, -1, 0], [3, 1, 3, 1]], [[[0, 2]], 1, [0, -1, 1, 1, 1], [4]], [[[0, 3]], 1, [0, -1, 1, 1, 1], [1]], [[[1, 2]], 1, [0, -1, 1, 1, 1], [1]], [[[1, 2], [2, 1], [3, 0], [3, 2], [3, 4], [4, 3], [5, 2]], 2, [0, -1, 1, 1, 1], [1, 1, 1, 1]], [[[1, 3]], 1, [0, -1, 1, 1, 1], [3]], [[[2, 0]], 1, [0, -1, 1, 1, 1], [4]], [[[2, 1]], 1, [0, -1, 1, 1, 1], [1]], [[[2, 1], [3, 0], [3, 2]], 3, [0, -1, 1, 1, 1], [1, 1, 1, 1]], [[[2, 2]], 1, [0, -1, 1, 1, 1], [4]], [[[2, 2], [4, 2]], 2, [0, -1, 1, 1, 1], [4, 3, 4, 4]], [[[2, 2]], 3, [0, -1, 1, 1, 1], [4, 3, 4, 4]], [[[2, 3]], 1, [0, -1, 1, 1, 1], [1]], [[[2, 4]], 1, [0, -1, 1, 1, 1], [4]], [[[2, 5]], 1, [0, -1, 1, 1, 1], [1]], [[[3, 0]], 1, [0, -1, 1, 1, 1], [1]], [[[3, 0], [3, 2]], 4, [0, -1, 1, 1, 1], [1, 1, 1, 1]], [[[3, 0]], 5, [0, -1, 1, 1, 1], [1, 1, 1, 1]], [[[3, 0]], 6, [0, -1, 1, 1, 1], [1, 1, 1, 1]], [[[3, 1]], 1, [0, -1, 1, 1, 1], [3]], [[[3, 1], [3, 3]], 2, [0, -1, 1, 1, 1], [3, 4, 3, 3]], [[[3, 1], [3, 3]], 3, [0, -1, 1, 1, 1], [3, 4, 3, 3]], [[[3, 1]], 4, [0, -1, 1, 1, 1], [3, 4, 3, 4]], [[[3, 1]], 5, [0, -1, 1, 1, 1], [3, 4, 3, 4]], [[[3, 2]], 1, [0, -1, 1, 1, 1], [1]], [[[3, 3]], 1, [0, -1, 1, 1, 1], [3]], [[[3, 4]], 1, [0, -1, 1, 1, 1], [1]], [[[3, 5]], 1, [0, -1, 1, 1, 1], [3]], [[[4, 2]], 1, [0, -1, 1, 1, 1], [4]], [[[4, 3]], 1, [0, -1, 1, 1, 1], [1]], [[[5, 2]], 1, [0, -1, 1, 1, 1], [1]], [[[5, 3]], 1, [0, -1, 1, 1, 1], [3]], [[[0, 2]], 1, [0, 1, 1, -1, 1], [4]], [[[0, 2], [2, 0], [2, 2], [2, 4], [4, 2]], 2, [0, 1, 1, -1, 1], [4, 3, 4, 4]], [[[0, 3]], 1, [0, 1, 1, -1, 1], [1]], [[[1, 2]], 1, [0, 1, 1, -1, 1], [1]], [[[1, 2], [2, 1], [2, 3], [3, 2]], 2, [0, 1, 1, -1, 1], [1, 1, 1, 1]], [[[1, 3]], 1, [0, 1, 1, -1, 1], [3]], [[[1, 3], [3, 1]], 2, [0, 1, 1, -1, 1], [3, 4, 3, 3]], [[[2, 0]], 1, [0, 1, 1, -1, 1], [4]], [[[2, 0], [2, 2]], 3, [0, 1, 1, -1, 1], [4, 3, 4, 4]], [[[2, 0], [2, 2]], 4, [0, 1, 1, -1, 1], [4, 3, 4, 3]], [[[2, 0]], 5, [0, 1, 1, -1, 1], [4, 3, 4, 3]], [[[2, 0]], 6, [0, 1, 1, -1, 1], [4, 3, 4, 3]], [[[2, 1]], 1, [0, 1, 1, -1, 1], [1]], [[[2, 1], [2, 3], [3, 2]], 3, [0, 1, 1, -1, 1], [1, 1, 1, 1]], [[[2, 1]], 4, [0, 1, 1, -1, 1], [1, 1, 1, 1]], [[[2, 1]], 5, [0, 1, 1, -1, 1], [1, 1, 1, 1]], [[[2, 2]], 1, [0, 1, 1, -1, 1], [4]], [[[2, 3]], 1, [0, 1, 1, -1, 1], [1]], [[[2, 4]], 1, [0, 1, 1, -1, 1], [4]], [[[2, 5]], 1, [0, 1, 1, -1, 1], [1]], [[[3, 0]], 1, [0, 1, 1, -1, 1], [1]], [[[3, 1]], 1, [0, 1, 1, -1, 1], [3]], [[[3, 1]], 3, [0, 1, 1, -1, 1], [3, 4, 3, 3]], [[[3, 2]], 1, [0, 1, 1, -1, 1], [1]], [[[3, 3]], 1, [0, 1, 1, -1, 1], [3]], [[[3, 4]], 1, [0, 1, 1, -1, 1], [1]], [[[3, 5]], 1, [0, 1, 1, -1, 1], [3]], [[[4, 2]], 1, [0, 1, 1, -1, 1], [4]], [[[4, 3]], 1, [0, 1, 1, -1, 1], [1]], [[[5, 2]], 1, [0, 1, 1, -1, 1], [1]], [[[5, 3]], 1, [0, 1, 1, -1, 1], [3]], [[[0, 2]], 1, [1, 1, 1, 1, -1], [4]], [[[0, 2], [2, 0], [2, 2], [2, 4], [4, 2]], 2, [1, 1, 1, 1, -1], [4, 3, 4, 4]], [[[0, 2], [2, 2]], 3, [1, 1, 1, 1, -1], [4, 3, 4, 4]], [[[0, 2], [2, 2]], 4, [1, 1, 1, 1, -1], [4, 3, 4, 3]], [[[0, 2]], 5, [1, 1, 1, 1, -1], [4, 3, 4, 3]], [[[0, 2]], 6, [1, 1, 1, 1, -1], [4, 3, 4, 3]], [[[0, 3]], 1, [1, 1, 1, 1, -1], [1]], [[[1, 2]], 1, [1, 1, 1, 1, -1], [1]], [[[1, 2], [2, 1], [2, 3], [3, 2]], 2, [1, 1, 1, 1, -1], [1, 1, 1, 1]], [[[1, 2], [2, 3], [3, 2]], 3, [1, 1, 1, 1, -1], [1, 1, 1, 1]], [[[1, 2]], 4, [1, 1, 1, 1, -1], [1, 1, 1, 1]], [[[1, 2]], 5, [1, 1, 1, 1, -1], [1, 1, 1, 1]], [[[1, 3]], 1, [1, 1, 1, 1, -1], [3]], [[[1, 3], [3, 1]], 2, [1, 1, 1, 1, -1], [3, 4, 3, 3]], [[[1, 3]], 3, [1, 1, 1, 1, -1], [3, 4, 3, 3]], [[[2, 0]], 1, [1, 1, 1, 1, -1], [4]], [[[2, 1]], 1, [1, 1, 1, 1, -1], [1]], [[[2, 2]], 1, [1, 1, 1, 1, -1], [4]], [[[2, 3]], 1, [1, 1, 1, 1, -1], [1]], [[[2, 4]], 1, [1, 1, 1, 1, -1], [4]], [[[2, 5]], 1, [1, 1, 1, 1, -1], [1]], [[[3, 0]], 1, [1, 1, 1, 1, -1], [1]], [[[3, 1]], 1, [1, 1, 1, 1, -1], [3]], [[[3, 2]], 1, [1, 1, 1, 1, -1], [1]], [[[3, 3]], 1, [1, 1, 1, 1, -1], [3]], [[[3, 4]], 1, [1, 1, 1, 1, -1], [1]], [[[3, 5]], 1, [1, 1, 1, 1, -1], [3]], [[[4, 2]], 1, [1, 1, 1, 1, -1], [4]], [[[4, 3]], 1, [1, 1, 1, 1, -1], [1]], [[[5, 2]], 1, [1, 1, 1, 1, -1], [1]], [[[5, 3]], 1, [1, 1, 1, 1, -1], [3]], [[[0, 2]], 1, [1, 1, -1, 1, 1], [4]], [[[0, 3]], 1, [1, 1, -1, 1, 1], [1]], [[[0, 3], [1, 2], [2, 1], [2, 3], [2, 5], [3, 4], [4, 3]], 2, [1, 1, -1, 1, 1], [1, 1, 1, 1]], [[[0, 3], [1, 2], [2, 3]], 3, [1, 1, -1, 1, 1], [1, 1, 1, 1]], [[[0, 3], [2, 3]], 4, [1, 1, -1, 1, 1], [1, 1, 1, 1]], [[[0, 3]], 5, [1, 1, -1, 1, 1], [1, 1, 1, 1]], [[[0, 3]], 6, [1, 1, -1, 1, 1], [1, 1, 1, 1]], [[[1, 2]], 1, [1, 1, -1, 1, 1], [1]], [[[1, 3]], 1, [1, 1, -1, 1, 1], [3]], [[[1, 3], [3, 3]], 2, [1, 1, -1, 1, 1], [3, 4, 3, 3]], [[[1, 3], [3, 3]], 3, [1, 1, -1, 1, 1], [3, 4, 3, 3]], [[[1, 3]], 4, [1, 1, -1, 1, 1], [3, 4, 3, 4]], [[[1, 3]], 5, [1, 1, -1, 1, 1], [3, 4, 3, 4]], [[[2, 0]], 1, [1, 1, -1, 1, 1], [4]], [[[2, 1]], 1, [1, 1, -1, 1, 1], [1]], [[[2, 2]], 1, [1, 1, -1, 1, 1], [4]], [[[2, 2], [2, 4]], 2, [1, 1, -1, 1, 1], [4, 3, 4, 4]], [[[2, 2]], 3, [1, 1, -1, 1, 1], [4, 3, 4, 4]], [[[2, 3]], 1, [1, 1, -1, 1, 1], [1]], [[[2, 4]], 1, [1, 1, -1, 1, 1], [4]], [[[2, 5]], 1, [1, 1, -1, 1, 1], [1]], [[[3, 0]], 1, [1, 1, -1, 1, 1], [1]], [[[3, 1]], 1, [1, 1, -1, 1, 1], [3]], [[[3, 2]], 1, [1, 1, -1, 1, 1], [1]], [[[3, 3]], 1, [1, 1, -1, 1, 1], [3]], [[[3, 4]], 1, [1, 1, -1, 1, 1], [1]], [[[3, 5]], 1, [1, 1, -1, 1, 1], [3]], [[[4, 2]], 1, [1, 1, -1, 1, 1], [4]], [[[4, 3]], 1, [1, 1, -1, 1, 1], [1]], [[[5, 2]], 1, [1, 1, -1, 1, 1], [1]], [[[5, 3]], 1, [1, 1, -1, 1, 1], [3]]]
____________created env____________
Using cuda device
____________start learn____________
Logging to logs/log_PPO_graph_8_0
------------------------------
| time/              |       |
|    fps             | 3785  |
|    iterations      | 1     |
|    time_elapsed    | 8     |
|    total_timesteps | 32768 |
------------------------------
-----------------------------------------
| time/                   |             |
|    fps                  | 1229        |
|    iterations           | 2           |
|    time_elapsed         | 53          |
|    total_timesteps      | 65536       |
| train/                  |             |
|    approx_kl            | 0.037141915 |
|    clip_fraction        | 0.338       |
|    clip_range           | 0.15        |
|    entropy_loss         | -5.57       |
|    explained_variance   | -0.00564    |
|    learning_rate        | 0.0003      |
|    loss                 | 2.54        |
|    n_updates            | 30          |
|    policy_gradient_loss | -0.043      |
|    value_loss           | 4.43        |
-----------------------------------------
-----------------------------------------
| time/                   |             |
|    fps                  | 975         |
|    iterations           | 3           |
|    time_elapsed         | 100         |
|    total_timesteps      | 98304       |
| train/                  |             |
|    approx_kl            | 0.025194667 |
|    clip_fraction        | 0.398       |
|    clip_range           | 0.15        |
|    entropy_loss         | -5.48       |
|    explained_variance   | -0.0151     |
|    learning_rate        | 0.0003      |
|    loss                 | 3.32        |
|    n_updates            | 60          |
|    policy_gradient_loss | -0.0543     |
|    value_loss           | 7.42        |
-----------------------------------------
----------------------------------------
| time/                   |            |
|    fps                  | 884        |
|    iterations           | 4          |
|    time_elapsed         | 148        |
|    total_timesteps      | 131072     |
| train/                  |            |
|    approx_kl            | 0.02725353 |
|    clip_fraction        | 0.465      |
|    clip_range           | 0.15       |
|    entropy_loss         | -5.33      |
|    explained_variance   | 0.0378     |
|    learning_rate        | 0.0003     |
|    loss                 | 3.87       |
|    n_updates            | 90         |
|    policy_gradient_loss | -0.0618    |
|    value_loss           | 7.24       |
----------------------------------------
-----------------------------------------
| time/                   |             |
|    fps                  | 852         |
|    iterations           | 5           |
|    time_elapsed         | 192         |
|    total_timesteps      | 163840      |
| train/                  |             |
|    approx_kl            | 0.027066236 |
|    clip_fraction        | 0.507       |
|    clip_range           | 0.15        |
|    entropy_loss         | -5.14       |
|    explained_variance   | 0.078       |
|    learning_rate        | 0.0003      |
|    loss                 | 3.2         |
|    n_updates            | 120         |
|    policy_gradient_loss | -0.0657     |
|    value_loss           | 6.38        |
-----------------------------------------
-----------------------------------------
| time/                   |             |
|    fps                  | 830         |
|    iterations           | 6           |
|    time_elapsed         | 236         |
|    total_timesteps      | 196608      |
| train/                  |             |
|    approx_kl            | 0.029358953 |
|    clip_fraction        | 0.553       |
|    clip_range           | 0.15        |
|    entropy_loss         | -4.91       |
|    explained_variance   | 0.143       |
|    learning_rate        | 0.0003      |
|    loss                 | 2.71        |
|    n_updates            | 150         |
|    policy_gradient_loss | -0.0698     |
|    value_loss           | 6.05        |
-----------------------------------------
----------------------------------------
| time/                   |            |
|    fps                  | 815        |
|    iterations           | 7          |
|    time_elapsed         | 281        |
|    total_timesteps      | 229376     |
| train/                  |            |
|    approx_kl            | 0.02415707 |
|    clip_fraction        | 0.56       |
|    clip_range           | 0.15       |
|    entropy_loss         | -4.73      |
|    explained_variance   | 0.185      |
|    learning_rate        | 0.0003     |
|    loss                 | 1.95       |
|    n_updates            | 180        |
|    policy_gradient_loss | -0.0718    |
|    value_loss           | 5.16       |
----------------------------------------
-----------------------------------------
| time/                   |             |
|    fps                  | 787         |
|    iterations           | 8           |
|    time_elapsed         | 332         |
|    total_timesteps      | 262144      |
| train/                  |             |
|    approx_kl            | 0.023041354 |
|    clip_fraction        | 0.579       |
|    clip_range           | 0.15        |
|    entropy_loss         | -4.51       |
|    explained_variance   | 0.225       |
|    learning_rate        | 0.0003      |
|    loss                 | 2.36        |
|    n_updates            | 210         |
|    policy_gradient_loss | -0.0747     |
|    value_loss           | 4.71        |
-----------------------------------------
----------------------------------------
| time/                   |            |
|    fps                  | 767        |
|    iterations           | 9          |
|    time_elapsed         | 384        |
|    total_timesteps      | 294912     |
| train/                  |            |
|    approx_kl            | 0.02346085 |
|    clip_fraction        | 0.605      |
|    clip_range           | 0.15       |
|    entropy_loss         | -4.26      |
|    explained_variance   | 0.242      |
|    learning_rate        | 0.0003     |
|    loss                 | 1.84       |
|    n_updates            | 240        |
|    policy_gradient_loss | -0.0772    |
|    value_loss           | 3.98       |
----------------------------------------
-----------------------------------------
| time/                   |             |
|    fps                  | 751         |
|    iterations           | 10          |
|    time_elapsed         | 435         |
|    total_timesteps      | 327680      |
| train/                  |             |
|    approx_kl            | 0.027004868 |
|    clip_fraction        | 0.656       |
|    clip_range           | 0.15        |
|    entropy_loss         | -3.92       |
|    explained_variance   | 0.268       |
|    learning_rate        | 0.0003      |
|    loss                 | 1.23        |
|    n_updates            | 270         |
|    policy_gradient_loss | -0.0825     |
|    value_loss           | 3.23        |
-----------------------------------------
----------------------------------------
| time/                   |            |
|    fps                  | 740        |
|    iterations           | 11         |
|    time_elapsed         | 486        |
|    total_timesteps      | 360448     |
| train/                  |            |
|    approx_kl            | 0.02705862 |
|    clip_fraction        | 0.702      |
|    clip_range           | 0.15       |
|    entropy_loss         | -3.57      |
|    explained_variance   | 0.288      |
|    learning_rate        | 0.0003     |
|    loss                 | 1.01       |
|    n_updates            | 300        |
|    policy_gradient_loss | -0.0881    |
|    value_loss           | 2.44       |
----------------------------------------
-----------------------------------------
| time/                   |             |
|    fps                  | 730         |
|    iterations           | 12          |
|    time_elapsed         | 538         |
|    total_timesteps      | 393216      |
| train/                  |             |
|    approx_kl            | 0.029197507 |
|    clip_fraction        | 0.731       |
|    clip_range           | 0.15        |
|    entropy_loss         | -3.1        |
|    explained_variance   | 0.317       |
|    learning_rate        | 0.0003      |
|    loss                 | 0.784       |
|    n_updates            | 330         |
|    policy_gradient_loss | -0.095      |
|    value_loss           | 1.73        |
-----------------------------------------
----------------------------------------
| time/                   |            |
|    fps                  | 730        |
|    iterations           | 13         |
|    time_elapsed         | 582        |
|    total_timesteps      | 425984     |
| train/                  |            |
|    approx_kl            | 0.03388568 |
|    clip_fraction        | 0.817      |
|    clip_range           | 0.15       |
|    entropy_loss         | -2.6       |
|    explained_variance   | 0.345      |
|    learning_rate        | 0.0003     |
|    loss                 | 0.567      |
|    n_updates            | 360        |
|    policy_gradient_loss | -0.105     |
|    value_loss           | 1.27       |
----------------------------------------
-----------------------------------------
| time/                   |             |
|    fps                  | 730         |
|    iterations           | 14          |
|    time_elapsed         | 628         |
|    total_timesteps      | 458752      |
| train/                  |             |
|    approx_kl            | 0.027368072 |
|    clip_fraction        | 0.829       |
|    clip_range           | 0.15        |
|    entropy_loss         | -2.2        |
|    explained_variance   | 0.363       |
|    learning_rate        | 0.0003      |
|    loss                 | 0.28        |
|    n_updates            | 390         |
|    policy_gradient_loss | -0.111      |
|    value_loss           | 0.883       |
-----------------------------------------
-----------------------------------------
| time/                   |             |
|    fps                  | 723         |
|    iterations           | 15          |
|    time_elapsed         | 679         |
|    total_timesteps      | 491520      |
| train/                  |             |
|    approx_kl            | 0.044942275 |
|    clip_fraction        | 0.826       |
|    clip_range           | 0.15        |
|    entropy_loss         | -1.77       |
|    explained_variance   | 0.38        |
|    learning_rate        | 0.0003      |
|    loss                 | 0.292       |
|    n_updates            | 420         |
|    policy_gradient_loss | -0.115      |
|    value_loss           | 0.614       |
-----------------------------------------
-----------------------------------------
| time/                   |             |
|    fps                  | 717         |
|    iterations           | 16          |
|    time_elapsed         | 730         |
|    total_timesteps      | 524288      |
| train/                  |             |
|    approx_kl            | 0.067315936 |
|    clip_fraction        | 0.831       |
|    clip_range           | 0.15        |
|    entropy_loss         | -1.21       |
|    explained_variance   | 0.394       |
|    learning_rate        | 0.0003      |
|    loss                 | 0.15        |
|    n_updates            | 450         |
|    policy_gradient_loss | -0.111      |
|    value_loss           | 0.512       |
-----------------------------------------
----------------------------------------
| time/                   |            |
|    fps                  | 712        |
|    iterations           | 17         |
|    time_elapsed         | 781        |
|    total_timesteps      | 557056     |
| train/                  |            |
|    approx_kl            | 0.18595369 |
|    clip_fraction        | 0.767      |
|    clip_range           | 0.15       |
|    entropy_loss         | -0.334     |
|    explained_variance   | 0.477      |
|    learning_rate        | 0.0003     |
|    loss                 | 0.00145    |
|    n_updates            | 480        |
|    policy_gradient_loss | -0.096     |
|    value_loss           | 0.276      |
----------------------------------------
----------------------------------------
| time/                   |            |
|    fps                  | 710        |
|    iterations           | 18         |
|    time_elapsed         | 829        |
|    total_timesteps      | 589824     |
| train/                  |            |
|    approx_kl            | 0.06487193 |
|    clip_fraction        | 0.0365     |
|    clip_range           | 0.15       |
|    entropy_loss         | -0.0399    |
|    explained_variance   | 0.492      |
|    learning_rate        | 0.0003     |
|    loss                 | 0.015      |
|    n_updates            | 510        |
|    policy_gradient_loss | -0.0269    |
|    value_loss           | 0.0542     |
----------------------------------------
---------------------------------------
| time/                   |           |
|    fps                  | 707       |
|    iterations           | 19        |
|    time_elapsed         | 880       |
|    total_timesteps      | 622592    |
| train/                  |           |
|    approx_kl            | 0.5721457 |
|    clip_fraction        | 0.456     |
|    clip_range           | 0.15      |
|    entropy_loss         | -1.13     |
|    explained_variance   | 0.594     |
|    learning_rate        | 0.0003    |
|    loss                 | 0.0169    |
|    n_updates            | 540       |
|    policy_gradient_loss | 0.00288   |
|    value_loss           | 0.0044    |
---------------------------------------
-----------------------------------------
| time/                   |             |
|    fps                  | 706         |
|    iterations           | 20          |
|    time_elapsed         | 927         |
|    total_timesteps      | 655360      |
| train/                  |             |
|    approx_kl            | 0.057411343 |
|    clip_fraction        | 0.79        |
|    clip_range           | 0.15        |
|    entropy_loss         | -1.99       |
|    explained_variance   | 0.184       |
|    learning_rate        | 0.0003      |
|    loss                 | 0.324       |
|    n_updates            | 570         |
|    policy_gradient_loss | -0.0983     |
|    value_loss           | 0.844       |
-----------------------------------------
-----------------------------------------
| time/                   |             |
|    fps                  | 703         |
|    iterations           | 21          |
|    time_elapsed         | 977         |
|    total_timesteps      | 688128      |
| train/                  |             |
|    approx_kl            | 0.049945943 |
|    clip_fraction        | 0.73        |
|    clip_range           | 0.15        |
|    entropy_loss         | -1.8        |
|    explained_variance   | 0.236       |
|    learning_rate        | 0.0003      |
|    loss                 | 0.138       |
|    n_updates            | 600         |
|    policy_gradient_loss | -0.0976     |
|    value_loss           | 0.537       |
-----------------------------------------
-----------------------------------------
| time/                   |             |
|    fps                  | 703         |
|    iterations           | 22          |
|    time_elapsed         | 1024        |
|    total_timesteps      | 720896      |
| train/                  |             |
|    approx_kl            | 0.043715313 |
|    clip_fraction        | 0.721       |
|    clip_range           | 0.15        |
|    entropy_loss         | -1.63       |
|    explained_variance   | 0.259       |
|    learning_rate        | 0.0003      |
|    loss                 | 0.176       |
|    n_updates            | 630         |
|    policy_gradient_loss | -0.106      |
|    value_loss           | 0.426       |
-----------------------------------------
----------------------------------------
| time/                   |            |
|    fps                  | 703        |
|    iterations           | 23         |
|    time_elapsed         | 1071       |
|    total_timesteps      | 753664     |
| train/                  |            |
|    approx_kl            | 0.06417568 |
|    clip_fraction        | 0.79       |
|    clip_range           | 0.15       |
|    entropy_loss         | -1.47      |
|    explained_variance   | 0.277      |
|    learning_rate        | 0.0003     |
|    loss                 | 0.00426    |
|    n_updates            | 660        |
|    policy_gradient_loss | -0.117     |
|    value_loss           | 0.317      |
----------------------------------------
---------------------------------------
| time/                   |           |
|    fps                  | 701       |
|    iterations           | 24        |
|    time_elapsed         | 1121      |
|    total_timesteps      | 786432    |
| train/                  |           |
|    approx_kl            | 0.0538807 |
|    clip_fraction        | 0.836     |
|    clip_range           | 0.15      |
|    entropy_loss         | -1.14     |
|    explained_variance   | 0.406     |
|    learning_rate        | 0.0003    |
|    loss                 | 0.436     |
|    n_updates            | 690       |
|    policy_gradient_loss | -0.106    |
|    value_loss           | 0.724     |
---------------------------------------
----------------------------------------
| time/                   |            |
|    fps                  | 698        |
|    iterations           | 25         |
|    time_elapsed         | 1172       |
|    total_timesteps      | 819200     |
| train/                  |            |
|    approx_kl            | 0.09737964 |
|    clip_fraction        | 0.796      |
|    clip_range           | 0.15       |
|    entropy_loss         | -0.521     |
|    explained_variance   | 0.483      |
|    learning_rate        | 0.0003     |
|    loss                 | 0.126      |
|    n_updates            | 720        |
|    policy_gradient_loss | -0.0957    |
|    value_loss           | 0.406      |
----------------------------------------
----------------------------------------
| time/                   |            |
|    fps                  | 700        |
|    iterations           | 26         |
|    time_elapsed         | 1216       |
|    total_timesteps      | 851968     |
| train/                  |            |
|    approx_kl            | 0.36717275 |
|    clip_fraction        | 0.084      |
|    clip_range           | 0.15       |
|    entropy_loss         | -0.0302    |
|    explained_variance   | 0.472      |
|    learning_rate        | 0.0003     |
|    loss                 | 0.0157     |
|    n_updates            | 750        |
|    policy_gradient_loss | -0.0511    |
|    value_loss           | 0.113      |
----------------------------------------
--------------------------------------
| time/                   |          |
|    fps                  | 698      |
|    iterations           | 27       |
|    time_elapsed         | 1267     |
|    total_timesteps      | 884736   |
| train/                  |          |
|    approx_kl            | 4.544733 |
|    clip_fraction        | 0.798    |
|    clip_range           | 0.15     |
|    entropy_loss         | -4.28    |
|    explained_variance   | 0.655    |
|    learning_rate        | 0.0003   |
|    loss                 | -0.0562  |
|    n_updates            | 780      |
|    policy_gradient_loss | 0.00493  |
|    value_loss           | 4.35e-05 |
--------------------------------------
----------------------------------------
| time/                   |            |
|    fps                  | 699        |
|    iterations           | 28         |
|    time_elapsed         | 1311       |
|    total_timesteps      | 917504     |
| train/                  |            |
|    approx_kl            | 0.05529444 |
|    clip_fraction        | 0.612      |
|    clip_range           | 0.15       |
|    entropy_loss         | -4.03      |
|    explained_variance   | 0.402      |
|    learning_rate        | 0.0003     |
|    loss                 | 1.71       |
|    n_updates            | 810        |
|    policy_gradient_loss | -0.0652    |
|    value_loss           | 3.84       |
----------------------------------------
-----------------------------------------
| time/                   |             |
|    fps                  | 701         |
|    iterations           | 29          |
|    time_elapsed         | 1355        |
|    total_timesteps      | 950272      |
| train/                  |             |
|    approx_kl            | 0.037032966 |
|    clip_fraction        | 0.614       |
|    clip_range           | 0.15        |
|    entropy_loss         | -3.8        |
|    explained_variance   | 0.547       |
|    learning_rate        | 0.0003      |
|    loss                 | 2.09        |
|    n_updates            | 840         |
|    policy_gradient_loss | -0.0702     |
|    value_loss           | 5.09        |
-----------------------------------------
-----------------------------------------
| time/                   |             |
|    fps                  | 701         |
|    iterations           | 30          |
|    time_elapsed         | 1401        |
|    total_timesteps      | 983040      |
| train/                  |             |
|    approx_kl            | 0.031472195 |
|    clip_fraction        | 0.601       |
|    clip_range           | 0.15        |
|    entropy_loss         | -3.53       |
|    explained_variance   | 0.496       |
|    learning_rate        | 0.0003      |
|    loss                 | 1.45        |
|    n_updates            | 870         |
|    policy_gradient_loss | -0.071      |
|    value_loss           | 2.73        |
-----------------------------------------
----------------------------------------
| time/                   |            |
|    fps                  | 701        |
|    iterations           | 31         |
|    time_elapsed         | 1448       |
|    total_timesteps      | 1015808    |
| train/                  |            |
|    approx_kl            | 0.07757832 |
|    clip_fraction        | 0.634      |
|    clip_range           | 0.15       |
|    entropy_loss         | -3.22      |
|    explained_variance   | 0.53       |
|    learning_rate        | 0.0003     |
|    loss                 | 0.618      |
|    n_updates            | 900        |
|    policy_gradient_loss | -0.0746    |
|    value_loss           | 1.47       |
----------------------------------------
----------------------------------------
| time/                   |            |
|    fps                  | 702        |
|    iterations           | 32         |
|    time_elapsed         | 1492       |
|    total_timesteps      | 1048576    |
| train/                  |            |
|    approx_kl            | 0.13842168 |
|    clip_fraction        | 0.582      |
|    clip_range           | 0.15       |
|    entropy_loss         | -2.68      |
|    explained_variance   | 0.272      |
|    learning_rate        | 0.0003     |
|    loss                 | 0.363      |
|    n_updates            | 930        |
|    policy_gradient_loss | -0.0695    |
|    value_loss           | 1.08       |
----------------------------------------
----------------------------------------
| time/                   |            |
|    fps                  | 703        |
|    iterations           | 33         |
|    time_elapsed         | 1536       |
|    total_timesteps      | 1081344    |
| train/                  |            |
|    approx_kl            | 0.07898611 |
|    clip_fraction        | 0.53       |
|    clip_range           | 0.15       |
|    entropy_loss         | -2.48      |
|    explained_variance   | 0.365      |
|    learning_rate        | 0.0003     |
|    loss                 | 0.0391     |
|    n_updates            | 960        |
|    policy_gradient_loss | -0.0654    |
|    value_loss           | 0.516      |
----------------------------------------
---------------------------------------
| time/                   |           |
|    fps                  | 704       |
|    iterations           | 34        |
|    time_elapsed         | 1580      |
|    total_timesteps      | 1114112   |
| train/                  |           |
|    approx_kl            | 0.0878949 |
|    clip_fraction        | 0.531     |
|    clip_range           | 0.15      |
|    entropy_loss         | -2.47     |
|    explained_variance   | 0.305     |
|    learning_rate        | 0.0003    |
|    loss                 | 0.041     |
|    n_updates            | 990       |
|    policy_gradient_loss | -0.0582   |
|    value_loss           | 0.21      |
---------------------------------------
-----------------------------------------
| time/                   |             |
|    fps                  | 704         |
|    iterations           | 35          |
|    time_elapsed         | 1627        |
|    total_timesteps      | 1146880     |
| train/                  |             |
|    approx_kl            | 0.054870445 |
|    clip_fraction        | 0.567       |
|    clip_range           | 0.15        |
|    entropy_loss         | -2.33       |
|    explained_variance   | 0.196       |
|    learning_rate        | 0.0003      |
|    loss                 | 0.251       |
|    n_updates            | 1020        |
|    policy_gradient_loss | -0.0642     |
|    value_loss           | 0.656       |
-----------------------------------------
----------------------------------------
| time/                   |            |
|    fps                  | 704        |
|    iterations           | 36         |
|    time_elapsed         | 1674       |
|    total_timesteps      | 1179648    |
| train/                  |            |
|    approx_kl            | 0.14098427 |
|    clip_fraction        | 0.593      |
|    clip_range           | 0.15       |
|    entropy_loss         | -2.45      |
|    explained_variance   | 0.352      |
|    learning_rate        | 0.0003     |
|    loss                 | 0.139      |
|    n_updates            | 1050       |
|    policy_gradient_loss | -0.065     |
|    value_loss           | 0.377      |
----------------------------------------
---------------------------------------
| time/                   |           |
|    fps                  | 704       |
|    iterations           | 37        |
|    time_elapsed         | 1721      |
|    total_timesteps      | 1212416   |
| train/                  |           |
|    approx_kl            | 0.0862672 |
|    clip_fraction        | 0.607     |
|    clip_range           | 0.15      |
|    entropy_loss         | -2.46     |
|    explained_variance   | 0.208     |
|    learning_rate        | 0.0003    |
|    loss                 | 0.28      |
|    n_updates            | 1080      |
|    policy_gradient_loss | -0.0753   |
|    value_loss           | 0.743     |
---------------------------------------
----------------------------------------
| time/                   |            |
|    fps                  | 704        |
|    iterations           | 38         |
|    time_elapsed         | 1768       |
|    total_timesteps      | 1245184    |
| train/                  |            |
|    approx_kl            | 0.11244422 |
|    clip_fraction        | 0.524      |
|    clip_range           | 0.15       |
|    entropy_loss         | -2.44      |
|    explained_variance   | 0.482      |
|    learning_rate        | 0.0003     |
|    loss                 | 0.108      |
|    n_updates            | 1110       |
|    policy_gradient_loss | -0.0624    |
|    value_loss           | 0.669      |
----------------------------------------
----------------------------------------
| time/                   |            |
|    fps                  | 705        |
|    iterations           | 39         |
|    time_elapsed         | 1812       |
|    total_timesteps      | 1277952    |
| train/                  |            |
|    approx_kl            | 0.10183704 |
|    clip_fraction        | 0.468      |
|    clip_range           | 0.15       |
|    entropy_loss         | -2.31      |
|    explained_variance   | 0.413      |
|    learning_rate        | 0.0003     |
|    loss                 | 0.349      |
|    n_updates            | 1140       |
|    policy_gradient_loss | -0.0533    |
|    value_loss           | 1.03       |
----------------------------------------
----------------------------------------
| time/                   |            |
|    fps                  | 703        |
|    iterations           | 40         |
|    time_elapsed         | 1863       |
|    total_timesteps      | 1310720    |
| train/                  |            |
|    approx_kl            | 0.85846174 |
|    clip_fraction        | 0.57       |
|    clip_range           | 0.15       |
|    entropy_loss         | -3.06      |
|    explained_variance   | 0.505      |
|    learning_rate        | 0.0003     |
|    loss                 | -0.0428    |
|    n_updates            | 1170       |
|    policy_gradient_loss | -0.0499    |
|    value_loss           | 0.379      |
----------------------------------------
-----------------------------------------
| time/                   |             |
|    fps                  | 704         |
|    iterations           | 41          |
|    time_elapsed         | 1907        |
|    total_timesteps      | 1343488     |
| train/                  |             |
|    approx_kl            | 0.050799843 |
|    clip_fraction        | 0.642       |
|    clip_range           | 0.15        |
|    entropy_loss         | -3.39       |
|    explained_variance   | 0.327       |
|    learning_rate        | 0.0003      |
|    loss                 | 1.29        |
|    n_updates            | 1200        |
|    policy_gradient_loss | -0.072      |
|    value_loss           | 2.77        |
-----------------------------------------
-----------------------------------------
| time/                   |             |
|    fps                  | 705         |
|    iterations           | 42          |
|    time_elapsed         | 1951        |
|    total_timesteps      | 1376256     |
| train/                  |             |
|    approx_kl            | 0.030308407 |
|    clip_fraction        | 0.637       |
|    clip_range           | 0.15        |
|    entropy_loss         | -3.26       |
|    explained_variance   | 0.444       |
|    learning_rate        | 0.0003      |
|    loss                 | 1.12        |
|    n_updates            | 1230        |
|    policy_gradient_loss | -0.0752     |
|    value_loss           | 2.33        |
-----------------------------------------
-----------------------------------------
| time/                   |             |
|    fps                  | 705         |
|    iterations           | 43          |
|    time_elapsed         | 1997        |
|    total_timesteps      | 1409024     |
| train/                  |             |
|    approx_kl            | 0.058914255 |
|    clip_fraction        | 0.677       |
|    clip_range           | 0.15        |
|    entropy_loss         | -3.05       |
|    explained_variance   | 0.439       |
|    learning_rate        | 0.0003      |
|    loss                 | 0.732       |
|    n_updates            | 1260        |
|    policy_gradient_loss | -0.0805     |
|    value_loss           | 1.45        |
-----------------------------------------
-----------------------------------------
| time/                   |             |
|    fps                  | 706         |
|    iterations           | 44          |
|    time_elapsed         | 2041        |
|    total_timesteps      | 1441792     |
| train/                  |             |
|    approx_kl            | 0.060195975 |
|    clip_fraction        | 0.643       |
|    clip_range           | 0.15        |
|    entropy_loss         | -2.69       |
|    explained_variance   | 0.143       |
|    learning_rate        | 0.0003      |
|    loss                 | 0.519       |
|    n_updates            | 1290        |
|    policy_gradient_loss | -0.073      |
|    value_loss           | 1.34        |
-----------------------------------------
----------------------------------------
| time/                   |            |
|    fps                  | 707        |
|    iterations           | 45         |
|    time_elapsed         | 2085       |
|    total_timesteps      | 1474560    |
| train/                  |            |
|    approx_kl            | 0.04210448 |
|    clip_fraction        | 0.622      |
|    clip_range           | 0.15       |
|    entropy_loss         | -2.52      |
|    explained_variance   | 0.438      |
|    learning_rate        | 0.0003     |
|    loss                 | 0.196      |
|    n_updates            | 1320       |
|    policy_gradient_loss | -0.0738    |
|    value_loss           | 0.931      |
----------------------------------------
----------------------------------------
| time/                   |            |
|    fps                  | 706        |
|    iterations           | 46         |
|    time_elapsed         | 2132       |
|    total_timesteps      | 1507328    |
| train/                  |            |
|    approx_kl            | 0.05135967 |
|    clip_fraction        | 0.58       |
|    clip_range           | 0.15       |
|    entropy_loss         | -2.4       |
|    explained_variance   | 0.167      |
|    learning_rate        | 0.0003     |
|    loss                 | 0.268      |
|    n_updates            | 1350       |
|    policy_gradient_loss | -0.0713    |
|    value_loss           | 0.671      |
----------------------------------------
-----------------------------------------
| time/                   |             |
|    fps                  | 705         |
|    iterations           | 47          |
|    time_elapsed         | 2182        |
|    total_timesteps      | 1540096     |
| train/                  |             |
|    approx_kl            | 0.063662425 |
|    clip_fraction        | 0.532       |
|    clip_range           | 0.15        |
|    entropy_loss         | -2.26       |
|    explained_variance   | 0.184       |
|    learning_rate        | 0.0003      |
|    loss                 | 0.155       |
|    n_updates            | 1380        |
|    policy_gradient_loss | -0.0676     |
|    value_loss           | 0.773       |
-----------------------------------------
---------------------------------------
| time/                   |           |
|    fps                  | 705       |
|    iterations           | 48        |
|    time_elapsed         | 2229      |
|    total_timesteps      | 1572864   |
| train/                  |           |
|    approx_kl            | 0.5918651 |
|    clip_fraction        | 0.829     |
|    clip_range           | 0.15      |
|    entropy_loss         | -2.88     |
|    explained_variance   | 0.236     |
|    learning_rate        | 0.0003    |
|    loss                 | 0.232     |
|    n_updates            | 1410      |
|    policy_gradient_loss | -0.0704   |
|    value_loss           | 0.501     |
---------------------------------------
---------------------------------------
| time/                   |           |
|    fps                  | 706       |
|    iterations           | 49        |
|    time_elapsed         | 2273      |
|    total_timesteps      | 1605632   |
| train/                  |           |
|    approx_kl            | 0.0547694 |
|    clip_fraction        | 0.705     |
|    clip_range           | 0.15      |
|    entropy_loss         | -3.05     |
|    explained_variance   | 0.208     |
|    learning_rate        | 0.0003    |
|    loss                 | 0.81      |
|    n_updates            | 1440      |
|    policy_gradient_loss | -0.0855   |
|    value_loss           | 2         |
---------------------------------------
-----------------------------------------
| time/                   |             |
|    fps                  | 707         |
|    iterations           | 50          |
|    time_elapsed         | 2317        |
|    total_timesteps      | 1638400     |
| train/                  |             |
|    approx_kl            | 0.049289517 |
|    clip_fraction        | 0.692       |
|    clip_range           | 0.15        |
|    entropy_loss         | -2.84       |
|    explained_variance   | 0.483       |
|    learning_rate        | 0.0003      |
|    loss                 | 0.76        |
|    n_updates            | 1470        |
|    policy_gradient_loss | -0.0846     |
|    value_loss           | 1.8         |
-----------------------------------------
----------------------------------------
| time/                   |            |
|    fps                  | 705        |
|    iterations           | 51         |
|    time_elapsed         | 2367       |
|    total_timesteps      | 1671168    |
| train/                  |            |
|    approx_kl            | 0.06497003 |
|    clip_fraction        | 0.688      |
|    clip_range           | 0.15       |
|    entropy_loss         | -2.48      |
|    explained_variance   | 0.429      |
|    learning_rate        | 0.0003     |
|    loss                 | 0.213      |
|    n_updates            | 1500       |
|    policy_gradient_loss | -0.086     |
|    value_loss           | 0.85       |
----------------------------------------
----------------------------------------
| time/                   |            |
|    fps                  | 705        |
|    iterations           | 52         |
|    time_elapsed         | 2414       |
|    total_timesteps      | 1703936    |
| train/                  |            |
|    approx_kl            | 0.04890471 |
|    clip_fraction        | 0.733      |
|    clip_range           | 0.15       |
|    entropy_loss         | -2.24      |
|    explained_variance   | 0.297      |
|    learning_rate        | 0.0003     |
|    loss                 | 0.231      |
|    n_updates            | 1530       |
|    policy_gradient_loss | -0.0955    |
|    value_loss           | 0.764      |
----------------------------------------
-----------------------------------------
| time/                   |             |
|    fps                  | 704         |
|    iterations           | 53          |
|    time_elapsed         | 2464        |
|    total_timesteps      | 1736704     |
| train/                  |             |
|    approx_kl            | 0.039950017 |
|    clip_fraction        | 0.728       |
|    clip_range           | 0.15        |
|    entropy_loss         | -2.04       |
|    explained_variance   | 0.336       |
|    learning_rate        | 0.0003      |
|    loss                 | 0.257       |
|    n_updates            | 1560        |
|    policy_gradient_loss | -0.103      |
|    value_loss           | 0.627       |
-----------------------------------------
-----------------------------------------
| time/                   |             |
|    fps                  | 703         |
|    iterations           | 54          |
|    time_elapsed         | 2515        |
|    total_timesteps      | 1769472     |
| train/                  |             |
|    approx_kl            | 0.044043038 |
|    clip_fraction        | 0.772       |
|    clip_range           | 0.15        |
|    entropy_loss         | -1.82       |
|    explained_variance   | 0.306       |
|    learning_rate        | 0.0003      |
|    loss                 | 0.0827      |
|    n_updates            | 1590        |
|    policy_gradient_loss | -0.111      |
|    value_loss           | 0.473       |
-----------------------------------------
-----------------------------------------
| time/                   |             |
|    fps                  | 702         |
|    iterations           | 55          |
|    time_elapsed         | 2565        |
|    total_timesteps      | 1802240     |
| train/                  |             |
|    approx_kl            | 0.068942964 |
|    clip_fraction        | 0.766       |
|    clip_range           | 0.15        |
|    entropy_loss         | -1.47       |
|    explained_variance   | 0.287       |
|    learning_rate        | 0.0003      |
|    loss                 | 0.0969      |
|    n_updates            | 1620        |
|    policy_gradient_loss | -0.104      |
|    value_loss           | 0.648       |
-----------------------------------------
----------------------------------------
| time/                   |            |
|    fps                  | 703        |
|    iterations           | 56         |
|    time_elapsed         | 2610       |
|    total_timesteps      | 1835008    |
| train/                  |            |
|    approx_kl            | 0.08432584 |
|    clip_fraction        | 0.784      |
|    clip_range           | 0.15       |
|    entropy_loss         | -1.01      |
|    explained_variance   | 0.388      |
|    learning_rate        | 0.0003     |
|    loss                 | 0.14       |
|    n_updates            | 1650       |
|    policy_gradient_loss | -0.102     |
|    value_loss           | 0.428      |
----------------------------------------
----------------------------------------
| time/                   |            |
|    fps                  | 702        |
|    iterations           | 57         |
|    time_elapsed         | 2657       |
|    total_timesteps      | 1867776    |
| train/                  |            |
|    approx_kl            | 0.35408396 |
|    clip_fraction        | 0.763      |
|    clip_range           | 0.15       |
|    entropy_loss         | -0.28      |
|    explained_variance   | 0.466      |
|    learning_rate        | 0.0003     |
|    loss                 | -0.0157    |
|    n_updates            | 1680       |
|    policy_gradient_loss | -0.0922    |
|    value_loss           | 0.289      |
----------------------------------------
-----------------------------------------
| time/                   |             |
|    fps                  | 703         |
|    iterations           | 58          |
|    time_elapsed         | 2701        |
|    total_timesteps      | 1900544     |
| train/                  |             |
|    approx_kl            | 0.061744228 |
|    clip_fraction        | 0.031       |
|    clip_range           | 0.15        |
|    entropy_loss         | -0.0498     |
|    explained_variance   | 0.547       |
|    learning_rate        | 0.0003      |
|    loss                 | -0.00634    |
|    n_updates            | 1710        |
|    policy_gradient_loss | -0.0217     |
|    value_loss           | 0.0704      |
-----------------------------------------
---------------------------------------
| time/                   |           |
|    fps                  | 702       |
|    iterations           | 59        |
|    time_elapsed         | 2752      |
|    total_timesteps      | 1933312   |
| train/                  |           |
|    approx_kl            | 2.5286386 |
|    clip_fraction        | 0.975     |
|    clip_range           | 0.15      |
|    entropy_loss         | -4.96     |
|    explained_variance   | 0.624     |
|    learning_rate        | 0.0003    |
|    loss                 | -0.0532   |
|    n_updates            | 1740      |
|    policy_gradient_loss | 0.202     |
|    value_loss           | 0.00747   |
---------------------------------------
----------------------------------------
| time/                   |            |
|    fps                  | 702        |
|    iterations           | 60         |
|    time_elapsed         | 2799       |
|    total_timesteps      | 1966080    |
| train/                  |            |
|    approx_kl            | 0.06157992 |
|    clip_fraction        | 0.639      |
|    clip_range           | 0.15       |
|    entropy_loss         | -3.28      |
|    explained_variance   | 0.00863    |
|    learning_rate        | 0.0003     |
|    loss                 | 1.1        |
|    n_updates            | 1770       |
|    policy_gradient_loss | -0.069     |
|    value_loss           | 3.04       |
----------------------------------------
----------------------------------------
| time/                   |            |
|    fps                  | 702        |
|    iterations           | 61         |
|    time_elapsed         | 2846       |
|    total_timesteps      | 1998848    |
| train/                  |            |
|    approx_kl            | 0.03446836 |
|    clip_fraction        | 0.615      |
|    clip_range           | 0.15       |
|    entropy_loss         | -3.13      |
|    explained_variance   | 0.496      |
|    learning_rate        | 0.0003     |
|    loss                 | 1.12       |
|    n_updates            | 1800       |
|    policy_gradient_loss | -0.0748    |
|    value_loss           | 2.31       |
----------------------------------------
----------------------------------------
| time/                   |            |
|    fps                  | 702        |
|    iterations           | 62         |
|    time_elapsed         | 2890       |
|    total_timesteps      | 2031616    |
| train/                  |            |
|    approx_kl            | 0.07569787 |
|    clip_fraction        | 0.73       |
|    clip_range           | 0.15       |
|    entropy_loss         | -2.98      |
|    explained_variance   | 0.455      |
|    learning_rate        | 0.0003     |
|    loss                 | 0.776      |
|    n_updates            | 1830       |
|    policy_gradient_loss | -0.0808    |
|    value_loss           | 1.16       |
----------------------------------------
____________Save learn____________
____________END____________
