____________graph name:   ./Graph/TestGraph_10.txt____________
[[[[0, 0]], 2, [3, 0], [0, 0, 0, 0]], [[[0, 0]], 2, [3, 1], [0, 0, 0, 0]], [[[0, 0]], 2, [3, 2], [0, 0, 0, 0]], [[[0, 0]], 2, [3, 3], [0, 0, 0, 0]], [[[0, 2]], 1, [0, 0, 1], [3]], [[[0, 2], [3, 2], [4, 2]], 2, [0, 0, 1], [3, 3, 3, 3]], [[[0, 3]], 1, [0, 0, 1], [3]], [[[1, 2]], 1, [0, 0, 1], [4]], [[[1, 2], [2, 2], [5, 2]], 2, [0, 0, 1], [4, 4, 4, 4]], [[[1, 3]], 1, [0, 0, 1], [4]], [[[2, 0]], 1, [0, 0, 1], [4]], [[[2, 0], [2, 3], [3, 1], [3, 4]], 2, [0, 0, 1], [4, 3, 4, 4]], [[[2, 0], [2, 3]], 3, [0, 0, 1], [4, 3, 4, 4]], [[[2, 0]], 4, [0, 0, 1], [4, 3, 4, 4]], [[[2, 1]], 1, [0, 0, 1], [3]], [[[2, 1], [2, 4], [3, 0], [3, 3]], 2, [0, 0, 1], [3, 4, 3, 3]], [[[2, 1]], 3, [0, 0, 1], [3, 4, 4, 3]], [[[2, 1]], 4, [0, 0, 1], [3, 4, 4, 3]], [[[2, 2]], 1, [0, 0, 1], [4]], [[[2, 2]], 3, [0, 0, 1], [4, 4, 3, 4]], [[[2, 2]], 4, [0, 0, 1], [4, 4, 3, 4]], [[[2, 3]], 1, [0, 0, 1], [4]], [[[2, 4]], 1, [0, 0, 1], [3]], [[[2, 5]], 1, [0, 0, 1], [4]], [[[3, 0]], 1, [0, 0, 1], [3]], [[[3, 0], [3, 3]], 3, [0, 0, 1], [3, 4, 3, 3]], [[[3, 0]], 4, [0, 0, 1], [3, 4, 3, 3]], [[[3, 1]], 1, [0, 0, 1], [4]], [[[3, 1]], 3, [0, 0, 1], [4, 3, 3, 4]], [[[3, 1]], 4, [0, 0, 1], [4, 3, 3, 4]], [[[3, 2]], 1, [0, 0, 1], [3]], [[[3, 2]], 3, [0, 0, 1], [3, 3, 4, 3]], [[[3, 2]], 4, [0, 0, 1], [3, 3, 4, 3]], [[[3, 3]], 1, [0, 0, 1], [3]], [[[3, 4]], 1, [0, 0, 1], [4]], [[[3, 5]], 1, [0, 0, 1], [3]], [[[4, 2]], 1, [0, 0, 1], [3]], [[[4, 3]], 1, [0, 0, 1], [3]], [[[5, 2]], 1, [0, 0, 1], [4]], [[[5, 3]], 1, [0, 0, 1], [4]], [[[0, 2]], 1, [0, 1, 0], [3]], [[[0, 2], [0, 3], [2, 1], [2, 4], [4, 2], [4, 3]], 2, [0, 1, 0], [3, 4, 3, 3]], [[[0, 2], [0, 3]], 3, [0, 1, 0], [3, 4, 4, 3]], [[[0, 2], [0, 3]], 4, [0, 1, 0], [3, 4, 4, 3]], [[[0, 2], [0, 3]], 5, [0, 1, 0], [3, 4, 4, 3]], [[[0, 2], [0, 3]], 6, [0, 1, 0], [3, 4, 4, 3]], [[[0, 3]], 1, [0, 1, 0], [3]], [[[1, 2]], 1, [0, 1, 0], [4]], [[[1, 2], [1, 3]], 2, [0, 1, 0], [4, 4, 4, 4]], [[[1, 2], [1, 3]], 3, [0, 1, 0], [4, 4, 3, 4]], [[[1, 2], [1, 3]], 4, [0, 1, 0], [4, 4, 3, 3]], [[[1, 2], [1, 3]], 5, [0, 1, 0], [4, 4, 3, 3]], [[[1, 3]], 1, [0, 1, 0], [4]], [[[2, 0]], 1, [0, 1, 0], [4]], [[[2, 0], [2, 2], [2, 3], [2, 5]], 2, [0, 1, 0], [4, 3, 4, 4]], [[[2, 1]], 1, [0, 1, 0], [3]], [[[2, 2]], 1, [0, 1, 0], [4]], [[[2, 2], [2, 3]], 3, [0, 1, 0], [4, 3, 3, 4]], [[[2, 2], [2, 3]], 4, [0, 1, 0], [4, 3, 3, 4]], [[[2, 3]], 1, [0, 1, 0], [4]], [[[2, 4]], 1, [0, 1, 0], [3]], [[[2, 5]], 1, [0, 1, 0], [4]], [[[3, 0]], 1, [0, 1, 0], [3]], [[[3, 1]], 1, [0, 1, 0], [4]], [[[3, 2]], 1, [0, 1, 0], [3]], [[[3, 2], [3, 3]], 2, [0, 1, 0], [3, 3, 3, 3]], [[[3, 2], [3, 3]], 3, [0, 1, 0], [3, 3, 4, 3]], [[[3, 3]], 1, [0, 1, 0], [3]], [[[3, 4]], 1, [0, 1, 0], [4]], [[[3, 5]], 1, [0, 1, 0], [3]], [[[4, 2]], 1, [0, 1, 0], [3]], [[[4, 3]], 1, [0, 1, 0], [3]], [[[5, 2]], 1, [0, 1, 0], [4]], [[[5, 3]], 1, [0, 1, 0], [4]], [[[0, 2]], 1, [0, -1, 1], [3]], [[[0, 3]], 1, [0, -1, 1], [3]], [[[1, 2]], 1, [0, -1, 1], [4]], [[[1, 2], [5, 2]], 2, [0, -1, 1], [4, 3, 4, 4]], [[[1, 3]], 1, [0, -1, 1], [4]], [[[2, 0]], 1, [0, -1, 1], [4]], [[[2, 1]], 1, [0, -1, 1], [3]], [[[2, 1], [3, 2], [4, 3]], 2, [0, -1, 1], [3, 4, 3, 3]], [[[2, 1]], 3, [0, -1, 1], [3, 4, 3, 3]], [[[2, 2]], 1, [0, -1, 1], [4]], [[[2, 2], [3, 1], [3, 4]], 2, [0, -1, 1], [4, 4, 4, 4]], [[[2, 3]], 1, [0, -1, 1], [4]], [[[2, 4]], 1, [0, -1, 1], [3]], [[[2, 5]], 1, [0, -1, 1], [4]], [[[3, 0]], 1, [0, -1, 1], [3]], [[[3, 0], [3, 3], [4, 2]], 2, [0, -1, 1], [3, 3, 3, 3]], [[[3, 0]], 3, [0, -1, 1], [3, 3, 4, 3]], [[[3, 0]], 4, [0, -1, 1], [3, 3, 4, 3]], [[[3, 1]], 1, [0, -1, 1], [4]], [[[3, 1]], 3, [0, -1, 1], [4, 4, 4, 4]], [[[3, 2]], 1, [0, -1, 1], [3]], [[[3, 3]], 1, [0, -1, 1], [3]], [[[3, 4]], 1, [0, -1, 1], [4]], [[[3, 5]], 1, [0, -1, 1], [3]], [[[4, 2]], 1, [0, -1, 1], [3]], [[[4, 2]], 3, [0, -1, 1], [3, 3, 3, 3]], [[[4, 3]], 1, [0, -1, 1], [3]], [[[4, 3]], 3, [0, -1, 1], [3, 4, 4, 3]], [[[5, 2]], 1, [0, -1, 1], [4]], [[[5, 2]], 3, [0, -1, 1], [4, 3, 4, 4]], [[[5, 2]], 4, [0, -1, 1], [4, 3, 4, 4]], [[[5, 3]], 1, [0, -1, 1], [4]], [[[0, 2]], 1, [0, -1, -1], [3]], [[[0, 3]], 1, [0, -1, -1], [3]], [[[1, 2]], 1, [0, -1, -1], [4]], [[[1, 3]], 1, [0, -1, -1], [4]], [[[1, 3], [5, 3]], 2, [0, -1, -1], [4, 3, 4, 4]], [[[2, 0]], 1, [0, -1, -1], [4]], [[[2, 1]], 1, [0, -1, -1], [3]], [[[2, 2]], 1, [0, -1, -1], [4]], [[[2, 3]], 1, [0, -1, -1], [4]], [[[2, 3], [3, 1], [3, 4]], 2, [0, -1, -1], [4, 4, 4, 4]], [[[2, 4]], 1, [0, -1, -1], [3]], [[[2, 4], [3, 3], [4, 2]], 2, [0, -1, -1], [3, 4, 3, 3]], [[[2, 4]], 3, [0, -1, -1], [3, 4, 3, 3]], [[[2, 5]], 1, [0, -1, -1], [4]], [[[3, 0]], 1, [0, -1, -1], [3]], [[[3, 1]], 1, [0, -1, -1], [4]], [[[3, 2]], 1, [0, -1, -1], [3]], [[[3, 2], [3, 5], [4, 3]], 2, [0, -1, -1], [3, 3, 3, 3]], [[[3, 3]], 1, [0, -1, -1], [3]], [[[3, 4]], 1, [0, -1, -1], [4]], [[[3, 4]], 3, [0, -1, -1], [4, 4, 4, 4]], [[[3, 5]], 1, [0, -1, -1], [3]], [[[3, 5]], 3, [0, -1, -1], [3, 3, 4, 3]], [[[3, 5]], 4, [0, -1, -1], [3, 3, 4, 3]], [[[4, 2]], 1, [0, -1, -1], [3]], [[[4, 2]], 3, [0, -1, -1], [3, 4, 4, 3]], [[[4, 3]], 1, [0, -1, -1], [3]], [[[4, 3]], 3, [0, -1, -1], [3, 3, 3, 3]], [[[5, 2]], 1, [0, -1, -1], [4]], [[[5, 3]], 1, [0, -1, -1], [4]], [[[5, 3]], 3, [0, -1, -1], [4, 3, 4, 4]], [[[5, 3]], 4, [0, -1, -1], [4, 3, 4, 4]], [[[1, 2], [5, 2]], 6, [2, 0, 1, -1, 0, 0, -1], [4, 4, 3, 3]], [[[2, 2]], 6, [2, 0, 1, -1, 0, 0, -1], [4, 4, 4, 4]], [[[3, 0], [3, 3]], 6, [2, 0, 1, -1, 0, 0, -1], [3, 4, 3, 4]], [[[3, 1], [3, 4]], 6, [2, 0, 1, -1, 0, 0, -1], [4, 3, 4, 3]], [[[3, 2]], 6, [2, 0, 1, -1, 0, 0, -1], [3, 3, 4, 4]], [[[4, 2]], 6, [2, 0, 1, -1, 0, 0, -1], [3, 3, 3, 3]], [[[4, 3]], 6, [2, -1, 0, -1, 0, 0, -1, 0, -1], [3, 3, 4, 4]], [[[5, 3]], 6, [2, -1, 0, -1, 0, 0, -1, 0, -1], [4, 3, 3, 3]], [[[4, 2]], 6, [2, -1, 0, -1, 0, 0, 1, 0, 1], [3, 3, 4, 4]], [[[5, 2]], 6, [2, -1, 0, -1, 0, 0, 1, 0, 1], [4, 3, 3, 3]], [[[2, 4]], 6, [2, 0, -1, 0, -1, -1, 0, -1, 0], [3, 4, 4, 4]], [[[3, 4]], 6, [2, 0, -1, 0, -1, -1, 0, -1, 0], [4, 3, 3, 4]], [[[2, 1]], 6, [2, 0, 1, 0, 1, -1, 0, -1, 0], [3, 4, 4, 4]], [[[3, 1]], 6, [2, 0, 1, 0, 1, -1, 0, -1, 0], [4, 3, 3, 4]], [[[0, 2]], 1, [0, -1, 1, 1, 1], [3]], [[[0, 3]], 1, [0, -1, 1, 1, 1], [3]], [[[1, 2]], 1, [0, -1, 1, 1, 1], [4]], [[[1, 2], [5, 2]], 2, [0, -1, 1, 1, 1], [4, 3, 4, 4]], [[[1, 3]], 1, [0, -1, 1, 1, 1], [4]], [[[2, 0]], 1, [0, -1, 1, 1, 1], [4]], [[[2, 1]], 1, [0, -1, 1, 1, 1], [3]], [[[2, 1], [3, 2], [4, 3]], 2, [0, -1, 1, 1, 1], [3, 4, 3, 3]], [[[2, 1], [3, 2]], 3, [0, -1, 1, 1, 1], [3, 4, 4, 3]], [[[2, 2]], 1, [0, -1, 1, 1, 1], [4]], [[[2, 2], [3, 1], [3, 4]], 2, [0, -1, 1, 1, 1], [4, 4, 4, 4]], [[[2, 2], [3, 1]], 3, [0, -1, 1, 1, 1], [4, 4, 3, 4]], [[[2, 3]], 1, [0, -1, 1, 1, 1], [4]], [[[2, 4]], 1, [0, -1, 1, 1, 1], [3]], [[[2, 5]], 1, [0, -1, 1, 1, 1], [4]], [[[3, 0]], 1, [0, -1, 1, 1, 1], [3]], [[[3, 0], [3, 3], [4, 2]], 2, [0, -1, 1, 1, 1], [3, 3, 3, 3]], [[[3, 0], [3, 3]], 3, [0, -1, 1, 1, 1], [3, 3, 3, 3]], [[[3, 0]], 4, [0, -1, 1, 1, 1], [3, 3, 3, 4]], [[[3, 1]], 1, [0, -1, 1, 1, 1], [4]], [[[3, 1]], 4, [0, -1, 1, 1, 1], [4, 4, 3, 3]], [[[3, 2]], 1, [0, -1, 1, 1, 1], [3]], [[[3, 2]], 4, [0, -1, 1, 1, 1], [3, 4, 4, 4]], [[[3, 3]], 1, [0, -1, 1, 1, 1], [3]], [[[3, 4]], 1, [0, -1, 1, 1, 1], [4]], [[[3, 5]], 1, [0, -1, 1, 1, 1], [3]], [[[4, 2]], 1, [0, -1, 1, 1, 1], [3]], [[[4, 3]], 1, [0, -1, 1, 1, 1], [3]], [[[5, 2]], 1, [0, -1, 1, 1, 1], [4]], [[[5, 3]], 1, [0, -1, 1, 1, 1], [4]], [[[0, 2]], 1, [0, 1, 1, -1, 1], [3]], [[[0, 2], [4, 2]], 2, [0, 1, 1, -1, 1], [3, 4, 3, 3]], [[[0, 3]], 1, [0, 1, 1, -1, 1], [3]], [[[1, 2]], 1, [0, 1, 1, -1, 1], [4]], [[[1, 2], [2, 0], [2, 3]], 2, [0, 1, 1, -1, 1], [4, 4, 4, 4]], [[[1, 3]], 1, [0, 1, 1, -1, 1], [4]], [[[1, 3], [2, 2], [3, 1]], 2, [0, 1, 1, -1, 1], [4, 3, 4, 4]], [[[2, 0]], 1, [0, 1, 1, -1, 1], [4]], [[[2, 0], [2, 3]], 3, [0, 1, 1, -1, 1], [4, 4, 4, 4]], [[[2, 0]], 4, [0, 1, 1, -1, 1], [4, 4, 4, 3]], [[[2, 1]], 1, [0, 1, 1, -1, 1], [3]], [[[2, 1], [2, 4], [3, 2]], 2, [0, 1, 1, -1, 1], [3, 3, 3, 3]], [[[2, 1], [3, 2]], 3, [0, 1, 1, -1, 1], [3, 3, 4, 3]], [[[2, 1]], 4, [0, 1, 1, -1, 1], [3, 3, 4, 4]], [[[2, 2]], 1, [0, 1, 1, -1, 1], [4]], [[[2, 2], [3, 1]], 3, [0, 1, 1, -1, 1], [4, 3, 3, 4]], [[[2, 2]], 4, [0, 1, 1, -1, 1], [4, 3, 3, 3]], [[[2, 3]], 1, [0, 1, 1, -1, 1], [4]], [[[2, 4]], 1, [0, 1, 1, -1, 1], [3]], [[[2, 5]], 1, [0, 1, 1, -1, 1], [4]], [[[3, 0]], 1, [0, 1, 1, -1, 1], [3]], [[[3, 1]], 1, [0, 1, 1, -1, 1], [4]], [[[3, 2]], 1, [0, 1, 1, -1, 1], [3]], [[[3, 3]], 1, [0, 1, 1, -1, 1], [3]], [[[3, 4]], 1, [0, 1, 1, -1, 1], [4]], [[[3, 5]], 1, [0, 1, 1, -1, 1], [3]], [[[4, 2]], 1, [0, 1, 1, -1, 1], [3]], [[[4, 3]], 1, [0, 1, 1, -1, 1], [3]], [[[5, 2]], 1, [0, 1, 1, -1, 1], [4]], [[[5, 3]], 1, [0, 1, 1, -1, 1], [4]], [[[0, 2]], 1, [1, 1, 1, 1, -1], [3]], [[[0, 2], [4, 2]], 2, [1, 1, 1, 1, -1], [3, 4, 3, 3]], [[[0, 2]], 3, [1, 1, 1, 1, -1], [3, 4, 4, 3]], [[[0, 2]], 4, [1, 1, 1, 1, -1], [3, 4, 4, 3]], [[[0, 2]], 5, [1, 1, 1, 1, -1], [3, 4, 4, 3]], [[[0, 2]], 6, [1, 1, 1, 1, -1], [3, 4, 4, 3]], [[[0, 3]], 1, [1, 1, 1, 1, -1], [3]], [[[1, 2]], 1, [1, 1, 1, 1, -1], [4]], [[[1, 2], [2, 0], [2, 3]], 2, [1, 1, 1, 1, -1], [4, 4, 4, 4]], [[[1, 2], [2, 3]], 3, [1, 1, 1, 1, -1], [4, 4, 3, 4]], [[[1, 2]], 4, [1, 1, 1, 1, -1], [4, 4, 3, 3]], [[[1, 2]], 5, [1, 1, 1, 1, -1], [4, 4, 3, 3]], [[[1, 3]], 1, [1, 1, 1, 1, -1], [4]], [[[1, 3], [2, 2], [3, 1]], 2, [1, 1, 1, 1, -1], [4, 3, 4, 4]], [[[1, 3], [2, 2]], 3, [1, 1, 1, 1, -1], [4, 3, 3, 4]], [[[2, 0]], 1, [1, 1, 1, 1, -1], [4]], [[[2, 1]], 1, [1, 1, 1, 1, -1], [3]], [[[2, 1], [2, 4], [3, 2]], 2, [1, 1, 1, 1, -1], [3, 3, 3, 3]], [[[2, 2]], 1, [1, 1, 1, 1, -1], [4]], [[[2, 2]], 4, [1, 1, 1, 1, -1], [4, 3, 3, 4]], [[[2, 3]], 1, [1, 1, 1, 1, -1], [4]], [[[2, 4]], 1, [1, 1, 1, 1, -1], [3]], [[[2, 5]], 1, [1, 1, 1, 1, -1], [4]], [[[3, 0]], 1, [1, 1, 1, 1, -1], [3]], [[[3, 1]], 1, [1, 1, 1, 1, -1], [4]], [[[3, 2]], 1, [1, 1, 1, 1, -1], [3]], [[[3, 2]], 3, [1, 1, 1, 1, -1], [3, 3, 4, 3]], [[[3, 3]], 1, [1, 1, 1, 1, -1], [3]], [[[3, 4]], 1, [1, 1, 1, 1, -1], [4]], [[[3, 5]], 1, [1, 1, 1, 1, -1], [3]], [[[4, 2]], 1, [1, 1, 1, 1, -1], [3]], [[[4, 3]], 1, [1, 1, 1, 1, -1], [3]], [[[5, 2]], 1, [1, 1, 1, 1, -1], [4]], [[[5, 3]], 1, [1, 1, 1, 1, -1], [4]], [[[0, 2]], 1, [1, 1, -1, 1, 1], [3]], [[[0, 3]], 1, [1, 1, -1, 1, 1], [3]], [[[0, 3], [4, 3]], 2, [1, 1, -1, 1, 1], [3, 4, 3, 3]], [[[0, 3]], 3, [1, 1, -1, 1, 1], [3, 4, 4, 3]], [[[0, 3]], 4, [1, 1, -1, 1, 1], [3, 4, 4, 3]], [[[0, 3]], 5, [1, 1, -1, 1, 1], [3, 4, 4, 3]], [[[0, 3]], 6, [1, 1, -1, 1, 1], [3, 4, 4, 3]], [[[1, 2]], 1, [1, 1, -1, 1, 1], [4]], [[[1, 2], [2, 3], [3, 4]], 2, [1, 1, -1, 1, 1], [4, 3, 4, 4]], [[[1, 2], [2, 3]], 3, [1, 1, -1, 1, 1], [4, 3, 3, 4]], [[[1, 3]], 1, [1, 1, -1, 1, 1], [4]], [[[1, 3], [2, 2], [2, 5]], 2, [1, 1, -1, 1, 1], [4, 4, 4, 4]], [[[1, 3], [2, 2]], 3, [1, 1, -1, 1, 1], [4, 4, 3, 4]], [[[1, 3]], 4, [1, 1, -1, 1, 1], [4, 4, 3, 3]], [[[1, 3]], 5, [1, 1, -1, 1, 1], [4, 4, 3, 3]], [[[2, 0]], 1, [1, 1, -1, 1, 1], [4]], [[[2, 1]], 1, [1, 1, -1, 1, 1], [3]], [[[2, 1], [2, 4], [3, 3]], 2, [1, 1, -1, 1, 1], [3, 3, 3, 3]], [[[2, 2]], 1, [1, 1, -1, 1, 1], [4]], [[[2, 3]], 1, [1, 1, -1, 1, 1], [4]], [[[2, 3]], 4, [1, 1, -1, 1, 1], [4, 3, 3, 4]], [[[2, 4]], 1, [1, 1, -1, 1, 1], [3]], [[[2, 5]], 1, [1, 1, -1, 1, 1], [4]], [[[3, 0]], 1, [1, 1, -1, 1, 1], [3]], [[[3, 1]], 1, [1, 1, -1, 1, 1], [4]], [[[3, 2]], 1, [1, 1, -1, 1, 1], [3]], [[[3, 3]], 1, [1, 1, -1, 1, 1], [3]], [[[3, 3]], 3, [1, 1, -1, 1, 1], [3, 3, 4, 3]], [[[3, 4]], 1, [1, 1, -1, 1, 1], [4]], [[[3, 5]], 1, [1, 1, -1, 1, 1], [3]], [[[4, 2]], 1, [1, 1, -1, 1, 1], [3]], [[[4, 3]], 1, [1, 1, -1, 1, 1], [3]], [[[5, 2]], 1, [1, 1, -1, 1, 1], [4]], [[[5, 3]], 1, [1, 1, -1, 1, 1], [4]]]
____________created env____________
Using cuda device
____________start learn____________
Logging to logs/log_PPO_graph_10_0
------------------------------
| time/              |       |
|    fps             | 3740  |
|    iterations      | 1     |
|    time_elapsed    | 8     |
|    total_timesteps | 32768 |
------------------------------
-----------------------------------------
| time/                   |             |
|    fps                  | 1212        |
|    iterations           | 2           |
|    time_elapsed         | 54          |
|    total_timesteps      | 65536       |
| train/                  |             |
|    approx_kl            | 0.023317697 |
|    clip_fraction        | 0.353       |
|    clip_range           | 0.15        |
|    entropy_loss         | -5.62       |
|    explained_variance   | -0.00426    |
|    learning_rate        | 0.0003      |
|    loss                 | 1.97        |
|    n_updates            | 30          |
|    policy_gradient_loss | -0.0447     |
|    value_loss           | 4.3         |
-----------------------------------------
----------------------------------------
| time/                   |            |
|    fps                  | 972        |
|    iterations           | 3          |
|    time_elapsed         | 101        |
|    total_timesteps      | 98304      |
| train/                  |            |
|    approx_kl            | 0.01860015 |
|    clip_fraction        | 0.398      |
|    clip_range           | 0.15       |
|    entropy_loss         | -5.58      |
|    explained_variance   | 0.126      |
|    learning_rate        | 0.0003     |
|    loss                 | 3.03       |
|    n_updates            | 60         |
|    policy_gradient_loss | -0.0524    |
|    value_loss           | 6.05       |
----------------------------------------
-----------------------------------------
| time/                   |             |
|    fps                  | 901         |
|    iterations           | 4           |
|    time_elapsed         | 145         |
|    total_timesteps      | 131072      |
| train/                  |             |
|    approx_kl            | 0.021895621 |
|    clip_fraction        | 0.454       |
|    clip_range           | 0.15        |
|    entropy_loss         | -5.54       |
|    explained_variance   | 0.152       |
|    learning_rate        | 0.0003      |
|    loss                 | 2.99        |
|    n_updates            | 90          |
|    policy_gradient_loss | -0.0608     |
|    value_loss           | 5.44        |
-----------------------------------------
-----------------------------------------
| time/                   |             |
|    fps                  | 849         |
|    iterations           | 5           |
|    time_elapsed         | 192         |
|    total_timesteps      | 163840      |
| train/                  |             |
|    approx_kl            | 0.025290832 |
|    clip_fraction        | 0.496       |
|    clip_range           | 0.15        |
|    entropy_loss         | -5.48       |
|    explained_variance   | 0.136       |
|    learning_rate        | 0.0003      |
|    loss                 | 1.86        |
|    n_updates            | 120         |
|    policy_gradient_loss | -0.0662     |
|    value_loss           | 3.94        |
-----------------------------------------
-----------------------------------------
| time/                   |             |
|    fps                  | 819         |
|    iterations           | 6           |
|    time_elapsed         | 239         |
|    total_timesteps      | 196608      |
| train/                  |             |
|    approx_kl            | 0.029955715 |
|    clip_fraction        | 0.552       |
|    clip_range           | 0.15        |
|    entropy_loss         | -5.39       |
|    explained_variance   | 0.212       |
|    learning_rate        | 0.0003      |
|    loss                 | 1.68        |
|    n_updates            | 150         |
|    policy_gradient_loss | -0.0712     |
|    value_loss           | 2.91        |
-----------------------------------------
----------------------------------------
| time/                   |            |
|    fps                  | 797        |
|    iterations           | 7          |
|    time_elapsed         | 287        |
|    total_timesteps      | 229376     |
| train/                  |            |
|    approx_kl            | 0.03285069 |
|    clip_fraction        | 0.579      |
|    clip_range           | 0.15       |
|    entropy_loss         | -5.28      |
|    explained_variance   | 0.332      |
|    learning_rate        | 0.0003     |
|    loss                 | 1.14       |
|    n_updates            | 180        |
|    policy_gradient_loss | -0.0732    |
|    value_loss           | 2.21       |
----------------------------------------
-----------------------------------------
| time/                   |             |
|    fps                  | 789         |
|    iterations           | 8           |
|    time_elapsed         | 331         |
|    total_timesteps      | 262144      |
| train/                  |             |
|    approx_kl            | 0.035091795 |
|    clip_fraction        | 0.593       |
|    clip_range           | 0.15        |
|    entropy_loss         | -5.15       |
|    explained_variance   | 0.432       |
|    learning_rate        | 0.0003      |
|    loss                 | 1           |
|    n_updates            | 210         |
|    policy_gradient_loss | -0.0717     |
|    value_loss           | 1.8         |
-----------------------------------------
-----------------------------------------
| time/                   |             |
|    fps                  | 782         |
|    iterations           | 9           |
|    time_elapsed         | 377         |
|    total_timesteps      | 294912      |
| train/                  |             |
|    approx_kl            | 0.033730168 |
|    clip_fraction        | 0.576       |
|    clip_range           | 0.15        |
|    entropy_loss         | -5          |
|    explained_variance   | 0.485       |
|    learning_rate        | 0.0003      |
|    loss                 | 0.559       |
|    n_updates            | 240         |
|    policy_gradient_loss | -0.0673     |
|    value_loss           | 1.64        |
-----------------------------------------
-----------------------------------------
| time/                   |             |
|    fps                  | 771         |
|    iterations           | 10          |
|    time_elapsed         | 424         |
|    total_timesteps      | 327680      |
| train/                  |             |
|    approx_kl            | 0.033296455 |
|    clip_fraction        | 0.57        |
|    clip_range           | 0.15        |
|    entropy_loss         | -4.83       |
|    explained_variance   | 0.583       |
|    learning_rate        | 0.0003      |
|    loss                 | 0.683       |
|    n_updates            | 270         |
|    policy_gradient_loss | -0.0657     |
|    value_loss           | 1.74        |
-----------------------------------------
----------------------------------------
| time/                   |            |
|    fps                  | 767        |
|    iterations           | 11         |
|    time_elapsed         | 469        |
|    total_timesteps      | 360448     |
| train/                  |            |
|    approx_kl            | 0.03034437 |
|    clip_fraction        | 0.55       |
|    clip_range           | 0.15       |
|    entropy_loss         | -4.66      |
|    explained_variance   | 0.646      |
|    learning_rate        | 0.0003     |
|    loss                 | 0.838      |
|    n_updates            | 300        |
|    policy_gradient_loss | -0.0632    |
|    value_loss           | 2.36       |
----------------------------------------
-----------------------------------------
| time/                   |             |
|    fps                  | 760         |
|    iterations           | 12          |
|    time_elapsed         | 517         |
|    total_timesteps      | 393216      |
| train/                  |             |
|    approx_kl            | 0.029228581 |
|    clip_fraction        | 0.554       |
|    clip_range           | 0.15        |
|    entropy_loss         | -4.47       |
|    explained_variance   | 0.656       |
|    learning_rate        | 0.0003      |
|    loss                 | 0.801       |
|    n_updates            | 330         |
|    policy_gradient_loss | -0.0637     |
|    value_loss           | 2.72        |
-----------------------------------------
-----------------------------------------
| time/                   |             |
|    fps                  | 754         |
|    iterations           | 13          |
|    time_elapsed         | 564         |
|    total_timesteps      | 425984      |
| train/                  |             |
|    approx_kl            | 0.028149394 |
|    clip_fraction        | 0.549       |
|    clip_range           | 0.15        |
|    entropy_loss         | -4.28       |
|    explained_variance   | 0.682       |
|    learning_rate        | 0.0003      |
|    loss                 | 1.49        |
|    n_updates            | 360         |
|    policy_gradient_loss | -0.0637     |
|    value_loss           | 3.48        |
-----------------------------------------
-----------------------------------------
| time/                   |             |
|    fps                  | 742         |
|    iterations           | 14          |
|    time_elapsed         | 618         |
|    total_timesteps      | 458752      |
| train/                  |             |
|    approx_kl            | 0.028204205 |
|    clip_fraction        | 0.591       |
|    clip_range           | 0.15        |
|    entropy_loss         | -4.02       |
|    explained_variance   | 0.728       |
|    learning_rate        | 0.0003      |
|    loss                 | 2.26        |
|    n_updates            | 390         |
|    policy_gradient_loss | -0.0711     |
|    value_loss           | 4.6         |
-----------------------------------------
-----------------------------------------
| time/                   |             |
|    fps                  | 731         |
|    iterations           | 15          |
|    time_elapsed         | 671         |
|    total_timesteps      | 491520      |
| train/                  |             |
|    approx_kl            | 0.028058827 |
|    clip_fraction        | 0.581       |
|    clip_range           | 0.15        |
|    entropy_loss         | -3.83       |
|    explained_variance   | 0.728       |
|    learning_rate        | 0.0003      |
|    loss                 | 1.83        |
|    n_updates            | 420         |
|    policy_gradient_loss | -0.0649     |
|    value_loss           | 4.22        |
-----------------------------------------
-----------------------------------------
| time/                   |             |
|    fps                  | 729         |
|    iterations           | 16          |
|    time_elapsed         | 718         |
|    total_timesteps      | 524288      |
| train/                  |             |
|    approx_kl            | 0.030980846 |
|    clip_fraction        | 0.613       |
|    clip_range           | 0.15        |
|    entropy_loss         | -3.5        |
|    explained_variance   | 0.791       |
|    learning_rate        | 0.0003      |
|    loss                 | 2           |
|    n_updates            | 450         |
|    policy_gradient_loss | -0.0728     |
|    value_loss           | 4.46        |
-----------------------------------------
-----------------------------------------
| time/                   |             |
|    fps                  | 729         |
|    iterations           | 17          |
|    time_elapsed         | 763         |
|    total_timesteps      | 557056      |
| train/                  |             |
|    approx_kl            | 0.029924113 |
|    clip_fraction        | 0.587       |
|    clip_range           | 0.15        |
|    entropy_loss         | -3.15       |
|    explained_variance   | 0.803       |
|    learning_rate        | 0.0003      |
|    loss                 | 1.91        |
|    n_updates            | 480         |
|    policy_gradient_loss | -0.0676     |
|    value_loss           | 3.9         |
-----------------------------------------
-----------------------------------------
| time/                   |             |
|    fps                  | 727         |
|    iterations           | 18          |
|    time_elapsed         | 810         |
|    total_timesteps      | 589824      |
| train/                  |             |
|    approx_kl            | 0.031901777 |
|    clip_fraction        | 0.61        |
|    clip_range           | 0.15        |
|    entropy_loss         | -2.75       |
|    explained_variance   | 0.833       |
|    learning_rate        | 0.0003      |
|    loss                 | 1.44        |
|    n_updates            | 510         |
|    policy_gradient_loss | -0.0703     |
|    value_loss           | 4.05        |
-----------------------------------------
-----------------------------------------
| time/                   |             |
|    fps                  | 720         |
|    iterations           | 19          |
|    time_elapsed         | 863         |
|    total_timesteps      | 622592      |
| train/                  |             |
|    approx_kl            | 0.039819874 |
|    clip_fraction        | 0.555       |
|    clip_range           | 0.15        |
|    entropy_loss         | -2.44       |
|    explained_variance   | 0.727       |
|    learning_rate        | 0.0003      |
|    loss                 | 1.19        |
|    n_updates            | 540         |
|    policy_gradient_loss | -0.0654     |
|    value_loss           | 2.99        |
-----------------------------------------
-----------------------------------------
| time/                   |             |
|    fps                  | 721         |
|    iterations           | 20          |
|    time_elapsed         | 908         |
|    total_timesteps      | 655360      |
| train/                  |             |
|    approx_kl            | 0.035625625 |
|    clip_fraction        | 0.554       |
|    clip_range           | 0.15        |
|    entropy_loss         | -2.19       |
|    explained_variance   | 0.844       |
|    learning_rate        | 0.0003      |
|    loss                 | 1.34        |
|    n_updates            | 570         |
|    policy_gradient_loss | -0.0646     |
|    value_loss           | 2.89        |
-----------------------------------------
----------------------------------------
| time/                   |            |
|    fps                  | 722        |
|    iterations           | 21         |
|    time_elapsed         | 952        |
|    total_timesteps      | 688128     |
| train/                  |            |
|    approx_kl            | 0.04632914 |
|    clip_fraction        | 0.559      |
|    clip_range           | 0.15       |
|    entropy_loss         | -1.99      |
|    explained_variance   | 0.854      |
|    learning_rate        | 0.0003     |
|    loss                 | 1.28       |
|    n_updates            | 600        |
|    policy_gradient_loss | -0.0654    |
|    value_loss           | 2.46       |
----------------------------------------
-----------------------------------------
| time/                   |             |
|    fps                  | 722         |
|    iterations           | 22          |
|    time_elapsed         | 997         |
|    total_timesteps      | 720896      |
| train/                  |             |
|    approx_kl            | 0.056074806 |
|    clip_fraction        | 0.535       |
|    clip_range           | 0.15        |
|    entropy_loss         | -1.54       |
|    explained_variance   | 0.88        |
|    learning_rate        | 0.0003      |
|    loss                 | 1.29        |
|    n_updates            | 630         |
|    policy_gradient_loss | -0.0661     |
|    value_loss           | 2.75        |
-----------------------------------------
----------------------------------------
| time/                   |            |
|    fps                  | 722        |
|    iterations           | 23         |
|    time_elapsed         | 1042       |
|    total_timesteps      | 753664     |
| train/                  |            |
|    approx_kl            | 0.08492323 |
|    clip_fraction        | 0.449      |
|    clip_range           | 0.15       |
|    entropy_loss         | -1.31      |
|    explained_variance   | 0.878      |
|    learning_rate        | 0.0003     |
|    loss                 | 0.916      |
|    n_updates            | 660        |
|    policy_gradient_loss | -0.0589    |
|    value_loss           | 2.45       |
----------------------------------------
---------------------------------------
| time/                   |           |
|    fps                  | 723       |
|    iterations           | 24        |
|    time_elapsed         | 1086      |
|    total_timesteps      | 786432    |
| train/                  |           |
|    approx_kl            | 0.1080313 |
|    clip_fraction        | 0.394     |
|    clip_range           | 0.15      |
|    entropy_loss         | -1.05     |
|    explained_variance   | 0.745     |
|    learning_rate        | 0.0003    |
|    loss                 | 1.48      |
|    n_updates            | 690       |
|    policy_gradient_loss | -0.0492   |
|    value_loss           | 3.67      |
---------------------------------------
-----------------------------------------
| time/                   |             |
|    fps                  | 724         |
|    iterations           | 25          |
|    time_elapsed         | 1130        |
|    total_timesteps      | 819200      |
| train/                  |             |
|    approx_kl            | 0.058882557 |
|    clip_fraction        | 0.442       |
|    clip_range           | 0.15        |
|    entropy_loss         | -0.952      |
|    explained_variance   | 0.905       |
|    learning_rate        | 0.0003      |
|    loss                 | 0.718       |
|    n_updates            | 720         |
|    policy_gradient_loss | -0.0467     |
|    value_loss           | 1.75        |
-----------------------------------------
---------------------------------------
| time/                   |           |
|    fps                  | 725       |
|    iterations           | 26        |
|    time_elapsed         | 1175      |
|    total_timesteps      | 851968    |
| train/                  |           |
|    approx_kl            | 0.1446744 |
|    clip_fraction        | 0.51      |
|    clip_range           | 0.15      |
|    entropy_loss         | -0.862    |
|    explained_variance   | 0.931     |
|    learning_rate        | 0.0003    |
|    loss                 | 0.532     |
|    n_updates            | 750       |
|    policy_gradient_loss | -0.0582   |
|    value_loss           | 2.02      |
---------------------------------------
----------------------------------------
| time/                   |            |
|    fps                  | 725        |
|    iterations           | 27         |
|    time_elapsed         | 1219       |
|    total_timesteps      | 884736     |
| train/                  |            |
|    approx_kl            | 0.11185486 |
|    clip_fraction        | 0.402      |
|    clip_range           | 0.15       |
|    entropy_loss         | -0.904     |
|    explained_variance   | 0.85       |
|    learning_rate        | 0.0003     |
|    loss                 | 2.1        |
|    n_updates            | 780        |
|    policy_gradient_loss | -0.06      |
|    value_loss           | 3.45       |
----------------------------------------
----------------------------------------
| time/                   |            |
|    fps                  | 725        |
|    iterations           | 28         |
|    time_elapsed         | 1264       |
|    total_timesteps      | 917504     |
| train/                  |            |
|    approx_kl            | 0.07866068 |
|    clip_fraction        | 0.294      |
|    clip_range           | 0.15       |
|    entropy_loss         | -0.697     |
|    explained_variance   | 0.894      |
|    learning_rate        | 0.0003     |
|    loss                 | 0.854      |
|    n_updates            | 810        |
|    policy_gradient_loss | -0.0397    |
|    value_loss           | 2.29       |
----------------------------------------
-----------------------------------------
| time/                   |             |
|    fps                  | 724         |
|    iterations           | 29          |
|    time_elapsed         | 1311        |
|    total_timesteps      | 950272      |
| train/                  |             |
|    approx_kl            | 0.055349268 |
|    clip_fraction        | 0.283       |
|    clip_range           | 0.15        |
|    entropy_loss         | -0.527      |
|    explained_variance   | 0.863       |
|    learning_rate        | 0.0003      |
|    loss                 | 0.908       |
|    n_updates            | 840         |
|    policy_gradient_loss | -0.0426     |
|    value_loss           | 2.61        |
-----------------------------------------
-----------------------------------------
| time/                   |             |
|    fps                  | 723         |
|    iterations           | 30          |
|    time_elapsed         | 1358        |
|    total_timesteps      | 983040      |
| train/                  |             |
|    approx_kl            | 0.112894274 |
|    clip_fraction        | 0.465       |
|    clip_range           | 0.15        |
|    entropy_loss         | -0.54       |
|    explained_variance   | 0.911       |
|    learning_rate        | 0.0003      |
|    loss                 | 0.698       |
|    n_updates            | 870         |
|    policy_gradient_loss | -0.0555     |
|    value_loss           | 1.61        |
-----------------------------------------
----------------------------------------
| time/                   |            |
|    fps                  | 719        |
|    iterations           | 31         |
|    time_elapsed         | 1411       |
|    total_timesteps      | 1015808    |
| train/                  |            |
|    approx_kl            | 0.09328155 |
|    clip_fraction        | 0.437      |
|    clip_range           | 0.15       |
|    entropy_loss         | -0.602     |
|    explained_variance   | 0.743      |
|    learning_rate        | 0.0003     |
|    loss                 | 1.64       |
|    n_updates            | 900        |
|    policy_gradient_loss | -0.0607    |
|    value_loss           | 3.25       |
----------------------------------------
----------------------------------------
| time/                   |            |
|    fps                  | 720        |
|    iterations           | 32         |
|    time_elapsed         | 1455       |
|    total_timesteps      | 1048576    |
| train/                  |            |
|    approx_kl            | 0.07565805 |
|    clip_fraction        | 0.385      |
|    clip_range           | 0.15       |
|    entropy_loss         | -0.609     |
|    explained_variance   | 0.722      |
|    learning_rate        | 0.0003     |
|    loss                 | 1.16       |
|    n_updates            | 930        |
|    policy_gradient_loss | -0.0496    |
|    value_loss           | 2.46       |
----------------------------------------
----------------------------------------
| time/                   |            |
|    fps                  | 719        |
|    iterations           | 33         |
|    time_elapsed         | 1502       |
|    total_timesteps      | 1081344    |
| train/                  |            |
|    approx_kl            | 0.12792051 |
|    clip_fraction        | 0.491      |
|    clip_range           | 0.15       |
|    entropy_loss         | -0.706     |
|    explained_variance   | 0.841      |
|    learning_rate        | 0.0003     |
|    loss                 | 2.68       |
|    n_updates            | 960        |
|    policy_gradient_loss | -0.065     |
|    value_loss           | 3.7        |
----------------------------------------
----------------------------------------
| time/                   |            |
|    fps                  | 720        |
|    iterations           | 34         |
|    time_elapsed         | 1547       |
|    total_timesteps      | 1114112    |
| train/                  |            |
|    approx_kl            | 0.16910142 |
|    clip_fraction        | 0.341      |
|    clip_range           | 0.15       |
|    entropy_loss         | -0.701     |
|    explained_variance   | 0.863      |
|    learning_rate        | 0.0003     |
|    loss                 | 1.44       |
|    n_updates            | 990        |
|    policy_gradient_loss | -0.0592    |
|    value_loss           | 2.65       |
----------------------------------------
----------------------------------------
| time/                   |            |
|    fps                  | 720        |
|    iterations           | 35         |
|    time_elapsed         | 1591       |
|    total_timesteps      | 1146880    |
| train/                  |            |
|    approx_kl            | 0.16353028 |
|    clip_fraction        | 0.401      |
|    clip_range           | 0.15       |
|    entropy_loss         | -0.453     |
|    explained_variance   | 0.904      |
|    learning_rate        | 0.0003     |
|    loss                 | 1.11       |
|    n_updates            | 1020       |
|    policy_gradient_loss | -0.0541    |
|    value_loss           | 2.26       |
----------------------------------------
-----------------------------------------
| time/                   |             |
|    fps                  | 721         |
|    iterations           | 36          |
|    time_elapsed         | 1635        |
|    total_timesteps      | 1179648     |
| train/                  |             |
|    approx_kl            | 0.071714446 |
|    clip_fraction        | 0.37        |
|    clip_range           | 0.15        |
|    entropy_loss         | -0.66       |
|    explained_variance   | 0.827       |
|    learning_rate        | 0.0003      |
|    loss                 | 1.08        |
|    n_updates            | 1050        |
|    policy_gradient_loss | -0.0478     |
|    value_loss           | 2.69        |
-----------------------------------------
-----------------------------------------
| time/                   |             |
|    fps                  | 717         |
|    iterations           | 37          |
|    time_elapsed         | 1689        |
|    total_timesteps      | 1212416     |
| train/                  |             |
|    approx_kl            | 0.049971484 |
|    clip_fraction        | 0.291       |
|    clip_range           | 0.15        |
|    entropy_loss         | -0.532      |
|    explained_variance   | 0.774       |
|    learning_rate        | 0.0003      |
|    loss                 | 2.05        |
|    n_updates            | 1080        |
|    policy_gradient_loss | -0.0329     |
|    value_loss           | 4.52        |
-----------------------------------------
---------------------------------------
| time/                   |           |
|    fps                  | 718       |
|    iterations           | 38        |
|    time_elapsed         | 1733      |
|    total_timesteps      | 1245184   |
| train/                  |           |
|    approx_kl            | 0.0547076 |
|    clip_fraction        | 0.316     |
|    clip_range           | 0.15      |
|    entropy_loss         | -0.694    |
|    explained_variance   | 0.911     |
|    learning_rate        | 0.0003    |
|    loss                 | 1.14      |
|    n_updates            | 1110      |
|    policy_gradient_loss | -0.0367   |
|    value_loss           | 2.31      |
---------------------------------------
----------------------------------------
| time/                   |            |
|    fps                  | 718        |
|    iterations           | 39         |
|    time_elapsed         | 1778       |
|    total_timesteps      | 1277952    |
| train/                  |            |
|    approx_kl            | 0.08868088 |
|    clip_fraction        | 0.298      |
|    clip_range           | 0.15       |
|    entropy_loss         | -0.604     |
|    explained_variance   | 0.887      |
|    learning_rate        | 0.0003     |
|    loss                 | 1.29       |
|    n_updates            | 1140       |
|    policy_gradient_loss | -0.033     |
|    value_loss           | 2.45       |
----------------------------------------
----------------------------------------
| time/                   |            |
|    fps                  | 719        |
|    iterations           | 40         |
|    time_elapsed         | 1822       |
|    total_timesteps      | 1310720    |
| train/                  |            |
|    approx_kl            | 0.07148266 |
|    clip_fraction        | 0.37       |
|    clip_range           | 0.15       |
|    entropy_loss         | -0.786     |
|    explained_variance   | 0.819      |
|    learning_rate        | 0.0003     |
|    loss                 | 1.5        |
|    n_updates            | 1170       |
|    policy_gradient_loss | -0.0473    |
|    value_loss           | 2.95       |
----------------------------------------
-----------------------------------------
| time/                   |             |
|    fps                  | 718         |
|    iterations           | 41          |
|    time_elapsed         | 1868        |
|    total_timesteps      | 1343488     |
| train/                  |             |
|    approx_kl            | 0.072716385 |
|    clip_fraction        | 0.349       |
|    clip_range           | 0.15        |
|    entropy_loss         | -0.776      |
|    explained_variance   | 0.734       |
|    learning_rate        | 0.0003      |
|    loss                 | 1.18        |
|    n_updates            | 1200        |
|    policy_gradient_loss | -0.0395     |
|    value_loss           | 3.14        |
-----------------------------------------
-----------------------------------------
| time/                   |             |
|    fps                  | 718         |
|    iterations           | 42          |
|    time_elapsed         | 1915        |
|    total_timesteps      | 1376256     |
| train/                  |             |
|    approx_kl            | 0.112507656 |
|    clip_fraction        | 0.452       |
|    clip_range           | 0.15        |
|    entropy_loss         | -0.833      |
|    explained_variance   | 0.824       |
|    learning_rate        | 0.0003      |
|    loss                 | 1.12        |
|    n_updates            | 1230        |
|    policy_gradient_loss | -0.0595     |
|    value_loss           | 2.99        |
-----------------------------------------
----------------------------------------
| time/                   |            |
|    fps                  | 715        |
|    iterations           | 43         |
|    time_elapsed         | 1969       |
|    total_timesteps      | 1409024    |
| train/                  |            |
|    approx_kl            | 0.10225164 |
|    clip_fraction        | 0.421      |
|    clip_range           | 0.15       |
|    entropy_loss         | -0.775     |
|    explained_variance   | 0.865      |
|    learning_rate        | 0.0003     |
|    loss                 | 1.33       |
|    n_updates            | 1260       |
|    policy_gradient_loss | -0.0492    |
|    value_loss           | 2.57       |
----------------------------------------
-----------------------------------------
| time/                   |             |
|    fps                  | 716         |
|    iterations           | 44          |
|    time_elapsed         | 2013        |
|    total_timesteps      | 1441792     |
| train/                  |             |
|    approx_kl            | 0.053793922 |
|    clip_fraction        | 0.371       |
|    clip_range           | 0.15        |
|    entropy_loss         | -0.659      |
|    explained_variance   | 0.905       |
|    learning_rate        | 0.0003      |
|    loss                 | 1.12        |
|    n_updates            | 1290        |
|    policy_gradient_loss | -0.0485     |
|    value_loss           | 2.4         |
-----------------------------------------
-----------------------------------------
| time/                   |             |
|    fps                  | 713         |
|    iterations           | 45          |
|    time_elapsed         | 2066        |
|    total_timesteps      | 1474560     |
| train/                  |             |
|    approx_kl            | 0.086106986 |
|    clip_fraction        | 0.317       |
|    clip_range           | 0.15        |
|    entropy_loss         | -0.482      |
|    explained_variance   | 0.902       |
|    learning_rate        | 0.0003      |
|    loss                 | 0.848       |
|    n_updates            | 1320        |
|    policy_gradient_loss | -0.0418     |
|    value_loss           | 2.21        |
-----------------------------------------
-----------------------------------------
| time/                   |             |
|    fps                  | 714         |
|    iterations           | 46          |
|    time_elapsed         | 2110        |
|    total_timesteps      | 1507328     |
| train/                  |             |
|    approx_kl            | 0.054162815 |
|    clip_fraction        | 0.327       |
|    clip_range           | 0.15        |
|    entropy_loss         | -0.543      |
|    explained_variance   | 0.887       |
|    learning_rate        | 0.0003      |
|    loss                 | 1.09        |
|    n_updates            | 1350        |
|    policy_gradient_loss | -0.0362     |
|    value_loss           | 2.25        |
-----------------------------------------
----------------------------------------
| time/                   |            |
|    fps                  | 713        |
|    iterations           | 47         |
|    time_elapsed         | 2157       |
|    total_timesteps      | 1540096    |
| train/                  |            |
|    approx_kl            | 0.07189132 |
|    clip_fraction        | 0.462      |
|    clip_range           | 0.15       |
|    entropy_loss         | -0.644     |
|    explained_variance   | 0.799      |
|    learning_rate        | 0.0003     |
|    loss                 | 0.888      |
|    n_updates            | 1380       |
|    policy_gradient_loss | -0.0479    |
|    value_loss           | 2.57       |
----------------------------------------
----------------------------------------
| time/                   |            |
|    fps                  | 711        |
|    iterations           | 48         |
|    time_elapsed         | 2210       |
|    total_timesteps      | 1572864    |
| train/                  |            |
|    approx_kl            | 0.09596078 |
|    clip_fraction        | 0.461      |
|    clip_range           | 0.15       |
|    entropy_loss         | -0.716     |
|    explained_variance   | 0.847      |
|    learning_rate        | 0.0003     |
|    loss                 | 1.29       |
|    n_updates            | 1410       |
|    policy_gradient_loss | -0.0574    |
|    value_loss           | 2.86       |
----------------------------------------
----------------------------------------
| time/                   |            |
|    fps                  | 711        |
|    iterations           | 49         |
|    time_elapsed         | 2257       |
|    total_timesteps      | 1605632    |
| train/                  |            |
|    approx_kl            | 0.09507862 |
|    clip_fraction        | 0.434      |
|    clip_range           | 0.15       |
|    entropy_loss         | -0.597     |
|    explained_variance   | 0.772      |
|    learning_rate        | 0.0003     |
|    loss                 | 2.41       |
|    n_updates            | 1440       |
|    policy_gradient_loss | -0.0577    |
|    value_loss           | 4.3        |
----------------------------------------
----------------------------------------
| time/                   |            |
|    fps                  | 711        |
|    iterations           | 50         |
|    time_elapsed         | 2301       |
|    total_timesteps      | 1638400    |
| train/                  |            |
|    approx_kl            | 0.11395433 |
|    clip_fraction        | 0.382      |
|    clip_range           | 0.15       |
|    entropy_loss         | -0.649     |
|    explained_variance   | 0.762      |
|    learning_rate        | 0.0003     |
|    loss                 | 1.27       |
|    n_updates            | 1470       |
|    policy_gradient_loss | -0.0538    |
|    value_loss           | 3.35       |
----------------------------------------
----------------------------------------
| time/                   |            |
|    fps                  | 712        |
|    iterations           | 51         |
|    time_elapsed         | 2345       |
|    total_timesteps      | 1671168    |
| train/                  |            |
|    approx_kl            | 0.10373443 |
|    clip_fraction        | 0.416      |
|    clip_range           | 0.15       |
|    entropy_loss         | -0.63      |
|    explained_variance   | 0.903      |
|    learning_rate        | 0.0003     |
|    loss                 | 1.02       |
|    n_updates            | 1500       |
|    policy_gradient_loss | -0.0526    |
|    value_loss           | 2.17       |
----------------------------------------
----------------------------------------
| time/                   |            |
|    fps                  | 712        |
|    iterations           | 52         |
|    time_elapsed         | 2392       |
|    total_timesteps      | 1703936    |
| train/                  |            |
|    approx_kl            | 0.10267935 |
|    clip_fraction        | 0.347      |
|    clip_range           | 0.15       |
|    entropy_loss         | -0.726     |
|    explained_variance   | 0.793      |
|    learning_rate        | 0.0003     |
|    loss                 | 1.55       |
|    n_updates            | 1530       |
|    policy_gradient_loss | -0.0455    |
|    value_loss           | 3.07       |
----------------------------------------
-----------------------------------------
| time/                   |             |
|    fps                  | 712         |
|    iterations           | 53          |
|    time_elapsed         | 2436        |
|    total_timesteps      | 1736704     |
| train/                  |             |
|    approx_kl            | 0.093228355 |
|    clip_fraction        | 0.468       |
|    clip_range           | 0.15        |
|    entropy_loss         | -0.692      |
|    explained_variance   | 0.858       |
|    learning_rate        | 0.0003      |
|    loss                 | 0.678       |
|    n_updates            | 1560        |
|    policy_gradient_loss | -0.0546     |
|    value_loss           | 2.38        |
-----------------------------------------
----------------------------------------
| time/                   |            |
|    fps                  | 713        |
|    iterations           | 54         |
|    time_elapsed         | 2481       |
|    total_timesteps      | 1769472    |
| train/                  |            |
|    approx_kl            | 0.24934512 |
|    clip_fraction        | 0.315      |
|    clip_range           | 0.15       |
|    entropy_loss         | -0.411     |
|    explained_variance   | 0.875      |
|    learning_rate        | 0.0003     |
|    loss                 | 1.45       |
|    n_updates            | 1590       |
|    policy_gradient_loss | -0.058     |
|    value_loss           | 3.04       |
----------------------------------------
----------------------------------------
| time/                   |            |
|    fps                  | 712        |
|    iterations           | 55         |
|    time_elapsed         | 2528       |
|    total_timesteps      | 1802240    |
| train/                  |            |
|    approx_kl            | 0.12911312 |
|    clip_fraction        | 0.352      |
|    clip_range           | 0.15       |
|    entropy_loss         | -0.49      |
|    explained_variance   | 0.927      |
|    learning_rate        | 0.0003     |
|    loss                 | 0.765      |
|    n_updates            | 1620       |
|    policy_gradient_loss | -0.0377    |
|    value_loss           | 1.72       |
----------------------------------------
---------------------------------------
| time/                   |           |
|    fps                  | 713       |
|    iterations           | 56        |
|    time_elapsed         | 2572      |
|    total_timesteps      | 1835008   |
| train/                  |           |
|    approx_kl            | 0.1101767 |
|    clip_fraction        | 0.517     |
|    clip_range           | 0.15      |
|    entropy_loss         | -0.671    |
|    explained_variance   | 0.725     |
|    learning_rate        | 0.0003    |
|    loss                 | 2.33      |
|    n_updates            | 1650      |
|    policy_gradient_loss | -0.0666   |
|    value_loss           | 4.23      |
---------------------------------------
----------------------------------------
| time/                   |            |
|    fps                  | 713        |
|    iterations           | 57         |
|    time_elapsed         | 2619       |
|    total_timesteps      | 1867776    |
| train/                  |            |
|    approx_kl            | 0.09339983 |
|    clip_fraction        | 0.428      |
|    clip_range           | 0.15       |
|    entropy_loss         | -0.601     |
|    explained_variance   | 0.819      |
|    learning_rate        | 0.0003     |
|    loss                 | 1.85       |
|    n_updates            | 1680       |
|    policy_gradient_loss | -0.0637    |
|    value_loss           | 3.59       |
----------------------------------------
----------------------------------------
| time/                   |            |
|    fps                  | 712        |
|    iterations           | 58         |
|    time_elapsed         | 2666       |
|    total_timesteps      | 1900544    |
| train/                  |            |
|    approx_kl            | 0.08786014 |
|    clip_fraction        | 0.566      |
|    clip_range           | 0.15       |
|    entropy_loss         | -0.595     |
|    explained_variance   | 0.87       |
|    learning_rate        | 0.0003     |
|    loss                 | 1.12       |
|    n_updates            | 1710       |
|    policy_gradient_loss | -0.0678    |
|    value_loss           | 3.22       |
----------------------------------------
-----------------------------------------
| time/                   |             |
|    fps                  | 713         |
|    iterations           | 59          |
|    time_elapsed         | 2710        |
|    total_timesteps      | 1933312     |
| train/                  |             |
|    approx_kl            | 0.075788714 |
|    clip_fraction        | 0.282       |
|    clip_range           | 0.15        |
|    entropy_loss         | -0.514      |
|    explained_variance   | 0.895       |
|    learning_rate        | 0.0003      |
|    loss                 | 1.12        |
|    n_updates            | 1740        |
|    policy_gradient_loss | -0.0437     |
|    value_loss           | 2.84        |
-----------------------------------------
----------------------------------------
| time/                   |            |
|    fps                  | 713        |
|    iterations           | 60         |
|    time_elapsed         | 2755       |
|    total_timesteps      | 1966080    |
| train/                  |            |
|    approx_kl            | 0.04084456 |
|    clip_fraction        | 0.35       |
|    clip_range           | 0.15       |
|    entropy_loss         | -0.566     |
|    explained_variance   | 0.885      |
|    learning_rate        | 0.0003     |
|    loss                 | 1.32       |
|    n_updates            | 1770       |
|    policy_gradient_loss | -0.0412    |
|    value_loss           | 2.58       |
----------------------------------------
----------------------------------------
| time/                   |            |
|    fps                  | 711        |
|    iterations           | 61         |
|    time_elapsed         | 2808       |
|    total_timesteps      | 1998848    |
| train/                  |            |
|    approx_kl            | 0.07710148 |
|    clip_fraction        | 0.371      |
|    clip_range           | 0.15       |
|    entropy_loss         | -0.566     |
|    explained_variance   | 0.872      |
|    learning_rate        | 0.0003     |
|    loss                 | 1.18       |
|    n_updates            | 1800       |
|    policy_gradient_loss | -0.0374    |
|    value_loss           | 2.38       |
----------------------------------------
-----------------------------------------
| time/                   |             |
|    fps                  | 711         |
|    iterations           | 62          |
|    time_elapsed         | 2855        |
|    total_timesteps      | 2031616     |
| train/                  |             |
|    approx_kl            | 0.056751117 |
|    clip_fraction        | 0.366       |
|    clip_range           | 0.15        |
|    entropy_loss         | -0.66       |
|    explained_variance   | 0.835       |
|    learning_rate        | 0.0003      |
|    loss                 | 1.06        |
|    n_updates            | 1830        |
|    policy_gradient_loss | -0.0417     |
|    value_loss           | 2.38        |
-----------------------------------------
____________Save learn____________
____________END____________
